#
# A fatal error has been detected by the Java Runtime Environment:
#
#  EXCEPTION_ACCESS_VIOLATION (0xc0000005) at pc=0x000000006d22710a, pid=18864, tid=0x0000000000003ca8
#
# JRE version: OpenJDK Runtime Environment (8.0_452-b09) (build 1.8.0_452-b09)
# Java VM: OpenJDK 64-Bit Server VM (25.452-b09 mixed mode windows-amd64 compressed oops)
# Problematic frame:
# V  [jvm.dll+0xa710a]
#
# Failed to write core dump. Minidumps are not enabled by default on client versions of Windows
#
# If you would like to submit a bug report, please visit:
#   https://github.com/corretto/corretto-8/issues/
#

---------------  T H R E A D  ---------------

Current thread (0x000001ed30d1f000):  JavaThread "http-nio-8080-exec-1" daemon [_thread_in_vm, id=15528, stack(0x0000001e29b00000,0x0000001e29c00000)]

siginfo: ExceptionCode=0xc0000005, reading address 0x0000000000000018

Registers:
RAX=0x0000000000000820, RBX=0x0000000100354490, RCX=0x0000000000000018, RDX=0x0000001e29bfb9c0
RSP=0x0000001e29bfb7c0, RBP=0x0000001e29bfb8c0, RSI=0x000001ed30d1f000, RDI=0x0000000000000000
R8 =0x0000000100354490, R9 =0x000001ed30f83460, R10=0x000001ed31440290, R11=0x0000001e29bfb7d0
R12=0x0000001e29bfb9c0, R13=0x0000001e29bfba70, R14=0x0000000000000001, R15=0x000001ed30d1f000
RIP=0x000000006d22710a, EFLAGS=0x0000000000010246

Top of Stack: (sp=0x0000001e29bfb7c0)
0x0000001e29bfb7c0:   000001ed3129fe68 000000006d18db47
0x0000001e29bfb7d0:   000001ed30948840 0000001e29bfb9c0
0x0000001e29bfb7e0:   0000001e29bfba70 000001ed2d2e4440
0x0000001e29bfb7f0:   0000000100354490 000000006d225334
0x0000001e29bfb800:   000001ed30d1f000 0000001e29bfbb00
0x0000001e29bfb810:   0000000000000000 000001ed30d1f000
0x0000001e29bfb820:   0000000100491450 000000006d743fc0
0x0000001e29bfb830:   000001ed30d1f000 000000006d22886b
0x0000001e29bfb840:   0000001e29bfbb60 000001ed322f5360
0x0000001e29bfb850:   000001ed30d1f000 000001ed30d1f000
0x0000001e29bfb860:   0000000100496bc0 000000006d2237aa
0x0000001e29bfb870:   0000000100491450 000000006d18db47
0x0000001e29bfb880:   000001ed32ad33d0 000001ed30d1f000
0x0000001e29bfb890:   0000000100496bc0 000001ed30d1f001
0x0000001e29bfb8a0:   0000001e29bfb8f0 000000006d38ede7
0x0000001e29bfb8b0:   000001ed32ad33d0 0000000100491450 

Instructions: (pc=0x000000006d22710a)
0x000000006d2270ea:   b2 a9 00 00 4c 89 77 10 4c 89 7f 18 4c 89 6f 20
0x000000006d2270fa:   e9 34 07 00 00 41 8b 48 0c 48 8b bd e0 00 00 00
0x000000006d22710a:   48 39 1c 39 0f 84 bf 00 00 00 83 f9 18 75 13 48
0x000000006d22711a:   8b d3 48 8b cf e8 bc 31 06 00 84 c0 0f 85 a7 00 


Register to memory mapping:

RAX=0x0000000000000820 is an unknown value
RBX=0x0000000100354490 is pointing into metadata
RCX=0x0000000000000018 is an unknown value
RDX=0x0000001e29bfb9c0 is pointing into the stack for thread: 0x000001ed30d1f000
RSP=0x0000001e29bfb7c0 is pointing into the stack for thread: 0x000001ed30d1f000
RBP=0x0000001e29bfb8c0 is pointing into the stack for thread: 0x000001ed30d1f000
RSI=0x000001ed30d1f000 is a thread
RDI=0x0000000000000000 is an unknown value
R8 =0x0000000100354490 is pointing into metadata
R9 =0x000001ed30f83460 is an unknown value
R10=0x000001ed31440290 is an unknown value
R11=0x0000001e29bfb7d0 is pointing into the stack for thread: 0x000001ed30d1f000
R12=0x0000001e29bfb9c0 is pointing into the stack for thread: 0x000001ed30d1f000
R13=0x0000001e29bfba70 is pointing into the stack for thread: 0x000001ed30d1f000
R14=0x0000000000000001 is an unknown value
R15=0x000001ed30d1f000 is a thread


Stack: [0x0000001e29b00000,0x0000001e29c00000],  sp=0x0000001e29bfb7c0,  free space=1005k
Native frames: (J=compiled Java code, j=interpreted, Vv=VM code, C=native code)
V  [jvm.dll+0xa710a]
V  [jvm.dll+0xa4ea8]
V  [jvm.dll+0xa58b4]
V  [jvm.dll+0xa02df]
C  0x000001ed18dd80c6

Java frames: (J=compiled Java code, j=interpreted, Vv=VM code)
j  org.apache.catalina.connector.Request.authenticate(Ljavax/servlet/http/HttpServletResponse;)Z+1
j  org.apache.catalina.connector.RequestFacade.authenticate(Ljavax/servlet/http/HttpServletResponse;)Z+9
j  javax.servlet.http.HttpServletRequestWrapper.authenticate(Ljavax/servlet/http/HttpServletResponse;)Z+5
v  ~StubRoutines::call_stub
j  org.apache.jasper.runtime.HttpJspBase.service(Ljavax/servlet/http/HttpServletRequest;Ljavax/servlet/http/HttpServletResponse;)V+0
j  javax.servlet.http.HttpServlet.service(Ljavax/servlet/ServletRequest;Ljavax/servlet/ServletResponse;)V+36
j  org.apache.jasper.servlet.JspServletWrapper.service(Ljavax/servlet/http/HttpServletRequest;Ljavax/servlet/http/HttpServletResponse;Z)V+411
j  org.apache.jasper.servlet.JspServlet.serviceJspFile(Ljavax/servlet/http/HttpServletRequest;Ljavax/servlet/http/HttpServletResponse;Ljava/lang/String;Z)V+112
j  org.apache.jasper.servlet.JspServlet.service(Ljavax/servlet/http/HttpServletRequest;Ljavax/servlet/http/HttpServletResponse;)V+328
j  javax.servlet.http.HttpServlet.service(Ljavax/servlet/ServletRequest;Ljavax/servlet/ServletResponse;)V+36
j  org.apache.catalina.core.ApplicationFilterChain.internalDoFilter(Ljavax/servlet/ServletRequest;Ljavax/servlet/ServletResponse;)V+304
j  org.apache.catalina.core.ApplicationFilterChain.doFilter(Ljavax/servlet/ServletRequest;Ljavax/servlet/ServletResponse;)V+99
j  org.apache.tomcat.websocket.server.WsFilter.doFilter(Ljavax/servlet/ServletRequest;Ljavax/servlet/ServletResponse;Ljavax/servlet/FilterChain;)V+21
j  org.apache.catalina.core.ApplicationFilterChain.internalDoFilter(Ljavax/servlet/ServletRequest;Ljavax/servlet/ServletResponse;)V+135
j  org.apache.catalina.core.ApplicationFilterChain.doFilter(Ljavax/servlet/ServletRequest;Ljavax/servlet/ServletResponse;)V+99
j  com.example.project1.filter.LoginFilter.doFilterInternal(Ljavax/servlet/http/HttpServletRequest;Ljavax/servlet/http/HttpServletResponse;Ljavax/servlet/FilterChain;)V+3
j  org.springframework.web.filter.OncePerRequestFilter.doFilter(Ljavax/servlet/ServletRequest;Ljavax/servlet/ServletResponse;Ljavax/servlet/FilterChain;)V+147
j  org.apache.catalina.core.ApplicationFilterChain.internalDoFilter(Ljavax/servlet/ServletRequest;Ljavax/servlet/ServletResponse;)V+135
j  org.apache.catalina.core.ApplicationFilterChain.doFilter(Ljavax/servlet/ServletRequest;Ljavax/servlet/ServletResponse;)V+99
j  org.springframework.web.filter.OncePerRequestFilter.doFilter(Ljavax/servlet/ServletRequest;Ljavax/servlet/ServletResponse;Ljavax/servlet/FilterChain;)V+122
j  org.apache.catalina.core.ApplicationFilterChain.internalDoFilter(Ljavax/servlet/ServletRequest;Ljavax/servlet/ServletResponse;)V+135
j  org.apache.catalina.core.ApplicationFilterChain.doFilter(Ljavax/servlet/ServletRequest;Ljavax/servlet/ServletResponse;)V+99
j  org.springframework.web.filter.OncePerRequestFilter.doFilter(Ljavax/servlet/ServletRequest;Ljavax/servlet/ServletResponse;Ljavax/servlet/FilterChain;)V+122
j  org.apache.catalina.core.ApplicationFilterChain.internalDoFilter(Ljavax/servlet/ServletRequest;Ljavax/servlet/ServletResponse;)V+135
j  org.apache.catalina.core.ApplicationFilterChain.doFilter(Ljavax/servlet/ServletRequest;Ljavax/servlet/ServletResponse;)V+99
j  org.springframework.web.filter.OncePerRequestFilter.doFilter(Ljavax/servlet/ServletRequest;Ljavax/servlet/ServletResponse;Ljavax/servlet/FilterChain;)V+122
j  org.apache.catalina.core.ApplicationFilterChain.internalDoFilter(Ljavax/servlet/ServletRequest;Ljavax/servlet/ServletResponse;)V+135
j  org.apache.catalina.core.ApplicationFilterChain.doFilter(Ljavax/servlet/ServletRequest;Ljavax/servlet/ServletResponse;)V+99
j  org.apache.catalina.core.ApplicationDispatcher.invoke(Ljavax/servlet/ServletRequest;Ljavax/servlet/ServletResponse;Lorg/apache/catalina/core/ApplicationDispatcher$State;)V+341
j  org.apache.catalina.core.ApplicationDispatcher.processRequest(Ljavax/servlet/ServletRequest;Ljavax/servlet/ServletResponse;Lorg/apache/catalina/core/ApplicationDispatcher$State;)V+98
j  org.apache.catalina.core.ApplicationDispatcher.doForward(Ljavax/servlet/ServletRequest;Ljavax/servlet/ServletResponse;)V+357
j  org.apache.catalina.core.ApplicationDispatcher.forward(Ljavax/servlet/ServletRequest;Ljavax/servlet/ServletResponse;)V+55
j  org.springframework.web.servlet.view.InternalResourceView.renderMergedOutputModel(Ljava/util/Map;Ljavax/servlet/http/HttpServletRequest;Ljavax/servlet/http/HttpServletResponse;)V+199
j  org.springframework.web.servlet.view.AbstractView.render(Ljava/util/Map;Ljavax/servlet/http/HttpServletRequest;Ljavax/servlet/http/HttpServletResponse;)V+128
j  org.springframework.web.servlet.DispatcherServlet.render(Lorg/springframework/web/servlet/ModelAndView;Ljavax/servlet/http/HttpServletRequest;Ljavax/servlet/http/HttpServletResponse;)V+259
j  org.springframework.web.servlet.DispatcherServlet.processDispatchResult(Ljavax/servlet/http/HttpServletRequest;Ljavax/servlet/http/HttpServletResponse;Lorg/springframework/web/servlet/HandlerExecutionChain;Lorg/springframework/web/servlet/ModelAndView;Ljava/lang/Exception;)V+98
j  org.springframework.web.servlet.DispatcherServlet.doDispatch(Ljavax/servlet/http/HttpServletRequest;Ljavax/servlet/http/HttpServletResponse;)V+360
j  org.springframework.web.servlet.DispatcherServlet.doService(Ljavax/servlet/http/HttpServletRequest;Ljavax/servlet/http/HttpServletResponse;)V+241
j  org.springframework.web.servlet.FrameworkServlet.processRequest(Ljavax/servlet/http/HttpServletRequest;Ljavax/servlet/http/HttpServletResponse;)V+71
j  org.springframework.web.servlet.FrameworkServlet.doGet(Ljavax/servlet/http/HttpServletRequest;Ljavax/servlet/http/HttpServletResponse;)V+3
j  javax.servlet.http.HttpServlet.service(Ljavax/servlet/http/HttpServletRequest;Ljavax/servlet/http/HttpServletResponse;)V+35
j  org.springframework.web.servlet.FrameworkServlet.service(Ljavax/servlet/http/HttpServletRequest;Ljavax/servlet/http/HttpServletResponse;)V+33
j  javax.servlet.http.HttpServlet.service(Ljavax/servlet/ServletRequest;Ljavax/servlet/ServletResponse;)V+36
j  org.apache.catalina.core.ApplicationFilterChain.internalDoFilter(Ljavax/servlet/ServletRequest;Ljavax/servlet/ServletResponse;)V+304
j  org.apache.catalina.core.ApplicationFilterChain.doFilter(Ljavax/servlet/ServletRequest;Ljavax/servlet/ServletResponse;)V+99
j  org.apache.tomcat.websocket.server.WsFilter.doFilter(Ljavax/servlet/ServletRequest;Ljavax/servlet/ServletResponse;Ljavax/servlet/FilterChain;)V+21
j  org.apache.catalina.core.ApplicationFilterChain.internalDoFilter(Ljavax/servlet/ServletRequest;Ljavax/servlet/ServletResponse;)V+135
j  org.apache.catalina.core.ApplicationFilterChain.doFilter(Ljavax/servlet/ServletRequest;Ljavax/servlet/ServletResponse;)V+99
j  org.springframework.web.filter.OncePerRequestFilter.doFilter(Ljavax/servlet/ServletRequest;Ljavax/servlet/ServletResponse;Ljavax/servlet/FilterChain;)V+81
j  org.apache.catalina.core.ApplicationFilterChain.internalDoFilter(Ljavax/servlet/ServletRequest;Ljavax/servlet/ServletResponse;)V+135
j  org.apache.catalina.core.ApplicationFilterChain.doFilter(Ljavax/servlet/ServletRequest;Ljavax/servlet/ServletResponse;)V+99
j  org.springframework.web.filter.RequestContextFilter.doFilterInternal(Ljavax/servlet/http/HttpServletRequest;Ljavax/servlet/http/HttpServletResponse;Ljavax/servlet/FilterChain;)V+21
j  org.springframework.web.filter.OncePerRequestFilter.doFilter(Ljavax/servlet/ServletRequest;Ljavax/servlet/ServletResponse;Ljavax/servlet/FilterChain;)V+147
j  org.apache.catalina.core.ApplicationFilterChain.internalDoFilter(Ljavax/servlet/ServletRequest;Ljavax/servlet/ServletResponse;)V+135
j  org.apache.catalina.core.ApplicationFilterChain.doFilter(Ljavax/servlet/ServletRequest;Ljavax/servlet/ServletResponse;)V+99
j  org.springframework.web.filter.FormContentFilter.doFilterInternal(Ljavax/servlet/http/HttpServletRequest;Ljavax/servlet/http/HttpServletResponse;Ljavax/servlet/FilterChain;)V+38
j  org.springframework.web.filter.OncePerRequestFilter.doFilter(Ljavax/servlet/ServletRequest;Ljavax/servlet/ServletResponse;Ljavax/servlet/FilterChain;)V+147
j  org.apache.catalina.core.ApplicationFilterChain.internalDoFilter(Ljavax/servlet/ServletRequest;Ljavax/servlet/ServletResponse;)V+135
j  org.apache.catalina.core.ApplicationFilterChain.doFilter(Ljavax/servlet/ServletRequest;Ljavax/servlet/ServletResponse;)V+99
j  org.springframework.web.filter.CharacterEncodingFilter.doFilterInternal(Ljavax/servlet/http/HttpServletRequest;Ljavax/servlet/http/HttpServletResponse;Ljavax/servlet/FilterChain;)V+53
j  org.springframework.web.filter.OncePerRequestFilter.doFilter(Ljavax/servlet/ServletRequest;Ljavax/servlet/ServletResponse;Ljavax/servlet/FilterChain;)V+147
j  org.apache.catalina.core.ApplicationFilterChain.internalDoFilter(Ljavax/servlet/ServletRequest;Ljavax/servlet/ServletResponse;)V+135
j  org.apache.catalina.core.ApplicationFilterChain.doFilter(Ljavax/servlet/ServletRequest;Ljavax/servlet/ServletResponse;)V+99
j  org.apache.catalina.core.StandardWrapperValve.invoke(Lorg/apache/catalina/connector/Request;Lorg/apache/catalina/connector/Response;)V+514
j  org.apache.catalina.core.StandardContextValve.invoke(Lorg/apache/catalina/connector/Request;Lorg/apache/catalina/connector/Response;)V+169
j  org.apache.catalina.authenticator.AuthenticatorBase.invoke(Lorg/apache/catalina/connector/Request;Lorg/apache/catalina/connector/Response;)V+260
j  org.apache.catalina.core.StandardHostValve.invoke(Lorg/apache/catalina/connector/Request;Lorg/apache/catalina/connector/Response;)V+128
j  org.apache.catalina.valves.ErrorReportValve.invoke(Lorg/apache/catalina/connector/Request;Lorg/apache/catalina/connector/Response;)V+6
j  org.apache.catalina.core.StandardEngineValve.invoke(Lorg/apache/catalina/connector/Request;Lorg/apache/catalina/connector/Response;)V+59
j  org.apache.catalina.connector.CoyoteAdapter.service(Lorg/apache/coyote/Request;Lorg/apache/coyote/Response;)V+187
j  org.apache.coyote.http11.Http11Processor.service(Lorg/apache/tomcat/util/net/SocketWrapperBase;)Lorg/apache/tomcat/util/net/AbstractEndpoint$Handler$SocketState;+796
j  org.apache.coyote.AbstractProcessorLight.process(Lorg/apache/tomcat/util/net/SocketWrapperBase;Lorg/apache/tomcat/util/net/SocketEvent;)Lorg/apache/tomcat/util/net/AbstractEndpoint$Handler$SocketState;+170
j  org.apache.coyote.AbstractProtocol$ConnectionHandler.process(Lorg/apache/tomcat/util/net/SocketWrapperBase;Lorg/apache/tomcat/util/net/SocketEvent;)Lorg/apache/tomcat/util/net/AbstractEndpoint$Handler$SocketState;+489
j  org.apache.tomcat.util.net.NioEndpoint$SocketProcessor.doRun()V+249
j  org.apache.tomcat.util.net.SocketProcessorBase.run()V+32
j  org.apache.tomcat.util.threads.ThreadPoolExecutor.runWorker(Lorg/apache/tomcat/util/threads/ThreadPoolExecutor$Worker;)V+92
j  org.apache.tomcat.util.threads.ThreadPoolExecutor$Worker.run()V+5
j  org.apache.tomcat.util.threads.TaskThread$WrappingRunnable.run()V+4
j  java.lang.Thread.run()V+11
v  ~StubRoutines::call_stub

---------------  P R O C E S S  ---------------

Java Threads: ( => current thread )
  0x000001ed3147a800 JavaThread "RMI TCP Connection(3)-192.168.137.1" daemon [_thread_in_native, id=1944, stack(0x0000001e29500000,0x0000001e29600000)]
  0x000001ed31476800 JavaThread "DestroyJavaVM" [_thread_blocked, id=19648, stack(0x0000001e27b00000,0x0000001e27c00000)]
  0x000001ed31476000 JavaThread "http-nio-8080-Acceptor" daemon [_thread_in_native, id=14352, stack(0x0000001e2a700000,0x0000001e2a800000)]
  0x000001ed31420000 JavaThread "http-nio-8080-Poller" daemon [_thread_in_native, id=14552, stack(0x0000001e2a600000,0x0000001e2a700000)]
  0x000001ed3141e800 JavaThread "http-nio-8080-exec-10" daemon [_thread_blocked, id=3056, stack(0x0000001e2a500000,0x0000001e2a600000)]
  0x000001ed3141d800 JavaThread "http-nio-8080-exec-9" daemon [_thread_blocked, id=12376, stack(0x0000001e2a400000,0x0000001e2a500000)]
  0x000001ed3141d000 JavaThread "http-nio-8080-exec-8" daemon [_thread_blocked, id=164, stack(0x0000001e2a300000,0x0000001e2a400000)]
  0x000001ed3141b800 JavaThread "http-nio-8080-exec-7" daemon [_thread_blocked, id=12772, stack(0x0000001e2a200000,0x0000001e2a300000)]
  0x000001ed3141a800 JavaThread "http-nio-8080-exec-6" daemon [_thread_blocked, id=8804, stack(0x0000001e2a100000,0x0000001e2a200000)]
  0x000001ed31419800 JavaThread "http-nio-8080-exec-5" daemon [_thread_blocked, id=3756, stack(0x0000001e2a000000,0x0000001e2a100000)]
  0x000001ed3141f000 JavaThread "http-nio-8080-exec-4" daemon [_thread_blocked, id=9664, stack(0x0000001e29f00000,0x0000001e2a000000)]
  0x000001ed31419000 JavaThread "http-nio-8080-exec-3" daemon [_thread_blocked, id=11468, stack(0x0000001e29e00000,0x0000001e29f00000)]
  0x000001ed3141c000 JavaThread "http-nio-8080-exec-2" daemon [_thread_blocked, id=11632, stack(0x0000001e29d00000,0x0000001e29e00000)]
=>0x000001ed30d1f000 JavaThread "http-nio-8080-exec-1" daemon [_thread_in_vm, id=15528, stack(0x0000001e29b00000,0x0000001e29c00000)]
  0x000001ed30d1d000 JavaThread "Live Reload Server" daemon [_thread_in_native, id=15692, stack(0x0000001e29c00000,0x0000001e29d00000)]
  0x000001ed30d22000 JavaThread "File Watcher" daemon [_thread_blocked, id=17376, stack(0x0000001e29a00000,0x0000001e29b00000)]
  0x000001ed30d1b800 JavaThread "container-0" [_thread_blocked, id=7384, stack(0x0000001e29900000,0x0000001e29a00000)]
  0x000001ed30d1b000 JavaThread "Catalina-utility-2" [_thread_blocked, id=9132, stack(0x0000001e29800000,0x0000001e29900000)]
  0x000001ed30d20800 JavaThread "Catalina-utility-1" [_thread_blocked, id=9308, stack(0x0000001e29700000,0x0000001e29800000)]
  0x000001ed2fc6f000 JavaThread "RMI TCP Connection(2)-192.168.137.1" daemon [_thread_in_native, id=9560, stack(0x0000001e29400000,0x0000001e29500000)]
  0x000001ed2fc30000 JavaThread "JMX server connection timeout 16" daemon [_thread_blocked, id=7740, stack(0x0000001e29300000,0x0000001e29400000)]
  0x000001ed2fc33000 JavaThread "RMI Scheduler(0)" daemon [_thread_blocked, id=15912, stack(0x0000001e29200000,0x0000001e29300000)]
  0x000001ed2fbda800 JavaThread "RMI TCP Connection(1)-192.168.137.1" daemon [_thread_in_native, id=16196, stack(0x0000001e29100000,0x0000001e29200000)]
  0x000001ed2f9e0000 JavaThread "RMI TCP Accept-0" daemon [_thread_in_native, id=10780, stack(0x0000001e28f00000,0x0000001e29000000)]
  0x000001ed2f77f000 JavaThread "Service Thread" daemon [_thread_blocked, id=14620, stack(0x0000001e28e00000,0x0000001e28f00000)]
  0x000001ed2f6dd800 JavaThread "C1 CompilerThread3" daemon [_thread_blocked, id=3020, stack(0x0000001e28d00000,0x0000001e28e00000)]
  0x000001ed2f6dc800 JavaThread "C2 CompilerThread2" daemon [_thread_blocked, id=20272, stack(0x0000001e28c00000,0x0000001e28d00000)]
  0x000001ed2f6d9800 JavaThread "C2 CompilerThread1" daemon [_thread_blocked, id=7756, stack(0x0000001e28b00000,0x0000001e28c00000)]
  0x000001ed2f6d8800 JavaThread "C2 CompilerThread0" daemon [_thread_blocked, id=11152, stack(0x0000001e28a00000,0x0000001e28b00000)]
  0x000001ed2f6d6000 JavaThread "Monitor Ctrl-Break" daemon [_thread_in_native, id=3292, stack(0x0000001e28900000,0x0000001e28a00000)]
  0x000001ed2d78b800 JavaThread "Attach Listener" daemon [_thread_blocked, id=832, stack(0x0000001e28800000,0x0000001e28900000)]
  0x000001ed2d78a800 JavaThread "Signal Dispatcher" daemon [_thread_blocked, id=7064, stack(0x0000001e28700000,0x0000001e28800000)]
  0x000001ed2d767000 JavaThread "Finalizer" daemon [_thread_blocked, id=20000, stack(0x0000001e28600000,0x0000001e28700000)]
  0x000001ed2d760000 JavaThread "Reference Handler" daemon [_thread_blocked, id=16876, stack(0x0000001e28500000,0x0000001e28600000)]

Other Threads:
  0x000001ed2d736000 VMThread [stack: 0x0000001e28400000,0x0000001e28500000] [id=3744]
  0x000001ed2f9e6000 WatcherThread [stack: 0x0000001e29000000,0x0000001e29100000] [id=18792]

VM state:not at safepoint (normal execution)

VM Mutex/Monitor currently owned by a thread: None

heap address: 0x0000000082800000, size: 2008 MB, Compressed Oops mode: 32-bit
Narrow klass base: 0x0000000000000000, Narrow klass shift: 3
Compressed class space size: 1073741824 Address: 0x0000000100000000

Heap:
 PSYoungGen      total 200192K, used 65542K [0x00000000d6300000, 0x00000000e5c00000, 0x0000000100000000)
  eden space 188416K, 34% used [0x00000000d6300000,0x00000000da301870,0x00000000e1b00000)
  from space 11776K, 0% used [0x00000000e2600000,0x00000000e2600000,0x00000000e3180000)
  to   space 11264K, 0% used [0x00000000e1b00000,0x00000000e1b00000,0x00000000e2600000)
 ParOldGen       total 69632K, used 12922K [0x0000000082800000, 0x0000000086c00000, 0x00000000d6300000)
  object space 69632K, 18% used [0x0000000082800000,0x000000008349eae8,0x0000000086c00000)
 Metaspace       used 38712K, capacity 41100K, committed 41472K, reserved 1085440K
  class space    used 4848K, capacity 5296K, committed 5376K, reserved 1048576K

Card table byte_map: [0x000001ed28170000,0x000001ed28560000] byte_map_base: 0x000001ed27d5c000

Marking Bits: (ParMarkBitMap*) 0x000000006d9648d0
 Begin Bits: [0x000001ed28800000, 0x000001ed2a760000)
 End Bits:   [0x000001ed2a760000, 0x000001ed2c6c0000)

Polling page: 0x000001ed18bd0000

CodeCache: size=245760Kb used=7879Kb max_used=7894Kb free=237881Kb
 bounds [0x000001ed18db0000, 0x000001ed19570000, 0x000001ed27db0000]
 total_blobs=4149 nmethods=3657 adapters=403
 compilation: enabled

Compilation events (10 events):
Event: 10.018 Thread 0x000001ed2f6dd800 3662       1       org.apache.jasper.compiler.SmapUtil$SDEInstaller::writeU1 (19 bytes)
Event: 10.018 Thread 0x000001ed2f6dd800 nmethod 3662 0x000001ed19563690 code [0x000001ed195637e0, 0x000001ed19563938]
Event: 10.018 Thread 0x000001ed2f6dd800 3663       1       org.apache.jasper.compiler.SmapUtil$SDEInstaller::readBytes (38 bytes)
Event: 10.018 Thread 0x000001ed2f6dd800 nmethod 3663 0x000001ed19563a10 code [0x000001ed19563b80, 0x000001ed19563d78]
Event: 10.018 Thread 0x000001ed2f6dd800 3664       1       org.apache.jasper.compiler.SmapUtil$SDEInstaller::writeBytes (45 bytes)
Event: 10.019 Thread 0x000001ed2f6dd800 nmethod 3664 0x000001ed19563ed0 code [0x000001ed19564020, 0x000001ed19564198]
Event: 10.019 Thread 0x000001ed2f6dd800 3665       1       org.apache.jasper.compiler.SmapUtil$SDEInstaller::copy (46 bytes)
Event: 10.019 Thread 0x000001ed2f6dd800 nmethod 3665 0x000001ed195642d0 code [0x000001ed19564440, 0x000001ed195645d8]
Event: 10.044 Thread 0x000001ed2f6dd800 3666       1       org.apache.catalina.core.DefaultInstanceManager::findLifecycleCallback (110 bytes)
Event: 10.045 Thread 0x000001ed2f6dd800 nmethod 3666 0x000001ed19564750 code [0x000001ed19564980, 0x000001ed195651d0]

GC Heap History (10 events):
Event: 3.856 GC heap before
{Heap before GC invocations=6 (full 1):
 PSYoungGen      total 70656K, used 5088K [0x00000000d6300000, 0x00000000df500000, 0x0000000100000000)
  eden space 65536K, 0% used [0x00000000d6300000,0x00000000d6300000,0x00000000da300000)
  from space 5120K, 99% used [0x00000000da300000,0x00000000da7f81a0,0x00000000da800000)
  to   space 9216K, 0% used [0x00000000dec00000,0x00000000dec00000,0x00000000df500000)
 ParOldGen       total 86016K, used 8381K [0x0000000082800000, 0x0000000087c00000, 0x00000000d6300000)
  object space 86016K, 9% used [0x0000000082800000,0x000000008302f7d0,0x0000000087c00000)
 Metaspace       used 20241K, capacity 21204K, committed 21296K, reserved 1067008K
  class space    used 2659K, capacity 2879K, committed 2944K, reserved 1048576K
Event: 3.890 GC heap after
Heap after GC invocations=6 (full 1):
 PSYoungGen      total 70656K, used 0K [0x00000000d6300000, 0x00000000df500000, 0x0000000100000000)
  eden space 65536K, 0% used [0x00000000d6300000,0x00000000d6300000,0x00000000da300000)
  from space 5120K, 0% used [0x00000000da300000,0x00000000da300000,0x00000000da800000)
  to   space 9216K, 0% used [0x00000000dec00000,0x00000000dec00000,0x00000000df500000)
 ParOldGen       total 51712K, used 7198K [0x0000000082800000, 0x0000000085a80000, 0x00000000d6300000)
  object space 51712K, 13% used [0x0000000082800000,0x0000000082f07888,0x0000000085a80000)
 Metaspace       used 20241K, capacity 21204K, committed 21296K, reserved 1067008K
  class space    used 2659K, capacity 2879K, committed 2944K, reserved 1048576K
}
Event: 4.655 GC heap before
{Heap before GC invocations=7 (full 1):
 PSYoungGen      total 70656K, used 65536K [0x00000000d6300000, 0x00000000df500000, 0x0000000100000000)
  eden space 65536K, 100% used [0x00000000d6300000,0x00000000da300000,0x00000000da300000)
  from space 5120K, 0% used [0x00000000da300000,0x00000000da300000,0x00000000da800000)
  to   space 9216K, 0% used [0x00000000dec00000,0x00000000dec00000,0x00000000df500000)
 ParOldGen       total 51712K, used 7198K [0x0000000082800000, 0x0000000085a80000, 0x00000000d6300000)
  object space 51712K, 13% used [0x0000000082800000,0x0000000082f07888,0x0000000085a80000)
 Metaspace       used 24866K, capacity 26486K, committed 26752K, reserved 1073152K
  class space    used 3332K, capacity 3633K, committed 3712K, reserved 1048576K
Event: 4.661 GC heap after
Heap after GC invocations=7 (full 1):
 PSYoungGen      total 119808K, used 7096K [0x00000000d6300000, 0x00000000df300000, 0x0000000100000000)
  eden space 112640K, 0% used [0x00000000d6300000,0x00000000d6300000,0x00000000dd100000)
  from space 7168K, 99% used [0x00000000dec00000,0x00000000df2ee2f8,0x00000000df300000)
  to   space 9216K, 0% used [0x00000000de100000,0x00000000de100000,0x00000000dea00000)
 ParOldGen       total 51712K, used 7206K [0x0000000082800000, 0x0000000085a80000, 0x00000000d6300000)
  object space 51712K, 13% used [0x0000000082800000,0x0000000082f09888,0x0000000085a80000)
 Metaspace       used 24866K, capacity 26486K, committed 26752K, reserved 1073152K
  class space    used 3332K, capacity 3633K, committed 3712K, reserved 1048576K
}
Event: 8.316 GC heap before
{Heap before GC invocations=8 (full 1):
 PSYoungGen      total 119808K, used 119736K [0x00000000d6300000, 0x00000000df300000, 0x0000000100000000)
  eden space 112640K, 100% used [0x00000000d6300000,0x00000000dd100000,0x00000000dd100000)
  from space 7168K, 99% used [0x00000000dec00000,0x00000000df2ee2f8,0x00000000df300000)
  to   space 9216K, 0% used [0x00000000de100000,0x00000000de100000,0x00000000dea00000)
 ParOldGen       total 51712K, used 7206K [0x0000000082800000, 0x0000000085a80000, 0x00000000d6300000)
  object space 51712K, 13% used [0x0000000082800000,0x0000000082f09888,0x0000000085a80000)
 Metaspace       used 32304K, capacity 34562K, committed 34688K, reserved 1079296K
  class space    used 4288K, capacity 4718K, committed 4736K, reserved 1048576K
Event: 8.333 GC heap after
Heap after GC invocations=8 (full 1):
 PSYoungGen      total 138240K, used 9185K [0x00000000d6300000, 0x00000000e3180000, 0x0000000100000000)
  eden space 129024K, 0% used [0x00000000d6300000,0x00000000d6300000,0x00000000de100000)
  from space 9216K, 99% used [0x00000000de100000,0x00000000de9f8628,0x00000000dea00000)
  to   space 11776K, 0% used [0x00000000e2600000,0x00000000e2600000,0x00000000e3180000)
 ParOldGen       total 51712K, used 10286K [0x0000000082800000, 0x0000000085a80000, 0x00000000d6300000)
  object space 51712K, 19% used [0x0000000082800000,0x000000008320b9c8,0x0000000085a80000)
 Metaspace       used 32304K, capacity 34562K, committed 34688K, reserved 1079296K
  class space    used 4288K, capacity 4718K, committed 4736K, reserved 1048576K
}
Event: 8.459 GC heap before
{Heap before GC invocations=9 (full 1):
 PSYoungGen      total 138240K, used 17495K [0x00000000d6300000, 0x00000000e3180000, 0x0000000100000000)
  eden space 129024K, 6% used [0x00000000d6300000,0x00000000d6b1d678,0x00000000de100000)
  from space 9216K, 99% used [0x00000000de100000,0x00000000de9f8628,0x00000000dea00000)
  to   space 11776K, 0% used [0x00000000e2600000,0x00000000e2600000,0x00000000e3180000)
 ParOldGen       total 51712K, used 10286K [0x0000000082800000, 0x0000000085a80000, 0x00000000d6300000)
  object space 51712K, 19% used [0x0000000082800000,0x000000008320b9c8,0x0000000085a80000)
 Metaspace       used 33131K, capacity 35422K, committed 35496K, reserved 1079296K
  class space    used 4386K, capacity 4800K, committed 4864K, reserved 1048576K
Event: 8.471 GC heap after
Heap after GC invocations=9 (full 1):
 PSYoungGen      total 200192K, used 8363K [0x00000000d6300000, 0x00000000e5c00000, 0x0000000100000000)
  eden space 188416K, 0% used [0x00000000d6300000,0x00000000d6300000,0x00000000e1b00000)
  from space 11776K, 71% used [0x00000000e2600000,0x00000000e2e2ad08,0x00000000e3180000)
  to   space 11264K, 0% used [0x00000000e1b00000,0x00000000e1b00000,0x00000000e2600000)
 ParOldGen       total 51712K, used 10294K [0x0000000082800000, 0x0000000085a80000, 0x00000000d6300000)
  object space 51712K, 19% used [0x0000000082800000,0x000000008320d9c8,0x0000000085a80000)
 Metaspace       used 33131K, capacity 35422K, committed 35496K, reserved 1079296K
  class space    used 4386K, capacity 4800K, committed 4864K, reserved 1048576K
}
Event: 8.471 GC heap before
{Heap before GC invocations=10 (full 2):
 PSYoungGen      total 200192K, used 8363K [0x00000000d6300000, 0x00000000e5c00000, 0x0000000100000000)
  eden space 188416K, 0% used [0x00000000d6300000,0x00000000d6300000,0x00000000e1b00000)
  from space 11776K, 71% used [0x00000000e2600000,0x00000000e2e2ad08,0x00000000e3180000)
  to   space 11264K, 0% used [0x00000000e1b00000,0x00000000e1b00000,0x00000000e2600000)
 ParOldGen       total 51712K, used 10294K [0x0000000082800000, 0x0000000085a80000, 0x00000000d6300000)
  object space 51712K, 19% used [0x0000000082800000,0x000000008320d9c8,0x0000000085a80000)
 Metaspace       used 33131K, capacity 35422K, committed 35496K, reserved 1079296K
  class space    used 4386K, capacity 4800K, committed 4864K, reserved 1048576K
Event: 8.549 GC heap after
Heap after GC invocations=10 (full 2):
 PSYoungGen      total 200192K, used 0K [0x00000000d6300000, 0x00000000e5c00000, 0x0000000100000000)
  eden space 188416K, 0% used [0x00000000d6300000,0x00000000d6300000,0x00000000e1b00000)
  from space 11776K, 0% used [0x00000000e2600000,0x00000000e2600000,0x00000000e3180000)
  to   space 11264K, 0% used [0x00000000e1b00000,0x00000000e1b00000,0x00000000e2600000)
 ParOldGen       total 69632K, used 12922K [0x0000000082800000, 0x0000000086c00000, 0x00000000d6300000)
  object space 69632K, 18% used [0x0000000082800000,0x000000008349eae8,0x0000000086c00000)
 Metaspace       used 33131K, capacity 35422K, committed 35496K, reserved 1079296K
  class space    used 4386K, capacity 4800K, committed 4864K, reserved 1048576K
}

Deoptimization events (0 events):
No events

Classes redefined (0 events):
No events

Internal exceptions (10 events):
Event: 7.130 Thread 0x000001ed2fd73000 Exception <a 'java/lang/ClassNotFoundException': org/springframework/context/ResourceLoaderAwareCustomizer> (0x00000000da448aa0) thrown at [C:\wsjdk\Corretto8Src\installers\windows\zip\corretto-build\buildRoot\hotspot\src\share\vm\classfile\systemDictiona
Event: 7.131 Thread 0x000001ed2fd73000 Exception <a 'java/lang/ClassNotFoundException': org/springframework/beans/factory/AwareCustomizer> (0x00000000da458688) thrown at [C:\wsjdk\Corretto8Src\installers\windows\zip\corretto-build\buildRoot\hotspot\src\share\vm\classfile\systemDictionary.cpp, 
Event: 7.133 Thread 0x000001ed2fd73000 Exception <a 'java/lang/ClassNotFoundException': org/springframework/context/ApplicationContextAwareCustomizer> (0x00000000da469560) thrown at [C:\wsjdk\Corretto8Src\installers\windows\zip\corretto-build\buildRoot\hotspot\src\share\vm\classfile\systemDict
Event: 7.134 Thread 0x000001ed2fd73000 Exception <a 'java/lang/ClassNotFoundException': org/springframework/beans/factory/AwareCustomizer> (0x00000000da479760) thrown at [C:\wsjdk\Corretto8Src\installers\windows\zip\corretto-build\buildRoot\hotspot\src\share\vm\classfile\systemDictionary.cpp, 
Event: 7.135 Thread 0x000001ed2fd73000 Exception <a 'java/lang/ClassNotFoundException': org/springframework/web/context/ServletContextAwareCustomizer> (0x00000000da48a5e8) thrown at [C:\wsjdk\Corretto8Src\installers\windows\zip\corretto-build\buildRoot\hotspot\src\share\vm\classfile\systemDict
Event: 7.136 Thread 0x000001ed2fd73000 Exception <a 'java/lang/ClassNotFoundException': org/springframework/beans/factory/AwareCustomizer> (0x00000000da49a248) thrown at [C:\wsjdk\Corretto8Src\installers\windows\zip\corretto-build\buildRoot\hotspot\src\share\vm\classfile\systemDictionary.cpp, 
Event: 7.492 Thread 0x000001ed2fbda800 Exception <a 'java/lang/reflect/InvocationTargetException'> (0x00000000d8fc7058) thrown at [C:\wsjdk\Corretto8Src\installers\windows\zip\corretto-build\buildRoot\hotspot\src\share\vm\runtime\reflection.cpp, line 1091]
Event: 7.903 Thread 0x000001ed2fd73000 Exception <a 'java/lang/NoSuchMethodError': java.lang.Object.lambda$thenComparing$36697e65$1(Ljava/util/Comparator;Ljava/lang/Object;Ljava/lang/Object;)I> (0x00000000db918800) thrown at [C:\wsjdk\Corretto8Src\installers\windows\zip\corretto-build\buildRoo
Event: 7.959 Thread 0x000001ed2fd73000 Exception <a 'java/lang/IncompatibleClassChangeError': Found class java.lang.Object, but interface was expected> (0x00000000dbb879d0) thrown at [C:\wsjdk\Corretto8Src\installers\windows\zip\corretto-build\buildRoot\hotspot\src\share\vm\interpreter\linkRes
Event: 9.359 Thread 0x000001ed30d1f000 Exception <a 'java/lang/ArrayIndexOutOfBoundsException': 8091> (0x00000000d891cb88) thrown at [C:\wsjdk\Corretto8Src\installers\windows\zip\corretto-build\buildRoot\hotspot\src\share\vm\interpreter\interpreterRuntime.cpp, line 372]

Events (10 events):
Event: 10.044 Executing VM operation: GetOrSetLocal done
Event: 10.044 Executing VM operation: GetOrSetLocal
Event: 10.044 Executing VM operation: GetOrSetLocal done
Event: 10.046 Thread 0x000001ed2f6dd800 flushing nmethod 0x000001ed18ed5210
Event: 10.046 Thread 0x000001ed2f6dd800 flushing nmethod 0x000001ed18ed5790
Event: 10.046 Thread 0x000001ed2f6dd800 flushing nmethod 0x000001ed18f00b50
Event: 10.046 Thread 0x000001ed2f6dd800 flushing nmethod 0x000001ed18f02290
Event: 10.046 Thread 0x000001ed2f6dd800 flushing nmethod 0x000001ed18f09810
Event: 10.046 Thread 0x000001ed2f6dd800 flushing nmethod 0x000001ed18f0fb10
Event: 10.046 Thread 0x000001ed2f6dd800 flushing nmethod 0x000001ed18f10590


Dynamic libraries:
0x00007ff7e1010000 - 0x00007ff7e1056000 	C:\Users\abhis\.jdks\corretto-1.8.0_452\bin\java.exe
0x000001ed170c0000 - 0x000001ed172d7000 	C:\WINDOWS\SYSTEM32\ntd1l.dll
0x000001ed172e0000 - 0x000001ed173a4000 	C:\WINDOWS\System32\kern3l32.dll
0x00007ff8d99d0000 - 0x00007ff8d9be7000 	C:\WINDOWS\SYSTEM32\ntdll.dll
0x00007ff8d87f0000 - 0x00007ff8d88b4000 	C:\WINDOWS\System32\KERNEL32.DLL
0x00007ff8d6fa0000 - 0x00007ff8d7372000 	C:\WINDOWS\System32\KERNELBASE.dll
0x00007ff8d65c0000 - 0x00007ff8d69d6000 	C:\Program Files\SentinelOne\Sentinel Agent 24.1.5.277\InProcessClient64.dll
0x00007ff8d85e0000 - 0x00007ff8d8691000 	C:\WINDOWS\System32\ADVAPI32.dll
0x00007ff8d9380000 - 0x00007ff8d9427000 	C:\WINDOWS\System32\msvcrt.dll
0x00007ff8d86a0000 - 0x00007ff8d8748000 	C:\WINDOWS\System32\sechost.dll
0x00007ff8d6c80000 - 0x00007ff8d6ca8000 	C:\WINDOWS\System32\bcrypt.dll
0x00007ff8d9450000 - 0x00007ff8d9564000 	C:\WINDOWS\System32\RPCRT4.dll
0x00007ff8d91c0000 - 0x00007ff8d9371000 	C:\WINDOWS\System32\USER32.dll
0x00007ff8d7630000 - 0x00007ff8d7656000 	C:\WINDOWS\System32\win32u.dll
0x00007ff8d9750000 - 0x00007ff8d9779000 	C:\WINDOWS\System32\GDI32.dll
0x00007ff8d6e70000 - 0x00007ff8d6f93000 	C:\WINDOWS\System32\gdi32full.dll
0x00007ff8d6dd0000 - 0x00007ff8d6e6a000 	C:\WINDOWS\System32\msvcp_win.dll
0x00007ff8d6cb0000 - 0x00007ff8d6dc1000 	C:\WINDOWS\System32\ucrtbase.dll
0x00007ff8c35e0000 - 0x00007ff8c387b000 	C:\WINDOWS\WinSxS\amd64_microsoft.windows.common-controls_6595b64144ccf1df_6.0.22621.5413_none_270da5617387a498\COMCTL32.dll
0x00007ff8d6560000 - 0x00007ff8d656a000 	C:\WINDOWS\SYSTEM32\VERSION.dll
0x00007ff8d6550000 - 0x00007ff8d655b000 	C:\WINDOWS\SYSTEM32\FLTLIB.DLL
0x00007ff8d9950000 - 0x00007ff8d9981000 	C:\WINDOWS\System32\IMM32.DLL
0x00007ff8c54e0000 - 0x00007ff8c54f5000 	C:\Users\abhis\.jdks\corretto-1.8.0_452\jre\bin\vcruntime140.dll
0x00007ff8c5440000 - 0x00007ff8c54db000 	C:\Users\abhis\.jdks\corretto-1.8.0_452\jre\bin\msvcp140.dll
0x000000006d180000 - 0x000000006d9dd000 	C:\Users\abhis\.jdks\corretto-1.8.0_452\jre\bin\server\jvm.dll
0x00007ff8d91b0000 - 0x00007ff8d91b8000 	C:\WINDOWS\System32\PSAPI.DLL
0x00007ff8c2b20000 - 0x00007ff8c2b29000 	C:\WINDOWS\SYSTEM32\WSOCK32.dll
0x00007ff8d8560000 - 0x00007ff8d85d1000 	C:\WINDOWS\System32\WS2_32.dll
0x00007ff8c2600000 - 0x00007ff8c2634000 	C:\WINDOWS\SYSTEM32\WINMM.dll
0x00007ff8d56b0000 - 0x00007ff8d56c8000 	C:\WINDOWS\SYSTEM32\kernel.appcore.dll
0x00007ff8c4db0000 - 0x00007ff8c4dc0000 	C:\Users\abhis\.jdks\corretto-1.8.0_452\jre\bin\verify.dll
0x00007ff8c4d00000 - 0x00007ff8c4d2b000 	C:\Users\abhis\.jdks\corretto-1.8.0_452\jre\bin\java.dll
0x00007ff8c4cc0000 - 0x00007ff8c4cf2000 	C:\Users\abhis\.jdks\corretto-1.8.0_452\jre\bin\instrument.dll
0x00007ff8b18a0000 - 0x00007ff8b194d000 	C:\Program Files\SentinelOne\Sentinel Agent 24.1.5.277\SentinelJava64.dll
0x00007ff8d7660000 - 0x00007ff8d76c9000 	C:\WINDOWS\System32\SHLWAPI.dll
0x000001ed18c00000 - 0x000001ed18da0000 	C:\WINDOWS\System32\ole32.dll
0x00007ff8d81c0000 - 0x00007ff8d8553000 	C:\WINDOWS\System32\combase.dll
0x00007ff8c4d90000 - 0x00007ff8c4da8000 	C:\Users\abhis\.jdks\corretto-1.8.0_452\jre\bin\zip.dll
0x00007ff8d7910000 - 0x00007ff8d81b2000 	C:\WINDOWS\System32\SHELL32.dll
0x00007ff8d6ac0000 - 0x00007ff8d6bff000 	C:\WINDOWS\System32\wintypes.dll
0x00007ff8d45b0000 - 0x00007ff8d4ecd000 	C:\WINDOWS\SYSTEM32\windows.storage.dll
0x00007ff8d8a60000 - 0x00007ff8d8b6b000 	C:\WINDOWS\System32\SHCORE.dll
0x00007ff8d69f0000 - 0x00007ff8d6a1b000 	C:\WINDOWS\SYSTEM32\profapi.dll
0x00007ff8bbd40000 - 0x00007ff8bbd5c000 	C:\Users\abhis\.jdks\corretto-1.8.0_452\jre\bin\net.dll
0x00007ff8d5b30000 - 0x00007ff8d5b99000 	C:\WINDOWS\system32\mswsock.dll
0x00007ff8d51a0000 - 0x00007ff8d5298000 	C:\WINDOWS\SYSTEM32\DNSAPI.dll
0x00007ff8d5130000 - 0x00007ff8d515d000 	C:\WINDOWS\SYSTEM32\IPHLPAPI.DLL
0x00007ff8d7830000 - 0x00007ff8d7839000 	C:\WINDOWS\System32\NSI.dll
0x00007ff8c4d80000 - 0x00007ff8c4d8a000 	C:\Windows\System32\rasadhlp.dll
0x00007ff8c8d40000 - 0x00007ff8c8dc4000 	C:\WINDOWS\System32\fwpuclnt.dll
0x00007ff8d6c00000 - 0x00007ff8d6c7b000 	C:\WINDOWS\System32\bcryptPrimitives.dll
0x00007ff8c2580000 - 0x00007ff8c258d000 	C:\Users\abhis\.jdks\corretto-1.8.0_452\jre\bin\management.dll
0x00007ff8bbd20000 - 0x00007ff8bbd33000 	C:\Users\abhis\.jdks\corretto-1.8.0_452\jre\bin\nio.dll
0x00007ff8d5d80000 - 0x00007ff8d5d9b000 	C:\WINDOWS\SYSTEM32\CRYPTSP.dll
0x00007ff8d5610000 - 0x00007ff8d5647000 	C:\WINDOWS\system32\rsaenh.dll
0x00007ff8d5c20000 - 0x00007ff8d5c48000 	C:\WINDOWS\SYSTEM32\USERENV.dll
0x00007ff8d5da0000 - 0x00007ff8d5dac000 	C:\WINDOWS\SYSTEM32\CRYPTBASE.dll
0x00007ff8cc840000 - 0x00007ff8cc859000 	C:\WINDOWS\SYSTEM32\dhcpcsvc6.DLL
0x00007ff8cc570000 - 0x00007ff8cc58f000 	C:\WINDOWS\SYSTEM32\dhcpcsvc.DLL
0x00007ff8b8670000 - 0x00007ff8b8687000 	C:\WINDOWS\system32\napinsp.dll
0x00007ff8b8690000 - 0x00007ff8b86ab000 	C:\WINDOWS\system32\pnrpnsp.dll
0x00007ff8b8650000 - 0x00007ff8b8661000 	C:\WINDOWS\System32\winrnr.dll
0x00007ff8b8610000 - 0x00007ff8b862f000 	C:\WINDOWS\system32\wshbth.dll
0x00007ff8b84e0000 - 0x00007ff8b8501000 	C:\WINDOWS\system32\nlansp_c.dll
0x00007ff8a9780000 - 0x00007ff8a97d0000 	C:\WINDOWS\SYSTEM32\pdh.dll
0x00007ff8abd70000 - 0x00007ff8abd81000 	C:\WINDOWS\System32\perfproc.dll
0x00007ff8b8420000 - 0x00007ff8b8430000 	C:\WINDOWS\System32\perfos.dll
0x00007ff8d1760000 - 0x00007ff8d1770000 	C:\WINDOWS\SYSTEM32\pfclient.dll
0x00007ff8b1960000 - 0x00007ff8b1984000 	C:\Users\abhis\.jdks\corretto-1.8.0_452\jre\bin\sunec.dll
0x00007ff8b84a0000 - 0x00007ff8b84ae000 	C:\Users\abhis\.jdks\corretto-1.8.0_452\jre\bin\sunmscapi.dll
0x00007ff8d74c0000 - 0x00007ff8d7627000 	C:\WINDOWS\System32\CRYPT32.dll
0x00007ff8d5fb0000 - 0x00007ff8d5fdd000 	C:\WINDOWS\SYSTEM32\ncrypt.dll
0x00007ff8d5f70000 - 0x00007ff8d5fa7000 	C:\WINDOWS\SYSTEM32\NTASN1.dll
0x00007ff8d4290000 - 0x00007ff8d44c2000 	C:\WINDOWS\SYSTEM32\dbghelp.dll
0x00007ff8d9570000 - 0x00007ff8d9647000 	C:\WINDOWS\System32\OLEAUT32.dll

VM Arguments:
jvm_args: -XX:TieredStopAtLevel=1 -Xverify:none -Dspring.output.ansi.enabled=always -Dcom.sun.management.jmxremote -Dspring.jmx.enabled=true -Dspring.liveBeansView.mbeanDomain -Dspring.application.admin.enabled=true -Dmanagement.endpoints.jmx.exposure.include=* -javaagent:C:\Program Files\JetBrains\IntelliJ IDEA 2025.1.1.1\lib\idea_rt.jar=51182 -Dfile.encoding=UTF-8 -agentpath:C:\Program Files\SentinelOne\Sentinel Agent 24.1.5.277\SentinelJava64.dll=extendedCapabilities 
java_command: com.example.project1.Project1Application
java_class_path (initial): C:\Users\abhis\.jdks\corretto-1.8.0_452\jre\lib\charsets.jar;C:\Users\abhis\.jdks\corretto-1.8.0_452\jre\lib\ext\access-bridge-64.jar;C:\Users\abhis\.jdks\corretto-1.8.0_452\jre\lib\ext\cldrdata.jar;C:\Users\abhis\.jdks\corretto-1.8.0_452\jre\lib\ext\dnsns.jar;C:\Users\abhis\.jdks\corretto-1.8.0_452\jre\lib\ext\jaccess.jar;C:\Users\abhis\.jdks\corretto-1.8.0_452\jre\lib\ext\jfxrt.jar;C:\Users\abhis\.jdks\corretto-1.8.0_452\jre\lib\ext\localedata.jar;C:\Users\abhis\.jdks\corretto-1.8.0_452\jre\lib\ext\nashorn.jar;C:\Users\abhis\.jdks\corretto-1.8.0_452\jre\lib\ext\sunec.jar;C:\Users\abhis\.jdks\corretto-1.8.0_452\jre\lib\ext\sunjce_provider.jar;C:\Users\abhis\.jdks\corretto-1.8.0_452\jre\lib\ext\sunmscapi.jar;C:\Users\abhis\.jdks\corretto-1.8.0_452\jre\lib\ext\sunpkcs11.jar;C:\Users\abhis\.jdks\corretto-1.8.0_452\jre\lib\ext\zipfs.jar;C:\Users\abhis\.jdks\corretto-1.8.0_452\jre\lib\jce.jar;C:\Users\abhis\.jdks\corretto-1.8.0_452\jre\lib\jfr.jar;C:\Users\abhis\.jdks\corretto-1.8.0_452\jre\lib\jfxswt.jar;C:\Users\abhis\.jdks\corretto-1.8.0_452\jre\lib\jsse.jar;C:\Users\abhis\.jdks\corretto-1.8.0_452\jre\lib\management-agent.jar;C:\Users\abhis\.jdks\corretto-1.8.0_452\jre\lib\resources.jar;C:\Users\abhis\.jdks\corretto-1.8.0_452\jre\lib\rt.jar;C:\Users\abhis\Desktop\Java\PersonalProject\Project1\target\classes;C:\Users\abhis\.m2\repository\org\springframework\boot\spring-boot-starter\2.7.14\spring-boot-starter-2.7.14.jar;C:\Users\abhis\.m2\repository\org\springframework\boot\spring-boot\2.7.14\spring-boot-2.7.14.jar;C:\Users\abhis\.m2\repository\org\springframework\spring-context\5.3.29\spring-context-5.3.29.jar;C:\Users\abhis\.m2\repository\org\springframework\boot\spring-boot-autoconfigure\2.7.14\spring-boot-autoconfigure-2.7.14.jar;C:\Users\abhis\.m2\repository\org\springframework\boot\spring-boot-starter-logging\2.7.14\spring-boot-starter-logging-2.7.14.jar;C:\Users\abhis\.m2\repository\ch\qos\logback\logback-classic\1.2.12\logback-class
Launcher Type: SUN_STANDARD

Environment Variables:
PATH=C:\Program Files (x86)\Common Files\Oracle\Java\java8path;C:\Program Files (x86)\Common Files\Oracle\Java\javapath;C:\WINDOWS\system32;C:\WINDOWS;C:\WINDOWS\System32\Wbem;C:\WINDOWS\System32\WindowsPowerShell\v1.0\;C:\WINDOWS\System32\OpenSSH\;C:\Program Files\Java\jdk-13\bin;C:\Program Files\Git\cmd;C:\xampp\php;C:\Program Files (x86)\Intel\Intel(R) Management Engine Components\DAL;C:\Program Files\Intel\Intel(R) Management Engine Components\DAL;C:\Users\abhis\AppData\Roaming\Microsoft\Windows\Start Menu\Programs\Python 3.8;C:\Program Files\dotnet\;C:\Users\abhis\AppData\Local\Programs\Python\Python312\scripts;C:\Users\abhis\AppData\Roaming\nvm;C:\Program Files\nodejs;C:\Program Files\MySQL\MySQL Shell 8.0\bin\;C:\Users\abhis\AppData\Local\Programs\Python\Python312\Scripts\;C:\Users\abhis\AppData\Local\Programs\Python\Python312\;C:\Users\abhis\AppData\Local\Programs\Python\Launcher\;C:\Users\abhis\AppData\Local\Programs\Python\Python38\Scripts\;C:\Users\abhis\AppData\Local\Programs\Python\Python38\;C:\Users\abhis\AppData\Local\Microsoft\WindowsApps;C:\Users\abhis\AppData\Local\atom\bin;C:\xampp\php;C:\Users\abhis\AppData\Local\Microsoft\WindowsApps;C:\Users\abhis\AppData\Roaming\npm;C:\Users\abhis\AppData\Local\Programs\Microsoft VS Code\bin;C:\Users\abhis\AppData\Roaming\nvm;C:\Program Files\nodejs;
USERNAME=abhis
OS=Windows_NT
PROCESSOR_IDENTIFIER=Intel64 Family 6 Model 142 Stepping 10, GenuineIntel



---------------  S Y S T E M  ---------------

OS: Windows 11 , 64 bit Build 22621 (10.0.22621.5413)

CPU:total 8 (initial active 8) (4 cores per cpu, 2 threads per core) family 6 model 142 stepping 10, cmov, cx8, fxsr, mmx, sse, sse2, sse3, ssse3, sse4.1, sse4.2, popcnt, avx, avx2, aes, clmul, erms, 3dnowpref, lzcnt, ht, tsc, tscinvbit, bmi1, bmi2, adx

Memory: 4k page, physical 8217844k(603376k free), swap 19530664k(3235216k free)

vm_info: OpenJDK 64-Bit Server VM (25.452-b09) for windows-amd64 JRE (1.8.0_452-b09), built on Apr 12 2025 14:09:21 by "Administrator" with MS VC++ 15.9 (VS2017)

time: Fri May 30 22:23:57 2025
timezone: Pacific Daylight Time
elapsed time: 10.223387 seconds (0d 0h 0m 10s)

