#
# A fatal error has been detected by the Java Runtime Environment:
#
#  EXCEPTION_ACCESS_VIOLATION (0xc0000005) at pc=0x000000006d22710a, pid=8048, tid=0x0000000000000ec8
#
# JRE version: OpenJDK Runtime Environment (8.0_452-b09) (build 1.8.0_452-b09)
# Java VM: OpenJDK 64-Bit Server VM (25.452-b09 mixed mode windows-amd64 compressed oops)
# Problematic frame:
# V  [jvm.dll+0xa710a]
#
# Failed to write core dump. Minidumps are not enabled by default on client versions of Windows
#
# If you would like to submit a bug report, please visit:
#   https://github.com/corretto/corretto-8/issues/
#

---------------  T H R E A D  ---------------

Current thread (0x00000238fc0cd000):  JavaThread "http-nio-8080-exec-1" daemon [_thread_in_vm, id=3784, stack(0x000000c017a00000,0x000000c017b00000)]

siginfo: ExceptionCode=0xc0000005, reading address 0x0000000000000018

Registers:
RAX=0x0000000000000820, RBX=0x000000010037baf0, RCX=0x0000000000000018, RDX=0x000000c017afbc90
RSP=0x000000c017afba90, RBP=0x000000c017afbb90, RSI=0x00000238fc0cd000, RDI=0x0000000000000000
R8 =0x000000010037baf0, R9 =0x00000238fc8e5260, R10=0x00000238fc9e9510, R11=0x000000c017afbaa0
R12=0x000000c017afbc90, R13=0x000000c017afbd40, R14=0x0000000000000001, R15=0x00000238fc0cd000
RIP=0x000000006d22710a, EFLAGS=0x0000000000010246

Top of Stack: (sp=0x000000c017afba90)
0x000000c017afba90:   00000238fc51e7e8 000000006d18db47
0x000000c017afbaa0:   00000238fb5bb6f0 000000c017afbc90
0x000000c017afbab0:   000000c017afbd40 00000238f8834440
0x000000c017afbac0:   000000010037baf0 000000006d225334
0x000000c017afbad0:   00000238fc0cd000 000000c017afbdd0
0x000000c017afbae0:   0000000000000000 00000238fc0cd000
0x000000c017afbaf0:   00000001004ca330 000000006d743fc0
0x000000c017afbb00:   00000238fc0cd000 000000006d22886b
0x000000c017afbb10:   000000c017afbe30 00000238fd849010
0x000000c017afbb20:   00000238fc0cd000 00000238fc0cd000
0x000000c017afbb30:   00000001004cfab8 000000006d2237aa
0x000000c017afbb40:   00000001004ca330 000000006d18db47
0x000000c017afbb50:   00000238fe09b7d0 00000238fc0cd000
0x000000c017afbb60:   00000001004cfab8 00000238fc0cd001
0x000000c017afbb70:   000000c017afbbc0 000000006d38ede7
0x000000c017afbb80:   00000238fe09b7d0 00000001004ca330 

Instructions: (pc=0x000000006d22710a)
0x000000006d2270ea:   b2 a9 00 00 4c 89 77 10 4c 89 7f 18 4c 89 6f 20
0x000000006d2270fa:   e9 34 07 00 00 41 8b 48 0c 48 8b bd e0 00 00 00
0x000000006d22710a:   48 39 1c 39 0f 84 bf 00 00 00 83 f9 18 75 13 48
0x000000006d22711a:   8b d3 48 8b cf e8 bc 31 06 00 84 c0 0f 85 a7 00 


Register to memory mapping:

RAX=0x0000000000000820 is an unknown value
RBX=0x000000010037baf0 is pointing into metadata
RCX=0x0000000000000018 is an unknown value
RDX=0x000000c017afbc90 is pointing into the stack for thread: 0x00000238fc0cd000
RSP=0x000000c017afba90 is pointing into the stack for thread: 0x00000238fc0cd000
RBP=0x000000c017afbb90 is pointing into the stack for thread: 0x00000238fc0cd000
RSI=0x00000238fc0cd000 is a thread
RDI=0x0000000000000000 is an unknown value
R8 =0x000000010037baf0 is pointing into metadata
R9 =0x00000238fc8e5260 is an unknown value
R10=0x00000238fc9e9510 is an unknown value
R11=0x000000c017afbaa0 is pointing into the stack for thread: 0x00000238fc0cd000
R12=0x000000c017afbc90 is pointing into the stack for thread: 0x00000238fc0cd000
R13=0x000000c017afbd40 is pointing into the stack for thread: 0x00000238fc0cd000
R14=0x0000000000000001 is an unknown value
R15=0x00000238fc0cd000 is a thread


Stack: [0x000000c017a00000,0x000000c017b00000],  sp=0x000000c017afba90,  free space=1006k
Native frames: (J=compiled Java code, j=interpreted, Vv=VM code, C=native code)
V  [jvm.dll+0xa710a]
V  [jvm.dll+0xa4ea8]
V  [jvm.dll+0xa58b4]
V  [jvm.dll+0xa02df]
C  0x00000238800280c6

Java frames: (J=compiled Java code, j=interpreted, Vv=VM code)
j  org.apache.catalina.connector.Request.authenticate(Ljavax/servlet/http/HttpServletResponse;)Z+1
j  org.apache.catalina.connector.RequestFacade.authenticate(Ljavax/servlet/http/HttpServletResponse;)Z+9
j  javax.servlet.http.HttpServletRequestWrapper.authenticate(Ljavax/servlet/http/HttpServletResponse;)Z+5
v  ~StubRoutines::call_stub
j  org.apache.jasper.runtime.HttpJspBase.service(Ljavax/servlet/http/HttpServletRequest;Ljavax/servlet/http/HttpServletResponse;)V+0
j  javax.servlet.http.HttpServlet.service(Ljavax/servlet/ServletRequest;Ljavax/servlet/ServletResponse;)V+36
j  org.apache.jasper.servlet.JspServletWrapper.service(Ljavax/servlet/http/HttpServletRequest;Ljavax/servlet/http/HttpServletResponse;Z)V+411
j  org.apache.jasper.servlet.JspServlet.serviceJspFile(Ljavax/servlet/http/HttpServletRequest;Ljavax/servlet/http/HttpServletResponse;Ljava/lang/String;Z)V+112
j  org.apache.jasper.servlet.JspServlet.service(Ljavax/servlet/http/HttpServletRequest;Ljavax/servlet/http/HttpServletResponse;)V+328
j  javax.servlet.http.HttpServlet.service(Ljavax/servlet/ServletRequest;Ljavax/servlet/ServletResponse;)V+36
j  org.apache.catalina.core.ApplicationFilterChain.internalDoFilter(Ljavax/servlet/ServletRequest;Ljavax/servlet/ServletResponse;)V+304
j  org.apache.catalina.core.ApplicationFilterChain.doFilter(Ljavax/servlet/ServletRequest;Ljavax/servlet/ServletResponse;)V+99
j  org.apache.tomcat.websocket.server.WsFilter.doFilter(Ljavax/servlet/ServletRequest;Ljavax/servlet/ServletResponse;Ljavax/servlet/FilterChain;)V+21
j  org.apache.catalina.core.ApplicationFilterChain.internalDoFilter(Ljavax/servlet/ServletRequest;Ljavax/servlet/ServletResponse;)V+135
j  org.apache.catalina.core.ApplicationFilterChain.doFilter(Ljavax/servlet/ServletRequest;Ljavax/servlet/ServletResponse;)V+99
j  org.springframework.web.filter.OncePerRequestFilter.doFilter(Ljavax/servlet/ServletRequest;Ljavax/servlet/ServletResponse;Ljavax/servlet/FilterChain;)V+122
j  org.apache.catalina.core.ApplicationFilterChain.internalDoFilter(Ljavax/servlet/ServletRequest;Ljavax/servlet/ServletResponse;)V+135
j  org.apache.catalina.core.ApplicationFilterChain.doFilter(Ljavax/servlet/ServletRequest;Ljavax/servlet/ServletResponse;)V+99
j  org.springframework.web.filter.OncePerRequestFilter.doFilter(Ljavax/servlet/ServletRequest;Ljavax/servlet/ServletResponse;Ljavax/servlet/FilterChain;)V+122
j  org.apache.catalina.core.ApplicationFilterChain.internalDoFilter(Ljavax/servlet/ServletRequest;Ljavax/servlet/ServletResponse;)V+135
j  org.apache.catalina.core.ApplicationFilterChain.doFilter(Ljavax/servlet/ServletRequest;Ljavax/servlet/ServletResponse;)V+99
j  org.springframework.web.filter.OncePerRequestFilter.doFilter(Ljavax/servlet/ServletRequest;Ljavax/servlet/ServletResponse;Ljavax/servlet/FilterChain;)V+122
j  org.apache.catalina.core.ApplicationFilterChain.internalDoFilter(Ljavax/servlet/ServletRequest;Ljavax/servlet/ServletResponse;)V+135
j  org.apache.catalina.core.ApplicationFilterChain.doFilter(Ljavax/servlet/ServletRequest;Ljavax/servlet/ServletResponse;)V+99
j  org.springframework.web.filter.OncePerRequestFilter.doFilter(Ljavax/servlet/ServletRequest;Ljavax/servlet/ServletResponse;Ljavax/servlet/FilterChain;)V+122
j  org.apache.catalina.core.ApplicationFilterChain.internalDoFilter(Ljavax/servlet/ServletRequest;Ljavax/servlet/ServletResponse;)V+135
j  org.apache.catalina.core.ApplicationFilterChain.doFilter(Ljavax/servlet/ServletRequest;Ljavax/servlet/ServletResponse;)V+99
j  org.apache.catalina.core.ApplicationDispatcher.invoke(Ljavax/servlet/ServletRequest;Ljavax/servlet/ServletResponse;Lorg/apache/catalina/core/ApplicationDispatcher$State;)V+341
j  org.apache.catalina.core.ApplicationDispatcher.processRequest(Ljavax/servlet/ServletRequest;Ljavax/servlet/ServletResponse;Lorg/apache/catalina/core/ApplicationDispatcher$State;)V+98
j  org.apache.catalina.core.ApplicationDispatcher.doForward(Ljavax/servlet/ServletRequest;Ljavax/servlet/ServletResponse;)V+357
j  org.apache.catalina.core.ApplicationDispatcher.forward(Ljavax/servlet/ServletRequest;Ljavax/servlet/ServletResponse;)V+55
j  org.springframework.web.servlet.view.InternalResourceView.renderMergedOutputModel(Ljava/util/Map;Ljavax/servlet/http/HttpServletRequest;Ljavax/servlet/http/HttpServletResponse;)V+199
j  org.springframework.web.servlet.view.AbstractView.render(Ljava/util/Map;Ljavax/servlet/http/HttpServletRequest;Ljavax/servlet/http/HttpServletResponse;)V+128
j  org.springframework.web.servlet.DispatcherServlet.render(Lorg/springframework/web/servlet/ModelAndView;Ljavax/servlet/http/HttpServletRequest;Ljavax/servlet/http/HttpServletResponse;)V+259
j  org.springframework.web.servlet.DispatcherServlet.processDispatchResult(Ljavax/servlet/http/HttpServletRequest;Ljavax/servlet/http/HttpServletResponse;Lorg/springframework/web/servlet/HandlerExecutionChain;Lorg/springframework/web/servlet/ModelAndView;Ljava/lang/Exception;)V+98
j  org.springframework.web.servlet.DispatcherServlet.doDispatch(Ljavax/servlet/http/HttpServletRequest;Ljavax/servlet/http/HttpServletResponse;)V+360
j  org.springframework.web.servlet.DispatcherServlet.doService(Ljavax/servlet/http/HttpServletRequest;Ljavax/servlet/http/HttpServletResponse;)V+241
j  org.springframework.web.servlet.FrameworkServlet.processRequest(Ljavax/servlet/http/HttpServletRequest;Ljavax/servlet/http/HttpServletResponse;)V+71
j  org.springframework.web.servlet.FrameworkServlet.doGet(Ljavax/servlet/http/HttpServletRequest;Ljavax/servlet/http/HttpServletResponse;)V+3
j  javax.servlet.http.HttpServlet.service(Ljavax/servlet/http/HttpServletRequest;Ljavax/servlet/http/HttpServletResponse;)V+35
j  org.springframework.web.servlet.FrameworkServlet.service(Ljavax/servlet/http/HttpServletRequest;Ljavax/servlet/http/HttpServletResponse;)V+33
j  javax.servlet.http.HttpServlet.service(Ljavax/servlet/ServletRequest;Ljavax/servlet/ServletResponse;)V+36
j  org.apache.catalina.core.ApplicationFilterChain.internalDoFilter(Ljavax/servlet/ServletRequest;Ljavax/servlet/ServletResponse;)V+304
j  org.apache.catalina.core.ApplicationFilterChain.doFilter(Ljavax/servlet/ServletRequest;Ljavax/servlet/ServletResponse;)V+99
j  org.apache.tomcat.websocket.server.WsFilter.doFilter(Ljavax/servlet/ServletRequest;Ljavax/servlet/ServletResponse;Ljavax/servlet/FilterChain;)V+21
j  org.apache.catalina.core.ApplicationFilterChain.internalDoFilter(Ljavax/servlet/ServletRequest;Ljavax/servlet/ServletResponse;)V+135
j  org.apache.catalina.core.ApplicationFilterChain.doFilter(Ljavax/servlet/ServletRequest;Ljavax/servlet/ServletResponse;)V+99
j  com.example.project1.filter.LoginFilter.doFilterInternal(Ljavax/servlet/http/HttpServletRequest;Ljavax/servlet/http/HttpServletResponse;Ljavax/servlet/FilterChain;)V+29
j  org.springframework.web.filter.OncePerRequestFilter.doFilter(Ljavax/servlet/ServletRequest;Ljavax/servlet/ServletResponse;Ljavax/servlet/FilterChain;)V+147
j  org.apache.catalina.core.ApplicationFilterChain.internalDoFilter(Ljavax/servlet/ServletRequest;Ljavax/servlet/ServletResponse;)V+135
j  org.apache.catalina.core.ApplicationFilterChain.doFilter(Ljavax/servlet/ServletRequest;Ljavax/servlet/ServletResponse;)V+99
j  org.springframework.web.filter.RequestContextFilter.doFilterInternal(Ljavax/servlet/http/HttpServletRequest;Ljavax/servlet/http/HttpServletResponse;Ljavax/servlet/FilterChain;)V+21
j  org.springframework.web.filter.OncePerRequestFilter.doFilter(Ljavax/servlet/ServletRequest;Ljavax/servlet/ServletResponse;Ljavax/servlet/FilterChain;)V+147
j  org.apache.catalina.core.ApplicationFilterChain.internalDoFilter(Ljavax/servlet/ServletRequest;Ljavax/servlet/ServletResponse;)V+135
j  org.apache.catalina.core.ApplicationFilterChain.doFilter(Ljavax/servlet/ServletRequest;Ljavax/servlet/ServletResponse;)V+99
j  org.springframework.web.filter.FormContentFilter.doFilterInternal(Ljavax/servlet/http/HttpServletRequest;Ljavax/servlet/http/HttpServletResponse;Ljavax/servlet/FilterChain;)V+38
j  org.springframework.web.filter.OncePerRequestFilter.doFilter(Ljavax/servlet/ServletRequest;Ljavax/servlet/ServletResponse;Ljavax/servlet/FilterChain;)V+147
j  org.apache.catalina.core.ApplicationFilterChain.internalDoFilter(Ljavax/servlet/ServletRequest;Ljavax/servlet/ServletResponse;)V+135
j  org.apache.catalina.core.ApplicationFilterChain.doFilter(Ljavax/servlet/ServletRequest;Ljavax/servlet/ServletResponse;)V+99
j  org.springframework.web.filter.CharacterEncodingFilter.doFilterInternal(Ljavax/servlet/http/HttpServletRequest;Ljavax/servlet/http/HttpServletResponse;Ljavax/servlet/FilterChain;)V+53
j  org.springframework.web.filter.OncePerRequestFilter.doFilter(Ljavax/servlet/ServletRequest;Ljavax/servlet/ServletResponse;Ljavax/servlet/FilterChain;)V+147
j  org.apache.catalina.core.ApplicationFilterChain.internalDoFilter(Ljavax/servlet/ServletRequest;Ljavax/servlet/ServletResponse;)V+135
j  org.apache.catalina.core.ApplicationFilterChain.doFilter(Ljavax/servlet/ServletRequest;Ljavax/servlet/ServletResponse;)V+99
j  org.apache.catalina.core.StandardWrapperValve.invoke(Lorg/apache/catalina/connector/Request;Lorg/apache/catalina/connector/Response;)V+514
j  org.apache.catalina.core.StandardContextValve.invoke(Lorg/apache/catalina/connector/Request;Lorg/apache/catalina/connector/Response;)V+169
j  org.apache.catalina.authenticator.AuthenticatorBase.invoke(Lorg/apache/catalina/connector/Request;Lorg/apache/catalina/connector/Response;)V+260
j  org.apache.catalina.core.StandardHostValve.invoke(Lorg/apache/catalina/connector/Request;Lorg/apache/catalina/connector/Response;)V+128
j  org.apache.catalina.valves.ErrorReportValve.invoke(Lorg/apache/catalina/connector/Request;Lorg/apache/catalina/connector/Response;)V+6
j  org.apache.catalina.core.StandardEngineValve.invoke(Lorg/apache/catalina/connector/Request;Lorg/apache/catalina/connector/Response;)V+59
j  org.apache.catalina.connector.CoyoteAdapter.service(Lorg/apache/coyote/Request;Lorg/apache/coyote/Response;)V+187
j  org.apache.coyote.http11.Http11Processor.service(Lorg/apache/tomcat/util/net/SocketWrapperBase;)Lorg/apache/tomcat/util/net/AbstractEndpoint$Handler$SocketState;+796
j  org.apache.coyote.AbstractProcessorLight.process(Lorg/apache/tomcat/util/net/SocketWrapperBase;Lorg/apache/tomcat/util/net/SocketEvent;)Lorg/apache/tomcat/util/net/AbstractEndpoint$Handler$SocketState;+170
j  org.apache.coyote.AbstractProtocol$ConnectionHandler.process(Lorg/apache/tomcat/util/net/SocketWrapperBase;Lorg/apache/tomcat/util/net/SocketEvent;)Lorg/apache/tomcat/util/net/AbstractEndpoint$Handler$SocketState;+489
j  org.apache.tomcat.util.net.NioEndpoint$SocketProcessor.doRun()V+249
j  org.apache.tomcat.util.net.SocketProcessorBase.run()V+32
j  org.apache.tomcat.util.threads.ThreadPoolExecutor.runWorker(Lorg/apache/tomcat/util/threads/ThreadPoolExecutor$Worker;)V+92
j  org.apache.tomcat.util.threads.ThreadPoolExecutor$Worker.run()V+5
j  org.apache.tomcat.util.threads.TaskThread$WrappingRunnable.run()V+4
j  java.lang.Thread.run()V+11
v  ~StubRoutines::call_stub

---------------  P R O C E S S  ---------------

Java Threads: ( => current thread )
  0x00000238fc994000 JavaThread "RMI TCP Connection(3)-100.64.155.147" daemon [_thread_in_native, id=13496, stack(0x000000c017100000,0x000000c017200000)]
  0x00000238fc98c000 JavaThread "DestroyJavaVM" [_thread_blocked, id=3884, stack(0x000000c015800000,0x000000c015900000)]
  0x00000238fc993000 JavaThread "http-nio-8080-Acceptor" daemon [_thread_in_native, id=2860, stack(0x000000c018500000,0x000000c018600000)]
  0x00000238fc98f000 JavaThread "http-nio-8080-Poller" daemon [_thread_in_native, id=3364, stack(0x000000c018400000,0x000000c018500000)]
  0x00000238fc992800 JavaThread "http-nio-8080-exec-10" daemon [_thread_blocked, id=1784, stack(0x000000c018300000,0x000000c018400000)]
  0x00000238fc991800 JavaThread "http-nio-8080-exec-9" daemon [_thread_blocked, id=17420, stack(0x000000c018200000,0x000000c018300000)]
  0x00000238fc98e800 JavaThread "http-nio-8080-exec-8" daemon [_thread_blocked, id=13296, stack(0x000000c018100000,0x000000c018200000)]
  0x00000238fc990800 JavaThread "http-nio-8080-exec-7" daemon [_thread_blocked, id=18684, stack(0x000000c018000000,0x000000c018100000)]
  0x00000238fc98b000 JavaThread "http-nio-8080-exec-6" daemon [_thread_blocked, id=8484, stack(0x000000c017f00000,0x000000c018000000)]
  0x00000238fc990000 JavaThread "http-nio-8080-exec-5" daemon [_thread_blocked, id=20216, stack(0x000000c017e00000,0x000000c017f00000)]
  0x00000238fc98d800 JavaThread "http-nio-8080-exec-4" daemon [_thread_blocked, id=1696, stack(0x000000c017d00000,0x000000c017e00000)]
  0x00000238fc0ce800 JavaThread "http-nio-8080-exec-3" daemon [_thread_blocked, id=6284, stack(0x000000c017c00000,0x000000c017d00000)]
  0x00000238fc0cd800 JavaThread "http-nio-8080-exec-2" daemon [_thread_blocked, id=14156, stack(0x000000c017b00000,0x000000c017c00000)]
=>0x00000238fc0cd000 JavaThread "http-nio-8080-exec-1" daemon [_thread_in_vm, id=3784, stack(0x000000c017a00000,0x000000c017b00000)]
  0x00000238fc0cf000 JavaThread "Live Reload Server" daemon [_thread_in_native, id=12624, stack(0x000000c017900000,0x000000c017a00000)]
  0x00000238fc0cb800 JavaThread "File Watcher" daemon [_thread_blocked, id=18416, stack(0x000000c017800000,0x000000c017900000)]
  0x00000238fc0d2800 JavaThread "mysql-cj-abandoned-connection-cleanup" daemon [_thread_blocked, id=13332, stack(0x000000c017700000,0x000000c017800000)]
  0x00000238fc0d1800 JavaThread "container-0" [_thread_blocked, id=1224, stack(0x000000c017600000,0x000000c017700000)]
  0x00000238fc0cc000 JavaThread "Catalina-utility-2" [_thread_blocked, id=17824, stack(0x000000c017500000,0x000000c017600000)]
  0x00000238fc0d1000 JavaThread "Catalina-utility-1" [_thread_blocked, id=19300, stack(0x000000c017400000,0x000000c017500000)]
  0x00000238fb2c4000 JavaThread "RMI TCP Connection(2)-100.64.155.147" daemon [_thread_in_native, id=12384, stack(0x000000c017300000,0x000000c017400000)]
  0x00000238fb208800 JavaThread "JMX server connection timeout 16" daemon [_thread_blocked, id=10944, stack(0x000000c017000000,0x000000c017100000)]
  0x00000238fb221800 JavaThread "RMI Scheduler(0)" daemon [_thread_blocked, id=12024, stack(0x000000c016f00000,0x000000c017000000)]
  0x00000238fb1dc000 JavaThread "RMI TCP Connection(1)-100.64.155.147" daemon [_thread_in_native, id=19304, stack(0x000000c016e00000,0x000000c016f00000)]
  0x00000238fafb7000 JavaThread "RMI TCP Accept-0" daemon [_thread_in_native, id=20436, stack(0x000000c016c00000,0x000000c016d00000)]
  0x00000238fad6f800 JavaThread "Service Thread" daemon [_thread_blocked, id=7208, stack(0x000000c016b00000,0x000000c016c00000)]
  0x00000238fad0b800 JavaThread "C1 CompilerThread3" daemon [_thread_blocked, id=20184, stack(0x000000c016a00000,0x000000c016b00000)]
  0x00000238facf0800 JavaThread "C2 CompilerThread2" daemon [_thread_blocked, id=18292, stack(0x000000c016900000,0x000000c016a00000)]
  0x00000238facb3000 JavaThread "C2 CompilerThread1" daemon [_thread_blocked, id=10108, stack(0x000000c016800000,0x000000c016900000)]
  0x00000238faca9800 JavaThread "C2 CompilerThread0" daemon [_thread_blocked, id=2608, stack(0x000000c016700000,0x000000c016800000)]
  0x00000238faca6800 JavaThread "Monitor Ctrl-Break" daemon [_thread_in_native, id=9176, stack(0x000000c016600000,0x000000c016700000)]
  0x00000238f8ccf800 JavaThread "Attach Listener" daemon [_thread_blocked, id=12796, stack(0x000000c016500000,0x000000c016600000)]
  0x00000238f8cce800 JavaThread "Signal Dispatcher" daemon [_thread_blocked, id=15288, stack(0x000000c016400000,0x000000c016500000)]
  0x00000238f892b000 JavaThread "Finalizer" daemon [_thread_blocked, id=11744, stack(0x000000c016300000,0x000000c016400000)]
  0x00000238f8ca7000 JavaThread "Reference Handler" daemon [_thread_blocked, id=14640, stack(0x000000c016200000,0x000000c016300000)]

Other Threads:
  0x00000238f8c81800 VMThread [stack: 0x000000c016100000,0x000000c016200000] [id=20080]
  0x00000238fafba800 WatcherThread [stack: 0x000000c016d00000,0x000000c016e00000] [id=9316]

VM state:not at safepoint (normal execution)

VM Mutex/Monitor currently owned by a thread: None

heap address: 0x0000000082800000, size: 2008 MB, Compressed Oops mode: 32-bit
Narrow klass base: 0x0000000000000000, Narrow klass shift: 3
Compressed class space size: 1073741824 Address: 0x0000000100000000

Heap:
 PSYoungGen      total 185344K, used 75038K [0x00000000d6300000, 0x00000000e3c80000, 0x0000000100000000)
  eden space 174080K, 43% used [0x00000000d6300000,0x00000000dac478b0,0x00000000e0d00000)
  from space 11264K, 0% used [0x00000000e1900000,0x00000000e1900000,0x00000000e2400000)
  to   space 12288K, 0% used [0x00000000e0d00000,0x00000000e0d00000,0x00000000e1900000)
 ParOldGen       total 80384K, used 15218K [0x0000000082800000, 0x0000000087680000, 0x00000000d6300000)
  object space 80384K, 18% used [0x0000000082800000,0x00000000836dc990,0x0000000087680000)
 Metaspace       used 39959K, capacity 42370K, committed 42624K, reserved 1087488K
  class space    used 5037K, capacity 5495K, committed 5504K, reserved 1048576K

Card table byte_map: [0x00000238f36f0000,0x00000238f3ae0000] byte_map_base: 0x00000238f32dc000

Marking Bits: (ParMarkBitMap*) 0x000000006d9648d0
 Begin Bits: [0x00000238f3d80000, 0x00000238f5ce0000)
 End Bits:   [0x00000238f5ce0000, 0x00000238f7c40000)

Polling page: 0x00000238f13e0000

CodeCache: size=245760Kb used=8178Kb max_used=8178Kb free=237581Kb
 bounds [0x0000023880000000, 0x0000023880800000, 0x000002388f000000]
 total_blobs=4337 nmethods=3845 adapters=403
 compilation: enabled

Compilation events (10 events):
Event: 25.801 Thread 0x00000238fad0b800 nmethod 3884 0x00000238807fb250 code [0x00000238807fb3a0, 0x00000238807fb4f8]
Event: 25.801 Thread 0x00000238fad0b800 3885       1       org.apache.jasper.compiler.SmapUtil$SDEInstaller::writeU1 (19 bytes)
Event: 25.801 Thread 0x00000238fad0b800 nmethod 3885 0x00000238807fb5d0 code [0x00000238807fb720, 0x00000238807fb878]
Event: 25.801 Thread 0x00000238fad0b800 3886       1       org.apache.jasper.compiler.SmapUtil$SDEInstaller::readBytes (38 bytes)
Event: 25.801 Thread 0x00000238fad0b800 nmethod 3886 0x00000238807fb950 code [0x00000238807fbac0, 0x00000238807fbcb8]
Event: 25.801 Thread 0x00000238fad0b800 3887       1       org.apache.jasper.compiler.SmapUtil$SDEInstaller::writeBytes (45 bytes)
Event: 25.801 Thread 0x00000238fad0b800 nmethod 3887 0x00000238807fbe10 code [0x00000238807fbf60, 0x00000238807fc0d8]
Event: 25.802 Thread 0x00000238fad0b800 3888       1       org.apache.jasper.compiler.SmapUtil$SDEInstaller::copy (46 bytes)
Event: 25.802 Thread 0x00000238fad0b800 nmethod 3888 0x00000238807fc210 code [0x00000238807fc380, 0x00000238807fc518]
Event: 25.827 Thread 0x00000238fad0b800 3889       1       org.apache.catalina.core.DefaultInstanceManager::findLifecycleCallback (110 bytes)

GC Heap History (10 events):
Event: 4.799 GC heap before
{Heap before GC invocations=6 (full 1):
 PSYoungGen      total 70656K, used 5093K [0x00000000d6300000, 0x00000000df500000, 0x0000000100000000)
  eden space 65536K, 0% used [0x00000000d6300000,0x00000000d6300000,0x00000000da300000)
  from space 5120K, 99% used [0x00000000da300000,0x00000000da7f9728,0x00000000da800000)
  to   space 9216K, 0% used [0x00000000dec00000,0x00000000dec00000,0x00000000df500000)
 ParOldGen       total 86016K, used 8516K [0x0000000082800000, 0x0000000087c00000, 0x00000000d6300000)
  object space 86016K, 9% used [0x0000000082800000,0x0000000083051268,0x0000000087c00000)
 Metaspace       used 20254K, capacity 21220K, committed 21296K, reserved 1067008K
  class space    used 2653K, capacity 2883K, committed 2944K, reserved 1048576K
Event: 4.846 GC heap after
Heap after GC invocations=6 (full 1):
 PSYoungGen      total 70656K, used 0K [0x00000000d6300000, 0x00000000df500000, 0x0000000100000000)
  eden space 65536K, 0% used [0x00000000d6300000,0x00000000d6300000,0x00000000da300000)
  from space 5120K, 0% used [0x00000000da300000,0x00000000da300000,0x00000000da800000)
  to   space 9216K, 0% used [0x00000000dec00000,0x00000000dec00000,0x00000000df500000)
 ParOldGen       total 53760K, used 6888K [0x0000000082800000, 0x0000000085c80000, 0x00000000d6300000)
  object space 53760K, 12% used [0x0000000082800000,0x0000000082eba0d0,0x0000000085c80000)
 Metaspace       used 20254K, capacity 21220K, committed 21296K, reserved 1067008K
  class space    used 2653K, capacity 2883K, committed 2944K, reserved 1048576K
}
Event: 5.830 GC heap before
{Heap before GC invocations=7 (full 1):
 PSYoungGen      total 70656K, used 65536K [0x00000000d6300000, 0x00000000df500000, 0x0000000100000000)
  eden space 65536K, 100% used [0x00000000d6300000,0x00000000da300000,0x00000000da300000)
  from space 5120K, 0% used [0x00000000da300000,0x00000000da300000,0x00000000da800000)
  to   space 9216K, 0% used [0x00000000dec00000,0x00000000dec00000,0x00000000df500000)
 ParOldGen       total 53760K, used 6888K [0x0000000082800000, 0x0000000085c80000, 0x00000000d6300000)
  object space 53760K, 12% used [0x0000000082800000,0x0000000082eba0d0,0x0000000085c80000)
 Metaspace       used 23278K, capacity 24522K, committed 24704K, reserved 1071104K
  class space    used 3135K, capacity 3436K, committed 3456K, reserved 1048576K
Event: 5.837 GC heap after
Heap after GC invocations=7 (full 1):
 PSYoungGen      total 114688K, used 6015K [0x00000000d6300000, 0x00000000df200000, 0x0000000100000000)
  eden space 108544K, 0% used [0x00000000d6300000,0x00000000d6300000,0x00000000dcd00000)
  from space 6144K, 97% used [0x00000000dec00000,0x00000000df1dfef0,0x00000000df200000)
  to   space 9216K, 0% used [0x00000000de000000,0x00000000de000000,0x00000000de900000)
 ParOldGen       total 53760K, used 6896K [0x0000000082800000, 0x0000000085c80000, 0x00000000d6300000)
  object space 53760K, 12% used [0x0000000082800000,0x0000000082ebc0d0,0x0000000085c80000)
 Metaspace       used 23278K, capacity 24522K, committed 24704K, reserved 1071104K
  class space    used 3135K, capacity 3436K, committed 3456K, reserved 1048576K
}
Event: 7.401 GC heap before
{Heap before GC invocations=8 (full 1):
 PSYoungGen      total 114688K, used 114559K [0x00000000d6300000, 0x00000000df200000, 0x0000000100000000)
  eden space 108544K, 100% used [0x00000000d6300000,0x00000000dcd00000,0x00000000dcd00000)
  from space 6144K, 97% used [0x00000000dec00000,0x00000000df1dfef0,0x00000000df200000)
  to   space 9216K, 0% used [0x00000000de000000,0x00000000de000000,0x00000000de900000)
 ParOldGen       total 53760K, used 6896K [0x0000000082800000, 0x0000000085c80000, 0x00000000d6300000)
  object space 53760K, 12% used [0x0000000082800000,0x0000000082ebc0d0,0x0000000085c80000)
 Metaspace       used 30455K, capacity 32414K, committed 32640K, reserved 1077248K
  class space    used 4053K, capacity 4466K, committed 4480K, reserved 1048576K
Event: 7.412 GC heap after
Heap after GC invocations=8 (full 1):
 PSYoungGen      total 137216K, used 9198K [0x00000000d6300000, 0x00000000e2400000, 0x0000000100000000)
  eden space 128000K, 0% used [0x00000000d6300000,0x00000000d6300000,0x00000000de000000)
  from space 9216K, 99% used [0x00000000de000000,0x00000000de8fbb38,0x00000000de900000)
  to   space 11264K, 0% used [0x00000000e1900000,0x00000000e1900000,0x00000000e2400000)
 ParOldGen       total 53760K, used 9256K [0x0000000082800000, 0x0000000085c80000, 0x00000000d6300000)
  object space 53760K, 17% used [0x0000000082800000,0x000000008310a260,0x0000000085c80000)
 Metaspace       used 30455K, capacity 32414K, committed 32640K, reserved 1077248K
  class space    used 4053K, capacity 4466K, committed 4480K, reserved 1048576K
}
Event: 23.831 GC heap before
{Heap before GC invocations=9 (full 1):
 PSYoungGen      total 137216K, used 59094K [0x00000000d6300000, 0x00000000e2400000, 0x0000000100000000)
  eden space 128000K, 38% used [0x00000000d6300000,0x00000000d93b9d38,0x00000000de000000)
  from space 9216K, 99% used [0x00000000de000000,0x00000000de8fbb38,0x00000000de900000)
  to   space 11264K, 0% used [0x00000000e1900000,0x00000000e1900000,0x00000000e2400000)
 ParOldGen       total 53760K, used 9256K [0x0000000082800000, 0x0000000085c80000, 0x00000000d6300000)
  object space 53760K, 17% used [0x0000000082800000,0x000000008310a260,0x0000000085c80000)
 Metaspace       used 33046K, capacity 35350K, committed 35496K, reserved 1079296K
  class space    used 4425K, capacity 4858K, committed 4864K, reserved 1048576K
Event: 23.853 GC heap after
Heap after GC invocations=9 (full 1):
 PSYoungGen      total 185344K, used 10847K [0x00000000d6300000, 0x00000000e3c80000, 0x0000000100000000)
  eden space 174080K, 0% used [0x00000000d6300000,0x00000000d6300000,0x00000000e0d00000)
  from space 11264K, 96% used [0x00000000e1900000,0x00000000e2397d58,0x00000000e2400000)
  to   space 12288K, 0% used [0x00000000e0d00000,0x00000000e0d00000,0x00000000e1900000)
 ParOldGen       total 53760K, used 9264K [0x0000000082800000, 0x0000000085c80000, 0x00000000d6300000)
  object space 53760K, 17% used [0x0000000082800000,0x000000008310c260,0x0000000085c80000)
 Metaspace       used 33046K, capacity 35350K, committed 35496K, reserved 1079296K
  class space    used 4425K, capacity 4858K, committed 4864K, reserved 1048576K
}
Event: 23.853 GC heap before
{Heap before GC invocations=10 (full 2):
 PSYoungGen      total 185344K, used 10847K [0x00000000d6300000, 0x00000000e3c80000, 0x0000000100000000)
  eden space 174080K, 0% used [0x00000000d6300000,0x00000000d6300000,0x00000000e0d00000)
  from space 11264K, 96% used [0x00000000e1900000,0x00000000e2397d58,0x00000000e2400000)
  to   space 12288K, 0% used [0x00000000e0d00000,0x00000000e0d00000,0x00000000e1900000)
 ParOldGen       total 53760K, used 9264K [0x0000000082800000, 0x0000000085c80000, 0x00000000d6300000)
  object space 53760K, 17% used [0x0000000082800000,0x000000008310c260,0x0000000085c80000)
 Metaspace       used 33046K, capacity 35350K, committed 35496K, reserved 1079296K
  class space    used 4425K, capacity 4858K, committed 4864K, reserved 1048576K
Event: 23.981 GC heap after
Heap after GC invocations=10 (full 2):
 PSYoungGen      total 185344K, used 0K [0x00000000d6300000, 0x00000000e3c80000, 0x0000000100000000)
  eden space 174080K, 0% used [0x00000000d6300000,0x00000000d6300000,0x00000000e0d00000)
  from space 11264K, 0% used [0x00000000e1900000,0x00000000e1900000,0x00000000e2400000)
  to   space 12288K, 0% used [0x00000000e0d00000,0x00000000e0d00000,0x00000000e1900000)
 ParOldGen       total 80384K, used 15218K [0x0000000082800000, 0x0000000087680000, 0x00000000d6300000)
  object space 80384K, 18% used [0x0000000082800000,0x00000000836dc990,0x0000000087680000)
 Metaspace       used 33038K, capacity 35338K, committed 35496K, reserved 1079296K
  class space    used 4424K, capacity 4856K, committed 4864K, reserved 1048576K
}

Deoptimization events (0 events):
No events

Classes redefined (0 events):
No events

Internal exceptions (10 events):
Event: 7.364 Thread 0x00000238fb2d8000 Exception <a 'java/lang/ClassNotFoundException': org/springframework/boot/autoconfigure/web/servlet/WebMvcAutoConfiguration$EnableWebMvcConfigurationCustomizer> (0x00000000dc96fa60) thrown at [C:\wsjdk\Corretto8Src\installers\windows\zip\corretto-build\bu
Event: 7.365 Thread 0x00000238fb2d8000 Exception <a 'java/lang/ClassNotFoundException': org/springframework/context/ResourceLoaderAwareCustomizer> (0x00000000dc994d90) thrown at [C:\wsjdk\Corretto8Src\installers\windows\zip\corretto-build\buildRoot\hotspot\src\share\vm\classfile\systemDictiona
Event: 7.365 Thread 0x00000238fb2d8000 Exception <a 'java/lang/ClassNotFoundException': org/springframework/beans/factory/AwareCustomizer> (0x00000000dc9a59d8) thrown at [C:\wsjdk\Corretto8Src\installers\windows\zip\corretto-build\buildRoot\hotspot\src\share\vm\classfile\systemDictionary.cpp, 
Event: 7.365 Thread 0x00000238fb2d8000 Exception <a 'java/lang/ClassNotFoundException': org/springframework/context/ApplicationContextAwareCustomizer> (0x00000000dc9b7c10) thrown at [C:\wsjdk\Corretto8Src\installers\windows\zip\corretto-build\buildRoot\hotspot\src\share\vm\classfile\systemDict
Event: 7.366 Thread 0x00000238fb2d8000 Exception <a 'java/lang/ClassNotFoundException': org/springframework/beans/factory/AwareCustomizer> (0x00000000dc9c8e98) thrown at [C:\wsjdk\Corretto8Src\installers\windows\zip\corretto-build\buildRoot\hotspot\src\share\vm\classfile\systemDictionary.cpp, 
Event: 7.366 Thread 0x00000238fb2d8000 Exception <a 'java/lang/ClassNotFoundException': org/springframework/web/context/ServletContextAwareCustomizer> (0x00000000dc9db090) thrown at [C:\wsjdk\Corretto8Src\installers\windows\zip\corretto-build\buildRoot\hotspot\src\share\vm\classfile\systemDict
Event: 7.367 Thread 0x00000238fb2d8000 Exception <a 'java/lang/ClassNotFoundException': org/springframework/beans/factory/AwareCustomizer> (0x00000000dc9ebd50) thrown at [C:\wsjdk\Corretto8Src\installers\windows\zip\corretto-build\buildRoot\hotspot\src\share\vm\classfile\systemDictionary.cpp, 
Event: 7.630 Thread 0x00000238fb2d8000 Exception <a 'java/lang/NoSuchMethodError': java.lang.Object.lambda$thenComparing$36697e65$1(Ljava/util/Comparator;Ljava/lang/Object;Ljava/lang/Object;)I> (0x00000000d77d29e0) thrown at [C:\wsjdk\Corretto8Src\installers\windows\zip\corretto-build\buildRoo
Event: 7.659 Thread 0x00000238fb2d8000 Exception <a 'java/lang/IncompatibleClassChangeError': Found class java.lang.Object, but interface was expected> (0x00000000d7aaa068) thrown at [C:\wsjdk\Corretto8Src\installers\windows\zip\corretto-build\buildRoot\hotspot\src\share\vm\interpreter\linkRes
Event: 25.060 Thread 0x00000238fc0cd000 Exception <a 'java/lang/ArrayIndexOutOfBoundsException': 8273> (0x00000000d91282a8) thrown at [C:\wsjdk\Corretto8Src\installers\windows\zip\corretto-build\buildRoot\hotspot\src\share\vm\interpreter\interpreterRuntime.cpp, line 372]

Events (10 events):
Event: 25.821 Executing VM operation: ChangeBreakpoints
Event: 25.823 Executing VM operation: ChangeBreakpoints done
Event: 25.823 Executing VM operation: ChangeBreakpoints
Event: 25.824 Executing VM operation: ChangeBreakpoints done
Event: 25.826 Executing VM operation: RevokeBias
Event: 25.826 Executing VM operation: RevokeBias done
Event: 25.827 Executing VM operation: GetOrSetLocal
Event: 25.827 Executing VM operation: GetOrSetLocal done
Event: 25.827 Executing VM operation: GetOrSetLocal
Event: 25.827 Executing VM operation: GetOrSetLocal done


Dynamic libraries:
0x00007ff7adfc0000 - 0x00007ff7ae006000 	C:\Users\abhis\.jdks\corretto-1.8.0_452\bin\java.exe
0x00000238f17d0000 - 0x00000238f19e7000 	C:\WINDOWS\SYSTEM32\ntd1l.dll
0x00000238f12a0000 - 0x00000238f1364000 	C:\WINDOWS\System32\kern3l32.dll
0x00007ff8d99d0000 - 0x00007ff8d9be7000 	C:\WINDOWS\SYSTEM32\ntdll.dll
0x00007ff8d87f0000 - 0x00007ff8d88b4000 	C:\WINDOWS\System32\KERNEL32.DLL
0x00007ff8d6fa0000 - 0x00007ff8d7372000 	C:\WINDOWS\System32\KERNELBASE.dll
0x00007ff8d65c0000 - 0x00007ff8d69d6000 	C:\Program Files\SentinelOne\Sentinel Agent 24.1.5.277\InProcessClient64.dll
0x00007ff8d85e0000 - 0x00007ff8d8691000 	C:\WINDOWS\System32\ADVAPI32.dll
0x00007ff8d9380000 - 0x00007ff8d9427000 	C:\WINDOWS\System32\msvcrt.dll
0x00007ff8d86a0000 - 0x00007ff8d8748000 	C:\WINDOWS\System32\sechost.dll
0x00007ff8d6c80000 - 0x00007ff8d6ca8000 	C:\WINDOWS\System32\bcrypt.dll
0x00007ff8d9450000 - 0x00007ff8d9564000 	C:\WINDOWS\System32\RPCRT4.dll
0x00007ff8d91c0000 - 0x00007ff8d9371000 	C:\WINDOWS\System32\USER32.dll
0x00007ff8d7630000 - 0x00007ff8d7656000 	C:\WINDOWS\System32\win32u.dll
0x00007ff8d9750000 - 0x00007ff8d9779000 	C:\WINDOWS\System32\GDI32.dll
0x00007ff8d6e70000 - 0x00007ff8d6f93000 	C:\WINDOWS\System32\gdi32full.dll
0x00007ff8d6dd0000 - 0x00007ff8d6e6a000 	C:\WINDOWS\System32\msvcp_win.dll
0x00007ff8d6cb0000 - 0x00007ff8d6dc1000 	C:\WINDOWS\System32\ucrtbase.dll
0x00007ff8c35e0000 - 0x00007ff8c387b000 	C:\WINDOWS\WinSxS\amd64_microsoft.windows.common-controls_6595b64144ccf1df_6.0.22621.5413_none_270da5617387a498\COMCTL32.dll
0x00007ff8d6560000 - 0x00007ff8d656a000 	C:\WINDOWS\SYSTEM32\VERSION.dll
0x00007ff8d6550000 - 0x00007ff8d655b000 	C:\WINDOWS\SYSTEM32\FLTLIB.DLL
0x00007ff8d9950000 - 0x00007ff8d9981000 	C:\WINDOWS\System32\IMM32.DLL
0x00007ff8b8750000 - 0x00007ff8b8765000 	C:\Users\abhis\.jdks\corretto-1.8.0_452\jre\bin\vcruntime140.dll
0x00007ff826ac0000 - 0x00007ff826b5b000 	C:\Users\abhis\.jdks\corretto-1.8.0_452\jre\bin\msvcp140.dll
0x000000006d180000 - 0x000000006d9dd000 	C:\Users\abhis\.jdks\corretto-1.8.0_452\jre\bin\server\jvm.dll
0x00007ff8d91b0000 - 0x00007ff8d91b8000 	C:\WINDOWS\System32\PSAPI.DLL
0x00007ff8c2b20000 - 0x00007ff8c2b29000 	C:\WINDOWS\SYSTEM32\WSOCK32.dll
0x00007ff8d8560000 - 0x00007ff8d85d1000 	C:\WINDOWS\System32\WS2_32.dll
0x00007ff8c2600000 - 0x00007ff8c2634000 	C:\WINDOWS\SYSTEM32\WINMM.dll
0x00007ff8d56b0000 - 0x00007ff8d56c8000 	C:\WINDOWS\SYSTEM32\kernel.appcore.dll
0x00007ff8c2580000 - 0x00007ff8c2590000 	C:\Users\abhis\.jdks\corretto-1.8.0_452\jre\bin\verify.dll
0x00007ff8b11a0000 - 0x00007ff8b11cb000 	C:\Users\abhis\.jdks\corretto-1.8.0_452\jre\bin\java.dll
0x00007ff8acf40000 - 0x00007ff8acf72000 	C:\Users\abhis\.jdks\corretto-1.8.0_452\jre\bin\instrument.dll
0x00007ff8c54f0000 - 0x00007ff8c559d000 	C:\Program Files\SentinelOne\Sentinel Agent 24.1.5.277\SentinelJava64.dll
0x00007ff8d7660000 - 0x00007ff8d76c9000 	C:\WINDOWS\System32\SHLWAPI.dll
0x00000238f3190000 - 0x00000238f3330000 	C:\WINDOWS\System32\ole32.dll
0x00007ff8d81c0000 - 0x00007ff8d8553000 	C:\WINDOWS\System32\combase.dll
0x00007ff8b1850000 - 0x00007ff8b1868000 	C:\Users\abhis\.jdks\corretto-1.8.0_452\jre\bin\zip.dll
0x00007ff8d7910000 - 0x00007ff8d81b2000 	C:\WINDOWS\System32\SHELL32.dll
0x00007ff8d6ac0000 - 0x00007ff8d6bff000 	C:\WINDOWS\System32\wintypes.dll
0x00007ff8d45b0000 - 0x00007ff8d4ecd000 	C:\WINDOWS\SYSTEM32\windows.storage.dll
0x00007ff8d8a60000 - 0x00007ff8d8b6b000 	C:\WINDOWS\System32\SHCORE.dll
0x00007ff8d69f0000 - 0x00007ff8d6a1b000 	C:\WINDOWS\SYSTEM32\profapi.dll
0x00007ff8a8be0000 - 0x00007ff8a8bfc000 	C:\Users\abhis\.jdks\corretto-1.8.0_452\jre\bin\net.dll
0x00007ff8d5b30000 - 0x00007ff8d5b99000 	C:\WINDOWS\system32\mswsock.dll
0x00007ff8d51a0000 - 0x00007ff8d5298000 	C:\WINDOWS\SYSTEM32\DNSAPI.dll
0x00007ff8d5130000 - 0x00007ff8d515d000 	C:\WINDOWS\SYSTEM32\IPHLPAPI.DLL
0x00007ff8d7830000 - 0x00007ff8d7839000 	C:\WINDOWS\System32\NSI.dll
0x00007ff8c4d80000 - 0x00007ff8c4d8a000 	C:\Windows\System32\rasadhlp.dll
0x00007ff8c8d40000 - 0x00007ff8c8dc4000 	C:\WINDOWS\System32\fwpuclnt.dll
0x00007ff8d6c00000 - 0x00007ff8d6c7b000 	C:\WINDOWS\System32\bcryptPrimitives.dll
0x00007ff8bbc50000 - 0x00007ff8bbc5d000 	C:\Users\abhis\.jdks\corretto-1.8.0_452\jre\bin\management.dll
0x00007ff899560000 - 0x00007ff899573000 	C:\Users\abhis\.jdks\corretto-1.8.0_452\jre\bin\nio.dll
0x00007ff8d5d80000 - 0x00007ff8d5d9b000 	C:\WINDOWS\SYSTEM32\CRYPTSP.dll
0x00007ff8d5610000 - 0x00007ff8d5647000 	C:\WINDOWS\system32\rsaenh.dll
0x00007ff8d5c20000 - 0x00007ff8d5c48000 	C:\WINDOWS\SYSTEM32\USERENV.dll
0x00007ff8d5da0000 - 0x00007ff8d5dac000 	C:\WINDOWS\SYSTEM32\CRYPTBASE.dll
0x00007ff8cc840000 - 0x00007ff8cc859000 	C:\WINDOWS\SYSTEM32\dhcpcsvc6.DLL
0x00007ff8cc570000 - 0x00007ff8cc58f000 	C:\WINDOWS\SYSTEM32\dhcpcsvc.DLL
0x00007ff8b8670000 - 0x00007ff8b8687000 	C:\WINDOWS\system32\napinsp.dll
0x00007ff8b8690000 - 0x00007ff8b86ab000 	C:\WINDOWS\system32\pnrpnsp.dll
0x00007ff8b8650000 - 0x00007ff8b8661000 	C:\WINDOWS\System32\winrnr.dll
0x00007ff8b8610000 - 0x00007ff8b862f000 	C:\WINDOWS\system32\wshbth.dll
0x00007ff8b84e0000 - 0x00007ff8b8501000 	C:\WINDOWS\system32\nlansp_c.dll
0x00007ff8a9780000 - 0x00007ff8a97d0000 	C:\WINDOWS\SYSTEM32\pdh.dll
0x00007ff8abd70000 - 0x00007ff8abd81000 	C:\WINDOWS\System32\perfproc.dll
0x00007ff8b8420000 - 0x00007ff8b8430000 	C:\WINDOWS\System32\perfos.dll
0x00007ff8d1760000 - 0x00007ff8d1770000 	C:\WINDOWS\SYSTEM32\pfclient.dll
0x00007ff88f660000 - 0x00007ff88f684000 	C:\Users\abhis\.jdks\corretto-1.8.0_452\jre\bin\sunec.dll
0x00007ff8b1700000 - 0x00007ff8b170e000 	C:\Users\abhis\.jdks\corretto-1.8.0_452\jre\bin\sunmscapi.dll
0x00007ff8d74c0000 - 0x00007ff8d7627000 	C:\WINDOWS\System32\CRYPT32.dll
0x00007ff8d5fb0000 - 0x00007ff8d5fdd000 	C:\WINDOWS\SYSTEM32\ncrypt.dll
0x00007ff8d5f70000 - 0x00007ff8d5fa7000 	C:\WINDOWS\SYSTEM32\NTASN1.dll
0x00007ff8d4290000 - 0x00007ff8d44c2000 	C:\WINDOWS\SYSTEM32\dbghelp.dll
0x00007ff8d9570000 - 0x00007ff8d9647000 	C:\WINDOWS\System32\OLEAUT32.dll

VM Arguments:
jvm_args: -XX:TieredStopAtLevel=1 -Xverify:none -Dspring.output.ansi.enabled=always -Dcom.sun.management.jmxremote -Dspring.jmx.enabled=true -Dspring.liveBeansView.mbeanDomain -Dspring.application.admin.enabled=true -Dmanagement.endpoints.jmx.exposure.include=* -javaagent:C:\Program Files\JetBrains\IntelliJ IDEA 2025.1.1.1\lib\idea_rt.jar=50042 -Dfile.encoding=UTF-8 -agentpath:C:\Program Files\SentinelOne\Sentinel Agent 24.1.5.277\SentinelJava64.dll=extendedCapabilities 
java_command: com.example.project1.Project1Application
java_class_path (initial): C:\Users\abhis\.jdks\corretto-1.8.0_452\jre\lib\charsets.jar;C:\Users\abhis\.jdks\corretto-1.8.0_452\jre\lib\ext\access-bridge-64.jar;C:\Users\abhis\.jdks\corretto-1.8.0_452\jre\lib\ext\cldrdata.jar;C:\Users\abhis\.jdks\corretto-1.8.0_452\jre\lib\ext\dnsns.jar;C:\Users\abhis\.jdks\corretto-1.8.0_452\jre\lib\ext\jaccess.jar;C:\Users\abhis\.jdks\corretto-1.8.0_452\jre\lib\ext\jfxrt.jar;C:\Users\abhis\.jdks\corretto-1.8.0_452\jre\lib\ext\localedata.jar;C:\Users\abhis\.jdks\corretto-1.8.0_452\jre\lib\ext\nashorn.jar;C:\Users\abhis\.jdks\corretto-1.8.0_452\jre\lib\ext\sunec.jar;C:\Users\abhis\.jdks\corretto-1.8.0_452\jre\lib\ext\sunjce_provider.jar;C:\Users\abhis\.jdks\corretto-1.8.0_452\jre\lib\ext\sunmscapi.jar;C:\Users\abhis\.jdks\corretto-1.8.0_452\jre\lib\ext\sunpkcs11.jar;C:\Users\abhis\.jdks\corretto-1.8.0_452\jre\lib\ext\zipfs.jar;C:\Users\abhis\.jdks\corretto-1.8.0_452\jre\lib\jce.jar;C:\Users\abhis\.jdks\corretto-1.8.0_452\jre\lib\jfr.jar;C:\Users\abhis\.jdks\corretto-1.8.0_452\jre\lib\jfxswt.jar;C:\Users\abhis\.jdks\corretto-1.8.0_452\jre\lib\jsse.jar;C:\Users\abhis\.jdks\corretto-1.8.0_452\jre\lib\management-agent.jar;C:\Users\abhis\.jdks\corretto-1.8.0_452\jre\lib\resources.jar;C:\Users\abhis\.jdks\corretto-1.8.0_452\jre\lib\rt.jar;C:\Users\abhis\Desktop\Java\PersonalProject\Project1\target\classes;C:\Users\abhis\.m2\repository\org\springframework\boot\spring-boot-starter\2.7.14\spring-boot-starter-2.7.14.jar;C:\Users\abhis\.m2\repository\org\springframework\boot\spring-boot\2.7.14\spring-boot-2.7.14.jar;C:\Users\abhis\.m2\repository\org\springframework\spring-context\5.3.29\spring-context-5.3.29.jar;C:\Users\abhis\.m2\repository\org\springframework\boot\spring-boot-autoconfigure\2.7.14\spring-boot-autoconfigure-2.7.14.jar;C:\Users\abhis\.m2\repository\org\springframework\boot\spring-boot-starter-logging\2.7.14\spring-boot-starter-logging-2.7.14.jar;C:\Users\abhis\.m2\repository\ch\qos\logback\logback-classic\1.2.12\logback-class
Launcher Type: SUN_STANDARD

Environment Variables:
PATH=C:\Program Files (x86)\Common Files\Oracle\Java\java8path;C:\Program Files (x86)\Common Files\Oracle\Java\javapath;C:\WINDOWS\system32;C:\WINDOWS;C:\WINDOWS\System32\Wbem;C:\WINDOWS\System32\WindowsPowerShell\v1.0\;C:\WINDOWS\System32\OpenSSH\;C:\Program Files\Java\jdk-13\bin;C:\Program Files\Git\cmd;C:\xampp\php;C:\Program Files (x86)\Intel\Intel(R) Management Engine Components\DAL;C:\Program Files\Intel\Intel(R) Management Engine Components\DAL;C:\Users\abhis\AppData\Roaming\Microsoft\Windows\Start Menu\Programs\Python 3.8;C:\Program Files\dotnet\;C:\Users\abhis\AppData\Local\Programs\Python\Python312\scripts;C:\Users\abhis\AppData\Roaming\nvm;C:\Program Files\nodejs;C:\Program Files\MySQL\MySQL Shell 8.0\bin\;C:\Users\abhis\AppData\Local\Programs\Python\Python312\Scripts\;C:\Users\abhis\AppData\Local\Programs\Python\Python312\;C:\Users\abhis\AppData\Local\Programs\Python\Launcher\;C:\Users\abhis\AppData\Local\Programs\Python\Python38\Scripts\;C:\Users\abhis\AppData\Local\Programs\Python\Python38\;C:\Users\abhis\AppData\Local\Microsoft\WindowsApps;C:\Users\abhis\AppData\Local\atom\bin;C:\xampp\php;C:\Users\abhis\AppData\Local\Microsoft\WindowsApps;C:\Users\abhis\AppData\Roaming\npm;C:\Users\abhis\AppData\Local\Programs\Microsoft VS Code\bin;C:\Users\abhis\AppData\Roaming\nvm;C:\Program Files\nodejs;
USERNAME=abhis
OS=Windows_NT
PROCESSOR_IDENTIFIER=Intel64 Family 6 Model 142 Stepping 10, GenuineIntel



---------------  S Y S T E M  ---------------

OS: Windows 11 , 64 bit Build 22621 (10.0.22621.5413)

CPU:total 8 (initial active 8) (4 cores per cpu, 2 threads per core) family 6 model 142 stepping 10, cmov, cx8, fxsr, mmx, sse, sse2, sse3, ssse3, sse4.1, sse4.2, popcnt, avx, avx2, aes, clmul, erms, 3dnowpref, lzcnt, ht, tsc, tscinvbit, bmi1, bmi2, adx

Memory: 4k page, physical 8217844k(1131788k free), swap 21063680k(3403764k free)

vm_info: OpenJDK 64-Bit Server VM (25.452-b09) for windows-amd64 JRE (1.8.0_452-b09), built on Apr 12 2025 14:09:21 by "Administrator" with MS VC++ 15.9 (VS2017)

time: Sat May 31 01:08:27 2025
timezone: Pacific Daylight Time
elapsed time: 26.011943 seconds (0d 0h 0m 26s)

