#
# A fatal error has been detected by the Java Runtime Environment:
#
#  EXCEPTION_ACCESS_VIOLATION (0xc0000005) at pc=0x0000016ad2355d2e, pid=19004, tid=0x000000000000531c
#
# JRE version: Java(TM) SE Runtime Environment (8.0_451) (build 1.8.0_451-b10)
# Java VM: Java HotSpot(TM) 64-Bit Server VM (25.451-b10 mixed mode windows-amd64 compressed oops)
# Problematic frame:
# J 3460 C1 org.apache.tomcat.util.buf.ByteChunk.equalsIgnoreCase(Ljava/lang/String;)Z (76 bytes) @ 0x0000016ad2355d2e [0x0000016ad2355ce0+0x4e]
#
# Failed to write core dump. Minidumps are not enabled by default on client versions of Windows
#
# If you would like to submit a bug report, please visit:
#   http://bugreport.java.com/bugreport/crash.jsp
#

---------------  T H R E A D  ---------------

Current thread (0x0000016aea319000):  JavaThread "http-nio-8080-exec-4" daemon [_thread_in_Java, id=21276, stack(0x000000156c800000,0x000000156c900000)]

siginfo: ExceptionCode=0xc0000005, reading address 0xffffffffffffffff

Registers:
RAX=0x0000000000000004, RBX=0x0000016aeb7ee570, RCX=0x0000000082e68400, RDX=0x0000000082e68430
RSP=0x000000156c8fbc40, RBP=0x000000156c8fbd80, RSI=0x0000000082e69888, RDI=0x0000000000000017
R8 =0x6e75735f00000002, R9 =0x0000000000000002, R10=0x00007ffbe19bbe70, R11=0x0000016ad2355800
R12=0x0000000000000000, R13=0x000000156c8fbd30, R14=0x000000156c8fbda0, R15=0x0000016aea319000
RIP=0x0000016ad2355d2e, EFLAGS=0x0000000000010206

Top of Stack: (sp=0x000000156c8fbc40)
0x000000156c8fbc40:   0000000000000000 0000000000000000
0x000000156c8fbc50:   000000156c8fbcd0 0000016ad1e72d24
0x000000156c8fbc60:   0000016ae9cb7a30 0000000000000000
0x000000156c8fbc70:   0000016aea0166a0 0000000000000000
0x000000156c8fbc80:   0000000082e68430 6e75735f00000002
0x000000156c8fbc90:   00000000eb4c9d40 0000016ae84429c0
0x000000156c8fbca0:   0000000082984c10 0000000000000000
0x000000156c8fbcb0:   0000016aea70f4a8 0000016aea70f4a8
0x000000156c8fbcc0:   000000156c8fbd80 0000016ad23558dc
0x000000156c8fbcd0:   000000156c8fbde0 0000016ad1ec744c
0x000000156c8fbce0:   0000016ae8442a90 0000016ae8442da8
0x000000156c8fbcf0:   0000000082e68400 6e75735f00000002
0x000000156c8fbd00:   000000156c8fbdf8 0000000000000000
0x000000156c8fbd10:   000000156c8fbd80 0000016ad1c47bd0
0x000000156c8fbd20:   000000156c8fbd80 0000016ad1c47bd0
0x000000156c8fbd30:   6e75735f00000002 0000000082e68400 

Instructions: (pc=0x0000016ad2355d2e)
0x0000016ad2355d0e:   00 48 89 54 24 40 4c 89 44 24 48 8b 72 24 8b 42
0x0000016ad2355d1e:   18 8b 7a 14 2b c7 48 83 fe 00 0f 84 03 01 00 00
0x0000016ad2355d2e:   41 8b 58 0c 8b 4b 0c 3b c1 0f 85 f4 00 00 00 41
0x0000016ad2355d3e:   b9 00 00 00 00 e9 b3 00 00 00 4c 8b df 41 ff c3 


Register to memory mapping:

RAX=0x0000000000000004 is an unknown value
RBX={method} {0x0000016aeb7ee578} 'equalsIgnoreCase' '(Ljava/lang/String;)Z' in 'org/apache/tomcat/util/buf/MessageBytes'
RCX=0x0000000082e68400 is an oop
org.apache.tomcat.util.buf.MessageBytes 
 - klass: 'org/apache/tomcat/util/buf/MessageBytes'
 - ---- fields (total size 6 words):
 - private 'type' 'I' @12  2
 - private 'longValue' 'J' @16  0 (0 0)
 - private 'hashCode' 'I' @24  0
 - private 'hasHashCode' 'Z' @28  false
 - private 'hasLongValue' 'Z' @29  false
 - private final 'byteC' 'Lorg/apache/tomcat/util/buf/ByteChunk;' @32  a 'org/apache/tomcat/util/buf/ByteChunk' (82e68430 82e68460)
 - private final 'charC' 'Lorg/apache/tomcat/util/buf/CharChunk;' @36  a 'org/apache/tomcat/util/buf/CharChunk' (82e68460 0)
 - private 'strValue' 'Ljava/lang/String;' @40  NULL (0 0)
RDX=0x0000000082e68430 is an oop
org.apache.tomcat.util.buf.ByteChunk 
 - klass: 'org/apache/tomcat/util/buf/ByteChunk'
 - ---- fields (total size 6 words):
 - private 'hashCode' 'I' @12  0
 - private 'limit' 'I' @16  -1 (ffffffff)
 - protected 'start' 'I' @20  23 (17)
 - protected 'end' 'I' @24  27 (1b)
 - protected 'hasHashCode' 'Z' @28  false
 - protected 'isSet' 'Z' @29  true
 - private transient 'charset' 'Ljava/nio/charset/Charset;' @32  NULL (0 82e69888)
 - private 'buff' '[B' @36  [B (82e69888 0)
 - private transient 'in' 'Lorg/apache/tomcat/util/buf/ByteChunk$ByteInputChannel;' @40  NULL (0 0)
 - private transient 'out' 'Lorg/apache/tomcat/util/buf/ByteChunk$ByteOutputChannel;' @44  NULL (0 d)
RSP=0x000000156c8fbc40 is pointing into the stack for thread: 0x0000016aea319000
RBP=0x000000156c8fbd80 is pointing into the stack for thread: 0x0000016aea319000
RSI=0x0000000082e69888 is an oop
[B 
 - klass: {type array byte}
 - length: 16384
RDI=0x0000000000000017 is an unknown value
R8 =0x6e75735f00000002 is an unknown value
R9 =0x0000000000000002 is an unknown value
R10=0x00007ffbe19bbe70 is an unknown value
R11=0x0000016ad2355800 is at entry_point+32 in (nmethod*)0x0000016ad2355650
R12=0x0000000000000000 is an unknown value
R13=0x000000156c8fbd30 is pointing into the stack for thread: 0x0000016aea319000
R14=0x000000156c8fbda0 is pointing into the stack for thread: 0x0000016aea319000
R15=0x0000016aea319000 is a thread


Stack: [0x000000156c800000,0x000000156c900000],  sp=0x000000156c8fbc40,  free space=1007k
Native frames: (J=compiled Java code, j=interpreted, Vv=VM code, C=native code)
C  0x0000016ad2355d2e


---------------  P R O C E S S  ---------------

Java Threads: ( => current thread )
  0x0000016aea31d800 JavaThread "RMI TCP Connection(3)-192.168.137.1" daemon [_thread_in_native, id=3132, stack(0x000000156be00000,0x000000156bf00000)]
  0x0000016aea31b000 JavaThread "DestroyJavaVM" [_thread_blocked, id=22524, stack(0x000000156a400000,0x000000156a500000)]
  0x0000016aea321000 JavaThread "http-nio-8080-Acceptor" daemon [_thread_in_native, id=16568, stack(0x000000156d000000,0x000000156d100000)]
  0x0000016aea322000 JavaThread "http-nio-8080-Poller" daemon [_thread_in_native, id=21288, stack(0x000000156cf00000,0x000000156d000000)]
  0x0000016aea319800 JavaThread "http-nio-8080-exec-10" daemon [_thread_blocked, id=15904, stack(0x000000156ce00000,0x000000156cf00000)]
  0x0000016aea31a800 JavaThread "http-nio-8080-exec-9" daemon [_thread_blocked, id=14804, stack(0x000000156cd00000,0x000000156ce00000)]
  0x0000016aea31f800 JavaThread "http-nio-8080-exec-8" daemon [_thread_blocked, id=2820, stack(0x000000156cc00000,0x000000156cd00000)]
  0x0000016aea31c800 JavaThread "http-nio-8080-exec-7" daemon [_thread_blocked, id=20088, stack(0x000000156cb00000,0x000000156cc00000)]
  0x0000016aea320800 JavaThread "http-nio-8080-exec-6" daemon [_thread_blocked, id=8128, stack(0x000000156ca00000,0x000000156cb00000)]
  0x0000016aea31c000 JavaThread "http-nio-8080-exec-5" daemon [_thread_blocked, id=1928, stack(0x000000156c900000,0x000000156ca00000)]
=>0x0000016aea319000 JavaThread "http-nio-8080-exec-4" daemon [_thread_in_Java, id=21276, stack(0x000000156c800000,0x000000156c900000)]
  0x0000016aea31f000 JavaThread "http-nio-8080-exec-3" daemon [_thread_blocked, id=20396, stack(0x000000156c700000,0x000000156c800000)]
  0x0000016ae8a33000 JavaThread "http-nio-8080-exec-2" daemon [_thread_blocked, id=9096, stack(0x000000156c600000,0x000000156c700000)]
  0x0000016ae8a32800 JavaThread "http-nio-8080-exec-1" daemon [_thread_blocked, id=18268, stack(0x000000156c400000,0x000000156c500000)]
  0x0000016ae8a31800 JavaThread "Live Reload Server" daemon [_thread_in_native, id=2452, stack(0x000000156c500000,0x000000156c600000)]
  0x0000016ae8a31000 JavaThread "File Watcher" daemon [_thread_blocked, id=6268, stack(0x000000156c300000,0x000000156c400000)]
  0x0000016ae8a30000 JavaThread "container-0" [_thread_blocked, id=20636, stack(0x000000156c200000,0x000000156c300000)]
  0x0000016ae8a2f800 JavaThread "Catalina-utility-2" [_thread_blocked, id=19368, stack(0x000000156c100000,0x000000156c200000)]
  0x0000016ae8a2e800 JavaThread "Catalina-utility-1" [_thread_blocked, id=16664, stack(0x000000156c000000,0x000000156c100000)]
  0x0000016ae8913000 JavaThread "JMX server connection timeout 16" daemon [_thread_blocked, id=13728, stack(0x000000156bc00000,0x000000156bd00000)]
  0x0000016ae8973800 JavaThread "RMI Scheduler(0)" daemon [_thread_blocked, id=2564, stack(0x000000156bb00000,0x000000156bc00000)]
  0x0000016ae875a000 JavaThread "RMI TCP Accept-0" daemon [_thread_in_native, id=21964, stack(0x000000156b800000,0x000000156b900000)]
  0x0000016ae849f000 JavaThread "Service Thread" daemon [_thread_blocked, id=9588, stack(0x000000156b700000,0x000000156b800000)]
  0x0000016ae8444000 JavaThread "C1 CompilerThread3" daemon [_thread_blocked, id=6544, stack(0x000000156b600000,0x000000156b700000)]
  0x0000016ae841f800 JavaThread "C2 CompilerThread2" daemon [_thread_blocked, id=19500, stack(0x000000156b500000,0x000000156b600000)]
  0x0000016ae83e7800 JavaThread "C2 CompilerThread1" daemon [_thread_blocked, id=1372, stack(0x000000156b400000,0x000000156b500000)]
  0x0000016ae83e7000 JavaThread "C2 CompilerThread0" daemon [_thread_blocked, id=20752, stack(0x000000156b300000,0x000000156b400000)]
  0x0000016ae8404800 JavaThread "Monitor Ctrl-Break" daemon [_thread_in_native, id=5248, stack(0x000000156b200000,0x000000156b300000)]
  0x0000016ae64fa000 JavaThread "Attach Listener" daemon [_thread_blocked, id=21204, stack(0x000000156b100000,0x000000156b200000)]
  0x0000016ae64f9000 JavaThread "Signal Dispatcher" daemon [_thread_blocked, id=20140, stack(0x000000156b000000,0x000000156b100000)]
  0x0000016ad02ce000 JavaThread "Finalizer" daemon [_thread_blocked, id=2764, stack(0x000000156af00000,0x000000156b000000)]
  0x0000016ae64c9000 JavaThread "Reference Handler" daemon [_thread_blocked, id=21324, stack(0x000000156ae00000,0x000000156af00000)]

Other Threads:
  0x0000016ae64a4800 VMThread [stack: 0x000000156ad00000,0x000000156ae00000] [id=19900]
  0x0000016ae875b800 WatcherThread [stack: 0x000000156b900000,0x000000156ba00000] [id=9652]

VM state:not at safepoint (normal execution)

VM Mutex/Monitor currently owned by a thread: None

heap address: 0x0000000082800000, size: 2008 MB, Compressed Oops mode: 32-bit
Narrow klass base: 0x0000000000000000, Narrow klass shift: 3
Compressed class space size: 1073741824 Address: 0x0000000100000000

Heap:
 PSYoungGen      total 193024K, used 73311K [0x00000000d6300000, 0x00000000e4800000, 0x0000000100000000)
  eden space 181248K, 40% used [0x00000000d6300000,0x00000000daa97e98,0x00000000e1400000)
  from space 11776K, 0% used [0x00000000e1f80000,0x00000000e1f80000,0x00000000e2b00000)
  to   space 11776K, 0% used [0x00000000e1400000,0x00000000e1400000,0x00000000e1f80000)
 ParOldGen       total 73728K, used 13381K [0x0000000082800000, 0x0000000087000000, 0x00000000d6300000)
  object space 73728K, 18% used [0x0000000082800000,0x00000000835117d0,0x0000000087000000)
 Metaspace       used 38975K, capacity 41438K, committed 41728K, reserved 1085440K
  class space    used 4895K, capacity 5347K, committed 5376K, reserved 1048576K

Card table byte_map: [0x0000016ae1000000,0x0000016ae13f0000] byte_map_base: 0x0000016ae0bec000

Marking Bits: (ParMarkBitMap*) 0x00007ffbe19e0200
 Begin Bits: [0x0000016ae1690000, 0x0000016ae35f0000)
 End Bits:   [0x0000016ae35f0000, 0x0000016ae5550000)

Polling page: 0x0000016acfb20000

CodeCache: size=245760Kb used=8664Kb max_used=8664Kb free=237095Kb
 bounds [0x0000016ad1c40000, 0x0000016ad24c0000, 0x0000016ae0c40000]
 total_blobs=4514 nmethods=4015 adapters=411
 compilation: enabled

Compilation events (10 events):
Event: 118.428 Thread 0x0000016ae8444000 4073       1       org.apache.jasper.compiler.SmapUtil$SDEInstaller::writeU2 (18 bytes)
Event: 118.428 Thread 0x0000016ae8444000 nmethod 4073 0x0000016ad24b71d0 code [0x0000016ad24b7320, 0x0000016ad24b7498]
Event: 118.428 Thread 0x0000016ae8444000 4074       1       org.apache.jasper.compiler.SmapUtil$SDEInstaller::readU2 (15 bytes)
Event: 118.428 Thread 0x0000016ae8444000 nmethod 4074 0x0000016ad24b75d0 code [0x0000016ad24b7720, 0x0000016ad24b7898]
Event: 118.428 Thread 0x0000016ae8444000 4072       1       java.lang.String::<init> (10 bytes)
Event: 118.429 Thread 0x0000016ae8444000 nmethod 4072 0x0000016ad24b79d0 code [0x0000016ad24b7b20, 0x0000016ad24b7c90]
Event: 118.429 Thread 0x0000016ae8444000 4068       1       org.eclipse.jdt.internal.compiler.lookup.TypeBinding::isParameterizedType (2 bytes)
Event: 118.429 Thread 0x0000016ae8444000 nmethod 4068 0x0000016ad24b7d50 code [0x0000016ad24b7ea0, 0x0000016ad24b7fb8]
Event: 118.429 Thread 0x0000016ae8444000 4061       1       org.eclipse.jdt.internal.compiler.ASTVisitor::visit (2 bytes)
Event: 118.429 Thread 0x0000016ae8444000 nmethod 4061 0x0000016ad24b8010 code [0x0000016ad24b8160, 0x0000016ad24b8278]

GC Heap History (10 events):
Event: 4.115 GC heap before
{Heap before GC invocations=6 (full 1):
 PSYoungGen      total 70656K, used 5109K [0x00000000d6300000, 0x00000000df500000, 0x0000000100000000)
  eden space 65536K, 0% used [0x00000000d6300000,0x00000000d6300000,0x00000000da300000)
  from space 5120K, 99% used [0x00000000da300000,0x00000000da7fd718,0x00000000da800000)
  to   space 9216K, 0% used [0x00000000dec00000,0x00000000dec00000,0x00000000df500000)
 ParOldGen       total 86016K, used 8629K [0x0000000082800000, 0x0000000087c00000, 0x00000000d6300000)
  object space 86016K, 10% used [0x0000000082800000,0x000000008306d638,0x0000000087c00000)
 Metaspace       used 20279K, capacity 21212K, committed 21296K, reserved 1067008K
  class space    used 2682K, capacity 2917K, committed 2944K, reserved 1048576K
Event: 4.150 GC heap after
Heap after GC invocations=6 (full 1):
 PSYoungGen      total 70656K, used 0K [0x00000000d6300000, 0x00000000df500000, 0x0000000100000000)
  eden space 65536K, 0% used [0x00000000d6300000,0x00000000d6300000,0x00000000da300000)
  from space 5120K, 0% used [0x00000000da300000,0x00000000da300000,0x00000000da800000)
  to   space 9216K, 0% used [0x00000000dec00000,0x00000000dec00000,0x00000000df500000)
 ParOldGen       total 52736K, used 6684K [0x0000000082800000, 0x0000000085b80000, 0x00000000d6300000)
  object space 52736K, 12% used [0x0000000082800000,0x0000000082e87050,0x0000000085b80000)
 Metaspace       used 20279K, capacity 21212K, committed 21296K, reserved 1067008K
  class space    used 2682K, capacity 2917K, committed 2944K, reserved 1048576K
}
Event: 4.954 GC heap before
{Heap before GC invocations=7 (full 1):
 PSYoungGen      total 70656K, used 65536K [0x00000000d6300000, 0x00000000df500000, 0x0000000100000000)
  eden space 65536K, 100% used [0x00000000d6300000,0x00000000da300000,0x00000000da300000)
  from space 5120K, 0% used [0x00000000da300000,0x00000000da300000,0x00000000da800000)
  to   space 9216K, 0% used [0x00000000dec00000,0x00000000dec00000,0x00000000df500000)
 ParOldGen       total 52736K, used 6684K [0x0000000082800000, 0x0000000085b80000, 0x00000000d6300000)
  object space 52736K, 12% used [0x0000000082800000,0x0000000082e87050,0x0000000085b80000)
 Metaspace       used 26094K, capacity 27702K, committed 27904K, reserved 1073152K
  class space    used 3475K, capacity 3798K, committed 3840K, reserved 1048576K
Event: 4.962 GC heap after
Heap after GC invocations=7 (full 1):
 PSYoungGen      total 118784K, used 7648K [0x00000000d6300000, 0x00000000df380000, 0x0000000100000000)
  eden space 111104K, 0% used [0x00000000d6300000,0x00000000d6300000,0x00000000dcf80000)
  from space 7680K, 99% used [0x00000000dec00000,0x00000000df378140,0x00000000df380000)
  to   space 9216K, 0% used [0x00000000de180000,0x00000000de180000,0x00000000dea80000)
 ParOldGen       total 52736K, used 6692K [0x0000000082800000, 0x0000000085b80000, 0x00000000d6300000)
  object space 52736K, 12% used [0x0000000082800000,0x0000000082e89050,0x0000000085b80000)
 Metaspace       used 26094K, capacity 27702K, committed 27904K, reserved 1073152K
  class space    used 3475K, capacity 3798K, committed 3840K, reserved 1048576K
}
Event: 49.477 GC heap before
{Heap before GC invocations=8 (full 1):
 PSYoungGen      total 118784K, used 118752K [0x00000000d6300000, 0x00000000df380000, 0x0000000100000000)
  eden space 111104K, 100% used [0x00000000d6300000,0x00000000dcf80000,0x00000000dcf80000)
  from space 7680K, 99% used [0x00000000dec00000,0x00000000df378140,0x00000000df380000)
  to   space 9216K, 0% used [0x00000000de180000,0x00000000de180000,0x00000000dea80000)
 ParOldGen       total 52736K, used 6692K [0x0000000082800000, 0x0000000085b80000, 0x00000000d6300000)
  object space 52736K, 12% used [0x0000000082800000,0x0000000082e89050,0x0000000085b80000)
 Metaspace       used 31978K, capacity 34250K, committed 34432K, reserved 1079296K
  class space    used 4256K, capacity 4663K, committed 4736K, reserved 1048576K
Event: 49.504 GC heap after
Heap after GC invocations=8 (full 1):
 PSYoungGen      total 138752K, used 9190K [0x00000000d6300000, 0x00000000e2b00000, 0x0000000100000000)
  eden space 129536K, 0% used [0x00000000d6300000,0x00000000d6300000,0x00000000de180000)
  from space 9216K, 99% used [0x00000000de180000,0x00000000dea79828,0x00000000dea80000)
  to   space 11776K, 0% used [0x00000000e1f80000,0x00000000e1f80000,0x00000000e2b00000)
 ParOldGen       total 52736K, used 9620K [0x0000000082800000, 0x0000000085b80000, 0x00000000d6300000)
  object space 52736K, 18% used [0x0000000082800000,0x0000000083165288,0x0000000085b80000)
 Metaspace       used 31978K, capacity 34250K, committed 34432K, reserved 1079296K
  class space    used 4256K, capacity 4663K, committed 4736K, reserved 1048576K
}
Event: 50.794 GC heap before
{Heap before GC invocations=9 (full 1):
 PSYoungGen      total 138752K, used 23105K [0x00000000d6300000, 0x00000000e2b00000, 0x0000000100000000)
  eden space 129536K, 10% used [0x00000000d6300000,0x00000000d7096d48,0x00000000de180000)
  from space 9216K, 99% used [0x00000000de180000,0x00000000dea79828,0x00000000dea80000)
  to   space 11776K, 0% used [0x00000000e1f80000,0x00000000e1f80000,0x00000000e2b00000)
 ParOldGen       total 52736K, used 9620K [0x0000000082800000, 0x0000000085b80000, 0x00000000d6300000)
  object space 52736K, 18% used [0x0000000082800000,0x0000000083165288,0x0000000085b80000)
 Metaspace       used 33061K, capacity 35442K, committed 35496K, reserved 1079296K
  class space    used 4404K, capacity 4851K, committed 4864K, reserved 1048576K
Event: 50.812 GC heap after
Heap after GC invocations=9 (full 1):
 PSYoungGen      total 193024K, used 8669K [0x00000000d6300000, 0x00000000e4800000, 0x0000000100000000)
  eden space 181248K, 0% used [0x00000000d6300000,0x00000000d6300000,0x00000000e1400000)
  from space 11776K, 73% used [0x00000000e1f80000,0x00000000e27f7538,0x00000000e2b00000)
  to   space 11776K, 0% used [0x00000000e1400000,0x00000000e1400000,0x00000000e1f80000)
 ParOldGen       total 52736K, used 9628K [0x0000000082800000, 0x0000000085b80000, 0x00000000d6300000)
  object space 52736K, 18% used [0x0000000082800000,0x0000000083167288,0x0000000085b80000)
 Metaspace       used 33061K, capacity 35442K, committed 35496K, reserved 1079296K
  class space    used 4404K, capacity 4851K, committed 4864K, reserved 1048576K
}
Event: 50.812 GC heap before
{Heap before GC invocations=10 (full 2):
 PSYoungGen      total 193024K, used 8669K [0x00000000d6300000, 0x00000000e4800000, 0x0000000100000000)
  eden space 181248K, 0% used [0x00000000d6300000,0x00000000d6300000,0x00000000e1400000)
  from space 11776K, 73% used [0x00000000e1f80000,0x00000000e27f7538,0x00000000e2b00000)
  to   space 11776K, 0% used [0x00000000e1400000,0x00000000e1400000,0x00000000e1f80000)
 ParOldGen       total 52736K, used 9628K [0x0000000082800000, 0x0000000085b80000, 0x00000000d6300000)
  object space 52736K, 18% used [0x0000000082800000,0x0000000083167288,0x0000000085b80000)
 Metaspace       used 33061K, capacity 35442K, committed 35496K, reserved 1079296K
  class space    used 4404K, capacity 4851K, committed 4864K, reserved 1048576K
Event: 51.034 GC heap after
Heap after GC invocations=10 (full 2):
 PSYoungGen      total 193024K, used 0K [0x00000000d6300000, 0x00000000e4800000, 0x0000000100000000)
  eden space 181248K, 0% used [0x00000000d6300000,0x00000000d6300000,0x00000000e1400000)
  from space 11776K, 0% used [0x00000000e1f80000,0x00000000e1f80000,0x00000000e2b00000)
  to   space 11776K, 0% used [0x00000000e1400000,0x00000000e1400000,0x00000000e1f80000)
 ParOldGen       total 73728K, used 13381K [0x0000000082800000, 0x0000000087000000, 0x00000000d6300000)
  object space 73728K, 18% used [0x0000000082800000,0x00000000835117d0,0x0000000087000000)
 Metaspace       used 33061K, capacity 35442K, committed 35496K, reserved 1079296K
  class space    used 4404K, capacity 4851K, committed 4864K, reserved 1048576K
}

Deoptimization events (0 events):
No events

Classes redefined (0 events):
No events

Internal exceptions (10 events):
Event: 5.476 Thread 0x0000016ae8aec800 Exception <a 'java/lang/ClassNotFoundException': org/springframework/web/context/ServletContextAwareCustomizer> (0x00000000da045b50) thrown at [C:\jenkins\workspace\8-2-build-windows-x64-cygwin-sans-NAS\jdk8u451\1832\hotspot\src\share\vm\classfile\systemD
Event: 5.476 Thread 0x0000016ae8aec800 Exception <a 'java/lang/ClassNotFoundException': org/springframework/beans/factory/AwareCustomizer> (0x00000000da055390) thrown at [C:\jenkins\workspace\8-2-build-windows-x64-cygwin-sans-NAS\jdk8u451\1832\hotspot\src\share\vm\classfile\systemDictionary.cp
Event: 5.639 Thread 0x0000016ae8aec800 Exception <a 'java/lang/NoSuchMethodError': java.lang.Object.lambda$thenComparing$36697e65$1(Ljava/util/Comparator;Ljava/lang/Object;Ljava/lang/Object;)I> (0x00000000db3ff528) thrown at [C:\jenkins\workspace\8-2-build-windows-x64-cygwin-sans-NAS\jdk8u451\
Event: 5.662 Thread 0x0000016ae8aec800 Exception <a 'java/lang/IncompatibleClassChangeError': Found class java.lang.Object, but interface was expected> (0x00000000db667270) thrown at [C:\jenkins\workspace\8-2-build-windows-x64-cygwin-sans-NAS\jdk8u451\1832\hotspot\src\share\vm\interpreter\link
Event: 62.678 Thread 0x0000016ae8a33000 Exception <a 'java/lang/ArrayIndexOutOfBoundsException': 7612> (0x00000000d842d270) thrown at [C:\jenkins\workspace\8-2-build-windows-x64-cygwin-sans-NAS\jdk8u451\1832\hotspot\src\share\vm\interpreter\interpreterRuntime.cpp, line 371]
Event: 63.261 Thread 0x0000016ae8a33000 Implicit null exception at 0x0000016ad2355d2e to 0x0000016ad2355e86
Event: 63.285 Thread 0x0000016ae8a33000 Exception <a 'java/lang/NullPointerException'> (0x00000000d9db6280) thrown at [C:\jenkins\workspace\8-2-build-windows-x64-cygwin-sans-NAS\jdk8u451\1832\hotspot\src\share\vm\runtime\sharedRuntime.cpp, line 609]
Event: 63.518 Thread 0x0000016ae8a33000 Implicit null exception at 0x0000016ad2355d2e to 0x0000016ad2355e86
Event: 63.518 Thread 0x0000016ae8a33000 Exception <a 'java/lang/NullPointerException'> (0x00000000d9eabec0) thrown at [C:\jenkins\workspace\8-2-build-windows-x64-cygwin-sans-NAS\jdk8u451\1832\hotspot\src\share\vm\runtime\sharedRuntime.cpp, line 609]
Event: 118.321 Thread 0x0000016aea319000 Exception <a 'java/lang/ArrayIndexOutOfBoundsException'> (0x00000000da4691c8) thrown at [C:\jenkins\workspace\8-2-build-windows-x64-cygwin-sans-NAS\jdk8u451\1832\hotspot\src\share\vm\runtime\sharedRuntime.cpp, line 609]

Events (10 events):
Event: 118.430 Executing VM operation: RevokeBias
Event: 118.430 Executing VM operation: RevokeBias done
Event: 118.431 Executing VM operation: RevokeBias
Event: 118.431 Executing VM operation: RevokeBias done
Event: 118.431 Executing VM operation: BulkRevokeBias
Event: 118.431 Executing VM operation: BulkRevokeBias done
Event: 118.431 Executing VM operation: GetOrSetLocal
Event: 118.431 Executing VM operation: GetOrSetLocal done
Event: 118.431 Executing VM operation: GetOrSetLocal
Event: 118.431 Executing VM operation: GetOrSetLocal done


Dynamic libraries:
0x00007ff6a9d10000 - 0x00007ff6a9d5f000 	C:\Program Files\Java\jdk-1.8\bin\java.exe
0x0000016acfee0000 - 0x0000016ad00f7000 	C:\WINDOWS\SYSTEM32\ntd1l.dll
0x0000016ad0100000 - 0x0000016ad01c4000 	C:\WINDOWS\System32\kern3l32.dll
0x00007ffcae6f0000 - 0x00007ffcae907000 	C:\WINDOWS\SYSTEM32\ntdll.dll
0x00007ffcad6e0000 - 0x00007ffcad7a4000 	C:\WINDOWS\System32\KERNEL32.DLL
0x00007ffcabbf0000 - 0x00007ffcabfc2000 	C:\WINDOWS\System32\KERNELBASE.dll
0x00007ffcab2e0000 - 0x00007ffcab6f6000 	C:\Program Files\SentinelOne\Sentinel Agent 24.1.5.277\InProcessClient64.dll
0x00007ffcac720000 - 0x00007ffcac7d1000 	C:\WINDOWS\System32\ADVAPI32.dll
0x00007ffcad7b0000 - 0x00007ffcad857000 	C:\WINDOWS\System32\msvcrt.dll
0x00007ffcac380000 - 0x00007ffcac428000 	C:\WINDOWS\System32\sechost.dll
0x00007ffcac350000 - 0x00007ffcac378000 	C:\WINDOWS\System32\bcrypt.dll
0x00007ffcae060000 - 0x00007ffcae174000 	C:\WINDOWS\System32\RPCRT4.dll
0x00007ffcac430000 - 0x00007ffcac5e1000 	C:\WINDOWS\System32\USER32.dll
0x00007ffcabb00000 - 0x00007ffcabb26000 	C:\WINDOWS\System32\win32u.dll
0x00007ffcae560000 - 0x00007ffcae589000 	C:\WINDOWS\System32\GDI32.dll
0x00007ffcab7e0000 - 0x00007ffcab903000 	C:\WINDOWS\System32\gdi32full.dll
0x00007ffcac110000 - 0x00007ffcac1aa000 	C:\WINDOWS\System32\msvcp_win.dll
0x00007ffcac1b0000 - 0x00007ffcac2c1000 	C:\WINDOWS\System32\ucrtbase.dll
0x00007ffc96bb0000 - 0x00007ffc96e4b000 	C:\WINDOWS\WinSxS\amd64_microsoft.windows.common-controls_6595b64144ccf1df_6.0.22621.5413_none_270da5617387a498\COMCTL32.dll
0x00007ffcab280000 - 0x00007ffcab28a000 	C:\WINDOWS\SYSTEM32\VERSION.dll
0x00007ffcab270000 - 0x00007ffcab27b000 	C:\WINDOWS\SYSTEM32\FLTLIB.DLL
0x00007ffcac600000 - 0x00007ffcac631000 	C:\WINDOWS\System32\IMM32.DLL
0x00007ffc88040000 - 0x00007ffc8805b000 	C:\Program Files\Java\jdk-1.8\jre\bin\vcruntime140.dll
0x00007ffca6590000 - 0x00007ffca659c000 	C:\Program Files\Java\jdk-1.8\jre\bin\vcruntime140_1.dll
0x00007ffc7b8c0000 - 0x00007ffc7b94e000 	C:\Program Files\Java\jdk-1.8\jre\bin\msvcp140.dll
0x00007ffbe11b0000 - 0x00007ffbe1a5a000 	C:\Program Files\Java\jdk-1.8\jre\bin\server\jvm.dll
0x00007ffcac5f0000 - 0x00007ffcac5f8000 	C:\WINDOWS\System32\PSAPI.DLL
0x00007ffc95aa0000 - 0x00007ffc95aa9000 	C:\WINDOWS\SYSTEM32\WSOCK32.dll
0x00007ffcacba0000 - 0x00007ffcacc11000 	C:\WINDOWS\System32\WS2_32.dll
0x00007ffc9b2b0000 - 0x00007ffc9b2e4000 	C:\WINDOWS\SYSTEM32\WINMM.dll
0x00007ffcaa3d0000 - 0x00007ffcaa3e8000 	C:\WINDOWS\SYSTEM32\kernel.appcore.dll
0x00007ffca2e40000 - 0x00007ffca2e50000 	C:\Program Files\Java\jdk-1.8\jre\bin\verify.dll
0x00007ffc88010000 - 0x00007ffc8803b000 	C:\Program Files\Java\jdk-1.8\jre\bin\java.dll
0x00007ffc87fd0000 - 0x00007ffc88007000 	C:\Program Files\Java\jdk-1.8\jre\bin\instrument.dll
0x00007ffc50130000 - 0x00007ffc501dd000 	C:\Program Files\SentinelOne\Sentinel Agent 24.1.5.277\SentinelJava64.dll
0x00007ffcae180000 - 0x00007ffcae1e9000 	C:\WINDOWS\System32\SHLWAPI.dll
0x0000016ad1aa0000 - 0x0000016ad1c40000 	C:\WINDOWS\System32\ole32.dll
0x00007ffcac7e0000 - 0x00007ffcacb73000 	C:\WINDOWS\System32\combase.dll
0x00007ffc83620000 - 0x00007ffc83638000 	C:\Program Files\Java\jdk-1.8\jre\bin\zip.dll
0x00007ffcacd30000 - 0x00007ffcad5d2000 	C:\WINDOWS\System32\SHELL32.dll
0x00007ffcabfd0000 - 0x00007ffcac10f000 	C:\WINDOWS\System32\wintypes.dll
0x00007ffca9160000 - 0x00007ffca9a7d000 	C:\WINDOWS\SYSTEM32\windows.storage.dll
0x00007ffcae590000 - 0x00007ffcae69b000 	C:\WINDOWS\System32\SHCORE.dll
0x00007ffcab710000 - 0x00007ffcab73b000 	C:\WINDOWS\SYSTEM32\profapi.dll
0x00007ffc64490000 - 0x00007ffc644ac000 	C:\Program Files\Java\jdk-1.8\jre\bin\net.dll
0x00007ffcaa850000 - 0x00007ffcaa8b9000 	C:\WINDOWS\system32\mswsock.dll
0x00007ffca9ec0000 - 0x00007ffca9fb8000 	C:\WINDOWS\SYSTEM32\DNSAPI.dll
0x00007ffca9e50000 - 0x00007ffca9e7d000 	C:\WINDOWS\SYSTEM32\IPHLPAPI.DLL
0x00007ffcada00000 - 0x00007ffcada09000 	C:\WINDOWS\System32\NSI.dll
0x00007ffc9a050000 - 0x00007ffc9a05a000 	C:\Windows\System32\rasadhlp.dll
0x00007ffca3970000 - 0x00007ffca39f4000 	C:\WINDOWS\System32\fwpuclnt.dll
0x00007ffcaba80000 - 0x00007ffcabafb000 	C:\WINDOWS\System32\bcryptPrimitives.dll
0x00007ffc83610000 - 0x00007ffc8361d000 	C:\Program Files\Java\jdk-1.8\jre\bin\management.dll
0x00007ffc64470000 - 0x00007ffc64483000 	C:\Program Files\Java\jdk-1.8\jre\bin\nio.dll
0x00007ffcaaaa0000 - 0x00007ffcaaabb000 	C:\WINDOWS\SYSTEM32\CRYPTSP.dll
0x00007ffcaa330000 - 0x00007ffcaa367000 	C:\WINDOWS\system32\rsaenh.dll
0x00007ffcaa940000 - 0x00007ffcaa968000 	C:\WINDOWS\SYSTEM32\USERENV.dll
0x00007ffcaaac0000 - 0x00007ffcaaacc000 	C:\WINDOWS\SYSTEM32\CRYPTBASE.dll
0x00007ffca5170000 - 0x00007ffca5189000 	C:\WINDOWS\SYSTEM32\dhcpcsvc6.DLL
0x00007ffca5210000 - 0x00007ffca522f000 	C:\WINDOWS\SYSTEM32\dhcpcsvc.DLL
0x00007ffc8fe10000 - 0x00007ffc8fe27000 	C:\WINDOWS\system32\napinsp.dll
0x00007ffc8fdf0000 - 0x00007ffc8fe0b000 	C:\WINDOWS\system32\pnrpnsp.dll
0x00007ffc8fdd0000 - 0x00007ffc8fde1000 	C:\WINDOWS\System32\winrnr.dll
0x00007ffc8f400000 - 0x00007ffc8f41f000 	C:\WINDOWS\system32\wshbth.dll
0x00007ffc8f380000 - 0x00007ffc8f3a1000 	C:\WINDOWS\system32\nlansp_c.dll
0x00007ffc7dfa0000 - 0x00007ffc7dff0000 	C:\WINDOWS\SYSTEM32\pdh.dll
0x00007ffc7d630000 - 0x00007ffc7d641000 	C:\WINDOWS\System32\perfproc.dll
0x00007ffc82c10000 - 0x00007ffc82c20000 	C:\WINDOWS\System32\perfos.dll
0x00007ffca82b0000 - 0x00007ffca82c0000 	C:\WINDOWS\SYSTEM32\pfclient.dll
0x00007ffc58380000 - 0x00007ffc583a5000 	C:\Program Files\Java\jdk-1.8\jre\bin\sunec.dll
0x00007ffc9bfc0000 - 0x00007ffc9bfce000 	C:\Program Files\Java\jdk-1.8\jre\bin\sunmscapi.dll
0x00007ffcab910000 - 0x00007ffcaba77000 	C:\WINDOWS\System32\CRYPT32.dll
0x00007ffcaacd0000 - 0x00007ffcaacfd000 	C:\WINDOWS\SYSTEM32\ncrypt.dll
0x00007ffcaac90000 - 0x00007ffcaacc7000 	C:\WINDOWS\SYSTEM32\NTASN1.dll
0x00007ffca8f20000 - 0x00007ffca9152000 	C:\WINDOWS\SYSTEM32\dbghelp.dll
0x00007ffcac640000 - 0x00007ffcac717000 	C:\WINDOWS\System32\OLEAUT32.dll

VM Arguments:
jvm_args: -XX:TieredStopAtLevel=1 -Xverify:none -Dspring.output.ansi.enabled=always -Dcom.sun.management.jmxremote -Dspring.jmx.enabled=true -Dspring.liveBeansView.mbeanDomain -Dspring.application.admin.enabled=true -Dmanagement.endpoints.jmx.exposure.include=* -javaagent:C:\Program Files\JetBrains\IntelliJ IDEA 2025.1.1.1\lib\idea_rt.jar=53949 -Dfile.encoding=UTF-8 -agentpath:C:\Program Files\SentinelOne\Sentinel Agent 24.1.5.277\SentinelJava64.dll=extendedCapabilities 
java_command: com.example.project1.Project1Application
java_class_path (initial): C:\Program Files\Java\jdk-1.8\jre\lib\charsets.jar;C:\Program Files\Java\jdk-1.8\jre\lib\deploy.jar;C:\Program Files\Java\jdk-1.8\jre\lib\ext\access-bridge-64.jar;C:\Program Files\Java\jdk-1.8\jre\lib\ext\cldrdata.jar;C:\Program Files\Java\jdk-1.8\jre\lib\ext\dnsns.jar;C:\Program Files\Java\jdk-1.8\jre\lib\ext\jaccess.jar;C:\Program Files\Java\jdk-1.8\jre\lib\ext\localedata.jar;C:\Program Files\Java\jdk-1.8\jre\lib\ext\nashorn.jar;C:\Program Files\Java\jdk-1.8\jre\lib\ext\sunec.jar;C:\Program Files\Java\jdk-1.8\jre\lib\ext\sunjce_provider.jar;C:\Program Files\Java\jdk-1.8\jre\lib\ext\sunmscapi.jar;C:\Program Files\Java\jdk-1.8\jre\lib\ext\sunpkcs11.jar;C:\Program Files\Java\jdk-1.8\jre\lib\ext\zipfs.jar;C:\Program Files\Java\jdk-1.8\jre\lib\javaws.jar;C:\Program Files\Java\jdk-1.8\jre\lib\jce.jar;C:\Program Files\Java\jdk-1.8\jre\lib\jfr.jar;C:\Program Files\Java\jdk-1.8\jre\lib\jsse.jar;C:\Program Files\Java\jdk-1.8\jre\lib\management-agent.jar;C:\Program Files\Java\jdk-1.8\jre\lib\plugin.jar;C:\Program Files\Java\jdk-1.8\jre\lib\resources.jar;C:\Program Files\Java\jdk-1.8\jre\lib\rt.jar;C:\Users\abhis\Desktop\Java\PersonalProject\Project1\target\classes;C:\Users\abhis\.m2\repository\org\springframework\boot\spring-boot-starter\2.7.14\spring-boot-starter-2.7.14.jar;C:\Users\abhis\.m2\repository\org\springframework\boot\spring-boot\2.7.14\spring-boot-2.7.14.jar;C:\Users\abhis\.m2\repository\org\springframework\spring-context\5.3.29\spring-context-5.3.29.jar;C:\Users\abhis\.m2\repository\org\springframework\boot\spring-boot-autoconfigure\2.7.14\spring-boot-autoconfigure-2.7.14.jar;C:\Users\abhis\.m2\repository\org\springframework\boot\spring-boot-starter-logging\2.7.14\spring-boot-starter-logging-2.7.14.jar;C:\Users\abhis\.m2\repository\ch\qos\logback\logback-classic\1.2.12\logback-classic-1.2.12.jar;C:\Users\abhis\.m2\repository\ch\qos\logback\logback-core\1.2.12\logback-core-1.2.12.jar;C:\Users\abhis\.m2\repository\org\apache\logging\lo
Launcher Type: SUN_STANDARD

Environment Variables:
PATH=C:\Program Files (x86)\Common Files\Oracle\Java\java8path;C:\Program Files (x86)\Common Files\Oracle\Java\javapath;C:\WINDOWS\system32;C:\WINDOWS;C:\WINDOWS\System32\Wbem;C:\WINDOWS\System32\WindowsPowerShell\v1.0\;C:\WINDOWS\System32\OpenSSH\;C:\Program Files\Java\jdk-13\bin;C:\Program Files\Git\cmd;C:\xampp\php;C:\Program Files (x86)\Intel\Intel(R) Management Engine Components\DAL;C:\Program Files\Intel\Intel(R) Management Engine Components\DAL;C:\Users\abhis\AppData\Roaming\Microsoft\Windows\Start Menu\Programs\Python 3.8;C:\Program Files\dotnet\;C:\Users\abhis\AppData\Local\Programs\Python\Python312\scripts;C:\Users\abhis\AppData\Roaming\nvm;C:\Program Files\nodejs;C:\Program Files\MySQL\MySQL Shell 8.0\bin\;C:\Users\abhis\AppData\Local\Programs\Python\Python312\Scripts\;C:\Users\abhis\AppData\Local\Programs\Python\Python312\;C:\Users\abhis\AppData\Local\Programs\Python\Launcher\;C:\Users\abhis\AppData\Local\Programs\Python\Python38\Scripts\;C:\Users\abhis\AppData\Local\Programs\Python\Python38\;C:\Users\abhis\AppData\Local\Microsoft\WindowsApps;C:\Users\abhis\AppData\Local\atom\bin;C:\xampp\php;C:\Users\abhis\AppData\Local\Microsoft\WindowsApps;C:\Users\abhis\AppData\Roaming\npm;C:\Users\abhis\AppData\Local\Programs\Microsoft VS Code\bin;C:\Users\abhis\AppData\Roaming\nvm;C:\Program Files\nodejs;
USERNAME=abhis
OS=Windows_NT
PROCESSOR_IDENTIFIER=Intel64 Family 6 Model 142 Stepping 10, GenuineIntel



---------------  S Y S T E M  ---------------

OS: Windows 11 , 64 bit Build 22621 (10.0.22621.5413)

CPU:total 8 (initial active 8) (4 cores per cpu, 2 threads per core) family 6 model 142 stepping 10, cmov, cx8, fxsr, mmx, sse, sse2, sse3, ssse3, sse4.1, sse4.2, popcnt, avx, avx2, aes, clmul, erms, 3dnowpref, lzcnt, ht, tsc, tscinvbit, bmi1, bmi2, adx

Memory: 4k page, physical 8217844k(878644k free), swap 21672312k(3749048k free)

vm_info: Java HotSpot(TM) 64-Bit Server VM (25.451-b10) for windows-amd64 JRE (1.8.0_451-b10), built on Apr  5 2025 03:18:54 by "java_re" with MS VC++ 17.6 (VS2022)

time: Fri May 30 20:56:08 2025
timezone: Pacific Daylight Time
elapsed time: 118.506893 seconds (0d 0h 1m 58s)

