#
# A fatal error has been detected by the Java Runtime Environment:
#
#  EXCEPTION_ACCESS_VIOLATION (0xc0000005) at pc=0x000000006d22710a, pid=1476, tid=0x00000000000023c0
#
# JRE version: OpenJDK Runtime Environment (8.0_452-b09) (build 1.8.0_452-b09)
# Java VM: OpenJDK 64-Bit Server VM (25.452-b09 mixed mode windows-amd64 compressed oops)
# Problematic frame:
# V  [jvm.dll+0xa710a]
#
# Failed to write core dump. Minidumps are not enabled by default on client versions of Windows
#
# If you would like to submit a bug report, please visit:
#   https://github.com/corretto/corretto-8/issues/
#

---------------  T H R E A D  ---------------

Current thread (0x00000208acd49800):  JavaThread "http-nio-8080-exec-1" daemon [_thread_in_vm, id=9152, stack(0x000000dcd7000000,0x000000dcd7100000)]

siginfo: ExceptionCode=0xc0000005, reading address 0x0000000000000018

Registers:
RAX=0x0000000000000820, RBX=0x0000000100355088, RCX=0x0000000000000018, RDX=0x000000dcd70fb750
RSP=0x000000dcd70fb550, RBP=0x000000dcd70fb650, RSI=0x00000208acd49800, RDI=0x0000000000000000
R8 =0x0000000100355088, R9 =0x00000208ade0a080, R10=0x00000208ae259ce0, R11=0x000000dcd70fb560
R12=0x000000dcd70fb750, R13=0x000000dcd70fb800, R14=0x0000000000000001, R15=0x00000208acd49800
RIP=0x000000006d22710a, EFLAGS=0x0000000000010246

Top of Stack: (sp=0x000000dcd70fb550)
0x000000dcd70fb550:   00000208ac71bbe8 000000006d18db47
0x000000dcd70fb560:   00000208ad021fc0 000000dcd70fb750
0x000000dcd70fb570:   000000dcd70fb800 00000208aa2c4440
0x000000dcd70fb580:   0000000100355088 000000006d225334
0x000000dcd70fb590:   00000208acd49800 000000dcd70fb890
0x000000dcd70fb5a0:   0000000000000000 00000208acd49800
0x000000dcd70fb5b0:   0000000100493880 000000006d743fc0
0x000000dcd70fb5c0:   00000208acd49800 000000006d22886b
0x000000dcd70fb5d0:   000000dcd70fb8f0 00000208af2880f8
0x000000dcd70fb5e0:   00000208acd49800 00000208acd49800
0x000000dcd70fb5f0:   0000000100499038 000000006d2237aa
0x000000dcd70fb600:   0000000100493880 000000006d18db47
0x000000dcd70fb610:   00000208afa72230 00000208acd49800
0x000000dcd70fb620:   0000000100499038 00000208acd49801
0x000000dcd70fb630:   000000dcd70fb680 000000006d38ede7
0x000000dcd70fb640:   00000208afa72230 0000000100493880 

Instructions: (pc=0x000000006d22710a)
0x000000006d2270ea:   b2 a9 00 00 4c 89 77 10 4c 89 7f 18 4c 89 6f 20
0x000000006d2270fa:   e9 34 07 00 00 41 8b 48 0c 48 8b bd e0 00 00 00
0x000000006d22710a:   48 39 1c 39 0f 84 bf 00 00 00 83 f9 18 75 13 48
0x000000006d22711a:   8b d3 48 8b cf e8 bc 31 06 00 84 c0 0f 85 a7 00 


Register to memory mapping:

RAX=0x0000000000000820 is an unknown value
RBX=0x0000000100355088 is pointing into metadata
RCX=0x0000000000000018 is an unknown value
RDX=0x000000dcd70fb750 is pointing into the stack for thread: 0x00000208acd49800
RSP=0x000000dcd70fb550 is pointing into the stack for thread: 0x00000208acd49800
RBP=0x000000dcd70fb650 is pointing into the stack for thread: 0x00000208acd49800
RSI=0x00000208acd49800 is a thread
RDI=0x0000000000000000 is an unknown value
R8 =0x0000000100355088 is pointing into metadata
R9 =0x00000208ade0a080 is an unknown value
R10=0x00000208ae259ce0 is an unknown value
R11=0x000000dcd70fb560 is pointing into the stack for thread: 0x00000208acd49800
R12=0x000000dcd70fb750 is pointing into the stack for thread: 0x00000208acd49800
R13=0x000000dcd70fb800 is pointing into the stack for thread: 0x00000208acd49800
R14=0x0000000000000001 is an unknown value
R15=0x00000208acd49800 is a thread


Stack: [0x000000dcd7000000,0x000000dcd7100000],  sp=0x000000dcd70fb550,  free space=1005k
Native frames: (J=compiled Java code, j=interpreted, Vv=VM code, C=native code)
V  [jvm.dll+0xa710a]
V  [jvm.dll+0xa4ea8]
V  [jvm.dll+0xa58b4]
V  [jvm.dll+0xa02df]
C  0x0000020895de80c6

Java frames: (J=compiled Java code, j=interpreted, Vv=VM code)
j  org.apache.catalina.connector.Request.authenticate(Ljavax/servlet/http/HttpServletResponse;)Z+1
j  org.apache.catalina.connector.RequestFacade.authenticate(Ljavax/servlet/http/HttpServletResponse;)Z+9
j  javax.servlet.http.HttpServletRequestWrapper.authenticate(Ljavax/servlet/http/HttpServletResponse;)Z+5
v  ~StubRoutines::call_stub
j  org.apache.jasper.runtime.HttpJspBase.service(Ljavax/servlet/http/HttpServletRequest;Ljavax/servlet/http/HttpServletResponse;)V+0
j  javax.servlet.http.HttpServlet.service(Ljavax/servlet/ServletRequest;Ljavax/servlet/ServletResponse;)V+36
j  org.apache.jasper.servlet.JspServletWrapper.service(Ljavax/servlet/http/HttpServletRequest;Ljavax/servlet/http/HttpServletResponse;Z)V+411
j  org.apache.jasper.servlet.JspServlet.serviceJspFile(Ljavax/servlet/http/HttpServletRequest;Ljavax/servlet/http/HttpServletResponse;Ljava/lang/String;Z)V+112
j  org.apache.jasper.servlet.JspServlet.service(Ljavax/servlet/http/HttpServletRequest;Ljavax/servlet/http/HttpServletResponse;)V+328
j  javax.servlet.http.HttpServlet.service(Ljavax/servlet/ServletRequest;Ljavax/servlet/ServletResponse;)V+36
j  org.apache.catalina.core.ApplicationFilterChain.internalDoFilter(Ljavax/servlet/ServletRequest;Ljavax/servlet/ServletResponse;)V+304
j  org.apache.catalina.core.ApplicationFilterChain.doFilter(Ljavax/servlet/ServletRequest;Ljavax/servlet/ServletResponse;)V+99
j  org.apache.tomcat.websocket.server.WsFilter.doFilter(Ljavax/servlet/ServletRequest;Ljavax/servlet/ServletResponse;Ljavax/servlet/FilterChain;)V+21
j  org.apache.catalina.core.ApplicationFilterChain.internalDoFilter(Ljavax/servlet/ServletRequest;Ljavax/servlet/ServletResponse;)V+135
j  org.apache.catalina.core.ApplicationFilterChain.doFilter(Ljavax/servlet/ServletRequest;Ljavax/servlet/ServletResponse;)V+99
j  com.example.project1.filter.LoginFilter.doFilterInternal(Ljavax/servlet/http/HttpServletRequest;Ljavax/servlet/http/HttpServletResponse;Ljavax/servlet/FilterChain;)V+3
j  org.springframework.web.filter.OncePerRequestFilter.doFilter(Ljavax/servlet/ServletRequest;Ljavax/servlet/ServletResponse;Ljavax/servlet/FilterChain;)V+147
j  org.apache.catalina.core.ApplicationFilterChain.internalDoFilter(Ljavax/servlet/ServletRequest;Ljavax/servlet/ServletResponse;)V+135
j  org.apache.catalina.core.ApplicationFilterChain.doFilter(Ljavax/servlet/ServletRequest;Ljavax/servlet/ServletResponse;)V+99
j  org.springframework.web.filter.OncePerRequestFilter.doFilter(Ljavax/servlet/ServletRequest;Ljavax/servlet/ServletResponse;Ljavax/servlet/FilterChain;)V+122
j  org.apache.catalina.core.ApplicationFilterChain.internalDoFilter(Ljavax/servlet/ServletRequest;Ljavax/servlet/ServletResponse;)V+135
j  org.apache.catalina.core.ApplicationFilterChain.doFilter(Ljavax/servlet/ServletRequest;Ljavax/servlet/ServletResponse;)V+99
j  org.springframework.web.filter.OncePerRequestFilter.doFilter(Ljavax/servlet/ServletRequest;Ljavax/servlet/ServletResponse;Ljavax/servlet/FilterChain;)V+122
j  org.apache.catalina.core.ApplicationFilterChain.internalDoFilter(Ljavax/servlet/ServletRequest;Ljavax/servlet/ServletResponse;)V+135
j  org.apache.catalina.core.ApplicationFilterChain.doFilter(Ljavax/servlet/ServletRequest;Ljavax/servlet/ServletResponse;)V+99
j  org.springframework.web.filter.OncePerRequestFilter.doFilter(Ljavax/servlet/ServletRequest;Ljavax/servlet/ServletResponse;Ljavax/servlet/FilterChain;)V+122
j  org.apache.catalina.core.ApplicationFilterChain.internalDoFilter(Ljavax/servlet/ServletRequest;Ljavax/servlet/ServletResponse;)V+135
j  org.apache.catalina.core.ApplicationFilterChain.doFilter(Ljavax/servlet/ServletRequest;Ljavax/servlet/ServletResponse;)V+99
j  org.apache.catalina.core.ApplicationDispatcher.invoke(Ljavax/servlet/ServletRequest;Ljavax/servlet/ServletResponse;Lorg/apache/catalina/core/ApplicationDispatcher$State;)V+341
j  org.apache.catalina.core.ApplicationDispatcher.processRequest(Ljavax/servlet/ServletRequest;Ljavax/servlet/ServletResponse;Lorg/apache/catalina/core/ApplicationDispatcher$State;)V+98
j  org.apache.catalina.core.ApplicationDispatcher.doForward(Ljavax/servlet/ServletRequest;Ljavax/servlet/ServletResponse;)V+357
j  org.apache.catalina.core.ApplicationDispatcher.forward(Ljavax/servlet/ServletRequest;Ljavax/servlet/ServletResponse;)V+55
j  org.springframework.web.servlet.view.InternalResourceView.renderMergedOutputModel(Ljava/util/Map;Ljavax/servlet/http/HttpServletRequest;Ljavax/servlet/http/HttpServletResponse;)V+199
j  org.springframework.web.servlet.view.AbstractView.render(Ljava/util/Map;Ljavax/servlet/http/HttpServletRequest;Ljavax/servlet/http/HttpServletResponse;)V+128
j  org.springframework.web.servlet.DispatcherServlet.render(Lorg/springframework/web/servlet/ModelAndView;Ljavax/servlet/http/HttpServletRequest;Ljavax/servlet/http/HttpServletResponse;)V+259
j  org.springframework.web.servlet.DispatcherServlet.processDispatchResult(Ljavax/servlet/http/HttpServletRequest;Ljavax/servlet/http/HttpServletResponse;Lorg/springframework/web/servlet/HandlerExecutionChain;Lorg/springframework/web/servlet/ModelAndView;Ljava/lang/Exception;)V+98
j  org.springframework.web.servlet.DispatcherServlet.doDispatch(Ljavax/servlet/http/HttpServletRequest;Ljavax/servlet/http/HttpServletResponse;)V+360
j  org.springframework.web.servlet.DispatcherServlet.doService(Ljavax/servlet/http/HttpServletRequest;Ljavax/servlet/http/HttpServletResponse;)V+241
j  org.springframework.web.servlet.FrameworkServlet.processRequest(Ljavax/servlet/http/HttpServletRequest;Ljavax/servlet/http/HttpServletResponse;)V+71
j  org.springframework.web.servlet.FrameworkServlet.doGet(Ljavax/servlet/http/HttpServletRequest;Ljavax/servlet/http/HttpServletResponse;)V+3
j  javax.servlet.http.HttpServlet.service(Ljavax/servlet/http/HttpServletRequest;Ljavax/servlet/http/HttpServletResponse;)V+35
j  org.springframework.web.servlet.FrameworkServlet.service(Ljavax/servlet/http/HttpServletRequest;Ljavax/servlet/http/HttpServletResponse;)V+33
j  javax.servlet.http.HttpServlet.service(Ljavax/servlet/ServletRequest;Ljavax/servlet/ServletResponse;)V+36
j  org.apache.catalina.core.ApplicationFilterChain.internalDoFilter(Ljavax/servlet/ServletRequest;Ljavax/servlet/ServletResponse;)V+304
j  org.apache.catalina.core.ApplicationFilterChain.doFilter(Ljavax/servlet/ServletRequest;Ljavax/servlet/ServletResponse;)V+99
j  org.apache.tomcat.websocket.server.WsFilter.doFilter(Ljavax/servlet/ServletRequest;Ljavax/servlet/ServletResponse;Ljavax/servlet/FilterChain;)V+21
j  org.apache.catalina.core.ApplicationFilterChain.internalDoFilter(Ljavax/servlet/ServletRequest;Ljavax/servlet/ServletResponse;)V+135
j  org.apache.catalina.core.ApplicationFilterChain.doFilter(Ljavax/servlet/ServletRequest;Ljavax/servlet/ServletResponse;)V+99
j  org.springframework.web.filter.OncePerRequestFilter.doFilter(Ljavax/servlet/ServletRequest;Ljavax/servlet/ServletResponse;Ljavax/servlet/FilterChain;)V+81
j  org.apache.catalina.core.ApplicationFilterChain.internalDoFilter(Ljavax/servlet/ServletRequest;Ljavax/servlet/ServletResponse;)V+135
j  org.apache.catalina.core.ApplicationFilterChain.doFilter(Ljavax/servlet/ServletRequest;Ljavax/servlet/ServletResponse;)V+99
j  org.springframework.web.filter.RequestContextFilter.doFilterInternal(Ljavax/servlet/http/HttpServletRequest;Ljavax/servlet/http/HttpServletResponse;Ljavax/servlet/FilterChain;)V+21
j  org.springframework.web.filter.OncePerRequestFilter.doFilter(Ljavax/servlet/ServletRequest;Ljavax/servlet/ServletResponse;Ljavax/servlet/FilterChain;)V+147
j  org.apache.catalina.core.ApplicationFilterChain.internalDoFilter(Ljavax/servlet/ServletRequest;Ljavax/servlet/ServletResponse;)V+135
j  org.apache.catalina.core.ApplicationFilterChain.doFilter(Ljavax/servlet/ServletRequest;Ljavax/servlet/ServletResponse;)V+99
j  org.springframework.web.filter.FormContentFilter.doFilterInternal(Ljavax/servlet/http/HttpServletRequest;Ljavax/servlet/http/HttpServletResponse;Ljavax/servlet/FilterChain;)V+38
j  org.springframework.web.filter.OncePerRequestFilter.doFilter(Ljavax/servlet/ServletRequest;Ljavax/servlet/ServletResponse;Ljavax/servlet/FilterChain;)V+147
j  org.apache.catalina.core.ApplicationFilterChain.internalDoFilter(Ljavax/servlet/ServletRequest;Ljavax/servlet/ServletResponse;)V+135
j  org.apache.catalina.core.ApplicationFilterChain.doFilter(Ljavax/servlet/ServletRequest;Ljavax/servlet/ServletResponse;)V+99
j  org.springframework.web.filter.CharacterEncodingFilter.doFilterInternal(Ljavax/servlet/http/HttpServletRequest;Ljavax/servlet/http/HttpServletResponse;Ljavax/servlet/FilterChain;)V+53
j  org.springframework.web.filter.OncePerRequestFilter.doFilter(Ljavax/servlet/ServletRequest;Ljavax/servlet/ServletResponse;Ljavax/servlet/FilterChain;)V+147
j  org.apache.catalina.core.ApplicationFilterChain.internalDoFilter(Ljavax/servlet/ServletRequest;Ljavax/servlet/ServletResponse;)V+135
j  org.apache.catalina.core.ApplicationFilterChain.doFilter(Ljavax/servlet/ServletRequest;Ljavax/servlet/ServletResponse;)V+99
j  org.apache.catalina.core.StandardWrapperValve.invoke(Lorg/apache/catalina/connector/Request;Lorg/apache/catalina/connector/Response;)V+514
j  org.apache.catalina.core.StandardContextValve.invoke(Lorg/apache/catalina/connector/Request;Lorg/apache/catalina/connector/Response;)V+169
j  org.apache.catalina.authenticator.AuthenticatorBase.invoke(Lorg/apache/catalina/connector/Request;Lorg/apache/catalina/connector/Response;)V+260
j  org.apache.catalina.core.StandardHostValve.invoke(Lorg/apache/catalina/connector/Request;Lorg/apache/catalina/connector/Response;)V+128
j  org.apache.catalina.valves.ErrorReportValve.invoke(Lorg/apache/catalina/connector/Request;Lorg/apache/catalina/connector/Response;)V+6
j  org.apache.catalina.core.StandardEngineValve.invoke(Lorg/apache/catalina/connector/Request;Lorg/apache/catalina/connector/Response;)V+59
j  org.apache.catalina.connector.CoyoteAdapter.service(Lorg/apache/coyote/Request;Lorg/apache/coyote/Response;)V+187
j  org.apache.coyote.http11.Http11Processor.service(Lorg/apache/tomcat/util/net/SocketWrapperBase;)Lorg/apache/tomcat/util/net/AbstractEndpoint$Handler$SocketState;+796
j  org.apache.coyote.AbstractProcessorLight.process(Lorg/apache/tomcat/util/net/SocketWrapperBase;Lorg/apache/tomcat/util/net/SocketEvent;)Lorg/apache/tomcat/util/net/AbstractEndpoint$Handler$SocketState;+170
j  org.apache.coyote.AbstractProtocol$ConnectionHandler.process(Lorg/apache/tomcat/util/net/SocketWrapperBase;Lorg/apache/tomcat/util/net/SocketEvent;)Lorg/apache/tomcat/util/net/AbstractEndpoint$Handler$SocketState;+489
j  org.apache.tomcat.util.net.NioEndpoint$SocketProcessor.doRun()V+249
j  org.apache.tomcat.util.net.SocketProcessorBase.run()V+32
j  org.apache.tomcat.util.threads.ThreadPoolExecutor.runWorker(Lorg/apache/tomcat/util/threads/ThreadPoolExecutor$Worker;)V+92
j  org.apache.tomcat.util.threads.ThreadPoolExecutor$Worker.run()V+5
j  org.apache.tomcat.util.threads.TaskThread$WrappingRunnable.run()V+4
j  java.lang.Thread.run()V+11
v  ~StubRoutines::call_stub

---------------  P R O C E S S  ---------------

Java Threads: ( => current thread )
  0x00000208ae289800 JavaThread "DestroyJavaVM" [_thread_blocked, id=10136, stack(0x000000dcd5000000,0x000000dcd5100000)]
  0x00000208ae281800 JavaThread "http-nio-8080-Acceptor" daemon [_thread_in_native, id=2160, stack(0x000000dcd7c00000,0x000000dcd7d00000)]
  0x00000208ae288000 JavaThread "http-nio-8080-Poller" daemon [_thread_in_native, id=5604, stack(0x000000dcd7b00000,0x000000dcd7c00000)]
  0x00000208ae286800 JavaThread "http-nio-8080-exec-10" daemon [_thread_blocked, id=13984, stack(0x000000dcd7a00000,0x000000dcd7b00000)]
  0x00000208ae284000 JavaThread "http-nio-8080-exec-9" daemon [_thread_blocked, id=18940, stack(0x000000dcd7900000,0x000000dcd7a00000)]
  0x00000208ae288800 JavaThread "http-nio-8080-exec-8" daemon [_thread_blocked, id=12804, stack(0x000000dcd7800000,0x000000dcd7900000)]
  0x00000208ae285800 JavaThread "http-nio-8080-exec-7" daemon [_thread_blocked, id=13316, stack(0x000000dcd7700000,0x000000dcd7800000)]
  0x00000208ae280000 JavaThread "http-nio-8080-exec-6" daemon [_thread_blocked, id=15160, stack(0x000000dcd7600000,0x000000dcd7700000)]
  0x00000208ae287000 JavaThread "http-nio-8080-exec-5" daemon [_thread_blocked, id=16540, stack(0x000000dcd7500000,0x000000dcd7600000)]
  0x00000208ae281000 JavaThread "http-nio-8080-exec-4" daemon [_thread_blocked, id=8584, stack(0x000000dcd7400000,0x000000dcd7500000)]
  0x00000208ae285000 JavaThread "http-nio-8080-exec-3" daemon [_thread_blocked, id=4880, stack(0x000000dcd7300000,0x000000dcd7400000)]
  0x00000208acd44000 JavaThread "http-nio-8080-exec-2" daemon [_thread_blocked, id=8924, stack(0x000000dcd7200000,0x000000dcd7300000)]
=>0x00000208acd49800 JavaThread "http-nio-8080-exec-1" daemon [_thread_in_vm, id=9152, stack(0x000000dcd7000000,0x000000dcd7100000)]
  0x00000208acd45000 JavaThread "Live Reload Server" daemon [_thread_in_native, id=12988, stack(0x000000dcd7100000,0x000000dcd7200000)]
  0x00000208acd48000 JavaThread "File Watcher" daemon [_thread_blocked, id=18300, stack(0x000000dcd6f00000,0x000000dcd7000000)]
  0x00000208acd46800 JavaThread "container-0" [_thread_blocked, id=19312, stack(0x000000dcd6e00000,0x000000dcd6f00000)]
  0x00000208acd49000 JavaThread "Catalina-utility-2" [_thread_blocked, id=19212, stack(0x000000dcd6d00000,0x000000dcd6e00000)]
  0x00000208acd4a800 JavaThread "Catalina-utility-1" [_thread_blocked, id=19992, stack(0x000000dcd6c00000,0x000000dcd6d00000)]
  0x00000208acd0e000 JavaThread "RMI TCP Connection(2)-192.168.137.1" daemon [_thread_in_native, id=11276, stack(0x000000dcd6900000,0x000000dcd6a00000)]
  0x00000208acc05800 JavaThread "JMX server connection timeout 16" daemon [_thread_blocked, id=18888, stack(0x000000dcd6800000,0x000000dcd6900000)]
  0x00000208ac900800 JavaThread "RMI Scheduler(0)" daemon [_thread_blocked, id=5416, stack(0x000000dcd6700000,0x000000dcd6800000)]
  0x00000208acc0a800 JavaThread "RMI TCP Connection(1)-192.168.137.1" daemon [_thread_in_native, id=16264, stack(0x000000dcd6600000,0x000000dcd6700000)]
  0x00000208aca04000 JavaThread "RMI TCP Accept-0" daemon [_thread_in_native, id=20432, stack(0x000000dcd6400000,0x000000dcd6500000)]
  0x00000208ac78a800 JavaThread "Service Thread" daemon [_thread_blocked, id=9936, stack(0x000000dcd6300000,0x000000dcd6400000)]
  0x00000208ac718800 JavaThread "C1 CompilerThread3" daemon [_thread_blocked, id=8408, stack(0x000000dcd6200000,0x000000dcd6300000)]
  0x00000208ac6f1000 JavaThread "C2 CompilerThread2" daemon [_thread_blocked, id=7908, stack(0x000000dcd6100000,0x000000dcd6200000)]
  0x00000208ac6ec000 JavaThread "C2 CompilerThread1" daemon [_thread_blocked, id=11324, stack(0x000000dcd6000000,0x000000dcd6100000)]
  0x00000208ac6e6000 JavaThread "C2 CompilerThread0" daemon [_thread_blocked, id=19648, stack(0x000000dcd5f00000,0x000000dcd6000000)]
  0x00000208ac6bf800 JavaThread "Monitor Ctrl-Break" daemon [_thread_in_native, id=12768, stack(0x000000dcd5e00000,0x000000dcd5f00000)]
  0x00000208aa765800 JavaThread "Attach Listener" daemon [_thread_blocked, id=15660, stack(0x000000dcd5d00000,0x000000dcd5e00000)]
  0x00000208aa765000 JavaThread "Signal Dispatcher" daemon [_thread_blocked, id=16752, stack(0x000000dcd5c00000,0x000000dcd5d00000)]
  0x00000208aa73e800 JavaThread "Finalizer" daemon [_thread_blocked, id=19008, stack(0x000000dcd5b00000,0x000000dcd5c00000)]
  0x00000208aa3b8000 JavaThread "Reference Handler" daemon [_thread_blocked, id=20352, stack(0x000000dcd5a00000,0x000000dcd5b00000)]

Other Threads:
  0x00000208aa3b5800 VMThread [stack: 0x000000dcd5900000,0x000000dcd5a00000] [id=14584]
  0x00000208aca07800 WatcherThread [stack: 0x000000dcd6500000,0x000000dcd6600000] [id=14604]

VM state:not at safepoint (normal execution)

VM Mutex/Monitor currently owned by a thread: None

heap address: 0x0000000082800000, size: 2008 MB, Compressed Oops mode: 32-bit
Narrow klass base: 0x0000000000000000, Narrow klass shift: 3
Compressed class space size: 1073741824 Address: 0x0000000100000000

Heap:
 PSYoungGen      total 177152K, used 58638K [0x00000000d6300000, 0x00000000e3680000, 0x0000000100000000)
  eden space 165888K, 35% used [0x00000000d6300000,0x00000000d9c43b58,0x00000000e0500000)
  from space 11264K, 0% used [0x00000000e1000000,0x00000000e1000000,0x00000000e1b00000)
  to   space 11264K, 0% used [0x00000000e0500000,0x00000000e0500000,0x00000000e1000000)
 ParOldGen       total 80384K, used 13248K [0x0000000082800000, 0x0000000087680000, 0x00000000d6300000)
  object space 80384K, 16% used [0x0000000082800000,0x00000000834f0178,0x0000000087680000)
 Metaspace       used 38795K, capacity 41202K, committed 41472K, reserved 1085440K
  class space    used 4853K, capacity 5303K, committed 5376K, reserved 1048576K

Card table byte_map: [0x00000208a5180000,0x00000208a5570000] byte_map_base: 0x00000208a4d6c000

Marking Bits: (ParMarkBitMap*) 0x000000006d9648d0
 Begin Bits: [0x00000208a5810000, 0x00000208a7770000)
 End Bits:   [0x00000208a7770000, 0x00000208a96d0000)

Polling page: 0x00000208943d0000

CodeCache: size=245760Kb used=7759Kb max_used=7759Kb free=238000Kb
 bounds [0x0000020895dc0000, 0x0000020896560000, 0x00000208a4dc0000]
 total_blobs=4106 nmethods=3615 adapters=403
 compilation: enabled

Compilation events (10 events):
Event: 21.452 Thread 0x00000208ac718800 nmethod 3642 0x0000020896552050 code [0x00000208965521a0, 0x00000208965522f8]
Event: 21.456 Thread 0x00000208ac718800 3644       1       org.apache.jasper.compiler.SmapUtil$SDEInstaller::readU1 (21 bytes)
Event: 21.456 Thread 0x00000208ac718800 nmethod 3644 0x0000020896552590 code [0x00000208965526e0, 0x0000020896552838]
Event: 21.456 Thread 0x00000208ac718800 3646       1       org.apache.jasper.compiler.SmapUtil$SDEInstaller::readBytes (38 bytes)
Event: 21.457 Thread 0x00000208ac718800 nmethod 3646 0x0000020896552910 code [0x0000020896552a80, 0x0000020896552c78]
Event: 21.457 Thread 0x00000208ac718800 3645       1       org.apache.jasper.compiler.SmapUtil$SDEInstaller::writeU1 (19 bytes)
Event: 21.457 Thread 0x00000208ac718800 nmethod 3645 0x0000020896552dd0 code [0x0000020896552f20, 0x0000020896553078]
Event: 21.457 Thread 0x00000208ac718800 3647       1       org.apache.jasper.compiler.SmapUtil$SDEInstaller::copy (46 bytes)
Event: 21.457 Thread 0x00000208ac718800 nmethod 3647 0x0000020896553150 code [0x00000208965532c0, 0x0000020896553458]
Event: 21.465 Thread 0x00000208ac718800 3648       1       org.apache.catalina.core.DefaultInstanceManager::findLifecycleCallback (110 bytes)

GC Heap History (10 events):
Event: 4.137 GC heap before
{Heap before GC invocations=6 (full 1):
 PSYoungGen      total 70656K, used 5093K [0x00000000d6300000, 0x00000000df500000, 0x0000000100000000)
  eden space 65536K, 0% used [0x00000000d6300000,0x00000000d6300000,0x00000000da300000)
  from space 5120K, 99% used [0x00000000da300000,0x00000000da7f9708,0x00000000da800000)
  to   space 9216K, 0% used [0x00000000dec00000,0x00000000dec00000,0x00000000df500000)
 ParOldGen       total 86016K, used 8726K [0x0000000082800000, 0x0000000087c00000, 0x00000000d6300000)
  object space 86016K, 10% used [0x0000000082800000,0x0000000083085938,0x0000000087c00000)
 Metaspace       used 20263K, capacity 21214K, committed 21296K, reserved 1067008K
  class space    used 2661K, capacity 2880K, committed 2944K, reserved 1048576K
Event: 4.185 GC heap after
Heap after GC invocations=6 (full 1):
 PSYoungGen      total 70656K, used 0K [0x00000000d6300000, 0x00000000df500000, 0x0000000100000000)
  eden space 65536K, 0% used [0x00000000d6300000,0x00000000d6300000,0x00000000da300000)
  from space 5120K, 0% used [0x00000000da300000,0x00000000da300000,0x00000000da800000)
  to   space 9216K, 0% used [0x00000000dec00000,0x00000000dec00000,0x00000000df500000)
 ParOldGen       total 55296K, used 7206K [0x0000000082800000, 0x0000000085e00000, 0x00000000d6300000)
  object space 55296K, 13% used [0x0000000082800000,0x0000000082f098f0,0x0000000085e00000)
 Metaspace       used 20263K, capacity 21214K, committed 21296K, reserved 1067008K
  class space    used 2661K, capacity 2880K, committed 2944K, reserved 1048576K
}
Event: 5.427 GC heap before
{Heap before GC invocations=7 (full 1):
 PSYoungGen      total 70656K, used 65536K [0x00000000d6300000, 0x00000000df500000, 0x0000000100000000)
  eden space 65536K, 100% used [0x00000000d6300000,0x00000000da300000,0x00000000da300000)
  from space 5120K, 0% used [0x00000000da300000,0x00000000da300000,0x00000000da800000)
  to   space 9216K, 0% used [0x00000000dec00000,0x00000000dec00000,0x00000000df500000)
 ParOldGen       total 55296K, used 7206K [0x0000000082800000, 0x0000000085e00000, 0x00000000d6300000)
  object space 55296K, 13% used [0x0000000082800000,0x0000000082f098f0,0x0000000085e00000)
 Metaspace       used 24875K, capacity 26492K, committed 26752K, reserved 1073152K
  class space    used 3329K, capacity 3634K, committed 3712K, reserved 1048576K
Event: 5.436 GC heap after
Heap after GC invocations=7 (full 1):
 PSYoungGen      total 112640K, used 7032K [0x00000000d6300000, 0x00000000df300000, 0x0000000100000000)
  eden space 105472K, 0% used [0x00000000d6300000,0x00000000d6300000,0x00000000dca00000)
  from space 7168K, 98% used [0x00000000dec00000,0x00000000df2de138,0x00000000df300000)
  to   space 9216K, 0% used [0x00000000de100000,0x00000000de100000,0x00000000dea00000)
 ParOldGen       total 55296K, used 7214K [0x0000000082800000, 0x0000000085e00000, 0x00000000d6300000)
  object space 55296K, 13% used [0x0000000082800000,0x0000000082f0b8f0,0x0000000085e00000)
 Metaspace       used 24875K, capacity 26492K, committed 26752K, reserved 1073152K
  class space    used 3329K, capacity 3634K, committed 3712K, reserved 1048576K
}
Event: 6.656 GC heap before
{Heap before GC invocations=8 (full 1):
 PSYoungGen      total 112640K, used 112504K [0x00000000d6300000, 0x00000000df300000, 0x0000000100000000)
  eden space 105472K, 100% used [0x00000000d6300000,0x00000000dca00000,0x00000000dca00000)
  from space 7168K, 98% used [0x00000000dec00000,0x00000000df2de138,0x00000000df300000)
  to   space 9216K, 0% used [0x00000000de100000,0x00000000de100000,0x00000000dea00000)
 ParOldGen       total 55296K, used 7214K [0x0000000082800000, 0x0000000085e00000, 0x00000000d6300000)
  object space 55296K, 13% used [0x0000000082800000,0x0000000082f0b8f0,0x0000000085e00000)
 Metaspace       used 31761K, capacity 34050K, committed 34176K, reserved 1079296K
  class space    used 4223K, capacity 4654K, committed 4736K, reserved 1048576K
Event: 6.666 GC heap after
Heap after GC invocations=8 (full 1):
 PSYoungGen      total 138240K, used 9214K [0x00000000d6300000, 0x00000000e1b00000, 0x0000000100000000)
  eden space 129024K, 0% used [0x00000000d6300000,0x00000000d6300000,0x00000000de100000)
  from space 9216K, 99% used [0x00000000de100000,0x00000000de9ff820,0x00000000dea00000)
  to   space 11264K, 0% used [0x00000000e1000000,0x00000000e1000000,0x00000000e1b00000)
 ParOldGen       total 55296K, used 9650K [0x0000000082800000, 0x0000000085e00000, 0x00000000d6300000)
  object space 55296K, 17% used [0x0000000082800000,0x000000008316cb70,0x0000000085e00000)
 Metaspace       used 31761K, capacity 34050K, committed 34176K, reserved 1079296K
  class space    used 4223K, capacity 4654K, committed 4736K, reserved 1048576K
}
Event: 20.795 GC heap before
{Heap before GC invocations=9 (full 1):
 PSYoungGen      total 138240K, used 28654K [0x00000000d6300000, 0x00000000e1b00000, 0x0000000100000000)
  eden space 129024K, 15% used [0x00000000d6300000,0x00000000d75fc390,0x00000000de100000)
  from space 9216K, 99% used [0x00000000de100000,0x00000000de9ff820,0x00000000dea00000)
  to   space 11264K, 0% used [0x00000000e1000000,0x00000000e1000000,0x00000000e1b00000)
 ParOldGen       total 55296K, used 9650K [0x0000000082800000, 0x0000000085e00000, 0x00000000d6300000)
  object space 55296K, 17% used [0x0000000082800000,0x000000008316cb70,0x0000000085e00000)
 Metaspace       used 33093K, capacity 35414K, committed 35496K, reserved 1079296K
  class space    used 4388K, capacity 4810K, committed 4864K, reserved 1048576K
Event: 20.802 GC heap after
Heap after GC invocations=9 (full 1):
 PSYoungGen      total 177152K, used 8663K [0x00000000d6300000, 0x00000000e3680000, 0x0000000100000000)
  eden space 165888K, 0% used [0x00000000d6300000,0x00000000d6300000,0x00000000e0500000)
  from space 11264K, 76% used [0x00000000e1000000,0x00000000e1875f58,0x00000000e1b00000)
  to   space 11264K, 0% used [0x00000000e0500000,0x00000000e0500000,0x00000000e1000000)
 ParOldGen       total 55296K, used 9658K [0x0000000082800000, 0x0000000085e00000, 0x00000000d6300000)
  object space 55296K, 17% used [0x0000000082800000,0x000000008316eb70,0x0000000085e00000)
 Metaspace       used 33093K, capacity 35414K, committed 35496K, reserved 1079296K
  class space    used 4388K, capacity 4810K, committed 4864K, reserved 1048576K
}
Event: 20.802 GC heap before
{Heap before GC invocations=10 (full 2):
 PSYoungGen      total 177152K, used 8663K [0x00000000d6300000, 0x00000000e3680000, 0x0000000100000000)
  eden space 165888K, 0% used [0x00000000d6300000,0x00000000d6300000,0x00000000e0500000)
  from space 11264K, 76% used [0x00000000e1000000,0x00000000e1875f58,0x00000000e1b00000)
  to   space 11264K, 0% used [0x00000000e0500000,0x00000000e0500000,0x00000000e1000000)
 ParOldGen       total 55296K, used 9658K [0x0000000082800000, 0x0000000085e00000, 0x00000000d6300000)
  object space 55296K, 17% used [0x0000000082800000,0x000000008316eb70,0x0000000085e00000)
 Metaspace       used 33093K, capacity 35414K, committed 35496K, reserved 1079296K
  class space    used 4388K, capacity 4810K, committed 4864K, reserved 1048576K
Event: 20.874 GC heap after
Heap after GC invocations=10 (full 2):
 PSYoungGen      total 177152K, used 0K [0x00000000d6300000, 0x00000000e3680000, 0x0000000100000000)
  eden space 165888K, 0% used [0x00000000d6300000,0x00000000d6300000,0x00000000e0500000)
  from space 11264K, 0% used [0x00000000e1000000,0x00000000e1000000,0x00000000e1b00000)
  to   space 11264K, 0% used [0x00000000e0500000,0x00000000e0500000,0x00000000e1000000)
 ParOldGen       total 80384K, used 13248K [0x0000000082800000, 0x0000000087680000, 0x00000000d6300000)
  object space 80384K, 16% used [0x0000000082800000,0x00000000834f0178,0x0000000087680000)
 Metaspace       used 33093K, capacity 35414K, committed 35496K, reserved 1079296K
  class space    used 4388K, capacity 4810K, committed 4864K, reserved 1048576K
}

Deoptimization events (0 events):
No events

Classes redefined (0 events):
No events

Internal exceptions (10 events):
Event: 6.298 Thread 0x00000208acd83000 Exception <a 'java/lang/ClassNotFoundException': org/springframework/boot/autoconfigure/web/servlet/WebMvcAutoConfiguration$EnableWebMvcConfigurationCustomizer> (0x00000000da4172d8) thrown at [C:\wsjdk\Corretto8Src\installers\windows\zip\corretto-build\bu
Event: 6.299 Thread 0x00000208acd83000 Exception <a 'java/lang/ClassNotFoundException': org/springframework/context/ResourceLoaderAwareCustomizer> (0x00000000da43b968) thrown at [C:\wsjdk\Corretto8Src\installers\windows\zip\corretto-build\buildRoot\hotspot\src\share\vm\classfile\systemDictiona
Event: 6.300 Thread 0x00000208acd83000 Exception <a 'java/lang/ClassNotFoundException': org/springframework/beans/factory/AwareCustomizer> (0x00000000da44b550) thrown at [C:\wsjdk\Corretto8Src\installers\windows\zip\corretto-build\buildRoot\hotspot\src\share\vm\classfile\systemDictionary.cpp, 
Event: 6.300 Thread 0x00000208acd83000 Exception <a 'java/lang/ClassNotFoundException': org/springframework/context/ApplicationContextAwareCustomizer> (0x00000000da45c428) thrown at [C:\wsjdk\Corretto8Src\installers\windows\zip\corretto-build\buildRoot\hotspot\src\share\vm\classfile\systemDict
Event: 6.300 Thread 0x00000208acd83000 Exception <a 'java/lang/ClassNotFoundException': org/springframework/beans/factory/AwareCustomizer> (0x00000000da46c628) thrown at [C:\wsjdk\Corretto8Src\installers\windows\zip\corretto-build\buildRoot\hotspot\src\share\vm\classfile\systemDictionary.cpp, 
Event: 6.301 Thread 0x00000208acd83000 Exception <a 'java/lang/ClassNotFoundException': org/springframework/web/context/ServletContextAwareCustomizer> (0x00000000da47d4b0) thrown at [C:\wsjdk\Corretto8Src\installers\windows\zip\corretto-build\buildRoot\hotspot\src\share\vm\classfile\systemDict
Event: 6.301 Thread 0x00000208acd83000 Exception <a 'java/lang/ClassNotFoundException': org/springframework/beans/factory/AwareCustomizer> (0x00000000da48d110) thrown at [C:\wsjdk\Corretto8Src\installers\windows\zip\corretto-build\buildRoot\hotspot\src\share\vm\classfile\systemDictionary.cpp, 
Event: 6.487 Thread 0x00000208acd83000 Exception <a 'java/lang/NoSuchMethodError': java.lang.Object.lambda$thenComparing$36697e65$1(Ljava/util/Comparator;Ljava/lang/Object;Ljava/lang/Object;)I> (0x00000000db8ff5a8) thrown at [C:\wsjdk\Corretto8Src\installers\windows\zip\corretto-build\buildRoo
Event: 6.512 Thread 0x00000208acd83000 Exception <a 'java/lang/IncompatibleClassChangeError': Found class java.lang.Object, but interface was expected> (0x00000000dbb72a20) thrown at [C:\wsjdk\Corretto8Src\installers\windows\zip\corretto-build\buildRoot\hotspot\src\share\vm\interpreter\linkRes
Event: 21.146 Thread 0x00000208acd49800 Exception <a 'java/lang/ArrayIndexOutOfBoundsException': 8091> (0x00000000d819aef0) thrown at [C:\wsjdk\Corretto8Src\installers\windows\zip\corretto-build\buildRoot\hotspot\src\share\vm\interpreter\interpreterRuntime.cpp, line 372]

Events (10 events):
Event: 21.463 Executing VM operation: ChangeBreakpoints
Event: 21.464 Executing VM operation: ChangeBreakpoints done
Event: 21.464 Executing VM operation: ChangeBreakpoints
Event: 21.464 Executing VM operation: ChangeBreakpoints done
Event: 21.465 Executing VM operation: RevokeBias
Event: 21.465 Executing VM operation: RevokeBias done
Event: 21.465 Executing VM operation: GetOrSetLocal
Event: 21.465 Executing VM operation: GetOrSetLocal done
Event: 21.465 Executing VM operation: GetOrSetLocal
Event: 21.465 Executing VM operation: GetOrSetLocal done


Dynamic libraries:
0x00007ff692a00000 - 0x00007ff692a46000 	C:\Users\abhis\.jdks\corretto-1.8.0_452\bin\java.exe
0x0000020894170000 - 0x0000020894387000 	C:\WINDOWS\SYSTEM32\ntd1l.dll
0x0000020893d20000 - 0x0000020893de4000 	C:\WINDOWS\System32\kern3l32.dll
0x00007ff8d99d0000 - 0x00007ff8d9be7000 	C:\WINDOWS\SYSTEM32\ntdll.dll
0x00007ff8d87f0000 - 0x00007ff8d88b4000 	C:\WINDOWS\System32\KERNEL32.DLL
0x00007ff8d6fa0000 - 0x00007ff8d7372000 	C:\WINDOWS\System32\KERNELBASE.dll
0x00007ff8d65c0000 - 0x00007ff8d69d6000 	C:\Program Files\SentinelOne\Sentinel Agent 24.1.5.277\InProcessClient64.dll
0x00007ff8d85e0000 - 0x00007ff8d8691000 	C:\WINDOWS\System32\ADVAPI32.dll
0x00007ff8d9380000 - 0x00007ff8d9427000 	C:\WINDOWS\System32\msvcrt.dll
0x00007ff8d86a0000 - 0x00007ff8d8748000 	C:\WINDOWS\System32\sechost.dll
0x00007ff8d6c80000 - 0x00007ff8d6ca8000 	C:\WINDOWS\System32\bcrypt.dll
0x00007ff8d9450000 - 0x00007ff8d9564000 	C:\WINDOWS\System32\RPCRT4.dll
0x00007ff8d91c0000 - 0x00007ff8d9371000 	C:\WINDOWS\System32\USER32.dll
0x00007ff8d7630000 - 0x00007ff8d7656000 	C:\WINDOWS\System32\win32u.dll
0x00007ff8d9750000 - 0x00007ff8d9779000 	C:\WINDOWS\System32\GDI32.dll
0x00007ff8d6e70000 - 0x00007ff8d6f93000 	C:\WINDOWS\System32\gdi32full.dll
0x00007ff8d6dd0000 - 0x00007ff8d6e6a000 	C:\WINDOWS\System32\msvcp_win.dll
0x00007ff8d6cb0000 - 0x00007ff8d6dc1000 	C:\WINDOWS\System32\ucrtbase.dll
0x00007ff8c35e0000 - 0x00007ff8c387b000 	C:\WINDOWS\WinSxS\amd64_microsoft.windows.common-controls_6595b64144ccf1df_6.0.22621.5413_none_270da5617387a498\COMCTL32.dll
0x00007ff8d6560000 - 0x00007ff8d656a000 	C:\WINDOWS\SYSTEM32\VERSION.dll
0x00007ff8d6550000 - 0x00007ff8d655b000 	C:\WINDOWS\SYSTEM32\FLTLIB.DLL
0x00007ff8d9950000 - 0x00007ff8d9981000 	C:\WINDOWS\System32\IMM32.DLL
0x00007ff8c55c0000 - 0x00007ff8c55d5000 	C:\Users\abhis\.jdks\corretto-1.8.0_452\jre\bin\vcruntime140.dll
0x00007ff8c5520000 - 0x00007ff8c55bb000 	C:\Users\abhis\.jdks\corretto-1.8.0_452\jre\bin\msvcp140.dll
0x000000006d180000 - 0x000000006d9dd000 	C:\Users\abhis\.jdks\corretto-1.8.0_452\jre\bin\server\jvm.dll
0x00007ff8d91b0000 - 0x00007ff8d91b8000 	C:\WINDOWS\System32\PSAPI.DLL
0x00007ff8c2b20000 - 0x00007ff8c2b29000 	C:\WINDOWS\SYSTEM32\WSOCK32.dll
0x00007ff8d8560000 - 0x00007ff8d85d1000 	C:\WINDOWS\System32\WS2_32.dll
0x00007ff8c2600000 - 0x00007ff8c2634000 	C:\WINDOWS\SYSTEM32\WINMM.dll
0x00007ff8d56b0000 - 0x00007ff8d56c8000 	C:\WINDOWS\SYSTEM32\kernel.appcore.dll
0x00007ff8ce700000 - 0x00007ff8ce710000 	C:\Users\abhis\.jdks\corretto-1.8.0_452\jre\bin\verify.dll
0x00007ff8c54f0000 - 0x00007ff8c551b000 	C:\Users\abhis\.jdks\corretto-1.8.0_452\jre\bin\java.dll
0x00007ff8c54b0000 - 0x00007ff8c54e2000 	C:\Users\abhis\.jdks\corretto-1.8.0_452\jre\bin\instrument.dll
0x00007ff8b18a0000 - 0x00007ff8b194d000 	C:\Program Files\SentinelOne\Sentinel Agent 24.1.5.277\SentinelJava64.dll
0x00007ff8d7660000 - 0x00007ff8d76c9000 	C:\WINDOWS\System32\SHLWAPI.dll
0x0000020895c20000 - 0x0000020895dc0000 	C:\WINDOWS\System32\ole32.dll
0x00007ff8d81c0000 - 0x00007ff8d8553000 	C:\WINDOWS\System32\combase.dll
0x00007ff8c5490000 - 0x00007ff8c54a8000 	C:\Users\abhis\.jdks\corretto-1.8.0_452\jre\bin\zip.dll
0x00007ff8d7910000 - 0x00007ff8d81b2000 	C:\WINDOWS\System32\SHELL32.dll
0x00007ff8d6ac0000 - 0x00007ff8d6bff000 	C:\WINDOWS\System32\wintypes.dll
0x00007ff8d45b0000 - 0x00007ff8d4ecd000 	C:\WINDOWS\SYSTEM32\windows.storage.dll
0x00007ff8d8a60000 - 0x00007ff8d8b6b000 	C:\WINDOWS\System32\SHCORE.dll
0x00007ff8d69f0000 - 0x00007ff8d6a1b000 	C:\WINDOWS\SYSTEM32\profapi.dll
0x00007ff8c4cd0000 - 0x00007ff8c4cec000 	C:\Users\abhis\.jdks\corretto-1.8.0_452\jre\bin\net.dll
0x00007ff8d5b30000 - 0x00007ff8d5b99000 	C:\WINDOWS\system32\mswsock.dll
0x00007ff8d51a0000 - 0x00007ff8d5298000 	C:\WINDOWS\SYSTEM32\DNSAPI.dll
0x00007ff8d5130000 - 0x00007ff8d515d000 	C:\WINDOWS\SYSTEM32\IPHLPAPI.DLL
0x00007ff8d7830000 - 0x00007ff8d7839000 	C:\WINDOWS\System32\NSI.dll
0x00007ff8c4d80000 - 0x00007ff8c4d8a000 	C:\Windows\System32\rasadhlp.dll
0x00007ff8c8d40000 - 0x00007ff8c8dc4000 	C:\WINDOWS\System32\fwpuclnt.dll
0x00007ff8d6c00000 - 0x00007ff8d6c7b000 	C:\WINDOWS\System32\bcryptPrimitives.dll
0x00007ff8c4d90000 - 0x00007ff8c4d9d000 	C:\Users\abhis\.jdks\corretto-1.8.0_452\jre\bin\management.dll
0x00007ff8c25e0000 - 0x00007ff8c25f3000 	C:\Users\abhis\.jdks\corretto-1.8.0_452\jre\bin\nio.dll
0x00007ff8d5d80000 - 0x00007ff8d5d9b000 	C:\WINDOWS\SYSTEM32\CRYPTSP.dll
0x00007ff8d5610000 - 0x00007ff8d5647000 	C:\WINDOWS\system32\rsaenh.dll
0x00007ff8d5c20000 - 0x00007ff8d5c48000 	C:\WINDOWS\SYSTEM32\USERENV.dll
0x00007ff8d5da0000 - 0x00007ff8d5dac000 	C:\WINDOWS\SYSTEM32\CRYPTBASE.dll
0x00007ff8cc840000 - 0x00007ff8cc859000 	C:\WINDOWS\SYSTEM32\dhcpcsvc6.DLL
0x00007ff8cc570000 - 0x00007ff8cc58f000 	C:\WINDOWS\SYSTEM32\dhcpcsvc.DLL
0x00007ff8b8670000 - 0x00007ff8b8687000 	C:\WINDOWS\system32\napinsp.dll
0x00007ff8b8690000 - 0x00007ff8b86ab000 	C:\WINDOWS\system32\pnrpnsp.dll
0x00007ff8b8650000 - 0x00007ff8b8661000 	C:\WINDOWS\System32\winrnr.dll
0x00007ff8b8610000 - 0x00007ff8b862f000 	C:\WINDOWS\system32\wshbth.dll
0x00007ff8b84e0000 - 0x00007ff8b8501000 	C:\WINDOWS\system32\nlansp_c.dll
0x00007ff8a9780000 - 0x00007ff8a97d0000 	C:\WINDOWS\SYSTEM32\pdh.dll
0x00007ff8abd70000 - 0x00007ff8abd81000 	C:\WINDOWS\System32\perfproc.dll
0x00007ff8b8420000 - 0x00007ff8b8430000 	C:\WINDOWS\System32\perfos.dll
0x00007ff8d1760000 - 0x00007ff8d1770000 	C:\WINDOWS\SYSTEM32\pfclient.dll
0x00007ff8c2580000 - 0x00007ff8c25a4000 	C:\Users\abhis\.jdks\corretto-1.8.0_452\jre\bin\sunec.dll
0x00007ff8bbc50000 - 0x00007ff8bbc5e000 	C:\Users\abhis\.jdks\corretto-1.8.0_452\jre\bin\sunmscapi.dll
0x00007ff8d74c0000 - 0x00007ff8d7627000 	C:\WINDOWS\System32\CRYPT32.dll
0x00007ff8d5fb0000 - 0x00007ff8d5fdd000 	C:\WINDOWS\SYSTEM32\ncrypt.dll
0x00007ff8d5f70000 - 0x00007ff8d5fa7000 	C:\WINDOWS\SYSTEM32\NTASN1.dll
0x00007ff8d4290000 - 0x00007ff8d44c2000 	C:\WINDOWS\SYSTEM32\dbghelp.dll
0x00007ff8d9570000 - 0x00007ff8d9647000 	C:\WINDOWS\System32\OLEAUT32.dll

VM Arguments:
jvm_args: -XX:TieredStopAtLevel=1 -Xverify:none -Dspring.output.ansi.enabled=always -Dcom.sun.management.jmxremote -Dspring.jmx.enabled=true -Dspring.liveBeansView.mbeanDomain -Dspring.application.admin.enabled=true -Dmanagement.endpoints.jmx.exposure.include=* -javaagent:C:\Program Files\JetBrains\IntelliJ IDEA 2025.1.1.1\lib\idea_rt.jar=51416 -Dfile.encoding=UTF-8 -agentpath:C:\Program Files\SentinelOne\Sentinel Agent 24.1.5.277\SentinelJava64.dll=extendedCapabilities 
java_command: com.example.project1.Project1Application
java_class_path (initial): C:\Users\abhis\.jdks\corretto-1.8.0_452\jre\lib\charsets.jar;C:\Users\abhis\.jdks\corretto-1.8.0_452\jre\lib\ext\access-bridge-64.jar;C:\Users\abhis\.jdks\corretto-1.8.0_452\jre\lib\ext\cldrdata.jar;C:\Users\abhis\.jdks\corretto-1.8.0_452\jre\lib\ext\dnsns.jar;C:\Users\abhis\.jdks\corretto-1.8.0_452\jre\lib\ext\jaccess.jar;C:\Users\abhis\.jdks\corretto-1.8.0_452\jre\lib\ext\jfxrt.jar;C:\Users\abhis\.jdks\corretto-1.8.0_452\jre\lib\ext\localedata.jar;C:\Users\abhis\.jdks\corretto-1.8.0_452\jre\lib\ext\nashorn.jar;C:\Users\abhis\.jdks\corretto-1.8.0_452\jre\lib\ext\sunec.jar;C:\Users\abhis\.jdks\corretto-1.8.0_452\jre\lib\ext\sunjce_provider.jar;C:\Users\abhis\.jdks\corretto-1.8.0_452\jre\lib\ext\sunmscapi.jar;C:\Users\abhis\.jdks\corretto-1.8.0_452\jre\lib\ext\sunpkcs11.jar;C:\Users\abhis\.jdks\corretto-1.8.0_452\jre\lib\ext\zipfs.jar;C:\Users\abhis\.jdks\corretto-1.8.0_452\jre\lib\jce.jar;C:\Users\abhis\.jdks\corretto-1.8.0_452\jre\lib\jfr.jar;C:\Users\abhis\.jdks\corretto-1.8.0_452\jre\lib\jfxswt.jar;C:\Users\abhis\.jdks\corretto-1.8.0_452\jre\lib\jsse.jar;C:\Users\abhis\.jdks\corretto-1.8.0_452\jre\lib\management-agent.jar;C:\Users\abhis\.jdks\corretto-1.8.0_452\jre\lib\resources.jar;C:\Users\abhis\.jdks\corretto-1.8.0_452\jre\lib\rt.jar;C:\Users\abhis\Desktop\Java\PersonalProject\Project1\target\classes;C:\Users\abhis\.m2\repository\org\springframework\boot\spring-boot-starter\2.7.14\spring-boot-starter-2.7.14.jar;C:\Users\abhis\.m2\repository\org\springframework\boot\spring-boot\2.7.14\spring-boot-2.7.14.jar;C:\Users\abhis\.m2\repository\org\springframework\spring-context\5.3.29\spring-context-5.3.29.jar;C:\Users\abhis\.m2\repository\org\springframework\boot\spring-boot-autoconfigure\2.7.14\spring-boot-autoconfigure-2.7.14.jar;C:\Users\abhis\.m2\repository\org\springframework\boot\spring-boot-starter-logging\2.7.14\spring-boot-starter-logging-2.7.14.jar;C:\Users\abhis\.m2\repository\ch\qos\logback\logback-classic\1.2.12\logback-class
Launcher Type: SUN_STANDARD

Environment Variables:
PATH=C:\Program Files (x86)\Common Files\Oracle\Java\java8path;C:\Program Files (x86)\Common Files\Oracle\Java\javapath;C:\WINDOWS\system32;C:\WINDOWS;C:\WINDOWS\System32\Wbem;C:\WINDOWS\System32\WindowsPowerShell\v1.0\;C:\WINDOWS\System32\OpenSSH\;C:\Program Files\Java\jdk-13\bin;C:\Program Files\Git\cmd;C:\xampp\php;C:\Program Files (x86)\Intel\Intel(R) Management Engine Components\DAL;C:\Program Files\Intel\Intel(R) Management Engine Components\DAL;C:\Users\abhis\AppData\Roaming\Microsoft\Windows\Start Menu\Programs\Python 3.8;C:\Program Files\dotnet\;C:\Users\abhis\AppData\Local\Programs\Python\Python312\scripts;C:\Users\abhis\AppData\Roaming\nvm;C:\Program Files\nodejs;C:\Program Files\MySQL\MySQL Shell 8.0\bin\;C:\Users\abhis\AppData\Local\Programs\Python\Python312\Scripts\;C:\Users\abhis\AppData\Local\Programs\Python\Python312\;C:\Users\abhis\AppData\Local\Programs\Python\Launcher\;C:\Users\abhis\AppData\Local\Programs\Python\Python38\Scripts\;C:\Users\abhis\AppData\Local\Programs\Python\Python38\;C:\Users\abhis\AppData\Local\Microsoft\WindowsApps;C:\Users\abhis\AppData\Local\atom\bin;C:\xampp\php;C:\Users\abhis\AppData\Local\Microsoft\WindowsApps;C:\Users\abhis\AppData\Roaming\npm;C:\Users\abhis\AppData\Local\Programs\Microsoft VS Code\bin;C:\Users\abhis\AppData\Roaming\nvm;C:\Program Files\nodejs;
USERNAME=abhis
OS=Windows_NT
PROCESSOR_IDENTIFIER=Intel64 Family 6 Model 142 Stepping 10, GenuineIntel



---------------  S Y S T E M  ---------------

OS: Windows 11 , 64 bit Build 22621 (10.0.22621.5413)

CPU:total 8 (initial active 8) (4 cores per cpu, 2 threads per core) family 6 model 142 stepping 10, cmov, cx8, fxsr, mmx, sse, sse2, sse3, ssse3, sse4.1, sse4.2, popcnt, avx, avx2, aes, clmul, erms, 3dnowpref, lzcnt, ht, tsc, tscinvbit, bmi1, bmi2, adx

Memory: 4k page, physical 8217844k(842948k free), swap 20598796k(3333700k free)

vm_info: OpenJDK 64-Bit Server VM (25.452-b09) for windows-amd64 JRE (1.8.0_452-b09), built on Apr 12 2025 14:09:21 by "Administrator" with MS VC++ 15.9 (VS2017)

time: Fri May 30 22:39:29 2025
timezone: Pacific Daylight Time
elapsed time: 21.570551 seconds (0d 0h 0m 21s)

