#
# A fatal error has been detected by the Java Runtime Environment:
#
#  EXCEPTION_ACCESS_VIOLATION (0xc0000005) at pc=0x000000006d28a2ec, pid=7976, tid=0x0000000000004a54
#
# JRE version: OpenJDK Runtime Environment (8.0_452-b09) (build 1.8.0_452-b09)
# Java VM: OpenJDK 64-Bit Server VM (25.452-b09 mixed mode windows-amd64 compressed oops)
# Problematic frame:
# V  [jvm.dll+0x10a2ec]
#
# Failed to write core dump. Minidumps are not enabled by default on client versions of Windows
#
# If you would like to submit a bug report, please visit:
#   https://github.com/corretto/corretto-8/issues/
#

---------------  T H R E A D  ---------------

Current thread (0x000001af69db6000):  JavaThread "http-nio-8080-exec-2" daemon [_thread_in_vm, id=19028, stack(0x000000a871e00000,0x000000a871f00000)]

siginfo: ExceptionCode=0xc0000005, reading address 0xffffffffffffffff

Registers:
RAX=0x4cfffffda0a98d48, RBX=0x000001af69db6000, RCX=0x000000006d2bb4c0, RDX=0x000000010056b448
RSP=0x000000a871efc008, RBP=0x000001af69db6000, RSI=0x000000006d2bb4c0, RDI=0x00000000db607178
R8 =0x000000a871efc060, R9 =0x000000006d2bb4c0, R10=0x00007ff8c25814d4, R11=0x000001af51f62698
R12=0x0000000000000000, R13=0x000000a871efc0c0, R14=0x000000a871efc060, R15=0x000001af69db6000
RIP=0x000000006d28a2ec, EFLAGS=0x0000000000010297

Top of Stack: (sp=0x000000a871efc008)
0x000000a871efc008:   000000006d2bb7ce 000001af69db6000
0x000000a871efc018:   000001af6bac4288 000001af65a3c548
0x000000a871efc028:   000001af69db6000 000000a871efc140
0x000000a871efc038:   000001af51f62768 000001af65a3c548
0x000000a871efc048:   000000a871efc0a0 0000000000000002
0x000000a871efc058:   000001af6bb6dea0 00000000db607178
0x000000a871efc068:   000000006d8f2640 00000000000000b6
0x000000a871efc078:   0000000000000002 000000a871efc110
0x000000a871efc088:   000001af51d57646 000001af6bace7d8
0x000000a871efc098:   000001af00000000 000000a871efc110
0x000000a871efc0a8:   000001af51d37890 0000000000000002
0x000000a871efc0b8:   000001af51d37890 000000006d8f2640
0x000000a871efc0c8:   00000000db607178 000000a871efc0d0
0x000000a871efc0d8:   000001af6bace6ce 000000a871efc140
0x000000a871efc0e8:   000001af6bad2cc0 0000000000000000
0x000000a871efc0f8:   000001af6bace7d8 000000a871efc0c0 

Instructions: (pc=0x000000006d28a2ec)
0x000000006d28a2cc:   24 48 48 83 c4 20 41 5e c3 cc cc cc cc cc cc cc
0x000000006d28a2dc:   cc cc cc cc 4c 8b c9 48 3b ca 74 30 48 8b 41 20
0x000000006d28a2ec:   48 63 08 85 c9 7e 1e 4c 8b c1 33 c9 48 83 c0 08
0x000000006d28a2fc:   0f 1f 40 00 48 39 10 74 0f 48 ff c1 48 83 c0 08 


Register to memory mapping:

RAX=0x4cfffffda0a98d48 is an unknown value
RBX=0x000001af69db6000 is a thread
RCX=0x000000006d2bb4c0 is an unknown value
RDX=0x000000010056b448 is pointing into metadata
RSP=0x000000a871efc008 is pointing into the stack for thread: 0x000001af69db6000
RBP=0x000001af69db6000 is a thread
RSI=0x000000006d2bb4c0 is an unknown value
RDI=0x00000000db607178 is an oop
java.lang.Class 
 - klass: 'java/lang/Class'
R8 =0x000000a871efc060 is pointing into the stack for thread: 0x000001af69db6000
R9 =0x000000006d2bb4c0 is an unknown value
R10=0x00007ff8c25814d4 is an unknown value
R11=0x000001af51f62698 is at entry_point+24 in (nmethod*)0x000001af51f62510
R12=0x0000000000000000 is an unknown value
R13=0x000000a871efc0c0 is pointing into the stack for thread: 0x000001af69db6000
R14=0x000000a871efc060 is pointing into the stack for thread: 0x000001af69db6000
R15=0x000001af69db6000 is a thread


Stack: [0x000000a871e00000,0x000000a871f00000],  sp=0x000000a871efc008,  free space=1008k
Native frames: (J=compiled Java code, j=interpreted, Vv=VM code, C=native code)
V  [jvm.dll+0x10a2ec]

Java frames: (J=compiled Java code, j=interpreted, Vv=VM code)
J 714  java.lang.Class.isAssignableFrom(Ljava/lang/Class;)Z (0 bytes) @ 0x000001af51f626cf [0x000001af51f62680+0x4f]
j  org.apache.catalina.connector.Request.upgrade(Ljava/lang/Class;)Ljavax/servlet/http/HttpUpgradeHandler;+6
j  org.apache.catalina.connector.RequestFacade.upgrade(Ljava/lang/Class;)Ljavax/servlet/http/HttpUpgradeHandler;+9
j  javax.servlet.http.HttpServletRequestWrapper.upgrade(Ljava/lang/Class;)Ljavax/servlet/http/HttpUpgradeHandler;+5
v  ~StubRoutines::call_stub
j  org.apache.jasper.runtime.HttpJspBase.service(Ljavax/servlet/http/HttpServletRequest;Ljavax/servlet/http/HttpServletResponse;)V+0
j  javax.servlet.http.HttpServlet.service(Ljavax/servlet/ServletRequest;Ljavax/servlet/ServletResponse;)V+36
j  org.apache.jasper.servlet.JspServletWrapper.service(Ljavax/servlet/http/HttpServletRequest;Ljavax/servlet/http/HttpServletResponse;Z)V+411
j  org.apache.jasper.servlet.JspServlet.serviceJspFile(Ljavax/servlet/http/HttpServletRequest;Ljavax/servlet/http/HttpServletResponse;Ljava/lang/String;Z)V+112
j  org.apache.jasper.servlet.JspServlet.service(Ljavax/servlet/http/HttpServletRequest;Ljavax/servlet/http/HttpServletResponse;)V+328
j  javax.servlet.http.HttpServlet.service(Ljavax/servlet/ServletRequest;Ljavax/servlet/ServletResponse;)V+36
j  org.apache.catalina.core.ApplicationFilterChain.internalDoFilter(Ljavax/servlet/ServletRequest;Ljavax/servlet/ServletResponse;)V+304
j  org.apache.catalina.core.ApplicationFilterChain.doFilter(Ljavax/servlet/ServletRequest;Ljavax/servlet/ServletResponse;)V+99
j  org.apache.tomcat.websocket.server.WsFilter.doFilter(Ljavax/servlet/ServletRequest;Ljavax/servlet/ServletResponse;Ljavax/servlet/FilterChain;)V+21
j  org.apache.catalina.core.ApplicationFilterChain.internalDoFilter(Ljavax/servlet/ServletRequest;Ljavax/servlet/ServletResponse;)V+135
j  org.apache.catalina.core.ApplicationFilterChain.doFilter(Ljavax/servlet/ServletRequest;Ljavax/servlet/ServletResponse;)V+99
j  org.springframework.web.filter.OncePerRequestFilter.doFilter(Ljavax/servlet/ServletRequest;Ljavax/servlet/ServletResponse;Ljavax/servlet/FilterChain;)V+81
j  org.apache.catalina.core.ApplicationFilterChain.internalDoFilter(Ljavax/servlet/ServletRequest;Ljavax/servlet/ServletResponse;)V+135
j  org.apache.catalina.core.ApplicationFilterChain.doFilter(Ljavax/servlet/ServletRequest;Ljavax/servlet/ServletResponse;)V+99
j  org.springframework.web.filter.OncePerRequestFilter.doFilter(Ljavax/servlet/ServletRequest;Ljavax/servlet/ServletResponse;Ljavax/servlet/FilterChain;)V+122
j  org.apache.catalina.core.ApplicationFilterChain.internalDoFilter(Ljavax/servlet/ServletRequest;Ljavax/servlet/ServletResponse;)V+135
j  org.apache.catalina.core.ApplicationFilterChain.doFilter(Ljavax/servlet/ServletRequest;Ljavax/servlet/ServletResponse;)V+99
j  org.springframework.web.filter.OncePerRequestFilter.doFilter(Ljavax/servlet/ServletRequest;Ljavax/servlet/ServletResponse;Ljavax/servlet/FilterChain;)V+122
j  org.apache.catalina.core.ApplicationFilterChain.internalDoFilter(Ljavax/servlet/ServletRequest;Ljavax/servlet/ServletResponse;)V+135
j  org.apache.catalina.core.ApplicationFilterChain.doFilter(Ljavax/servlet/ServletRequest;Ljavax/servlet/ServletResponse;)V+99
j  org.springframework.web.filter.OncePerRequestFilter.doFilter(Ljavax/servlet/ServletRequest;Ljavax/servlet/ServletResponse;Ljavax/servlet/FilterChain;)V+122
j  org.apache.catalina.core.ApplicationFilterChain.internalDoFilter(Ljavax/servlet/ServletRequest;Ljavax/servlet/ServletResponse;)V+135
j  org.apache.catalina.core.ApplicationFilterChain.doFilter(Ljavax/servlet/ServletRequest;Ljavax/servlet/ServletResponse;)V+99
j  org.apache.catalina.core.ApplicationDispatcher.invoke(Ljavax/servlet/ServletRequest;Ljavax/servlet/ServletResponse;Lorg/apache/catalina/core/ApplicationDispatcher$State;)V+341
j  org.apache.catalina.core.ApplicationDispatcher.processRequest(Ljavax/servlet/ServletRequest;Ljavax/servlet/ServletResponse;Lorg/apache/catalina/core/ApplicationDispatcher$State;)V+98
j  org.apache.catalina.core.ApplicationDispatcher.doForward(Ljavax/servlet/ServletRequest;Ljavax/servlet/ServletResponse;)V+357
j  org.apache.catalina.core.ApplicationDispatcher.forward(Ljavax/servlet/ServletRequest;Ljavax/servlet/ServletResponse;)V+55
j  org.springframework.web.servlet.view.InternalResourceView.renderMergedOutputModel(Ljava/util/Map;Ljavax/servlet/http/HttpServletRequest;Ljavax/servlet/http/HttpServletResponse;)V+199
j  org.springframework.web.servlet.view.AbstractView.render(Ljava/util/Map;Ljavax/servlet/http/HttpServletRequest;Ljavax/servlet/http/HttpServletResponse;)V+128
j  org.springframework.web.servlet.DispatcherServlet.render(Lorg/springframework/web/servlet/ModelAndView;Ljavax/servlet/http/HttpServletRequest;Ljavax/servlet/http/HttpServletResponse;)V+259
j  org.springframework.web.servlet.DispatcherServlet.processDispatchResult(Ljavax/servlet/http/HttpServletRequest;Ljavax/servlet/http/HttpServletResponse;Lorg/springframework/web/servlet/HandlerExecutionChain;Lorg/springframework/web/servlet/ModelAndView;Ljava/lang/Exception;)V+98
j  org.springframework.web.servlet.DispatcherServlet.doDispatch(Ljavax/servlet/http/HttpServletRequest;Ljavax/servlet/http/HttpServletResponse;)V+360
j  org.springframework.web.servlet.DispatcherServlet.doService(Ljavax/servlet/http/HttpServletRequest;Ljavax/servlet/http/HttpServletResponse;)V+241
j  org.springframework.web.servlet.FrameworkServlet.processRequest(Ljavax/servlet/http/HttpServletRequest;Ljavax/servlet/http/HttpServletResponse;)V+71
j  org.springframework.web.servlet.FrameworkServlet.doGet(Ljavax/servlet/http/HttpServletRequest;Ljavax/servlet/http/HttpServletResponse;)V+3
j  javax.servlet.http.HttpServlet.service(Ljavax/servlet/http/HttpServletRequest;Ljavax/servlet/http/HttpServletResponse;)V+35
j  org.springframework.web.servlet.FrameworkServlet.service(Ljavax/servlet/http/HttpServletRequest;Ljavax/servlet/http/HttpServletResponse;)V+33
j  javax.servlet.http.HttpServlet.service(Ljavax/servlet/ServletRequest;Ljavax/servlet/ServletResponse;)V+36
j  org.apache.catalina.core.ApplicationFilterChain.internalDoFilter(Ljavax/servlet/ServletRequest;Ljavax/servlet/ServletResponse;)V+304
j  org.apache.catalina.core.ApplicationFilterChain.doFilter(Ljavax/servlet/ServletRequest;Ljavax/servlet/ServletResponse;)V+99
j  org.apache.tomcat.websocket.server.WsFilter.doFilter(Ljavax/servlet/ServletRequest;Ljavax/servlet/ServletResponse;Ljavax/servlet/FilterChain;)V+21
j  org.apache.catalina.core.ApplicationFilterChain.internalDoFilter(Ljavax/servlet/ServletRequest;Ljavax/servlet/ServletResponse;)V+135
j  org.apache.catalina.core.ApplicationFilterChain.doFilter(Ljavax/servlet/ServletRequest;Ljavax/servlet/ServletResponse;)V+99
j  org.springframework.web.filter.OncePerRequestFilter.doFilter(Ljavax/servlet/ServletRequest;Ljavax/servlet/ServletResponse;Ljavax/servlet/FilterChain;)V+81
j  org.apache.catalina.core.ApplicationFilterChain.internalDoFilter(Ljavax/servlet/ServletRequest;Ljavax/servlet/ServletResponse;)V+135
j  org.apache.catalina.core.ApplicationFilterChain.doFilter(Ljavax/servlet/ServletRequest;Ljavax/servlet/ServletResponse;)V+99
j  org.springframework.web.filter.RequestContextFilter.doFilterInternal(Ljavax/servlet/http/HttpServletRequest;Ljavax/servlet/http/HttpServletResponse;Ljavax/servlet/FilterChain;)V+21
j  org.springframework.web.filter.OncePerRequestFilter.doFilter(Ljavax/servlet/ServletRequest;Ljavax/servlet/ServletResponse;Ljavax/servlet/FilterChain;)V+147
j  org.apache.catalina.core.ApplicationFilterChain.internalDoFilter(Ljavax/servlet/ServletRequest;Ljavax/servlet/ServletResponse;)V+135
j  org.apache.catalina.core.ApplicationFilterChain.doFilter(Ljavax/servlet/ServletRequest;Ljavax/servlet/ServletResponse;)V+99
j  org.springframework.web.filter.FormContentFilter.doFilterInternal(Ljavax/servlet/http/HttpServletRequest;Ljavax/servlet/http/HttpServletResponse;Ljavax/servlet/FilterChain;)V+38
j  org.springframework.web.filter.OncePerRequestFilter.doFilter(Ljavax/servlet/ServletRequest;Ljavax/servlet/ServletResponse;Ljavax/servlet/FilterChain;)V+147
j  org.apache.catalina.core.ApplicationFilterChain.internalDoFilter(Ljavax/servlet/ServletRequest;Ljavax/servlet/ServletResponse;)V+135
j  org.apache.catalina.core.ApplicationFilterChain.doFilter(Ljavax/servlet/ServletRequest;Ljavax/servlet/ServletResponse;)V+99
j  org.springframework.web.filter.CharacterEncodingFilter.doFilterInternal(Ljavax/servlet/http/HttpServletRequest;Ljavax/servlet/http/HttpServletResponse;Ljavax/servlet/FilterChain;)V+53
j  org.springframework.web.filter.OncePerRequestFilter.doFilter(Ljavax/servlet/ServletRequest;Ljavax/servlet/ServletResponse;Ljavax/servlet/FilterChain;)V+147
j  org.apache.catalina.core.ApplicationFilterChain.internalDoFilter(Ljavax/servlet/ServletRequest;Ljavax/servlet/ServletResponse;)V+135
j  org.apache.catalina.core.ApplicationFilterChain.doFilter(Ljavax/servlet/ServletRequest;Ljavax/servlet/ServletResponse;)V+99
j  org.apache.catalina.core.StandardWrapperValve.invoke(Lorg/apache/catalina/connector/Request;Lorg/apache/catalina/connector/Response;)V+514
j  org.apache.catalina.core.StandardContextValve.invoke(Lorg/apache/catalina/connector/Request;Lorg/apache/catalina/connector/Response;)V+169
j  org.apache.catalina.authenticator.AuthenticatorBase.invoke(Lorg/apache/catalina/connector/Request;Lorg/apache/catalina/connector/Response;)V+260
j  org.apache.catalina.core.StandardHostValve.invoke(Lorg/apache/catalina/connector/Request;Lorg/apache/catalina/connector/Response;)V+128
j  org.apache.catalina.valves.ErrorReportValve.invoke(Lorg/apache/catalina/connector/Request;Lorg/apache/catalina/connector/Response;)V+6
j  org.apache.catalina.core.StandardEngineValve.invoke(Lorg/apache/catalina/connector/Request;Lorg/apache/catalina/connector/Response;)V+59
j  org.apache.catalina.connector.CoyoteAdapter.service(Lorg/apache/coyote/Request;Lorg/apache/coyote/Response;)V+187
j  org.apache.coyote.http11.Http11Processor.service(Lorg/apache/tomcat/util/net/SocketWrapperBase;)Lorg/apache/tomcat/util/net/AbstractEndpoint$Handler$SocketState;+796
j  org.apache.coyote.AbstractProcessorLight.process(Lorg/apache/tomcat/util/net/SocketWrapperBase;Lorg/apache/tomcat/util/net/SocketEvent;)Lorg/apache/tomcat/util/net/AbstractEndpoint$Handler$SocketState;+170
j  org.apache.coyote.AbstractProtocol$ConnectionHandler.process(Lorg/apache/tomcat/util/net/SocketWrapperBase;Lorg/apache/tomcat/util/net/SocketEvent;)Lorg/apache/tomcat/util/net/AbstractEndpoint$Handler$SocketState;+489
j  org.apache.tomcat.util.net.NioEndpoint$SocketProcessor.doRun()V+249
j  org.apache.tomcat.util.net.SocketProcessorBase.run()V+32
j  org.apache.tomcat.util.threads.ThreadPoolExecutor.runWorker(Lorg/apache/tomcat/util/threads/ThreadPoolExecutor$Worker;)V+92
j  org.apache.tomcat.util.threads.ThreadPoolExecutor$Worker.run()V+5
j  org.apache.tomcat.util.threads.TaskThread$WrappingRunnable.run()V+4
j  java.lang.Thread.run()V+11
v  ~StubRoutines::call_stub

---------------  P R O C E S S  ---------------

Java Threads: ( => current thread )
  0x000001af69dc0800 JavaThread "RMI TCP Connection(4)-192.168.137.1" daemon [_thread_in_native, id=4436, stack(0x000000a871600000,0x000000a871700000)]
  0x000001af69dbf800 JavaThread "RMI TCP Connection(3)-192.168.137.1" daemon [_thread_in_native, id=6460, stack(0x000000a871500000,0x000000a871600000)]
  0x000001af69dc1000 JavaThread "DestroyJavaVM" [_thread_blocked, id=3120, stack(0x000000a86fb00000,0x000000a86fc00000)]
  0x000001af69dbe000 JavaThread "http-nio-8080-Acceptor" daemon [_thread_in_native, id=16996, stack(0x000000a872800000,0x000000a872900000)]
  0x000001af69dbb800 JavaThread "http-nio-8080-Poller" daemon [_thread_in_native, id=10672, stack(0x000000a872700000,0x000000a872800000)]
  0x000001af69dbe800 JavaThread "http-nio-8080-exec-10" daemon [_thread_blocked, id=820, stack(0x000000a872600000,0x000000a872700000)]
  0x000001af69dbd000 JavaThread "http-nio-8080-exec-9" daemon [_thread_blocked, id=8128, stack(0x000000a872500000,0x000000a872600000)]
  0x000001af69db3000 JavaThread "http-nio-8080-exec-8" daemon [_thread_blocked, id=11076, stack(0x000000a872400000,0x000000a872500000)]
  0x000001af69dba000 JavaThread "http-nio-8080-exec-7" daemon [_thread_blocked, id=2484, stack(0x000000a872300000,0x000000a872400000)]
  0x000001af69db2000 JavaThread "http-nio-8080-exec-6" daemon [_thread_blocked, id=11632, stack(0x000000a872200000,0x000000a872300000)]
  0x000001af69db5800 JavaThread "http-nio-8080-exec-5" daemon [_thread_blocked, id=15908, stack(0x000000a872100000,0x000000a872200000)]
  0x000001af69db8800 JavaThread "http-nio-8080-exec-4" daemon [_thread_blocked, id=5416, stack(0x000000a872000000,0x000000a872100000)]
  0x000001af69db7800 JavaThread "http-nio-8080-exec-3" daemon [_thread_blocked, id=19264, stack(0x000000a871f00000,0x000000a872000000)]
=>0x000001af69db6000 JavaThread "http-nio-8080-exec-2" daemon [_thread_in_vm, id=19028, stack(0x000000a871e00000,0x000000a871f00000)]
  0x000001af69db9000 JavaThread "http-nio-8080-exec-1" daemon [_thread_blocked, id=1816, stack(0x000000a871c00000,0x000000a871d00000)]
  0x000001af69db4800 JavaThread "Live Reload Server" daemon [_thread_in_native, id=15592, stack(0x000000a871d00000,0x000000a871e00000)]
  0x000001af69db7000 JavaThread "File Watcher" daemon [_thread_blocked, id=19604, stack(0x000000a871b00000,0x000000a871c00000)]
  0x000001af686cd800 JavaThread "mysql-cj-abandoned-connection-cleanup" daemon [_thread_blocked, id=2076, stack(0x000000a871a00000,0x000000a871b00000)]
  0x000001af686cc800 JavaThread "container-0" [_thread_blocked, id=4228, stack(0x000000a871900000,0x000000a871a00000)]
  0x000001af686cb000 JavaThread "Catalina-utility-2" [_thread_blocked, id=5628, stack(0x000000a871800000,0x000000a871900000)]
  0x000001af686cc000 JavaThread "Catalina-utility-1" [_thread_blocked, id=3716, stack(0x000000a871700000,0x000000a871800000)]
  0x000001af68d32800 JavaThread "RMI TCP Connection(2)-192.168.137.1" daemon [_thread_in_native, id=18112, stack(0x000000a871400000,0x000000a871500000)]
  0x000001af68bac000 JavaThread "RMI Scheduler(0)" daemon [_thread_blocked, id=18664, stack(0x000000a871300000,0x000000a871400000)]
  0x000001af68a4e800 JavaThread "JMX server connection timeout 15" daemon [_thread_blocked, id=14160, stack(0x000000a871200000,0x000000a871300000)]
  0x000001af68a7e800 JavaThread "RMI TCP Connection(1)-192.168.137.1" daemon [_thread_in_native, id=19692, stack(0x000000a871100000,0x000000a871200000)]
  0x000001af68993000 JavaThread "RMI TCP Accept-0" daemon [_thread_in_native, id=15136, stack(0x000000a870f00000,0x000000a871000000)]
  0x000001af68729800 JavaThread "Service Thread" daemon [_thread_blocked, id=6240, stack(0x000000a870e00000,0x000000a870f00000)]
  0x000001af686c9800 JavaThread "C1 CompilerThread3" daemon [_thread_blocked, id=12996, stack(0x000000a870d00000,0x000000a870e00000)]
  0x000001af6869f800 JavaThread "C2 CompilerThread2" daemon [_thread_blocked, id=5020, stack(0x000000a870c00000,0x000000a870d00000)]
  0x000001af6866c800 JavaThread "C2 CompilerThread1" daemon [_thread_blocked, id=14164, stack(0x000000a870b00000,0x000000a870c00000)]
  0x000001af6866b000 JavaThread "C2 CompilerThread0" daemon [_thread_blocked, id=12416, stack(0x000000a870a00000,0x000000a870b00000)]
  0x000001af68665000 JavaThread "Monitor Ctrl-Break" daemon [_thread_in_native, id=14124, stack(0x000000a870900000,0x000000a870a00000)]
  0x000001af666d4000 JavaThread "Attach Listener" daemon [_thread_blocked, id=15320, stack(0x000000a870800000,0x000000a870900000)]
  0x000001af666d3800 JavaThread "Signal Dispatcher" daemon [_thread_blocked, id=14924, stack(0x000000a870700000,0x000000a870800000)]
  0x000001af6632b800 JavaThread "Finalizer" daemon [_thread_blocked, id=16004, stack(0x000000a870600000,0x000000a870700000)]
  0x000001af666a7000 JavaThread "Reference Handler" daemon [_thread_blocked, id=17900, stack(0x000000a870500000,0x000000a870600000)]

Other Threads:
  0x000001af6667e000 VMThread [stack: 0x000000a870400000,0x000000a870500000] [id=3312]
  0x000001af68999000 WatcherThread [stack: 0x000000a871000000,0x000000a871100000] [id=5088]

VM state:not at safepoint (normal execution)

VM Mutex/Monitor currently owned by a thread: None

heap address: 0x0000000082800000, size: 2008 MB, Compressed Oops mode: 32-bit
Narrow klass base: 0x0000000000000000, Narrow klass shift: 3
Compressed class space size: 1073741824 Address: 0x0000000100000000

Heap:
 PSYoungGen      total 187904K, used 85134K [0x00000000d6300000, 0x00000000e4000000, 0x0000000100000000)
  eden space 176640K, 48% used [0x00000000d6300000,0x00000000db623838,0x00000000e0f80000)
  from space 11264K, 0% used [0x00000000e1b80000,0x00000000e1b80000,0x00000000e2680000)
  to   space 12288K, 0% used [0x00000000e0f80000,0x00000000e0f80000,0x00000000e1b80000)
 ParOldGen       total 77824K, used 15265K [0x0000000082800000, 0x0000000087400000, 0x00000000d6300000)
  object space 77824K, 19% used [0x0000000082800000,0x00000000836e8738,0x0000000087400000)
 Metaspace       used 40627K, capacity 43008K, committed 43264K, reserved 1087488K
  class space    used 5105K, capacity 5558K, committed 5632K, reserved 1048576K

Card table byte_map: [0x000001af610f0000,0x000001af614e0000] byte_map_base: 0x000001af60cdc000

Marking Bits: (ParMarkBitMap*) 0x000000006d9648d0
 Begin Bits: [0x000001af61780000, 0x000001af636e0000)
 End Bits:   [0x000001af636e0000, 0x000001af65640000)

Polling page: 0x000001af4fd40000

CodeCache: size=245760Kb used=8286Kb max_used=8286Kb free=237473Kb
 bounds [0x000001af51d30000, 0x000001af52550000, 0x000001af60d30000]
 total_blobs=4376 nmethods=3880 adapters=406
 compilation: enabled

Compilation events (10 events):
Event: 23.785 Thread 0x000001af686c9800 3939       1       org.apache.jasper.compiler.SmapUtil$SDEInstaller::writeBytes (45 bytes)
Event: 23.785 Thread 0x000001af686c9800 nmethod 3939 0x000001af52546910 code [0x000001af52546a60, 0x000001af52546bd8]
Event: 23.785 Thread 0x000001af686c9800 3937       1       org.apache.jasper.compiler.SmapUtil$SDEInstaller::writeU1 (19 bytes)
Event: 23.785 Thread 0x000001af686c9800 nmethod 3937 0x000001af52546d10 code [0x000001af52546e60, 0x000001af52546fb8]
Event: 23.785 Thread 0x000001af686c9800 3941       1       org.apache.jasper.compiler.SmapUtil$SDEInstaller::writeU2 (18 bytes)
Event: 23.785 Thread 0x000001af686c9800 nmethod 3941 0x000001af52547090 code [0x000001af525471e0, 0x000001af52547358]
Event: 23.785 Thread 0x000001af686c9800 3940       1       java.lang.String::<init> (10 bytes)
Event: 23.786 Thread 0x000001af686c9800 nmethod 3940 0x000001af52547490 code [0x000001af525475e0, 0x000001af52547750]
Event: 23.794 Thread 0x000001af686c9800 3942       1       org.apache.catalina.core.DefaultInstanceManager::findLifecycleCallback (110 bytes)
Event: 23.795 Thread 0x000001af686c9800 nmethod 3942 0x000001af52547810 code [0x000001af52547a40, 0x000001af52548290]

GC Heap History (10 events):
Event: 4.236 GC heap before
{Heap before GC invocations=6 (full 1):
 PSYoungGen      total 70656K, used 5099K [0x00000000d6300000, 0x00000000df400000, 0x0000000100000000)
  eden space 65536K, 0% used [0x00000000d6300000,0x00000000d6300000,0x00000000da300000)
  from space 5120K, 99% used [0x00000000da300000,0x00000000da7faf70,0x00000000da800000)
  to   space 8704K, 0% used [0x00000000deb80000,0x00000000deb80000,0x00000000df400000)
 ParOldGen       total 86016K, used 8066K [0x0000000082800000, 0x0000000087c00000, 0x00000000d6300000)
  object space 86016K, 9% used [0x0000000082800000,0x0000000082fe0a70,0x0000000087c00000)
 Metaspace       used 20270K, capacity 21220K, committed 21296K, reserved 1067008K
  class space    used 2655K, capacity 2883K, committed 2944K, reserved 1048576K
Event: 4.277 GC heap after
Heap after GC invocations=6 (full 1):
 PSYoungGen      total 70656K, used 0K [0x00000000d6300000, 0x00000000df400000, 0x0000000100000000)
  eden space 65536K, 0% used [0x00000000d6300000,0x00000000d6300000,0x00000000da300000)
  from space 5120K, 0% used [0x00000000da300000,0x00000000da300000,0x00000000da800000)
  to   space 8704K, 0% used [0x00000000deb80000,0x00000000deb80000,0x00000000df400000)
 ParOldGen       total 53248K, used 6888K [0x0000000082800000, 0x0000000085c00000, 0x00000000d6300000)
  object space 53248K, 12% used [0x0000000082800000,0x0000000082eba2a0,0x0000000085c00000)
 Metaspace       used 20270K, capacity 21220K, committed 21296K, reserved 1067008K
  class space    used 2655K, capacity 2883K, committed 2944K, reserved 1048576K
}
Event: 5.429 GC heap before
{Heap before GC invocations=7 (full 1):
 PSYoungGen      total 70656K, used 65536K [0x00000000d6300000, 0x00000000df400000, 0x0000000100000000)
  eden space 65536K, 100% used [0x00000000d6300000,0x00000000da300000,0x00000000da300000)
  from space 5120K, 0% used [0x00000000da300000,0x00000000da300000,0x00000000da800000)
  to   space 8704K, 0% used [0x00000000deb80000,0x00000000deb80000,0x00000000df400000)
 ParOldGen       total 53248K, used 6888K [0x0000000082800000, 0x0000000085c00000, 0x00000000d6300000)
  object space 53248K, 12% used [0x0000000082800000,0x0000000082eba2a0,0x0000000085c00000)
 Metaspace       used 23306K, capacity 24530K, committed 24704K, reserved 1071104K
  class space    used 3137K, capacity 3436K, committed 3456K, reserved 1048576K
Event: 5.436 GC heap after
Heap after GC invocations=7 (full 1):
 PSYoungGen      total 114688K, used 6015K [0x00000000d6300000, 0x00000000df180000, 0x0000000100000000)
  eden space 108544K, 0% used [0x00000000d6300000,0x00000000d6300000,0x00000000dcd00000)
  from space 6144K, 97% used [0x00000000deb80000,0x00000000df15fc88,0x00000000df180000)
  to   space 8704K, 0% used [0x00000000de080000,0x00000000de080000,0x00000000de900000)
 ParOldGen       total 53248K, used 6896K [0x0000000082800000, 0x0000000085c00000, 0x00000000d6300000)
  object space 53248K, 12% used [0x0000000082800000,0x0000000082ebc2a0,0x0000000085c00000)
 Metaspace       used 23306K, capacity 24530K, committed 24704K, reserved 1071104K
  class space    used 3137K, capacity 3436K, committed 3456K, reserved 1048576K
}
Event: 6.516 GC heap before
{Heap before GC invocations=8 (full 1):
 PSYoungGen      total 114688K, used 114559K [0x00000000d6300000, 0x00000000df180000, 0x0000000100000000)
  eden space 108544K, 100% used [0x00000000d6300000,0x00000000dcd00000,0x00000000dcd00000)
  from space 6144K, 97% used [0x00000000deb80000,0x00000000df15fc88,0x00000000df180000)
  to   space 8704K, 0% used [0x00000000de080000,0x00000000de080000,0x00000000de900000)
 ParOldGen       total 53248K, used 6896K [0x0000000082800000, 0x0000000085c00000, 0x00000000d6300000)
  object space 53248K, 12% used [0x0000000082800000,0x0000000082ebc2a0,0x0000000085c00000)
 Metaspace       used 30493K, capacity 32482K, committed 32640K, reserved 1077248K
  class space    used 4057K, capacity 4466K, committed 4480K, reserved 1048576K
Event: 6.529 GC heap after
Heap after GC invocations=8 (full 1):
 PSYoungGen      total 137216K, used 8701K [0x00000000d6300000, 0x00000000e2680000, 0x0000000100000000)
  eden space 128512K, 0% used [0x00000000d6300000,0x00000000d6300000,0x00000000de080000)
  from space 8704K, 99% used [0x00000000de080000,0x00000000de8ff648,0x00000000de900000)
  to   space 11264K, 0% used [0x00000000e1b80000,0x00000000e1b80000,0x00000000e2680000)
 ParOldGen       total 53248K, used 9921K [0x0000000082800000, 0x0000000085c00000, 0x00000000d6300000)
  object space 53248K, 18% used [0x0000000082800000,0x00000000831b0478,0x0000000085c00000)
 Metaspace       used 30493K, capacity 32482K, committed 32640K, reserved 1077248K
  class space    used 4057K, capacity 4466K, committed 4480K, reserved 1048576K
}
Event: 22.698 GC heap before
{Heap before GC invocations=9 (full 1):
 PSYoungGen      total 137216K, used 60495K [0x00000000d6300000, 0x00000000e2680000, 0x0000000100000000)
  eden space 128512K, 40% used [0x00000000d6300000,0x00000000d95945e0,0x00000000de080000)
  from space 8704K, 99% used [0x00000000de080000,0x00000000de8ff648,0x00000000de900000)
  to   space 11264K, 0% used [0x00000000e1b80000,0x00000000e1b80000,0x00000000e2680000)
 ParOldGen       total 53248K, used 9921K [0x0000000082800000, 0x0000000085c00000, 0x00000000d6300000)
  object space 53248K, 18% used [0x0000000082800000,0x00000000831b0478,0x0000000085c00000)
 Metaspace       used 33040K, capacity 35342K, committed 35496K, reserved 1079296K
  class space    used 4423K, capacity 4856K, committed 4864K, reserved 1048576K
Event: 22.713 GC heap after
Heap after GC invocations=9 (full 1):
 PSYoungGen      total 187904K, used 10821K [0x00000000d6300000, 0x00000000e4000000, 0x0000000100000000)
  eden space 176640K, 0% used [0x00000000d6300000,0x00000000d6300000,0x00000000e0f80000)
  from space 11264K, 96% used [0x00000000e1b80000,0x00000000e2611688,0x00000000e2680000)
  to   space 12288K, 0% used [0x00000000e0f80000,0x00000000e0f80000,0x00000000e1b80000)
 ParOldGen       total 53248K, used 9929K [0x0000000082800000, 0x0000000085c00000, 0x00000000d6300000)
  object space 53248K, 18% used [0x0000000082800000,0x00000000831b2478,0x0000000085c00000)
 Metaspace       used 33040K, capacity 35342K, committed 35496K, reserved 1079296K
  class space    used 4423K, capacity 4856K, committed 4864K, reserved 1048576K
}
Event: 22.713 GC heap before
{Heap before GC invocations=10 (full 2):
 PSYoungGen      total 187904K, used 10821K [0x00000000d6300000, 0x00000000e4000000, 0x0000000100000000)
  eden space 176640K, 0% used [0x00000000d6300000,0x00000000d6300000,0x00000000e0f80000)
  from space 11264K, 96% used [0x00000000e1b80000,0x00000000e2611688,0x00000000e2680000)
  to   space 12288K, 0% used [0x00000000e0f80000,0x00000000e0f80000,0x00000000e1b80000)
 ParOldGen       total 53248K, used 9929K [0x0000000082800000, 0x0000000085c00000, 0x00000000d6300000)
  object space 53248K, 18% used [0x0000000082800000,0x00000000831b2478,0x0000000085c00000)
 Metaspace       used 33040K, capacity 35342K, committed 35496K, reserved 1079296K
  class space    used 4423K, capacity 4856K, committed 4864K, reserved 1048576K
Event: 22.785 GC heap after
Heap after GC invocations=10 (full 2):
 PSYoungGen      total 187904K, used 0K [0x00000000d6300000, 0x00000000e4000000, 0x0000000100000000)
  eden space 176640K, 0% used [0x00000000d6300000,0x00000000d6300000,0x00000000e0f80000)
  from space 11264K, 0% used [0x00000000e1b80000,0x00000000e1b80000,0x00000000e2680000)
  to   space 12288K, 0% used [0x00000000e0f80000,0x00000000e0f80000,0x00000000e1b80000)
 ParOldGen       total 77824K, used 15265K [0x0000000082800000, 0x0000000087400000, 0x00000000d6300000)
  object space 77824K, 19% used [0x0000000082800000,0x00000000836e8738,0x0000000087400000)
 Metaspace       used 33033K, capacity 35330K, committed 35496K, reserved 1079296K
  class space    used 4422K, capacity 4854K, committed 4864K, reserved 1048576K
}

Deoptimization events (0 events):
No events

Classes redefined (0 events):
No events

Internal exceptions (10 events):
Event: 6.729 Thread 0x000001af68e49800 Exception <a 'java/lang/IncompatibleClassChangeError': Found class java.lang.Object, but interface was expected> (0x00000000d7891770) thrown at [C:\wsjdk\Corretto8Src\installers\windows\zip\corretto-build\buildRoot\hotspot\src\share\vm\interpreter\linkRes
Event: 23.147 Thread 0x000001af69db6000 Exception <a 'java/lang/ClassNotFoundException': org/apache/taglibs/standard/tag/rt/core/IfTagBeanInfo> (0x00000000d8064310) thrown at [C:\wsjdk\Corretto8Src\installers\windows\zip\corretto-build\buildRoot\hotspot\src\share\vm\classfile\systemDictionary.c
Event: 23.149 Thread 0x000001af69db6000 Exception <a 'java/lang/ClassNotFoundException': javax/servlet/jsp/jstl/core/ConditionalTagSupportBeanInfo> (0x00000000d8078db8) thrown at [C:\wsjdk\Corretto8Src\installers\windows\zip\corretto-build\buildRoot\hotspot\src\share\vm\classfile\systemDictiona
Event: 23.150 Thread 0x000001af69db6000 Exception <a 'java/lang/ClassNotFoundException': javax/servlet/jsp/tagext/TagSupportBeanInfo> (0x00000000d808b480) thrown at [C:\wsjdk\Corretto8Src\installers\windows\zip\corretto-build\buildRoot\hotspot\src\share\vm\classfile\systemDictionary.cpp, line 2
Event: 23.151 Thread 0x000001af69db6000 Exception <a 'java/lang/ClassNotFoundException': java/lang/ObjectBeanInfo> (0x00000000d80947a0) thrown at [C:\wsjdk\Corretto8Src\installers\windows\zip\corretto-build\buildRoot\hotspot\src\share\vm\classfile\systemDictionary.cpp, line 217]
Event: 23.152 Thread 0x000001af69db6000 Exception <a 'java/lang/ClassNotFoundException': java/lang/ObjectCustomizer> (0x00000000d809db48) thrown at [C:\wsjdk\Corretto8Src\installers\windows\zip\corretto-build\buildRoot\hotspot\src\share\vm\classfile\systemDictionary.cpp, line 217]
Event: 23.154 Thread 0x000001af69db6000 Exception <a 'java/lang/ClassNotFoundException': javax/servlet/jsp/tagext/TagSupportCustomizer> (0x00000000d80b4cf8) thrown at [C:\wsjdk\Corretto8Src\installers\windows\zip\corretto-build\buildRoot\hotspot\src\share\vm\classfile\systemDictionary.cpp, line
Event: 23.156 Thread 0x000001af69db6000 Exception <a 'java/lang/ClassNotFoundException': javax/servlet/jsp/jstl/core/ConditionalTagSupportCustomizer> (0x00000000d80f0b80) thrown at [C:\wsjdk\Corretto8Src\installers\windows\zip\corretto-build\buildRoot\hotspot\src\share\vm\classfile\systemDictio
Event: 23.158 Thread 0x000001af69db6000 Exception <a 'java/lang/ClassNotFoundException': org/apache/taglibs/standard/tag/rt/core/IfTagCustomizer> (0x00000000d810b360) thrown at [C:\wsjdk\Corretto8Src\installers\windows\zip\corretto-build\buildRoot\hotspot\src\share\vm\classfile\systemDictionary
Event: 23.426 Thread 0x000001af69db6000 Exception <a 'java/lang/ArrayIndexOutOfBoundsException': 9785> (0x00000000d9814c70) thrown at [C:\wsjdk\Corretto8Src\installers\windows\zip\corretto-build\buildRoot\hotspot\src\share\vm\interpreter\interpreterRuntime.cpp, line 372]

Events (10 events):
Event: 23.794 Executing VM operation: RevokeBias
Event: 23.794 Executing VM operation: RevokeBias done
Event: 23.794 loading class org/apache/jasper/runtime/TagHandlerPool
Event: 23.794 loading class org/apache/jasper/runtime/TagHandlerPool done
Event: 23.795 Executing VM operation: GetOrSetLocal
Event: 23.795 Executing VM operation: GetOrSetLocal done
Event: 23.795 Executing VM operation: GetOrSetLocal
Event: 23.795 Executing VM operation: GetOrSetLocal done
Event: 23.795 loading class org/apache/coyote/http11/upgrade/InternalHttpUpgradeHandler
Event: 23.795 loading class org/apache/coyote/http11/upgrade/InternalHttpUpgradeHandler done


Dynamic libraries:
0x00007ff71d150000 - 0x00007ff71d196000 	C:\Users\abhis\.jdks\corretto-1.8.0_452\bin\java.exe
0x000001af500d0000 - 0x000001af502e7000 	C:\WINDOWS\SYSTEM32\ntd1l.dll
0x000001af4fc30000 - 0x000001af4fcf4000 	C:\WINDOWS\System32\kern3l32.dll
0x00007ff8d99d0000 - 0x00007ff8d9be7000 	C:\WINDOWS\SYSTEM32\ntdll.dll
0x00007ff8d87f0000 - 0x00007ff8d88b4000 	C:\WINDOWS\System32\KERNEL32.DLL
0x00007ff8d6fa0000 - 0x00007ff8d7372000 	C:\WINDOWS\System32\KERNELBASE.dll
0x00007ff8d65c0000 - 0x00007ff8d69d6000 	C:\Program Files\SentinelOne\Sentinel Agent 24.1.5.277\InProcessClient64.dll
0x00007ff8d85e0000 - 0x00007ff8d8691000 	C:\WINDOWS\System32\ADVAPI32.dll
0x00007ff8d9380000 - 0x00007ff8d9427000 	C:\WINDOWS\System32\msvcrt.dll
0x00007ff8d86a0000 - 0x00007ff8d8748000 	C:\WINDOWS\System32\sechost.dll
0x00007ff8d6c80000 - 0x00007ff8d6ca8000 	C:\WINDOWS\System32\bcrypt.dll
0x00007ff8d9450000 - 0x00007ff8d9564000 	C:\WINDOWS\System32\RPCRT4.dll
0x00007ff8d91c0000 - 0x00007ff8d9371000 	C:\WINDOWS\System32\USER32.dll
0x00007ff8d7630000 - 0x00007ff8d7656000 	C:\WINDOWS\System32\win32u.dll
0x00007ff8d9750000 - 0x00007ff8d9779000 	C:\WINDOWS\System32\GDI32.dll
0x00007ff8d6e70000 - 0x00007ff8d6f93000 	C:\WINDOWS\System32\gdi32full.dll
0x00007ff8d6dd0000 - 0x00007ff8d6e6a000 	C:\WINDOWS\System32\msvcp_win.dll
0x00007ff8d6cb0000 - 0x00007ff8d6dc1000 	C:\WINDOWS\System32\ucrtbase.dll
0x00007ff8c35e0000 - 0x00007ff8c387b000 	C:\WINDOWS\WinSxS\amd64_microsoft.windows.common-controls_6595b64144ccf1df_6.0.22621.5413_none_270da5617387a498\COMCTL32.dll
0x00007ff8d6560000 - 0x00007ff8d656a000 	C:\WINDOWS\SYSTEM32\VERSION.dll
0x00007ff8d6550000 - 0x00007ff8d655b000 	C:\WINDOWS\SYSTEM32\FLTLIB.DLL
0x00007ff8d9950000 - 0x00007ff8d9981000 	C:\WINDOWS\System32\IMM32.DLL
0x00007ff8c25e0000 - 0x00007ff8c25f5000 	C:\Users\abhis\.jdks\corretto-1.8.0_452\jre\bin\vcruntime140.dll
0x00007ff8270a0000 - 0x00007ff82713b000 	C:\Users\abhis\.jdks\corretto-1.8.0_452\jre\bin\msvcp140.dll
0x000000006d180000 - 0x000000006d9dd000 	C:\Users\abhis\.jdks\corretto-1.8.0_452\jre\bin\server\jvm.dll
0x00007ff8d91b0000 - 0x00007ff8d91b8000 	C:\WINDOWS\System32\PSAPI.DLL
0x00007ff8c2b20000 - 0x00007ff8c2b29000 	C:\WINDOWS\SYSTEM32\WSOCK32.dll
0x00007ff8d8560000 - 0x00007ff8d85d1000 	C:\WINDOWS\System32\WS2_32.dll
0x00007ff8c2600000 - 0x00007ff8c2634000 	C:\WINDOWS\SYSTEM32\WINMM.dll
0x00007ff8d56b0000 - 0x00007ff8d56c8000 	C:\WINDOWS\SYSTEM32\kernel.appcore.dll
0x00007ff8d10c0000 - 0x00007ff8d10d0000 	C:\Users\abhis\.jdks\corretto-1.8.0_452\jre\bin\verify.dll
0x00007ff8c2580000 - 0x00007ff8c25ab000 	C:\Users\abhis\.jdks\corretto-1.8.0_452\jre\bin\java.dll
0x00007ff8b8750000 - 0x00007ff8b8782000 	C:\Users\abhis\.jdks\corretto-1.8.0_452\jre\bin\instrument.dll
0x00007ff8c54f0000 - 0x00007ff8c559d000 	C:\Program Files\SentinelOne\Sentinel Agent 24.1.5.277\SentinelJava64.dll
0x00007ff8d7660000 - 0x00007ff8d76c9000 	C:\WINDOWS\System32\SHLWAPI.dll
0x000001af51b90000 - 0x000001af51d30000 	C:\WINDOWS\System32\ole32.dll
0x00007ff8d81c0000 - 0x00007ff8d8553000 	C:\WINDOWS\System32\combase.dll
0x00007ff8b1850000 - 0x00007ff8b1868000 	C:\Users\abhis\.jdks\corretto-1.8.0_452\jre\bin\zip.dll
0x00007ff8d7910000 - 0x00007ff8d81b2000 	C:\WINDOWS\System32\SHELL32.dll
0x00007ff8d6ac0000 - 0x00007ff8d6bff000 	C:\WINDOWS\System32\wintypes.dll
0x00007ff8d45b0000 - 0x00007ff8d4ecd000 	C:\WINDOWS\SYSTEM32\windows.storage.dll
0x00007ff8d8a60000 - 0x00007ff8d8b6b000 	C:\WINDOWS\System32\SHCORE.dll
0x00007ff8d69f0000 - 0x00007ff8d6a1b000 	C:\WINDOWS\SYSTEM32\profapi.dll
0x00007ff8acf60000 - 0x00007ff8acf7c000 	C:\Users\abhis\.jdks\corretto-1.8.0_452\jre\bin\net.dll
0x00007ff8d5b30000 - 0x00007ff8d5b99000 	C:\WINDOWS\system32\mswsock.dll
0x00007ff8d51a0000 - 0x00007ff8d5298000 	C:\WINDOWS\SYSTEM32\DNSAPI.dll
0x00007ff8d5130000 - 0x00007ff8d515d000 	C:\WINDOWS\SYSTEM32\IPHLPAPI.DLL
0x00007ff8d7830000 - 0x00007ff8d7839000 	C:\WINDOWS\System32\NSI.dll
0x00007ff8c4d80000 - 0x00007ff8c4d8a000 	C:\Windows\System32\rasadhlp.dll
0x00007ff8c8d40000 - 0x00007ff8c8dc4000 	C:\WINDOWS\System32\fwpuclnt.dll
0x00007ff8d6c00000 - 0x00007ff8d6c7b000 	C:\WINDOWS\System32\bcryptPrimitives.dll
0x00007ff8b99a0000 - 0x00007ff8b99ad000 	C:\Users\abhis\.jdks\corretto-1.8.0_452\jre\bin\management.dll
0x00007ff899560000 - 0x00007ff899573000 	C:\Users\abhis\.jdks\corretto-1.8.0_452\jre\bin\nio.dll
0x00007ff8d5d80000 - 0x00007ff8d5d9b000 	C:\WINDOWS\SYSTEM32\CRYPTSP.dll
0x00007ff8d5610000 - 0x00007ff8d5647000 	C:\WINDOWS\system32\rsaenh.dll
0x00007ff8d5c20000 - 0x00007ff8d5c48000 	C:\WINDOWS\SYSTEM32\USERENV.dll
0x00007ff8d5da0000 - 0x00007ff8d5dac000 	C:\WINDOWS\SYSTEM32\CRYPTBASE.dll
0x00007ff8cc840000 - 0x00007ff8cc859000 	C:\WINDOWS\SYSTEM32\dhcpcsvc6.DLL
0x00007ff8cc570000 - 0x00007ff8cc58f000 	C:\WINDOWS\SYSTEM32\dhcpcsvc.DLL
0x00007ff8b8670000 - 0x00007ff8b8687000 	C:\WINDOWS\system32\napinsp.dll
0x00007ff8b8690000 - 0x00007ff8b86ab000 	C:\WINDOWS\system32\pnrpnsp.dll
0x00007ff8b8650000 - 0x00007ff8b8661000 	C:\WINDOWS\System32\winrnr.dll
0x00007ff8b8610000 - 0x00007ff8b862f000 	C:\WINDOWS\system32\wshbth.dll
0x00007ff8b84e0000 - 0x00007ff8b8501000 	C:\WINDOWS\system32\nlansp_c.dll
0x00007ff8a9780000 - 0x00007ff8a97d0000 	C:\WINDOWS\SYSTEM32\pdh.dll
0x00007ff8abd70000 - 0x00007ff8abd81000 	C:\WINDOWS\System32\perfproc.dll
0x00007ff8b8420000 - 0x00007ff8b8430000 	C:\WINDOWS\System32\perfos.dll
0x00007ff8d1760000 - 0x00007ff8d1770000 	C:\WINDOWS\SYSTEM32\pfclient.dll
0x00007ff88f660000 - 0x00007ff88f684000 	C:\Users\abhis\.jdks\corretto-1.8.0_452\jre\bin\sunec.dll
0x00007ff8b11a0000 - 0x00007ff8b11ae000 	C:\Users\abhis\.jdks\corretto-1.8.0_452\jre\bin\sunmscapi.dll
0x00007ff8d74c0000 - 0x00007ff8d7627000 	C:\WINDOWS\System32\CRYPT32.dll
0x00007ff8d5fb0000 - 0x00007ff8d5fdd000 	C:\WINDOWS\SYSTEM32\ncrypt.dll
0x00007ff8d5f70000 - 0x00007ff8d5fa7000 	C:\WINDOWS\SYSTEM32\NTASN1.dll
0x00007ff8d4290000 - 0x00007ff8d44c2000 	C:\WINDOWS\SYSTEM32\dbghelp.dll
0x00007ff8d9570000 - 0x00007ff8d9647000 	C:\WINDOWS\System32\OLEAUT32.dll

VM Arguments:
jvm_args: -XX:TieredStopAtLevel=1 -Xverify:none -Dspring.output.ansi.enabled=always -Dcom.sun.management.jmxremote -Dspring.jmx.enabled=true -Dspring.liveBeansView.mbeanDomain -Dspring.application.admin.enabled=true -Dmanagement.endpoints.jmx.exposure.include=* -javaagent:C:\Program Files\JetBrains\IntelliJ IDEA 2025.1.1.1\lib\idea_rt.jar=50107 -Dfile.encoding=UTF-8 -agentpath:C:\Program Files\SentinelOne\Sentinel Agent 24.1.5.277\SentinelJava64.dll=extendedCapabilities 
java_command: com.example.project1.Project1Application
java_class_path (initial): C:\Users\abhis\.jdks\corretto-1.8.0_452\jre\lib\charsets.jar;C:\Users\abhis\.jdks\corretto-1.8.0_452\jre\lib\ext\access-bridge-64.jar;C:\Users\abhis\.jdks\corretto-1.8.0_452\jre\lib\ext\cldrdata.jar;C:\Users\abhis\.jdks\corretto-1.8.0_452\jre\lib\ext\dnsns.jar;C:\Users\abhis\.jdks\corretto-1.8.0_452\jre\lib\ext\jaccess.jar;C:\Users\abhis\.jdks\corretto-1.8.0_452\jre\lib\ext\jfxrt.jar;C:\Users\abhis\.jdks\corretto-1.8.0_452\jre\lib\ext\localedata.jar;C:\Users\abhis\.jdks\corretto-1.8.0_452\jre\lib\ext\nashorn.jar;C:\Users\abhis\.jdks\corretto-1.8.0_452\jre\lib\ext\sunec.jar;C:\Users\abhis\.jdks\corretto-1.8.0_452\jre\lib\ext\sunjce_provider.jar;C:\Users\abhis\.jdks\corretto-1.8.0_452\jre\lib\ext\sunmscapi.jar;C:\Users\abhis\.jdks\corretto-1.8.0_452\jre\lib\ext\sunpkcs11.jar;C:\Users\abhis\.jdks\corretto-1.8.0_452\jre\lib\ext\zipfs.jar;C:\Users\abhis\.jdks\corretto-1.8.0_452\jre\lib\jce.jar;C:\Users\abhis\.jdks\corretto-1.8.0_452\jre\lib\jfr.jar;C:\Users\abhis\.jdks\corretto-1.8.0_452\jre\lib\jfxswt.jar;C:\Users\abhis\.jdks\corretto-1.8.0_452\jre\lib\jsse.jar;C:\Users\abhis\.jdks\corretto-1.8.0_452\jre\lib\management-agent.jar;C:\Users\abhis\.jdks\corretto-1.8.0_452\jre\lib\resources.jar;C:\Users\abhis\.jdks\corretto-1.8.0_452\jre\lib\rt.jar;C:\Users\abhis\Desktop\Java\PersonalProject\Project1\target\classes;C:\Users\abhis\.m2\repository\org\springframework\boot\spring-boot-starter\2.7.14\spring-boot-starter-2.7.14.jar;C:\Users\abhis\.m2\repository\org\springframework\boot\spring-boot\2.7.14\spring-boot-2.7.14.jar;C:\Users\abhis\.m2\repository\org\springframework\spring-context\5.3.29\spring-context-5.3.29.jar;C:\Users\abhis\.m2\repository\org\springframework\boot\spring-boot-autoconfigure\2.7.14\spring-boot-autoconfigure-2.7.14.jar;C:\Users\abhis\.m2\repository\org\springframework\boot\spring-boot-starter-logging\2.7.14\spring-boot-starter-logging-2.7.14.jar;C:\Users\abhis\.m2\repository\ch\qos\logback\logback-classic\1.2.12\logback-class
Launcher Type: SUN_STANDARD

Environment Variables:
PATH=C:\Program Files (x86)\Common Files\Oracle\Java\java8path;C:\Program Files (x86)\Common Files\Oracle\Java\javapath;C:\WINDOWS\system32;C:\WINDOWS;C:\WINDOWS\System32\Wbem;C:\WINDOWS\System32\WindowsPowerShell\v1.0\;C:\WINDOWS\System32\OpenSSH\;C:\Program Files\Java\jdk-13\bin;C:\Program Files\Git\cmd;C:\xampp\php;C:\Program Files (x86)\Intel\Intel(R) Management Engine Components\DAL;C:\Program Files\Intel\Intel(R) Management Engine Components\DAL;C:\Users\abhis\AppData\Roaming\Microsoft\Windows\Start Menu\Programs\Python 3.8;C:\Program Files\dotnet\;C:\Users\abhis\AppData\Local\Programs\Python\Python312\scripts;C:\Users\abhis\AppData\Roaming\nvm;C:\Program Files\nodejs;C:\Program Files\MySQL\MySQL Shell 8.0\bin\;C:\Users\abhis\AppData\Local\Programs\Python\Python312\Scripts\;C:\Users\abhis\AppData\Local\Programs\Python\Python312\;C:\Users\abhis\AppData\Local\Programs\Python\Launcher\;C:\Users\abhis\AppData\Local\Programs\Python\Python38\Scripts\;C:\Users\abhis\AppData\Local\Programs\Python\Python38\;C:\Users\abhis\AppData\Local\Microsoft\WindowsApps;C:\Users\abhis\AppData\Local\atom\bin;C:\xampp\php;C:\Users\abhis\AppData\Local\Microsoft\WindowsApps;C:\Users\abhis\AppData\Roaming\npm;C:\Users\abhis\AppData\Local\Programs\Microsoft VS Code\bin;C:\Users\abhis\AppData\Roaming\nvm;C:\Program Files\nodejs;
USERNAME=abhis
OS=Windows_NT
PROCESSOR_IDENTIFIER=Intel64 Family 6 Model 142 Stepping 10, GenuineIntel



---------------  S Y S T E M  ---------------

OS: Windows 11 , 64 bit Build 22621 (10.0.22621.5413)

CPU:total 8 (initial active 8) (4 cores per cpu, 2 threads per core) family 6 model 142 stepping 10, cmov, cx8, fxsr, mmx, sse, sse2, sse3, ssse3, sse4.1, sse4.2, popcnt, avx, avx2, aes, clmul, erms, 3dnowpref, lzcnt, ht, tsc, tscinvbit, bmi1, bmi2, adx

Memory: 4k page, physical 8217844k(1058660k free), swap 20934384k(3754724k free)

vm_info: OpenJDK 64-Bit Server VM (25.452-b09) for windows-amd64 JRE (1.8.0_452-b09), built on Apr 12 2025 14:09:21 by "Administrator" with MS VC++ 15.9 (VS2017)

time: Sat May 31 01:09:12 2025
timezone: Pacific Daylight Time
elapsed time: 23.848186 seconds (0d 0h 0m 23s)

