#
# A fatal error has been detected by the Java Runtime Environment:
#
#  EXCEPTION_ACCESS_VIOLATION (0xc0000005) at pc=0x00000000534f710a, pid=19920, tid=0x0000000000001918
#
# JRE version: OpenJDK Runtime Environment (8.0_452-b09) (build 1.8.0_452-b09)
# Java VM: OpenJDK 64-Bit Server VM (25.452-b09 mixed mode windows-amd64 compressed oops)
# Problematic frame:
# V  [jvm.dll+0xa710a]
#
# Failed to write core dump. Minidumps are not enabled by default on client versions of Windows
#
# If you would like to submit a bug report, please visit:
#   https://github.com/corretto/corretto-8/issues/
#

---------------  T H R E A D  ---------------

Current thread (0x00000157c3444000):  JavaThread "http-nio-8080-exec-1" daemon [_thread_in_vm, id=6424, stack(0x00000040d9500000,0x00000040d9600000)]

siginfo: ExceptionCode=0xc0000005, reading address 0x0000000000000018

Registers:
RAX=0x0000000000000200, RBX=0x000000010026e2e8, RCX=0x0000000000000018, RDX=0x00000040d95fd100
RSP=0x00000040d95fcf00, RBP=0x00000040d95fd000, RSI=0x00000157c3444000, RDI=0x0000000000000000
R8 =0x000000010026e2e8, R9 =0x00000157c3a8d3f8, R10=0x00000157c3c8ebf0, R11=0x00000040d95fcf10
R12=0x00000040d95fd100, R13=0x00000040d95fd1b0, R14=0x0000000000000001, R15=0x00000157c3444000
RIP=0x00000000534f710a, EFLAGS=0x0000000000010246

Top of Stack: (sp=0x00000040d95fcf00)
0x00000040d95fcf00:   00000157c3b269e8 000000005345db47
0x00000040d95fcf10:   00000157c3067150 00000040d95fd100
0x00000040d95fcf20:   00000040d95fd1b0 00000157bf8d4440
0x00000040d95fcf30:   000000010026e2e8 00000000534f5334
0x00000040d95fcf40:   00000157c3444000 00000040d95fd240
0x00000040d95fcf50:   0000000000000000 00000157c3444000
0x00000040d95fcf60:   00000001004f07b8 0000000053a13fc0
0x00000040d95fcf70:   00000157c3444000 0000015700000002
0x00000040d95fcf80:   0000000100000012 00000157c4304b08
0x00000040d95fcf90:   00000157c3444000 00000040d95fd290
0x00000040d95fcfa0:   00000157c526c2a0 00000157c3444000
0x00000040d95fcfb0:   0000000100000012 00000157c526c2a0
0x00000040d95fcfc0:   00000157c3444000 00000157c4304b08
0x00000040d95fcfd0:   00000157c3444000 00000157c4304b08
0x00000040d95fcfe0:   00000157c3444000 00000000534f33c7
0x00000040d95fcff0:   0000000100000017 00000157c3444000 

Instructions: (pc=0x00000000534f710a)
0x00000000534f70ea:   b2 a9 00 00 4c 89 77 10 4c 89 7f 18 4c 89 6f 20
0x00000000534f70fa:   e9 34 07 00 00 41 8b 48 0c 48 8b bd e0 00 00 00
0x00000000534f710a:   48 39 1c 39 0f 84 bf 00 00 00 83 f9 18 75 13 48
0x00000000534f711a:   8b d3 48 8b cf e8 bc 31 06 00 84 c0 0f 85 a7 00 


Register to memory mapping:

RAX=0x0000000000000200 is an unknown value
RBX=0x000000010026e2e8 is pointing into metadata
RCX=0x0000000000000018 is an unknown value
RDX=0x00000040d95fd100 is pointing into the stack for thread: 0x00000157c3444000
RSP=0x00000040d95fcf00 is pointing into the stack for thread: 0x00000157c3444000
RBP=0x00000040d95fd000 is pointing into the stack for thread: 0x00000157c3444000
RSI=0x00000157c3444000 is a thread
RDI=0x0000000000000000 is an unknown value
R8 =0x000000010026e2e8 is pointing into metadata
R9 =0x00000157c3a8d3f8 is an unknown value
R10=0x00000157c3c8ebf0 is an unknown value
R11=0x00000040d95fcf10 is pointing into the stack for thread: 0x00000157c3444000
R12=0x00000040d95fd100 is pointing into the stack for thread: 0x00000157c3444000
R13=0x00000040d95fd1b0 is pointing into the stack for thread: 0x00000157c3444000
R14=0x0000000000000001 is an unknown value
R15=0x00000157c3444000 is a thread


Stack: [0x00000040d9500000,0x00000040d9600000],  sp=0x00000040d95fcf00,  free space=1011k
Native frames: (J=compiled Java code, j=interpreted, Vv=VM code, C=native code)
V  [jvm.dll+0xa710a]
V  [jvm.dll+0xa4ea8]
V  [jvm.dll+0xa58b4]
V  [jvm.dll+0xa02df]
C  0x00000157ab3c80dc

Java frames: (J=compiled Java code, j=interpreted, Vv=VM code)
j  javax.servlet.ServletRequestWrapper.isAsyncStarted()Z+4
j  org.apache.catalina.core.ApplicationDispatcher.unwrapRequest(Lorg/apache/catalina/core/ApplicationDispatcher$State;)V+12
j  org.apache.catalina.core.ApplicationDispatcher.invoke(Ljavax/servlet/ServletRequest;Ljavax/servlet/ServletResponse;Lorg/apache/catalina/core/ApplicationDispatcher$State;)V+749
j  org.apache.catalina.core.ApplicationDispatcher.processRequest(Ljavax/servlet/ServletRequest;Ljavax/servlet/ServletResponse;Lorg/apache/catalina/core/ApplicationDispatcher$State;)V+98
j  org.apache.catalina.core.ApplicationDispatcher.doForward(Ljavax/servlet/ServletRequest;Ljavax/servlet/ServletResponse;)V+357
j  org.apache.catalina.core.ApplicationDispatcher.forward(Ljavax/servlet/ServletRequest;Ljavax/servlet/ServletResponse;)V+55
j  org.springframework.web.servlet.view.InternalResourceView.renderMergedOutputModel(Ljava/util/Map;Ljavax/servlet/http/HttpServletRequest;Ljavax/servlet/http/HttpServletResponse;)V+199
j  org.springframework.web.servlet.view.AbstractView.render(Ljava/util/Map;Ljavax/servlet/http/HttpServletRequest;Ljavax/servlet/http/HttpServletResponse;)V+128
j  org.springframework.web.servlet.DispatcherServlet.render(Lorg/springframework/web/servlet/ModelAndView;Ljavax/servlet/http/HttpServletRequest;Ljavax/servlet/http/HttpServletResponse;)V+259
j  org.springframework.web.servlet.DispatcherServlet.processDispatchResult(Ljavax/servlet/http/HttpServletRequest;Ljavax/servlet/http/HttpServletResponse;Lorg/springframework/web/servlet/HandlerExecutionChain;Lorg/springframework/web/servlet/ModelAndView;Ljava/lang/Exception;)V+98
j  org.springframework.web.servlet.DispatcherServlet.doDispatch(Ljavax/servlet/http/HttpServletRequest;Ljavax/servlet/http/HttpServletResponse;)V+360
j  org.springframework.web.servlet.DispatcherServlet.doService(Ljavax/servlet/http/HttpServletRequest;Ljavax/servlet/http/HttpServletResponse;)V+241
j  org.springframework.web.servlet.FrameworkServlet.processRequest(Ljavax/servlet/http/HttpServletRequest;Ljavax/servlet/http/HttpServletResponse;)V+71
j  org.springframework.web.servlet.FrameworkServlet.doGet(Ljavax/servlet/http/HttpServletRequest;Ljavax/servlet/http/HttpServletResponse;)V+3
j  javax.servlet.http.HttpServlet.service(Ljavax/servlet/http/HttpServletRequest;Ljavax/servlet/http/HttpServletResponse;)V+35
j  org.springframework.web.servlet.FrameworkServlet.service(Ljavax/servlet/http/HttpServletRequest;Ljavax/servlet/http/HttpServletResponse;)V+33
j  javax.servlet.http.HttpServlet.service(Ljavax/servlet/ServletRequest;Ljavax/servlet/ServletResponse;)V+36
j  org.apache.catalina.core.ApplicationFilterChain.internalDoFilter(Ljavax/servlet/ServletRequest;Ljavax/servlet/ServletResponse;)V+304
j  org.apache.catalina.core.ApplicationFilterChain.doFilter(Ljavax/servlet/ServletRequest;Ljavax/servlet/ServletResponse;)V+99
j  org.apache.tomcat.websocket.server.WsFilter.doFilter(Ljavax/servlet/ServletRequest;Ljavax/servlet/ServletResponse;Ljavax/servlet/FilterChain;)V+21
j  org.apache.catalina.core.ApplicationFilterChain.internalDoFilter(Ljavax/servlet/ServletRequest;Ljavax/servlet/ServletResponse;)V+135
j  org.apache.catalina.core.ApplicationFilterChain.doFilter(Ljavax/servlet/ServletRequest;Ljavax/servlet/ServletResponse;)V+99
j  org.springframework.web.filter.OncePerRequestFilter.doFilter(Ljavax/servlet/ServletRequest;Ljavax/servlet/ServletResponse;Ljavax/servlet/FilterChain;)V+81
j  org.apache.catalina.core.ApplicationFilterChain.internalDoFilter(Ljavax/servlet/ServletRequest;Ljavax/servlet/ServletResponse;)V+135
j  org.apache.catalina.core.ApplicationFilterChain.doFilter(Ljavax/servlet/ServletRequest;Ljavax/servlet/ServletResponse;)V+99
j  org.springframework.web.filter.RequestContextFilter.doFilterInternal(Ljavax/servlet/http/HttpServletRequest;Ljavax/servlet/http/HttpServletResponse;Ljavax/servlet/FilterChain;)V+21
j  org.springframework.web.filter.OncePerRequestFilter.doFilter(Ljavax/servlet/ServletRequest;Ljavax/servlet/ServletResponse;Ljavax/servlet/FilterChain;)V+147
j  org.apache.catalina.core.ApplicationFilterChain.internalDoFilter(Ljavax/servlet/ServletRequest;Ljavax/servlet/ServletResponse;)V+135
j  org.apache.catalina.core.ApplicationFilterChain.doFilter(Ljavax/servlet/ServletRequest;Ljavax/servlet/ServletResponse;)V+99
j  org.springframework.web.filter.FormContentFilter.doFilterInternal(Ljavax/servlet/http/HttpServletRequest;Ljavax/servlet/http/HttpServletResponse;Ljavax/servlet/FilterChain;)V+38
j  org.springframework.web.filter.OncePerRequestFilter.doFilter(Ljavax/servlet/ServletRequest;Ljavax/servlet/ServletResponse;Ljavax/servlet/FilterChain;)V+147
j  org.apache.catalina.core.ApplicationFilterChain.internalDoFilter(Ljavax/servlet/ServletRequest;Ljavax/servlet/ServletResponse;)V+135
j  org.apache.catalina.core.ApplicationFilterChain.doFilter(Ljavax/servlet/ServletRequest;Ljavax/servlet/ServletResponse;)V+99
j  org.springframework.web.filter.CharacterEncodingFilter.doFilterInternal(Ljavax/servlet/http/HttpServletRequest;Ljavax/servlet/http/HttpServletResponse;Ljavax/servlet/FilterChain;)V+53
j  org.springframework.web.filter.OncePerRequestFilter.doFilter(Ljavax/servlet/ServletRequest;Ljavax/servlet/ServletResponse;Ljavax/servlet/FilterChain;)V+147
j  org.apache.catalina.core.ApplicationFilterChain.internalDoFilter(Ljavax/servlet/ServletRequest;Ljavax/servlet/ServletResponse;)V+135
j  org.apache.catalina.core.ApplicationFilterChain.doFilter(Ljavax/servlet/ServletRequest;Ljavax/servlet/ServletResponse;)V+99
j  org.apache.catalina.core.StandardWrapperValve.invoke(Lorg/apache/catalina/connector/Request;Lorg/apache/catalina/connector/Response;)V+514
j  org.apache.catalina.core.StandardContextValve.invoke(Lorg/apache/catalina/connector/Request;Lorg/apache/catalina/connector/Response;)V+169
j  org.apache.catalina.authenticator.AuthenticatorBase.invoke(Lorg/apache/catalina/connector/Request;Lorg/apache/catalina/connector/Response;)V+260
j  org.apache.catalina.core.StandardHostValve.invoke(Lorg/apache/catalina/connector/Request;Lorg/apache/catalina/connector/Response;)V+128
j  org.apache.catalina.valves.ErrorReportValve.invoke(Lorg/apache/catalina/connector/Request;Lorg/apache/catalina/connector/Response;)V+6
j  org.apache.catalina.core.StandardEngineValve.invoke(Lorg/apache/catalina/connector/Request;Lorg/apache/catalina/connector/Response;)V+59
j  org.apache.catalina.connector.CoyoteAdapter.service(Lorg/apache/coyote/Request;Lorg/apache/coyote/Response;)V+187
j  org.apache.coyote.http11.Http11Processor.service(Lorg/apache/tomcat/util/net/SocketWrapperBase;)Lorg/apache/tomcat/util/net/AbstractEndpoint$Handler$SocketState;+796
j  org.apache.coyote.AbstractProcessorLight.process(Lorg/apache/tomcat/util/net/SocketWrapperBase;Lorg/apache/tomcat/util/net/SocketEvent;)Lorg/apache/tomcat/util/net/AbstractEndpoint$Handler$SocketState;+170
j  org.apache.coyote.AbstractProtocol$ConnectionHandler.process(Lorg/apache/tomcat/util/net/SocketWrapperBase;Lorg/apache/tomcat/util/net/SocketEvent;)Lorg/apache/tomcat/util/net/AbstractEndpoint$Handler$SocketState;+489
j  org.apache.tomcat.util.net.NioEndpoint$SocketProcessor.doRun()V+249
j  org.apache.tomcat.util.net.SocketProcessorBase.run()V+32
j  org.apache.tomcat.util.threads.ThreadPoolExecutor.runWorker(Lorg/apache/tomcat/util/threads/ThreadPoolExecutor$Worker;)V+92
j  org.apache.tomcat.util.threads.ThreadPoolExecutor$Worker.run()V+5
j  org.apache.tomcat.util.threads.TaskThread$WrappingRunnable.run()V+4
j  java.lang.Thread.run()V+11
v  ~StubRoutines::call_stub

---------------  P R O C E S S  ---------------

Java Threads: ( => current thread )
  0x00000157c3cea800 JavaThread "RMI TCP Connection(3)-192.168.137.1" daemon [_thread_in_native, id=18764, stack(0x00000040d8d00000,0x00000040d8e00000)]
  0x00000157c3ce2000 JavaThread "DestroyJavaVM" [_thread_blocked, id=2784, stack(0x00000040d7400000,0x00000040d7500000)]
  0x00000157c3ce9000 JavaThread "http-nio-8080-Acceptor" daemon [_thread_in_native, id=13180, stack(0x00000040da100000,0x00000040da200000)]
  0x00000157c3ce8000 JavaThread "http-nio-8080-Poller" daemon [_thread_in_native, id=13880, stack(0x00000040da000000,0x00000040da100000)]
  0x00000157c3ce4000 JavaThread "http-nio-8080-exec-10" daemon [_thread_blocked, id=23392, stack(0x00000040d9f00000,0x00000040da000000)]
  0x00000157c3ce7800 JavaThread "http-nio-8080-exec-9" daemon [_thread_blocked, id=21732, stack(0x00000040d9e00000,0x00000040d9f00000)]
  0x00000157c3ce5000 JavaThread "http-nio-8080-exec-8" daemon [_thread_blocked, id=18908, stack(0x00000040d9d00000,0x00000040d9e00000)]
  0x00000157c3ce6800 JavaThread "http-nio-8080-exec-7" daemon [_thread_blocked, id=18488, stack(0x00000040d9c00000,0x00000040d9d00000)]
  0x00000157c3ce3800 JavaThread "http-nio-8080-exec-6" daemon [_thread_blocked, id=15404, stack(0x00000040d9b00000,0x00000040d9c00000)]
  0x00000157c3ce2800 JavaThread "http-nio-8080-exec-5" daemon [_thread_blocked, id=16192, stack(0x00000040d9a00000,0x00000040d9b00000)]
  0x00000157c3ce6000 JavaThread "http-nio-8080-exec-4" daemon [_thread_blocked, id=23264, stack(0x00000040d9900000,0x00000040d9a00000)]
  0x00000157c3446800 JavaThread "http-nio-8080-exec-3" daemon [_thread_blocked, id=2988, stack(0x00000040d9800000,0x00000040d9900000)]
  0x00000157c3443000 JavaThread "http-nio-8080-exec-2" daemon [_thread_blocked, id=4944, stack(0x00000040d9700000,0x00000040d9800000)]
=>0x00000157c3444000 JavaThread "http-nio-8080-exec-1" daemon [_thread_in_vm, id=6424, stack(0x00000040d9500000,0x00000040d9600000)]
  0x00000157c3442800 JavaThread "Live Reload Server" daemon [_thread_in_native, id=5992, stack(0x00000040d9600000,0x00000040d9700000)]
  0x00000157c3444800 JavaThread "File Watcher" daemon [_thread_blocked, id=18092, stack(0x00000040d9400000,0x00000040d9500000)]
  0x00000157c3445800 JavaThread "mysql-cj-abandoned-connection-cleanup" daemon [_thread_blocked, id=7448, stack(0x00000040d9300000,0x00000040d9400000)]
  0x00000157c3441800 JavaThread "container-0" [_thread_blocked, id=20664, stack(0x00000040d9200000,0x00000040d9300000)]
  0x00000157c3447000 JavaThread "Catalina-utility-2" [_thread_blocked, id=11956, stack(0x00000040d9100000,0x00000040d9200000)]
  0x00000157c3441000 JavaThread "Catalina-utility-1" [_thread_blocked, id=2296, stack(0x00000040d9000000,0x00000040d9100000)]
  0x00000157c2426800 JavaThread "RMI TCP Connection(2)-192.168.137.1" daemon [_thread_in_native, id=16176, stack(0x00000040d8f00000,0x00000040d9000000)]
  0x00000157c2358800 JavaThread "RMI Scheduler(0)" daemon [_thread_blocked, id=23080, stack(0x00000040d8c00000,0x00000040d8d00000)]
  0x00000157c232b800 JavaThread "JMX server connection timeout 15" daemon [_thread_blocked, id=8824, stack(0x00000040d8b00000,0x00000040d8c00000)]
  0x00000157c21cf800 JavaThread "RMI TCP Connection(1)-192.168.137.1" daemon [_thread_in_native, id=10856, stack(0x00000040d8a00000,0x00000040d8b00000)]
  0x00000157c2064000 JavaThread "RMI TCP Accept-0" daemon [_thread_in_native, id=18084, stack(0x00000040d8800000,0x00000040d8900000)]
  0x00000157c1dce800 JavaThread "Service Thread" daemon [_thread_blocked, id=22076, stack(0x00000040d8700000,0x00000040d8800000)]
  0x00000157c1dc7800 JavaThread "C1 CompilerThread3" daemon [_thread_blocked, id=21840, stack(0x00000040d8600000,0x00000040d8700000)]
  0x00000157c1dc5000 JavaThread "C2 CompilerThread2" daemon [_thread_blocked, id=22680, stack(0x00000040d8500000,0x00000040d8600000)]
  0x00000157c1d4d000 JavaThread "C2 CompilerThread1" daemon [_thread_blocked, id=112, stack(0x00000040d8400000,0x00000040d8500000)]
  0x00000157c1d48000 JavaThread "C2 CompilerThread0" daemon [_thread_blocked, id=19816, stack(0x00000040d8300000,0x00000040d8400000)]
  0x00000157c1d44800 JavaThread "Monitor Ctrl-Break" daemon [_thread_in_native, id=18632, stack(0x00000040d8200000,0x00000040d8300000)]
  0x00000157bfd71000 JavaThread "Attach Listener" daemon [_thread_blocked, id=16184, stack(0x00000040d8100000,0x00000040d8200000)]
  0x00000157bfd70000 JavaThread "Signal Dispatcher" daemon [_thread_blocked, id=22700, stack(0x00000040d8000000,0x00000040d8100000)]
  0x00000157bfd4b000 JavaThread "Finalizer" daemon [_thread_blocked, id=19540, stack(0x00000040d7f00000,0x00000040d8000000)]
  0x00000157bf9ce800 JavaThread "Reference Handler" daemon [_thread_blocked, id=3704, stack(0x00000040d7e00000,0x00000040d7f00000)]

Other Threads:
  0x00000157bf9cb800 VMThread [stack: 0x00000040d7d00000,0x00000040d7e00000] [id=4948]
  0x00000157c2065800 WatcherThread [stack: 0x00000040d8900000,0x00000040d8a00000] [id=21824]

VM state:not at safepoint (normal execution)

VM Mutex/Monitor currently owned by a thread: None

heap address: 0x0000000082800000, size: 2008 MB, Compressed Oops mode: 32-bit
Narrow klass base: 0x0000000000000000, Narrow klass shift: 3
Compressed class space size: 1073741824 Address: 0x0000000100000000

Heap:
 PSYoungGen      total 128512K, used 100248K [0x00000000d6300000, 0x00000000dfd00000, 0x0000000100000000)
  eden space 125440K, 79% used [0x00000000d6300000,0x00000000dc4e6020,0x00000000ddd80000)
  from space 3072K, 0% used [0x00000000de980000,0x00000000de980000,0x00000000dec80000)
  to   space 12288K, 0% used [0x00000000ddd80000,0x00000000ddd80000,0x00000000de980000)
 ParOldGen       total 116736K, used 17078K [0x0000000082800000, 0x0000000089a00000, 0x00000000d6300000)
  object space 116736K, 14% used [0x0000000082800000,0x00000000838ad9e8,0x0000000089a00000)
 Metaspace       used 41151K, capacity 43616K, committed 43904K, reserved 1087488K
  class space    used 5176K, capacity 5638K, committed 5760K, reserved 1048576K

Card table byte_map: [0x00000157ba760000,0x00000157bab50000] byte_map_base: 0x00000157ba34c000

Marking Bits: (ParMarkBitMap*) 0x0000000053c348d0
 Begin Bits: [0x00000157badf0000, 0x00000157bcd50000)
 End Bits:   [0x00000157bcd50000, 0x00000157becb0000)

Polling page: 0x00000157ab360000

CodeCache: size=245760Kb used=9075Kb max_used=9075Kb free=236684Kb
 bounds [0x00000157ab3a0000, 0x00000157abc80000, 0x00000157ba3a0000]
 total_blobs=4782 nmethods=4284 adapters=408
 compilation: enabled

Compilation events (10 events):
Event: 27.519 Thread 0x00000157c1dc7800 4324       1       org.apache.jasper.compiler.SmapUtil$SDEInstaller::writeBytes (45 bytes)
Event: 27.519 Thread 0x00000157c1dc7800 nmethod 4324 0x00000157abc7b150 code [0x00000157abc7b2a0, 0x00000157abc7b418]
Event: 27.519 Thread 0x00000157c1dc7800 4322       1       org.apache.jasper.compiler.SmapUtil$SDEInstaller::writeU1 (19 bytes)
Event: 27.519 Thread 0x00000157c1dc7800 nmethod 4322 0x00000157abc7b550 code [0x00000157abc7b6a0, 0x00000157abc7b7f8]
Event: 27.519 Thread 0x00000157c1dc7800 4326       1       org.apache.jasper.compiler.SmapUtil$SDEInstaller::copy (46 bytes)
Event: 27.519 Thread 0x00000157c1dc7800 nmethod 4326 0x00000157abc7b8d0 code [0x00000157abc7ba40, 0x00000157abc7bbd8]
Event: 27.519 Thread 0x00000157c1dc7800 4325       1       org.apache.jasper.compiler.SmapUtil$SDEInstaller::readU2 (15 bytes)
Event: 27.519 Thread 0x00000157c1dc7800 nmethod 4325 0x00000157abc7bd50 code [0x00000157abc7bea0, 0x00000157abc7c018]
Event: 27.529 Thread 0x00000157c1dc7800 4327       1       org.apache.catalina.core.DefaultInstanceManager::findLifecycleCallback (110 bytes)
Event: 27.529 Thread 0x00000157c1dc7800 nmethod 4327 0x00000157abc7c150 code [0x00000157abc7c380, 0x00000157abc7cbd0]

GC Heap History (10 events):
Event: 7.473 GC heap before
{Heap before GC invocations=6 (full 1):
 PSYoungGen      total 70656K, used 5109K [0x00000000d6300000, 0x00000000df500000, 0x0000000100000000)
  eden space 65536K, 0% used [0x00000000d6300000,0x00000000d6300000,0x00000000da300000)
  from space 5120K, 99% used [0x00000000da300000,0x00000000da7fd718,0x00000000da800000)
  to   space 9216K, 0% used [0x00000000dec00000,0x00000000dec00000,0x00000000df500000)
 ParOldGen       total 86016K, used 8051K [0x0000000082800000, 0x0000000087c00000, 0x00000000d6300000)
  object space 86016K, 9% used [0x0000000082800000,0x0000000082fdce18,0x0000000087c00000)
 Metaspace       used 20236K, capacity 21246K, committed 21296K, reserved 1067008K
  class space    used 2653K, capacity 2914K, committed 2944K, reserved 1048576K
Event: 7.737 GC heap after
Heap after GC invocations=6 (full 1):
 PSYoungGen      total 70656K, used 0K [0x00000000d6300000, 0x00000000df500000, 0x0000000100000000)
  eden space 65536K, 0% used [0x00000000d6300000,0x00000000d6300000,0x00000000da300000)
  from space 5120K, 0% used [0x00000000da300000,0x00000000da300000,0x00000000da800000)
  to   space 9216K, 0% used [0x00000000dec00000,0x00000000dec00000,0x00000000df500000)
 ParOldGen       total 65536K, used 7036K [0x0000000082800000, 0x0000000086800000, 0x00000000d6300000)
  object space 65536K, 10% used [0x0000000082800000,0x0000000082edf348,0x0000000086800000)
 Metaspace       used 20236K, capacity 21246K, committed 21296K, reserved 1067008K
  class space    used 2653K, capacity 2914K, committed 2944K, reserved 1048576K
}
Event: 11.823 GC heap before
{Heap before GC invocations=7 (full 1):
 PSYoungGen      total 70656K, used 65536K [0x00000000d6300000, 0x00000000df500000, 0x0000000100000000)
  eden space 65536K, 100% used [0x00000000d6300000,0x00000000da300000,0x00000000da300000)
  from space 5120K, 0% used [0x00000000da300000,0x00000000da300000,0x00000000da800000)
  to   space 9216K, 0% used [0x00000000dec00000,0x00000000dec00000,0x00000000df500000)
 ParOldGen       total 65536K, used 7036K [0x0000000082800000, 0x0000000086800000, 0x00000000d6300000)
  object space 65536K, 10% used [0x0000000082800000,0x0000000082edf348,0x0000000086800000)
 Metaspace       used 23212K, capacity 24448K, committed 24704K, reserved 1071104K
  class space    used 3129K, capacity 3405K, committed 3456K, reserved 1048576K
Event: 11.834 GC heap after
Heap after GC invocations=7 (full 1):
 PSYoungGen      total 90624K, used 5855K [0x00000000d6300000, 0x00000000df200000, 0x0000000100000000)
  eden space 84480K, 0% used [0x00000000d6300000,0x00000000d6300000,0x00000000db580000)
  from space 6144K, 95% used [0x00000000dec00000,0x00000000df1b7d18,0x00000000df200000)
  to   space 8704K, 0% used [0x00000000de100000,0x00000000de100000,0x00000000de980000)
 ParOldGen       total 65536K, used 7044K [0x0000000082800000, 0x0000000086800000, 0x00000000d6300000)
  object space 65536K, 10% used [0x0000000082800000,0x0000000082ee1348,0x0000000086800000)
 Metaspace       used 23212K, capacity 24448K, committed 24704K, reserved 1071104K
  class space    used 3129K, capacity 3405K, committed 3456K, reserved 1048576K
}
Event: 14.068 GC heap before
{Heap before GC invocations=8 (full 1):
 PSYoungGen      total 90624K, used 90335K [0x00000000d6300000, 0x00000000df200000, 0x0000000100000000)
  eden space 84480K, 100% used [0x00000000d6300000,0x00000000db580000,0x00000000db580000)
  from space 6144K, 95% used [0x00000000dec00000,0x00000000df1b7d18,0x00000000df200000)
  to   space 8704K, 0% used [0x00000000de100000,0x00000000de100000,0x00000000de980000)
 ParOldGen       total 65536K, used 7044K [0x0000000082800000, 0x0000000086800000, 0x00000000d6300000)
  object space 65536K, 10% used [0x0000000082800000,0x0000000082ee1348,0x0000000086800000)
 Metaspace       used 29216K, capacity 31210K, committed 31488K, reserved 1077248K
  class space    used 3887K, capacity 4274K, committed 4352K, reserved 1048576K
Event: 14.084 GC heap after
Heap after GC invocations=8 (full 1):
 PSYoungGen      total 115200K, used 8681K [0x00000000d6300000, 0x00000000dec80000, 0x0000000100000000)
  eden space 106496K, 0% used [0x00000000d6300000,0x00000000d6300000,0x00000000dcb00000)
  from space 8704K, 99% used [0x00000000de100000,0x00000000de97a748,0x00000000de980000)
  to   space 3072K, 0% used [0x00000000de980000,0x00000000de980000,0x00000000dec80000)
 ParOldGen       total 65536K, used 8192K [0x0000000082800000, 0x0000000086800000, 0x00000000d6300000)
  object space 65536K, 12% used [0x0000000082800000,0x00000000830002d0,0x0000000086800000)
 Metaspace       used 29216K, capacity 31210K, committed 31488K, reserved 1077248K
  class space    used 3887K, capacity 4274K, committed 4352K, reserved 1048576K
}
Event: 15.344 GC heap before
{Heap before GC invocations=9 (full 1):
 PSYoungGen      total 115200K, used 82823K [0x00000000d6300000, 0x00000000dec80000, 0x0000000100000000)
  eden space 106496K, 69% used [0x00000000d6300000,0x00000000dab67720,0x00000000dcb00000)
  from space 8704K, 99% used [0x00000000de100000,0x00000000de97a748,0x00000000de980000)
  to   space 3072K, 0% used [0x00000000de980000,0x00000000de980000,0x00000000dec80000)
 ParOldGen       total 65536K, used 8192K [0x0000000082800000, 0x0000000086800000, 0x00000000d6300000)
  object space 65536K, 12% used [0x0000000082800000,0x00000000830002d0,0x0000000086800000)
 Metaspace       used 33173K, capacity 35458K, committed 35496K, reserved 1079296K
  class space    used 4421K, capacity 4860K, committed 4864K, reserved 1048576K
Event: 15.356 GC heap after
Heap after GC invocations=9 (full 1):
 PSYoungGen      total 128512K, used 3072K [0x00000000d6300000, 0x00000000dfd00000, 0x0000000100000000)
  eden space 125440K, 0% used [0x00000000d6300000,0x00000000d6300000,0x00000000ddd80000)
  from space 3072K, 100% used [0x00000000de980000,0x00000000dec80000,0x00000000dec80000)
  to   space 12288K, 0% used [0x00000000ddd80000,0x00000000ddd80000,0x00000000de980000)
 ParOldGen       total 65536K, used 17085K [0x0000000082800000, 0x0000000086800000, 0x00000000d6300000)
  object space 65536K, 26% used [0x0000000082800000,0x00000000838af450,0x0000000086800000)
 Metaspace       used 33173K, capacity 35458K, committed 35496K, reserved 1079296K
  class space    used 4421K, capacity 4860K, committed 4864K, reserved 1048576K
}
Event: 15.356 GC heap before
{Heap before GC invocations=10 (full 2):
 PSYoungGen      total 128512K, used 3072K [0x00000000d6300000, 0x00000000dfd00000, 0x0000000100000000)
  eden space 125440K, 0% used [0x00000000d6300000,0x00000000d6300000,0x00000000ddd80000)
  from space 3072K, 100% used [0x00000000de980000,0x00000000dec80000,0x00000000dec80000)
  to   space 12288K, 0% used [0x00000000ddd80000,0x00000000ddd80000,0x00000000de980000)
 ParOldGen       total 65536K, used 17085K [0x0000000082800000, 0x0000000086800000, 0x00000000d6300000)
  object space 65536K, 26% used [0x0000000082800000,0x00000000838af450,0x0000000086800000)
 Metaspace       used 33173K, capacity 35458K, committed 35496K, reserved 1079296K
  class space    used 4421K, capacity 4860K, committed 4864K, reserved 1048576K
Event: 15.486 GC heap after
Heap after GC invocations=10 (full 2):
 PSYoungGen      total 128512K, used 0K [0x00000000d6300000, 0x00000000dfd00000, 0x0000000100000000)
  eden space 125440K, 0% used [0x00000000d6300000,0x00000000d6300000,0x00000000ddd80000)
  from space 3072K, 0% used [0x00000000de980000,0x00000000de980000,0x00000000dec80000)
  to   space 12288K, 0% used [0x00000000ddd80000,0x00000000ddd80000,0x00000000de980000)
 ParOldGen       total 116736K, used 17078K [0x0000000082800000, 0x0000000089a00000, 0x00000000d6300000)
  object space 116736K, 14% used [0x0000000082800000,0x00000000838ad9e8,0x0000000089a00000)
 Metaspace       used 33113K, capacity 35362K, committed 35496K, reserved 1079296K
  class space    used 4412K, capacity 4844K, committed 4864K, reserved 1048576K
}

Deoptimization events (0 events):
No events

Classes redefined (0 events):
No events

Internal exceptions (10 events):
Event: 26.982 Thread 0x00000157c3444000 Exception <a 'java/lang/ClassNotFoundException': org/apache/taglibs/standard/tag/common/core/ChooseTagCustomizer> (0x00000000d8cc5478) thrown at [C:\wsjdk\Corretto8Src\installers\windows\zip\corretto-build\buildRoot\hotspot\src\share\vm\classfile\systemDi
Event: 26.984 Thread 0x00000157c3444000 Exception <a 'java/lang/ClassNotFoundException': org/apache/taglibs/standard/tag/rt/core/WhenTagBeanInfo> (0x00000000d8ce33a8) thrown at [C:\wsjdk\Corretto8Src\installers\windows\zip\corretto-build\buildRoot\hotspot\src\share\vm\classfile\systemDictionary
Event: 26.985 Thread 0x00000157c3444000 Exception <a 'java/lang/ClassNotFoundException': org/apache/taglibs/standard/tag/common/core/WhenTagSupportBeanInfo> (0x00000000d8cf9b20) thrown at [C:\wsjdk\Corretto8Src\installers\windows\zip\corretto-build\buildRoot\hotspot\src\share\vm\classfile\syste
Event: 26.985 Thread 0x00000157c3444000 Exception <a 'java/lang/ClassNotFoundException': javax/servlet/jsp/jstl/core/ConditionalTagSupportBeanInfo> (0x00000000d8d0eae8) thrown at [C:\wsjdk\Corretto8Src\installers\windows\zip\corretto-build\buildRoot\hotspot\src\share\vm\classfile\systemDictiona
Event: 26.987 Thread 0x00000157c3444000 Exception <a 'java/lang/ClassNotFoundException': javax/servlet/jsp/jstl/core/ConditionalTagSupportCustomizer> (0x00000000d8d241f8) thrown at [C:\wsjdk\Corretto8Src\installers\windows\zip\corretto-build\buildRoot\hotspot\src\share\vm\classfile\systemDictio
Event: 26.988 Thread 0x00000157c3444000 Exception <a 'java/lang/ClassNotFoundException': org/apache/taglibs/standard/tag/common/core/WhenTagSupportCustomizer> (0x00000000d8d41328) thrown at [C:\wsjdk\Corretto8Src\installers\windows\zip\corretto-build\buildRoot\hotspot\src\share\vm\classfile\sys
Event: 26.989 Thread 0x00000157c3444000 Exception <a 'java/lang/ClassNotFoundException': org/apache/taglibs/standard/tag/rt/core/WhenTagCustomizer> (0x00000000d8d5a068) thrown at [C:\wsjdk\Corretto8Src\installers\windows\zip\corretto-build\buildRoot\hotspot\src\share\vm\classfile\systemDictiona
Event: 26.991 Thread 0x00000157c3444000 Exception <a 'java/lang/ClassNotFoundException': org/apache/taglibs/standard/tag/common/core/OtherwiseTagBeanInfo> (0x00000000d8d917a8) thrown at [C:\wsjdk\Corretto8Src\installers\windows\zip\corretto-build\buildRoot\hotspot\src\share\vm\classfile\systemD
Event: 26.992 Thread 0x00000157c3444000 Exception <a 'java/lang/ClassNotFoundException': org/apache/taglibs/standard/tag/common/core/OtherwiseTagCustomizer> (0x00000000d8da8200) thrown at [C:\wsjdk\Corretto8Src\installers\windows\zip\corretto-build\buildRoot\hotspot\src\share\vm\classfile\syste
Event: 27.206 Thread 0x00000157c3444000 Exception <a 'java/lang/ArrayIndexOutOfBoundsException': 23986> (0x00000000da4d78a0) thrown at [C:\wsjdk\Corretto8Src\installers\windows\zip\corretto-build\buildRoot\hotspot\src\share\vm\interpreter\interpreterRuntime.cpp, line 372]

Events (10 events):
Event: 27.536 loading class ch/qos/logback/classic/spi/STEUtil
Event: 27.536 loading class ch/qos/logback/classic/spi/STEUtil done
Event: 27.537 loading class ch/qos/logback/classic/spi/ClassPackagingData
Event: 27.537 loading class ch/qos/logback/classic/spi/ClassPackagingData done
Event: 27.537 loading class org/apache/jsp/WEB_002dINF/jsp/contact_jsp
Event: 27.537 loading class org/apache/jsp/WEB_002dINF/jsp/contact_jsp done
Event: 27.537 loading class org/apache/jsp/WEB_002dINF/jsp/contact_jsp
Event: 27.537 loading class org/apache/jsp/WEB_002dINF/jsp/contact_jsp done
Event: 27.538 loading class org/apache/jsp/WEB_002dINF/jsp/contact_jsp
Event: 27.538 loading class org/apache/jsp/WEB_002dINF/jsp/contact_jsp done


Dynamic libraries:
0x00007ff767230000 - 0x00007ff767276000 	C:\Users\abhis\.jdks\corretto-1.8.0_452\bin\java.exe
0x00000157a9930000 - 0x00000157a9b47000 	C:\WINDOWS\SYSTEM32\ntd1l.dll
0x00000157a9500000 - 0x00000157a95c4000 	C:\WINDOWS\System32\kern3l32.dll
0x00007ff9b1210000 - 0x00007ff9b1427000 	C:\WINDOWS\SYSTEM32\ntdll.dll
0x00007ff9b0c10000 - 0x00007ff9b0cd4000 	C:\WINDOWS\System32\KERNEL32.DLL
0x00007ff9ae900000 - 0x00007ff9aecd2000 	C:\WINDOWS\System32\KERNELBASE.dll
0x00007ff9ade00000 - 0x00007ff9ae216000 	C:\Program Files\SentinelOne\Sentinel Agent 24.1.5.277\InProcessClient64.dll
0x00007ff9afbe0000 - 0x00007ff9afc91000 	C:\WINDOWS\System32\ADVAPI32.dll
0x00007ff9b0150000 - 0x00007ff9b01f7000 	C:\WINDOWS\System32\msvcrt.dll
0x00007ff9b1120000 - 0x00007ff9b11c8000 	C:\WINDOWS\System32\sechost.dll
0x00007ff9ae4d0000 - 0x00007ff9ae4f8000 	C:\WINDOWS\System32\bcrypt.dll
0x00007ff9affd0000 - 0x00007ff9b00e4000 	C:\WINDOWS\System32\RPCRT4.dll
0x00007ff9afe10000 - 0x00007ff9affc1000 	C:\WINDOWS\System32\USER32.dll
0x00007ff9ae300000 - 0x00007ff9ae326000 	C:\WINDOWS\System32\win32u.dll
0x00007ff9b0be0000 - 0x00007ff9b0c09000 	C:\WINDOWS\System32\GDI32.dll
0x00007ff9ae7d0000 - 0x00007ff9ae8f3000 	C:\WINDOWS\System32\gdi32full.dll
0x00007ff9ae500000 - 0x00007ff9ae59a000 	C:\WINDOWS\System32\msvcp_win.dll
0x00007ff9ae330000 - 0x00007ff9ae441000 	C:\WINDOWS\System32\ucrtbase.dll
0x00007ff99d3a0000 - 0x00007ff99d63b000 	C:\WINDOWS\WinSxS\amd64_microsoft.windows.common-controls_6595b64144ccf1df_6.0.22621.5413_none_270da5617387a498\COMCTL32.dll
0x00007ff9adda0000 - 0x00007ff9addaa000 	C:\WINDOWS\SYSTEM32\VERSION.dll
0x00007ff9add90000 - 0x00007ff9add9b000 	C:\WINDOWS\SYSTEM32\FLTLIB.DLL
0x00007ff9b00f0000 - 0x00007ff9b0121000 	C:\WINDOWS\System32\IMM32.DLL
0x00007ff982a00000 - 0x00007ff982a15000 	C:\Users\abhis\.jdks\corretto-1.8.0_452\jre\bin\vcruntime140.dll
0x00007ff9742d0000 - 0x00007ff97436b000 	C:\Users\abhis\.jdks\corretto-1.8.0_452\jre\bin\msvcp140.dll
0x0000000053450000 - 0x0000000053cad000 	C:\Users\abhis\.jdks\corretto-1.8.0_452\jre\bin\server\jvm.dll
0x00007ff9b1110000 - 0x00007ff9b1118000 	C:\WINDOWS\System32\PSAPI.DLL
0x00007ff999760000 - 0x00007ff999769000 	C:\WINDOWS\SYSTEM32\WSOCK32.dll
0x00007ff9b0200000 - 0x00007ff9b0271000 	C:\WINDOWS\System32\WS2_32.dll
0x00007ff99a680000 - 0x00007ff99a6b4000 	C:\WINDOWS\SYSTEM32\WINMM.dll
0x00007ff9acef0000 - 0x00007ff9acf08000 	C:\WINDOWS\SYSTEM32\kernel.appcore.dll
0x00007ff9a4aa0000 - 0x00007ff9a4ab0000 	C:\Users\abhis\.jdks\corretto-1.8.0_452\jre\bin\verify.dll
0x00007ff9829d0000 - 0x00007ff9829fb000 	C:\Users\abhis\.jdks\corretto-1.8.0_452\jre\bin\java.dll
0x00007ff982990000 - 0x00007ff9829c2000 	C:\Users\abhis\.jdks\corretto-1.8.0_452\jre\bin\instrument.dll
0x00007ff99acc0000 - 0x00007ff99ad6d000 	C:\Program Files\SentinelOne\Sentinel Agent 24.1.5.277\SentinelJava64.dll
0x00007ff9b0f90000 - 0x00007ff9b0ff9000 	C:\WINDOWS\System32\SHLWAPI.dll
0x00007ff9b0a10000 - 0x00007ff9b0bb0000 	C:\WINDOWS\System32\ole32.dll
0x00007ff9af840000 - 0x00007ff9afbd3000 	C:\WINDOWS\System32\combase.dll
0x00007ff982710000 - 0x00007ff982728000 	C:\Users\abhis\.jdks\corretto-1.8.0_452\jre\bin\zip.dll
0x00007ff9aeea0000 - 0x00007ff9af742000 	C:\WINDOWS\System32\SHELL32.dll
0x00007ff9aece0000 - 0x00007ff9aee1f000 	C:\WINDOWS\System32\wintypes.dll
0x00007ff9abc80000 - 0x00007ff9ac59d000 	C:\WINDOWS\SYSTEM32\windows.storage.dll
0x00007ff9b1000000 - 0x00007ff9b110b000 	C:\WINDOWS\System32\SHCORE.dll
0x00007ff9ae230000 - 0x00007ff9ae25b000 	C:\WINDOWS\SYSTEM32\profapi.dll
0x00007ff982640000 - 0x00007ff98265c000 	C:\Users\abhis\.jdks\corretto-1.8.0_452\jre\bin\net.dll
0x00007ff9ad370000 - 0x00007ff9ad3d9000 	C:\WINDOWS\system32\mswsock.dll
0x00007ff9ac9e0000 - 0x00007ff9acad8000 	C:\WINDOWS\SYSTEM32\DNSAPI.dll
0x00007ff9ac970000 - 0x00007ff9ac99d000 	C:\WINDOWS\SYSTEM32\IPHLPAPI.DLL
0x00007ff9afca0000 - 0x00007ff9afca9000 	C:\WINDOWS\System32\NSI.dll
0x00007ff99e550000 - 0x00007ff99e55a000 	C:\Windows\System32\rasadhlp.dll
0x00007ff9a5b90000 - 0x00007ff9a5c14000 	C:\WINDOWS\System32\fwpuclnt.dll
0x00007ff9aee20000 - 0x00007ff9aee9b000 	C:\WINDOWS\System32\bcryptPrimitives.dll
0x00007ff99add0000 - 0x00007ff99addd000 	C:\Users\abhis\.jdks\corretto-1.8.0_452\jre\bin\management.dll
0x00007ff982600000 - 0x00007ff982613000 	C:\Users\abhis\.jdks\corretto-1.8.0_452\jre\bin\nio.dll
0x00007ff9ad5c0000 - 0x00007ff9ad5db000 	C:\WINDOWS\SYSTEM32\CRYPTSP.dll
0x00007ff9ace50000 - 0x00007ff9ace87000 	C:\WINDOWS\system32\rsaenh.dll
0x00007ff9ad460000 - 0x00007ff9ad488000 	C:\WINDOWS\SYSTEM32\USERENV.dll
0x00007ff9ad5e0000 - 0x00007ff9ad5ec000 	C:\WINDOWS\SYSTEM32\CRYPTBASE.dll
0x00007ff9a8600000 - 0x00007ff9a8619000 	C:\WINDOWS\SYSTEM32\dhcpcsvc6.DLL
0x00007ff9a7ba0000 - 0x00007ff9a7bbf000 	C:\WINDOWS\SYSTEM32\dhcpcsvc.DLL
0x00007ff991b70000 - 0x00007ff991b87000 	C:\WINDOWS\system32\napinsp.dll
0x00007ff991b50000 - 0x00007ff991b6b000 	C:\WINDOWS\system32\pnrpnsp.dll
0x00007ff990ed0000 - 0x00007ff990ee1000 	C:\WINDOWS\System32\winrnr.dll
0x00007ff990eb0000 - 0x00007ff990ecf000 	C:\WINDOWS\system32\wshbth.dll
0x00007ff990e80000 - 0x00007ff990ea1000 	C:\WINDOWS\system32\nlansp_c.dll
0x00007ff97edb0000 - 0x00007ff97ee00000 	C:\WINDOWS\SYSTEM32\pdh.dll
0x00007ff981600000 - 0x00007ff981611000 	C:\WINDOWS\System32\perfproc.dll
0x00007ff992260000 - 0x00007ff992270000 	C:\WINDOWS\System32\perfos.dll
0x00007ff9aafc0000 - 0x00007ff9aafd0000 	C:\WINDOWS\SYSTEM32\pfclient.dll
0x00007ff9825d0000 - 0x00007ff9825f4000 	C:\Users\abhis\.jdks\corretto-1.8.0_452\jre\bin\sunec.dll
0x00007ff98d700000 - 0x00007ff98d70e000 	C:\Users\abhis\.jdks\corretto-1.8.0_452\jre\bin\sunmscapi.dll
0x00007ff9ae660000 - 0x00007ff9ae7c7000 	C:\WINDOWS\System32\CRYPT32.dll
0x00007ff9ad7f0000 - 0x00007ff9ad81d000 	C:\WINDOWS\SYSTEM32\ncrypt.dll
0x00007ff9ad7b0000 - 0x00007ff9ad7e7000 	C:\WINDOWS\SYSTEM32\NTASN1.dll
0x00007ff9ab8d0000 - 0x00007ff9abb02000 	C:\WINDOWS\SYSTEM32\dbghelp.dll
0x00007ff9b0ea0000 - 0x00007ff9b0f77000 	C:\WINDOWS\System32\OLEAUT32.dll

VM Arguments:
jvm_args: -XX:TieredStopAtLevel=1 -Xverify:none -Dspring.output.ansi.enabled=always -Dcom.sun.management.jmxremote -Dspring.jmx.enabled=true -Dspring.liveBeansView.mbeanDomain -Dspring.application.admin.enabled=true -Dmanagement.endpoints.jmx.exposure.include=* -javaagent:C:\Program Files\JetBrains\IntelliJ IDEA 2025.1.1.1\lib\idea_rt.jar=51397 -Dfile.encoding=UTF-8 -agentpath:C:\Program Files\SentinelOne\Sentinel Agent 24.1.5.277\SentinelJava64.dll=extendedCapabilities 
java_command: com.example.project1.Project1Application
java_class_path (initial): C:\Users\abhis\.jdks\corretto-1.8.0_452\jre\lib\charsets.jar;C:\Users\abhis\.jdks\corretto-1.8.0_452\jre\lib\ext\access-bridge-64.jar;C:\Users\abhis\.jdks\corretto-1.8.0_452\jre\lib\ext\cldrdata.jar;C:\Users\abhis\.jdks\corretto-1.8.0_452\jre\lib\ext\dnsns.jar;C:\Users\abhis\.jdks\corretto-1.8.0_452\jre\lib\ext\jaccess.jar;C:\Users\abhis\.jdks\corretto-1.8.0_452\jre\lib\ext\jfxrt.jar;C:\Users\abhis\.jdks\corretto-1.8.0_452\jre\lib\ext\localedata.jar;C:\Users\abhis\.jdks\corretto-1.8.0_452\jre\lib\ext\nashorn.jar;C:\Users\abhis\.jdks\corretto-1.8.0_452\jre\lib\ext\sunec.jar;C:\Users\abhis\.jdks\corretto-1.8.0_452\jre\lib\ext\sunjce_provider.jar;C:\Users\abhis\.jdks\corretto-1.8.0_452\jre\lib\ext\sunmscapi.jar;C:\Users\abhis\.jdks\corretto-1.8.0_452\jre\lib\ext\sunpkcs11.jar;C:\Users\abhis\.jdks\corretto-1.8.0_452\jre\lib\ext\zipfs.jar;C:\Users\abhis\.jdks\corretto-1.8.0_452\jre\lib\jce.jar;C:\Users\abhis\.jdks\corretto-1.8.0_452\jre\lib\jfr.jar;C:\Users\abhis\.jdks\corretto-1.8.0_452\jre\lib\jfxswt.jar;C:\Users\abhis\.jdks\corretto-1.8.0_452\jre\lib\jsse.jar;C:\Users\abhis\.jdks\corretto-1.8.0_452\jre\lib\management-agent.jar;C:\Users\abhis\.jdks\corretto-1.8.0_452\jre\lib\resources.jar;C:\Users\abhis\.jdks\corretto-1.8.0_452\jre\lib\rt.jar;C:\Users\abhis\Desktop\Java\PersonalProject\Project1\target\classes;C:\Users\abhis\.m2\repository\org\springframework\boot\spring-boot-starter\2.7.14\spring-boot-starter-2.7.14.jar;C:\Users\abhis\.m2\repository\org\springframework\boot\spring-boot\2.7.14\spring-boot-2.7.14.jar;C:\Users\abhis\.m2\repository\org\springframework\spring-context\5.3.29\spring-context-5.3.29.jar;C:\Users\abhis\.m2\repository\org\springframework\boot\spring-boot-autoconfigure\2.7.14\spring-boot-autoconfigure-2.7.14.jar;C:\Users\abhis\.m2\repository\org\springframework\boot\spring-boot-starter-logging\2.7.14\spring-boot-starter-logging-2.7.14.jar;C:\Users\abhis\.m2\repository\ch\qos\logback\logback-classic\1.2.12\logback-class
Launcher Type: SUN_STANDARD

Environment Variables:
PATH=C:\Program Files (x86)\Common Files\Oracle\Java\java8path;C:\Program Files (x86)\Common Files\Oracle\Java\javapath;C:\WINDOWS\system32;C:\WINDOWS;C:\WINDOWS\System32\Wbem;C:\WINDOWS\System32\WindowsPowerShell\v1.0\;C:\WINDOWS\System32\OpenSSH\;C:\Program Files\Java\jdk-13\bin;C:\Program Files\Git\cmd;C:\xampp\php;C:\Program Files (x86)\Intel\Intel(R) Management Engine Components\DAL;C:\Program Files\Intel\Intel(R) Management Engine Components\DAL;C:\Users\abhis\AppData\Roaming\Microsoft\Windows\Start Menu\Programs\Python 3.8;C:\Program Files\dotnet\;C:\Users\abhis\AppData\Local\Programs\Python\Python312\scripts;C:\Users\abhis\AppData\Roaming\nvm;C:\Program Files\nodejs;C:\Program Files\MySQL\MySQL Shell 8.0\bin\;C:\Users\abhis\AppData\Local\Programs\Python\Python312\Scripts\;C:\Users\abhis\AppData\Local\Programs\Python\Python312\;C:\Users\abhis\AppData\Local\Programs\Python\Launcher\;C:\Users\abhis\AppData\Local\Programs\Python\Python38\Scripts\;C:\Users\abhis\AppData\Local\Programs\Python\Python38\;C:\Users\abhis\AppData\Local\Microsoft\WindowsApps;C:\Users\abhis\AppData\Local\atom\bin;C:\xampp\php;C:\Users\abhis\AppData\Local\Microsoft\WindowsApps;C:\Users\abhis\AppData\Roaming\npm;C:\Users\abhis\AppData\Local\Programs\Microsoft VS Code\bin;C:\Users\abhis\AppData\Roaming\nvm;C:\Program Files\nodejs;
USERNAME=abhis
OS=Windows_NT
PROCESSOR_IDENTIFIER=Intel64 Family 6 Model 142 Stepping 10, GenuineIntel



---------------  S Y S T E M  ---------------

OS: Windows 11 , 64 bit Build 22621 (10.0.22621.5413)

CPU:total 8 (initial active 8) (4 cores per cpu, 2 threads per core) family 6 model 142 stepping 10, cmov, cx8, fxsr, mmx, sse, sse2, sse3, ssse3, sse4.1, sse4.2, popcnt, avx, avx2, aes, clmul, erms, 3dnowpref, lzcnt, ht, tsc, tscinvbit, bmi1, bmi2, adx

Memory: 4k page, physical 8217844k(975640k free), swap 21889504k(3056336k free)

vm_info: OpenJDK 64-Bit Server VM (25.452-b09) for windows-amd64 JRE (1.8.0_452-b09), built on Apr 12 2025 14:09:21 by "Administrator" with MS VC++ 15.9 (VS2017)

time: Sun Jun  1 19:32:56 2025
timezone: Pacific Daylight Time
elapsed time: 27.620632 seconds (0d 0h 0m 27s)

