#
# A fatal error has been detected by the Java Runtime Environment:
#
#  EXCEPTION_ACCESS_VIOLATION (0xc0000005) at pc=0x00007ff81dbce2a6, pid=788, tid=0x000000000000392c
#
# JRE version: Java(TM) SE Runtime Environment (8.0_451) (build 1.8.0_451-b10)
# Java VM: Java HotSpot(TM) 64-Bit Server VM (25.451-b10 mixed mode windows-amd64 compressed oops)
# Problematic frame:
# V  [jvm.dll+0xce2a6]
#
# Failed to write core dump. Minidumps are not enabled by default on client versions of Windows
#
# If you would like to submit a bug report, please visit:
#   http://bugreport.java.com/bugreport/crash.jsp
#

---------------  T H R E A D  ---------------

Current thread (0x000001f6ec57b800):  JavaThread "http-nio-8080-exec-1" daemon [_thread_in_vm, id=14636, stack(0x00000004d0d00000,0x00000004d0e00000)]

siginfo: ExceptionCode=0xc0000005, ExceptionInformation=0x0000000000000003 0x0000000000000000

Registers:
RAX=0x000000000000000c, RBX=0x000001f6ec448350, RCX=0x000000000000000c, RDX=0x000001f6eaa32bd0
RSP=0x00000004d0dfb8d0, RBP=0x6361706100000002, RSI=0x00000001004ad6b0, RDI=0x0000000100001ef8
R8 =0x000000000000000d, R9 =0x000000000000000d, R10=0x000001f6ec6a6950, R11=0x000001f6ededdd20
R12=0x00000004d0dfba08, R13=0x000001f6e87d47c0, R14=0x000001f6ededdd20, R15=0x000001f6ec57b800
RIP=0x00007ff81dbce2a6, EFLAGS=0x0000000000010202

Top of Stack: (sp=0x00000004d0dfb8d0)
0x00000004d0dfb8d0:   000001f6ededdd20 000001f6ec448350
0x00000004d0dfb8e0:   0000000000000000 0000000100000f28
0x00000004d0dfb8f0:   000001f6e87d3450 000001f6e87d4b10
0x00000004d0dfb900:   00000001004ad6b0 000001f6d4551201
0x00000004d0dfb910:   000001f6ec1bf801 000001f6e7fd05a8
0x00000004d0dfb920:   000001f6ededdd20 0000000000000000
0x00000004d0dfb930:   000001f6ededdd20 000001f6ec57b800
0x00000004d0dfb940:   000001f6ededdd20 000001f6ec57b800
0x00000004d0dfb950:   000001f6ededdd20 00000000000000b6
0x00000004d0dfb960:   00000004d0dfbb58 000000000000002b
0x00000004d0dfb970:   00000004d0dfba80 000000000000002b
0x00000004d0dfb980:   00000004d0dfb9f9 00007ff81dbcd69f
0x00000004d0dfb990:   00000004d0dfba80 000001f6ec448350
0x00000004d0dfb9a0:   000001f6e87d37b0 00007ff81dc0d8ce
0x00000004d0dfb9b0:   000001f6ec57b800 00007ff81dba469f
0x00000004d0dfb9c0:   000001f6ec57b800 00000000d9a7bfb8 

Instructions: (pc=0x00007ff81dbce2a6)
0x00007ff81dbce286:   8d 4c 24 70 e8 d1 9a f3 ff 49 39 6f 08 75 66 48
0x00007ff81dbce296:   85 db 74 25 80 3d 68 2b 75 00 00 48 8b 2b 74 15
0x00007ff81dbce2a6:   8b 6d 08 8b 0d 61 fa 6d 00 48 d3 e5 48 03 2d 4f
0x00007ff81dbce2b6:   fa 6d 00 eb 04 48 8b 6d 08 48 8b 84 24 d0 00 00 


Register to memory mapping:

RAX=0x000000000000000c is an unknown value
RBX=0x000001f6ec448350 is an unknown value
RCX=0x000000000000000c is an unknown value
RDX=0x000001f6eaa32bd0 is an unknown value
RSP=0x00000004d0dfb8d0 is pointing into the stack for thread: 0x000001f6ec57b800
RBP=0x6361706100000002 is an unknown value
RSI=0x00000001004ad6b0 is pointing into metadata
RDI=0x0000000100001ef8 is pointing into metadata
R8 =0x000000000000000d is an unknown value
R9 =0x000000000000000d is an unknown value
R10=0x000001f6ec6a6950 is an unknown value
R11=0x000001f6ededdd20 is pointing into metadata
R12=0x00000004d0dfba08 is pointing into the stack for thread: 0x000001f6ec57b800
R13=0x000001f6e87d47c0 is an unknown value
R14=0x000001f6ededdd20 is pointing into metadata
R15=0x000001f6ec57b800 is a thread


Stack: [0x00000004d0d00000,0x00000004d0e00000],  sp=0x00000004d0dfb8d0,  free space=1006k
Native frames: (J=compiled Java code, j=interpreted, Vv=VM code, C=native code)
V  [jvm.dll+0xce2a6]
V  [jvm.dll+0xcd69f]
V  [jvm.dll+0xc72be]
C  0x000001f6d42f7a3c

Java frames: (J=compiled Java code, j=interpreted, Vv=VM code)
j  javax.servlet.ServletRequestWrapper.isWrapperFor(Ljava/lang/Class;)Z+8
v  ~StubRoutines::call_stub
j  org.apache.jasper.runtime.HttpJspBase.service(Ljavax/servlet/http/HttpServletRequest;Ljavax/servlet/http/HttpServletResponse;)V+0
j  javax.servlet.http.HttpServlet.service(Ljavax/servlet/ServletRequest;Ljavax/servlet/ServletResponse;)V+36
j  org.apache.jasper.servlet.JspServletWrapper.service(Ljavax/servlet/http/HttpServletRequest;Ljavax/servlet/http/HttpServletResponse;Z)V+411
j  org.apache.jasper.servlet.JspServlet.serviceJspFile(Ljavax/servlet/http/HttpServletRequest;Ljavax/servlet/http/HttpServletResponse;Ljava/lang/String;Z)V+112
j  org.apache.jasper.servlet.JspServlet.service(Ljavax/servlet/http/HttpServletRequest;Ljavax/servlet/http/HttpServletResponse;)V+328
j  javax.servlet.http.HttpServlet.service(Ljavax/servlet/ServletRequest;Ljavax/servlet/ServletResponse;)V+36
j  org.apache.catalina.core.ApplicationFilterChain.internalDoFilter(Ljavax/servlet/ServletRequest;Ljavax/servlet/ServletResponse;)V+304
j  org.apache.catalina.core.ApplicationFilterChain.doFilter(Ljavax/servlet/ServletRequest;Ljavax/servlet/ServletResponse;)V+99
j  org.apache.tomcat.websocket.server.WsFilter.doFilter(Ljavax/servlet/ServletRequest;Ljavax/servlet/ServletResponse;Ljavax/servlet/FilterChain;)V+21
j  org.apache.catalina.core.ApplicationFilterChain.internalDoFilter(Ljavax/servlet/ServletRequest;Ljavax/servlet/ServletResponse;)V+135
j  org.apache.catalina.core.ApplicationFilterChain.doFilter(Ljavax/servlet/ServletRequest;Ljavax/servlet/ServletResponse;)V+99
j  com.example.project1.filter.LoginFilter.doFilterInternal(Ljavax/servlet/http/HttpServletRequest;Ljavax/servlet/http/HttpServletResponse;Ljavax/servlet/FilterChain;)V+3
j  org.springframework.web.filter.OncePerRequestFilter.doFilter(Ljavax/servlet/ServletRequest;Ljavax/servlet/ServletResponse;Ljavax/servlet/FilterChain;)V+147
j  org.apache.catalina.core.ApplicationFilterChain.internalDoFilter(Ljavax/servlet/ServletRequest;Ljavax/servlet/ServletResponse;)V+135
j  org.apache.catalina.core.ApplicationFilterChain.doFilter(Ljavax/servlet/ServletRequest;Ljavax/servlet/ServletResponse;)V+99
j  org.springframework.web.filter.OncePerRequestFilter.doFilter(Ljavax/servlet/ServletRequest;Ljavax/servlet/ServletResponse;Ljavax/servlet/FilterChain;)V+122
j  org.apache.catalina.core.ApplicationFilterChain.internalDoFilter(Ljavax/servlet/ServletRequest;Ljavax/servlet/ServletResponse;)V+135
j  org.apache.catalina.core.ApplicationFilterChain.doFilter(Ljavax/servlet/ServletRequest;Ljavax/servlet/ServletResponse;)V+99
j  org.springframework.web.filter.OncePerRequestFilter.doFilter(Ljavax/servlet/ServletRequest;Ljavax/servlet/ServletResponse;Ljavax/servlet/FilterChain;)V+122
j  org.apache.catalina.core.ApplicationFilterChain.internalDoFilter(Ljavax/servlet/ServletRequest;Ljavax/servlet/ServletResponse;)V+135
j  org.apache.catalina.core.ApplicationFilterChain.doFilter(Ljavax/servlet/ServletRequest;Ljavax/servlet/ServletResponse;)V+99
j  org.springframework.web.filter.OncePerRequestFilter.doFilter(Ljavax/servlet/ServletRequest;Ljavax/servlet/ServletResponse;Ljavax/servlet/FilterChain;)V+122
j  org.apache.catalina.core.ApplicationFilterChain.internalDoFilter(Ljavax/servlet/ServletRequest;Ljavax/servlet/ServletResponse;)V+135
j  org.apache.catalina.core.ApplicationFilterChain.doFilter(Ljavax/servlet/ServletRequest;Ljavax/servlet/ServletResponse;)V+99
j  org.apache.catalina.core.ApplicationDispatcher.invoke(Ljavax/servlet/ServletRequest;Ljavax/servlet/ServletResponse;Lorg/apache/catalina/core/ApplicationDispatcher$State;)V+341
j  org.apache.catalina.core.ApplicationDispatcher.processRequest(Ljavax/servlet/ServletRequest;Ljavax/servlet/ServletResponse;Lorg/apache/catalina/core/ApplicationDispatcher$State;)V+98
j  org.apache.catalina.core.ApplicationDispatcher.doForward(Ljavax/servlet/ServletRequest;Ljavax/servlet/ServletResponse;)V+357
j  org.apache.catalina.core.ApplicationDispatcher.forward(Ljavax/servlet/ServletRequest;Ljavax/servlet/ServletResponse;)V+55
j  org.springframework.web.servlet.view.InternalResourceView.renderMergedOutputModel(Ljava/util/Map;Ljavax/servlet/http/HttpServletRequest;Ljavax/servlet/http/HttpServletResponse;)V+199
j  org.springframework.web.servlet.view.AbstractView.render(Ljava/util/Map;Ljavax/servlet/http/HttpServletRequest;Ljavax/servlet/http/HttpServletResponse;)V+128
j  org.springframework.web.servlet.DispatcherServlet.render(Lorg/springframework/web/servlet/ModelAndView;Ljavax/servlet/http/HttpServletRequest;Ljavax/servlet/http/HttpServletResponse;)V+259
j  org.springframework.web.servlet.DispatcherServlet.processDispatchResult(Ljavax/servlet/http/HttpServletRequest;Ljavax/servlet/http/HttpServletResponse;Lorg/springframework/web/servlet/HandlerExecutionChain;Lorg/springframework/web/servlet/ModelAndView;Ljava/lang/Exception;)V+98
j  org.springframework.web.servlet.DispatcherServlet.doDispatch(Ljavax/servlet/http/HttpServletRequest;Ljavax/servlet/http/HttpServletResponse;)V+360
j  org.springframework.web.servlet.DispatcherServlet.doService(Ljavax/servlet/http/HttpServletRequest;Ljavax/servlet/http/HttpServletResponse;)V+241
j  org.springframework.web.servlet.FrameworkServlet.processRequest(Ljavax/servlet/http/HttpServletRequest;Ljavax/servlet/http/HttpServletResponse;)V+71
j  org.springframework.web.servlet.FrameworkServlet.doGet(Ljavax/servlet/http/HttpServletRequest;Ljavax/servlet/http/HttpServletResponse;)V+3
j  javax.servlet.http.HttpServlet.service(Ljavax/servlet/http/HttpServletRequest;Ljavax/servlet/http/HttpServletResponse;)V+35
j  org.springframework.web.servlet.FrameworkServlet.service(Ljavax/servlet/http/HttpServletRequest;Ljavax/servlet/http/HttpServletResponse;)V+33
j  javax.servlet.http.HttpServlet.service(Ljavax/servlet/ServletRequest;Ljavax/servlet/ServletResponse;)V+36
j  org.apache.catalina.core.ApplicationFilterChain.internalDoFilter(Ljavax/servlet/ServletRequest;Ljavax/servlet/ServletResponse;)V+304
j  org.apache.catalina.core.ApplicationFilterChain.doFilter(Ljavax/servlet/ServletRequest;Ljavax/servlet/ServletResponse;)V+99
j  org.apache.tomcat.websocket.server.WsFilter.doFilter(Ljavax/servlet/ServletRequest;Ljavax/servlet/ServletResponse;Ljavax/servlet/FilterChain;)V+21
j  org.apache.catalina.core.ApplicationFilterChain.internalDoFilter(Ljavax/servlet/ServletRequest;Ljavax/servlet/ServletResponse;)V+135
j  org.apache.catalina.core.ApplicationFilterChain.doFilter(Ljavax/servlet/ServletRequest;Ljavax/servlet/ServletResponse;)V+99
j  org.springframework.web.filter.OncePerRequestFilter.doFilter(Ljavax/servlet/ServletRequest;Ljavax/servlet/ServletResponse;Ljavax/servlet/FilterChain;)V+81
j  org.apache.catalina.core.ApplicationFilterChain.internalDoFilter(Ljavax/servlet/ServletRequest;Ljavax/servlet/ServletResponse;)V+135
j  org.apache.catalina.core.ApplicationFilterChain.doFilter(Ljavax/servlet/ServletRequest;Ljavax/servlet/ServletResponse;)V+99
j  org.springframework.web.filter.RequestContextFilter.doFilterInternal(Ljavax/servlet/http/HttpServletRequest;Ljavax/servlet/http/HttpServletResponse;Ljavax/servlet/FilterChain;)V+21
j  org.springframework.web.filter.OncePerRequestFilter.doFilter(Ljavax/servlet/ServletRequest;Ljavax/servlet/ServletResponse;Ljavax/servlet/FilterChain;)V+147
j  org.apache.catalina.core.ApplicationFilterChain.internalDoFilter(Ljavax/servlet/ServletRequest;Ljavax/servlet/ServletResponse;)V+135
j  org.apache.catalina.core.ApplicationFilterChain.doFilter(Ljavax/servlet/ServletRequest;Ljavax/servlet/ServletResponse;)V+99
j  org.springframework.web.filter.FormContentFilter.doFilterInternal(Ljavax/servlet/http/HttpServletRequest;Ljavax/servlet/http/HttpServletResponse;Ljavax/servlet/FilterChain;)V+38
j  org.springframework.web.filter.OncePerRequestFilter.doFilter(Ljavax/servlet/ServletRequest;Ljavax/servlet/ServletResponse;Ljavax/servlet/FilterChain;)V+147
j  org.apache.catalina.core.ApplicationFilterChain.internalDoFilter(Ljavax/servlet/ServletRequest;Ljavax/servlet/ServletResponse;)V+135
j  org.apache.catalina.core.ApplicationFilterChain.doFilter(Ljavax/servlet/ServletRequest;Ljavax/servlet/ServletResponse;)V+99
j  org.springframework.web.filter.CharacterEncodingFilter.doFilterInternal(Ljavax/servlet/http/HttpServletRequest;Ljavax/servlet/http/HttpServletResponse;Ljavax/servlet/FilterChain;)V+53
j  org.springframework.web.filter.OncePerRequestFilter.doFilter(Ljavax/servlet/ServletRequest;Ljavax/servlet/ServletResponse;Ljavax/servlet/FilterChain;)V+147
j  org.apache.catalina.core.ApplicationFilterChain.internalDoFilter(Ljavax/servlet/ServletRequest;Ljavax/servlet/ServletResponse;)V+135
j  org.apache.catalina.core.ApplicationFilterChain.doFilter(Ljavax/servlet/ServletRequest;Ljavax/servlet/ServletResponse;)V+99
j  org.apache.catalina.core.StandardWrapperValve.invoke(Lorg/apache/catalina/connector/Request;Lorg/apache/catalina/connector/Response;)V+514
j  org.apache.catalina.core.StandardContextValve.invoke(Lorg/apache/catalina/connector/Request;Lorg/apache/catalina/connector/Response;)V+169
j  org.apache.catalina.authenticator.AuthenticatorBase.invoke(Lorg/apache/catalina/connector/Request;Lorg/apache/catalina/connector/Response;)V+260
j  org.apache.catalina.core.StandardHostValve.invoke(Lorg/apache/catalina/connector/Request;Lorg/apache/catalina/connector/Response;)V+128
j  org.apache.catalina.valves.ErrorReportValve.invoke(Lorg/apache/catalina/connector/Request;Lorg/apache/catalina/connector/Response;)V+6
j  org.apache.catalina.core.StandardEngineValve.invoke(Lorg/apache/catalina/connector/Request;Lorg/apache/catalina/connector/Response;)V+59
j  org.apache.catalina.connector.CoyoteAdapter.service(Lorg/apache/coyote/Request;Lorg/apache/coyote/Response;)V+187
j  org.apache.coyote.http11.Http11Processor.service(Lorg/apache/tomcat/util/net/SocketWrapperBase;)Lorg/apache/tomcat/util/net/AbstractEndpoint$Handler$SocketState;+796
j  org.apache.coyote.AbstractProcessorLight.process(Lorg/apache/tomcat/util/net/SocketWrapperBase;Lorg/apache/tomcat/util/net/SocketEvent;)Lorg/apache/tomcat/util/net/AbstractEndpoint$Handler$SocketState;+170
j  org.apache.coyote.AbstractProtocol$ConnectionHandler.process(Lorg/apache/tomcat/util/net/SocketWrapperBase;Lorg/apache/tomcat/util/net/SocketEvent;)Lorg/apache/tomcat/util/net/AbstractEndpoint$Handler$SocketState;+489
j  org.apache.tomcat.util.net.NioEndpoint$SocketProcessor.doRun()V+249
j  org.apache.tomcat.util.net.SocketProcessorBase.run()V+32
j  org.apache.tomcat.util.threads.ThreadPoolExecutor.runWorker(Lorg/apache/tomcat/util/threads/ThreadPoolExecutor$Worker;)V+92
j  org.apache.tomcat.util.threads.ThreadPoolExecutor$Worker.run()V+5
j  org.apache.tomcat.util.threads.TaskThread$WrappingRunnable.run()V+4
j  java.lang.Thread.run()V+11
v  ~StubRoutines::call_stub

---------------  P R O C E S S  ---------------

Java Threads: ( => current thread )
  0x000001f6ec002000 JavaThread "RMI TCP Connection(2)-192.168.137.1" daemon [_thread_in_native, id=6948, stack(0x00000004d0800000,0x00000004d0900000)]
  0x000001f6ec004000 JavaThread "DestroyJavaVM" [_thread_blocked, id=19624, stack(0x00000004cee00000,0x00000004cef00000)]
  0x000001f6ec001000 JavaThread "http-nio-8080-Acceptor" daemon [_thread_in_native, id=18096, stack(0x00000004d1900000,0x00000004d1a00000)]
  0x000001f6ebffc800 JavaThread "http-nio-8080-Poller" daemon [_thread_in_native, id=6632, stack(0x00000004d1800000,0x00000004d1900000)]
  0x000001f6ebffe000 JavaThread "http-nio-8080-exec-10" daemon [_thread_blocked, id=12492, stack(0x00000004d1700000,0x00000004d1800000)]
  0x000001f6ec000800 JavaThread "http-nio-8080-exec-9" daemon [_thread_blocked, id=17964, stack(0x00000004d1600000,0x00000004d1700000)]
  0x000001f6ec002800 JavaThread "http-nio-8080-exec-8" daemon [_thread_blocked, id=15480, stack(0x00000004d1500000,0x00000004d1600000)]
  0x000001f6ec57d800 JavaThread "http-nio-8080-exec-7" daemon [_thread_blocked, id=5236, stack(0x00000004d1400000,0x00000004d1500000)]
  0x000001f6ec57d000 JavaThread "http-nio-8080-exec-6" daemon [_thread_blocked, id=11420, stack(0x00000004d1300000,0x00000004d1400000)]
  0x000001f6ec581800 JavaThread "http-nio-8080-exec-5" daemon [_thread_blocked, id=2864, stack(0x00000004d1200000,0x00000004d1300000)]
  0x000001f6ec57c000 JavaThread "http-nio-8080-exec-4" daemon [_thread_blocked, id=10888, stack(0x00000004d1100000,0x00000004d1200000)]
  0x000001f6ec57a800 JavaThread "http-nio-8080-exec-3" daemon [_thread_blocked, id=19984, stack(0x00000004d1000000,0x00000004d1100000)]
  0x000001f6ec57e800 JavaThread "http-nio-8080-exec-2" daemon [_thread_blocked, id=856, stack(0x00000004d0f00000,0x00000004d1000000)]
=>0x000001f6ec57b800 JavaThread "http-nio-8080-exec-1" daemon [_thread_in_vm, id=14636, stack(0x00000004d0d00000,0x00000004d0e00000)]
  0x000001f6ec57f000 JavaThread "Live Reload Server" daemon [_thread_in_native, id=20080, stack(0x00000004d0e00000,0x00000004d0f00000)]
  0x000001f6ec580800 JavaThread "File Watcher" daemon [_thread_blocked, id=19008, stack(0x00000004d0c00000,0x00000004d0d00000)]
  0x000001f6ec580000 JavaThread "container-0" [_thread_blocked, id=17896, stack(0x00000004d0b00000,0x00000004d0c00000)]
  0x000001f6ec5c5000 JavaThread "Catalina-utility-2" [_thread_blocked, id=16400, stack(0x00000004d0a00000,0x00000004d0b00000)]
  0x000001f6ec5c4800 JavaThread "Catalina-utility-1" [_thread_blocked, id=5036, stack(0x00000004d0900000,0x00000004d0a00000)]
  0x000001f6eb167000 JavaThread "JMX server connection timeout 16" daemon [_thread_blocked, id=12640, stack(0x00000004d0600000,0x00000004d0700000)]
  0x000001f6eb15c000 JavaThread "RMI Scheduler(0)" daemon [_thread_blocked, id=2572, stack(0x00000004d0500000,0x00000004d0600000)]
  0x000001f6eafe8000 JavaThread "RMI TCP Connection(idle)" daemon [_thread_blocked, id=14744, stack(0x00000004d0400000,0x00000004d0500000)]
  0x000001f6eaec3000 JavaThread "RMI TCP Accept-0" daemon [_thread_in_native, id=19904, stack(0x00000004d0200000,0x00000004d0300000)]
  0x000001f6eac3e000 JavaThread "Service Thread" daemon [_thread_blocked, id=19804, stack(0x00000004d0100000,0x00000004d0200000)]
  0x000001f6eab9a000 JavaThread "C1 CompilerThread3" daemon [_thread_blocked, id=19724, stack(0x00000004d0000000,0x00000004d0100000)]
  0x000001f6eab91000 JavaThread "C2 CompilerThread2" daemon [_thread_blocked, id=19720, stack(0x00000004cff00000,0x00000004d0000000)]
  0x000001f6eab8e000 JavaThread "C2 CompilerThread1" daemon [_thread_blocked, id=19712, stack(0x00000004cfe00000,0x00000004cff00000)]
  0x000001f6eab8b000 JavaThread "C2 CompilerThread0" daemon [_thread_blocked, id=19716, stack(0x00000004cfd00000,0x00000004cfe00000)]
  0x000001f6eab8d800 JavaThread "Monitor Ctrl-Break" daemon [_thread_in_native, id=19504, stack(0x00000004cfc00000,0x00000004cfd00000)]
  0x000001f6e8c90800 JavaThread "Attach Listener" daemon [_thread_blocked, id=19548, stack(0x00000004cfb00000,0x00000004cfc00000)]
  0x000001f6e8c8f800 JavaThread "Signal Dispatcher" daemon [_thread_blocked, id=19536, stack(0x00000004cfa00000,0x00000004cfb00000)]
  0x000001f6e8c66800 JavaThread "Finalizer" daemon [_thread_blocked, id=11016, stack(0x00000004cf900000,0x00000004cfa00000)]
  0x000001f6e8c57800 JavaThread "Reference Handler" daemon [_thread_blocked, id=10136, stack(0x00000004cf800000,0x00000004cf900000)]

Other Threads:
  0x000001f6e8c32800 VMThread [stack: 0x00000004cf700000,0x00000004cf800000] [id=4852]
  0x000001f6eaec9000 WatcherThread [stack: 0x00000004d0300000,0x00000004d0400000] [id=9152]

VM state:not at safepoint (normal execution)

VM Mutex/Monitor currently owned by a thread: None

heap address: 0x0000000082800000, size: 2008 MB, Compressed Oops mode: 32-bit
Narrow klass base: 0x0000000000000000, Narrow klass shift: 3
Compressed class space size: 1073741824 Address: 0x0000000100000000

Heap:
 PSYoungGen      total 208384K, used 57326K [0x00000000d6300000, 0x00000000e5800000, 0x0000000100000000)
  eden space 197120K, 29% used [0x00000000d6300000,0x00000000d9afbb58,0x00000000e2380000)
  from space 11264K, 0% used [0x00000000e2f00000,0x00000000e2f00000,0x00000000e3a00000)
  to   space 11776K, 0% used [0x00000000e2380000,0x00000000e2380000,0x00000000e2f00000)
 ParOldGen       total 64000K, used 13308K [0x0000000082800000, 0x0000000086680000, 0x00000000d6300000)
  object space 64000K, 20% used [0x0000000082800000,0x00000000834ff240,0x0000000086680000)
 Metaspace       used 38641K, capacity 41014K, committed 41216K, reserved 1085440K
  class space    used 4853K, capacity 5302K, committed 5376K, reserved 1048576K

Card table byte_map: [0x000001f6e3690000,0x000001f6e3a80000] byte_map_base: 0x000001f6e327c000

Marking Bits: (ParMarkBitMap*) 0x00007ff81e330200
 Begin Bits: [0x000001f6e3d20000, 0x000001f6e5c80000)
 End Bits:   [0x000001f6e5c80000, 0x000001f6e7be0000)

Polling page: 0x000001f6d2200000

CodeCache: size=245760Kb used=8138Kb max_used=8139Kb free=237621Kb
 bounds [0x000001f6d42d0000, 0x000001f6d4ad0000, 0x000001f6e32d0000]
 total_blobs=4297 nmethods=3802 adapters=407
 compilation: enabled

Compilation events (10 events):
Event: 55.617 Thread 0x000001f6eab9a000 nmethod 3850 0x000001f6d4ac13d0 code [0x000001f6d4ac1520, 0x000001f6d4ac1638]
Event: 55.617 Thread 0x000001f6eab9a000 3849       1       org.eclipse.jdt.internal.compiler.lookup.PackageBinding::problemId (17 bytes)
Event: 55.617 Thread 0x000001f6eab9a000 nmethod 3849 0x000001f6d4ac1690 code [0x000001f6d4ac17e0, 0x000001f6d4ac1918]
Event: 55.623 Thread 0x000001f6eab9a000 3851       1       org.apache.jasper.compiler.SmapUtil$SDEInstaller::readU1 (21 bytes)
Event: 55.623 Thread 0x000001f6eab9a000 nmethod 3851 0x000001f6d4ac1bd0 code [0x000001f6d4ac1d20, 0x000001f6d4ac1e78]
Event: 55.623 Thread 0x000001f6eab9a000 3853       1       org.apache.jasper.compiler.SmapUtil$SDEInstaller::readBytes (38 bytes)
Event: 55.623 Thread 0x000001f6eab9a000 nmethod 3853 0x000001f6d4ac1f50 code [0x000001f6d4ac20c0, 0x000001f6d4ac22d8]
Event: 55.623 Thread 0x000001f6eab9a000 3852       1       org.apache.jasper.compiler.SmapUtil$SDEInstaller::writeU1 (19 bytes)
Event: 55.623 Thread 0x000001f6eab9a000 nmethod 3852 0x000001f6d4ac2410 code [0x000001f6d4ac2560, 0x000001f6d4ac26b8]
Event: 55.634 Thread 0x000001f6eab9a000 3854       1       org.apache.catalina.core.DefaultInstanceManager::findLifecycleCallback (110 bytes)

GC Heap History (10 events):
Event: 8.468 GC heap before
{Heap before GC invocations=6 (full 1):
 PSYoungGen      total 70656K, used 5094K [0x00000000d6300000, 0x00000000df400000, 0x0000000100000000)
  eden space 65536K, 0% used [0x00000000d6300000,0x00000000d6300000,0x00000000da300000)
  from space 5120K, 99% used [0x00000000da300000,0x00000000da7f9888,0x00000000da800000)
  to   space 8704K, 0% used [0x00000000deb80000,0x00000000deb80000,0x00000000df400000)
 ParOldGen       total 86016K, used 7348K [0x0000000082800000, 0x0000000087c00000, 0x00000000d6300000)
  object space 86016K, 8% used [0x0000000082800000,0x0000000082f2d108,0x0000000087c00000)
 Metaspace       used 20293K, capacity 21224K, committed 21296K, reserved 1067008K
  class space    used 2686K, capacity 2911K, committed 2944K, reserved 1048576K
Event: 8.532 GC heap after
Heap after GC invocations=6 (full 1):
 PSYoungGen      total 70656K, used 0K [0x00000000d6300000, 0x00000000df400000, 0x0000000100000000)
  eden space 65536K, 0% used [0x00000000d6300000,0x00000000d6300000,0x00000000da300000)
  from space 5120K, 0% used [0x00000000da300000,0x00000000da300000,0x00000000da800000)
  to   space 8704K, 0% used [0x00000000deb80000,0x00000000deb80000,0x00000000df400000)
 ParOldGen       total 49664K, used 6613K [0x0000000082800000, 0x0000000085880000, 0x00000000d6300000)
  object space 49664K, 13% used [0x0000000082800000,0x0000000082e75550,0x0000000085880000)
 Metaspace       used 20293K, capacity 21224K, committed 21296K, reserved 1067008K
  class space    used 2686K, capacity 2911K, committed 2944K, reserved 1048576K
}
Event: 10.318 GC heap before
{Heap before GC invocations=7 (full 1):
 PSYoungGen      total 70656K, used 65536K [0x00000000d6300000, 0x00000000df400000, 0x0000000100000000)
  eden space 65536K, 100% used [0x00000000d6300000,0x00000000da300000,0x00000000da300000)
  from space 5120K, 0% used [0x00000000da300000,0x00000000da300000,0x00000000da800000)
  to   space 8704K, 0% used [0x00000000deb80000,0x00000000deb80000,0x00000000df400000)
 ParOldGen       total 49664K, used 6613K [0x0000000082800000, 0x0000000085880000, 0x00000000d6300000)
  object space 49664K, 13% used [0x0000000082800000,0x0000000082e75550,0x0000000085880000)
 Metaspace       used 26084K, capacity 27712K, committed 27904K, reserved 1073152K
  class space    used 3478K, capacity 3801K, committed 3840K, reserved 1048576K
Event: 10.331 GC heap after
Heap after GC invocations=7 (full 1):
 PSYoungGen      total 123392K, used 7448K [0x00000000d6300000, 0x00000000df300000, 0x0000000100000000)
  eden space 115712K, 0% used [0x00000000d6300000,0x00000000d6300000,0x00000000dd400000)
  from space 7680K, 96% used [0x00000000deb80000,0x00000000df2c6158,0x00000000df300000)
  to   space 9216K, 0% used [0x00000000de100000,0x00000000de100000,0x00000000dea00000)
 ParOldGen       total 49664K, used 6621K [0x0000000082800000, 0x0000000085880000, 0x00000000d6300000)
  object space 49664K, 13% used [0x0000000082800000,0x0000000082e77550,0x0000000085880000)
 Metaspace       used 26084K, capacity 27712K, committed 27904K, reserved 1073152K
  class space    used 3478K, capacity 3801K, committed 3840K, reserved 1048576K
}
Event: 53.950 GC heap before
{Heap before GC invocations=8 (full 1):
 PSYoungGen      total 123392K, used 123160K [0x00000000d6300000, 0x00000000df300000, 0x0000000100000000)
  eden space 115712K, 100% used [0x00000000d6300000,0x00000000dd400000,0x00000000dd400000)
  from space 7680K, 96% used [0x00000000deb80000,0x00000000df2c6158,0x00000000df300000)
  to   space 9216K, 0% used [0x00000000de100000,0x00000000de100000,0x00000000dea00000)
 ParOldGen       total 49664K, used 6621K [0x0000000082800000, 0x0000000085880000, 0x00000000d6300000)
  object space 49664K, 13% used [0x0000000082800000,0x0000000082e77550,0x0000000085880000)
 Metaspace       used 32007K, capacity 34244K, committed 34432K, reserved 1079296K
  class space    used 4263K, capacity 4664K, committed 4736K, reserved 1048576K
Event: 53.968 GC heap after
Heap after GC invocations=8 (full 1):
 PSYoungGen      total 138240K, used 9190K [0x00000000d6300000, 0x00000000e3a00000, 0x0000000100000000)
  eden space 129024K, 0% used [0x00000000d6300000,0x00000000d6300000,0x00000000de100000)
  from space 9216K, 99% used [0x00000000de100000,0x00000000de9f9828,0x00000000dea00000)
  to   space 11264K, 0% used [0x00000000e2f00000,0x00000000e2f00000,0x00000000e3a00000)
 ParOldGen       total 49664K, used 9654K [0x0000000082800000, 0x0000000085880000, 0x00000000d6300000)
  object space 49664K, 19% used [0x0000000082800000,0x000000008316da28,0x0000000085880000)
 Metaspace       used 32007K, capacity 34244K, committed 34432K, reserved 1079296K
  class space    used 4263K, capacity 4664K, committed 4736K, reserved 1048576K
}
Event: 54.329 GC heap before
{Heap before GC invocations=9 (full 1):
 PSYoungGen      total 138240K, used 21591K [0x00000000d6300000, 0x00000000e3a00000, 0x0000000100000000)
  eden space 129024K, 9% used [0x00000000d6300000,0x00000000d6f1c4f0,0x00000000de100000)
  from space 9216K, 99% used [0x00000000de100000,0x00000000de9f9828,0x00000000dea00000)
  to   space 11264K, 0% used [0x00000000e2f00000,0x00000000e2f00000,0x00000000e3a00000)
 ParOldGen       total 49664K, used 9654K [0x0000000082800000, 0x0000000085880000, 0x00000000d6300000)
  object space 49664K, 19% used [0x0000000082800000,0x000000008316da28,0x0000000085880000)
 Metaspace       used 33127K, capacity 35456K, committed 35496K, reserved 1079296K
  class space    used 4400K, capacity 4842K, committed 4864K, reserved 1048576K
Event: 54.344 GC heap after
Heap after GC invocations=9 (full 1):
 PSYoungGen      total 208384K, used 8743K [0x00000000d6300000, 0x00000000e5800000, 0x0000000100000000)
  eden space 197120K, 0% used [0x00000000d6300000,0x00000000d6300000,0x00000000e2380000)
  from space 11264K, 77% used [0x00000000e2f00000,0x00000000e3789dd0,0x00000000e3a00000)
  to   space 11776K, 0% used [0x00000000e2380000,0x00000000e2380000,0x00000000e2f00000)
 ParOldGen       total 49664K, used 9662K [0x0000000082800000, 0x0000000085880000, 0x00000000d6300000)
  object space 49664K, 19% used [0x0000000082800000,0x000000008316fa28,0x0000000085880000)
 Metaspace       used 33127K, capacity 35456K, committed 35496K, reserved 1079296K
  class space    used 4400K, capacity 4842K, committed 4864K, reserved 1048576K
}
Event: 54.345 GC heap before
{Heap before GC invocations=10 (full 2):
 PSYoungGen      total 208384K, used 8743K [0x00000000d6300000, 0x00000000e5800000, 0x0000000100000000)
  eden space 197120K, 0% used [0x00000000d6300000,0x00000000d6300000,0x00000000e2380000)
  from space 11264K, 77% used [0x00000000e2f00000,0x00000000e3789dd0,0x00000000e3a00000)
  to   space 11776K, 0% used [0x00000000e2380000,0x00000000e2380000,0x00000000e2f00000)
 ParOldGen       total 49664K, used 9662K [0x0000000082800000, 0x0000000085880000, 0x00000000d6300000)
  object space 49664K, 19% used [0x0000000082800000,0x000000008316fa28,0x0000000085880000)
 Metaspace       used 33127K, capacity 35456K, committed 35496K, reserved 1079296K
  class space    used 4400K, capacity 4842K, committed 4864K, reserved 1048576K
Event: 54.455 GC heap after
Heap after GC invocations=10 (full 2):
 PSYoungGen      total 208384K, used 0K [0x00000000d6300000, 0x00000000e5800000, 0x0000000100000000)
  eden space 197120K, 0% used [0x00000000d6300000,0x00000000d6300000,0x00000000e2380000)
  from space 11264K, 0% used [0x00000000e2f00000,0x00000000e2f00000,0x00000000e3a00000)
  to   space 11776K, 0% used [0x00000000e2380000,0x00000000e2380000,0x00000000e2f00000)
 ParOldGen       total 64000K, used 13308K [0x0000000082800000, 0x0000000086680000, 0x00000000d6300000)
  object space 64000K, 20% used [0x0000000082800000,0x00000000834ff240,0x0000000086680000)
 Metaspace       used 33127K, capacity 35456K, committed 35496K, reserved 1079296K
  class space    used 4400K, capacity 4842K, committed 4864K, reserved 1048576K
}

Deoptimization events (0 events):
No events

Classes redefined (0 events):
No events

Internal exceptions (10 events):
Event: 12.146 Thread 0x000001f6eb21b000 Exception <a 'java/lang/ClassNotFoundException': org/springframework/boot/autoconfigure/web/servlet/WebMvcAutoConfiguration$EnableWebMvcConfigurationCustomizer> (0x00000000da2109c8) thrown at [C:\jenkins\workspace\8-2-build-windows-x64-cygwin-sans-NAS\jdk
Event: 12.148 Thread 0x000001f6eb21b000 Exception <a 'java/lang/ClassNotFoundException': org/springframework/context/ResourceLoaderAwareCustomizer> (0x00000000da234ca8) thrown at [C:\jenkins\workspace\8-2-build-windows-x64-cygwin-sans-NAS\jdk8u451\1832\hotspot\src\share\vm\classfile\systemDicti
Event: 12.149 Thread 0x000001f6eb21b000 Exception <a 'java/lang/ClassNotFoundException': org/springframework/beans/factory/AwareCustomizer> (0x00000000da244470) thrown at [C:\jenkins\workspace\8-2-build-windows-x64-cygwin-sans-NAS\jdk8u451\1832\hotspot\src\share\vm\classfile\systemDictionary.cp
Event: 12.150 Thread 0x000001f6eb21b000 Exception <a 'java/lang/ClassNotFoundException': org/springframework/context/ApplicationContextAwareCustomizer> (0x00000000da254f88) thrown at [C:\jenkins\workspace\8-2-build-windows-x64-cygwin-sans-NAS\jdk8u451\1832\hotspot\src\share\vm\classfile\systemD
Event: 12.151 Thread 0x000001f6eb21b000 Exception <a 'java/lang/ClassNotFoundException': org/springframework/beans/factory/AwareCustomizer> (0x00000000da264d68) thrown at [C:\jenkins\workspace\8-2-build-windows-x64-cygwin-sans-NAS\jdk8u451\1832\hotspot\src\share\vm\classfile\systemDictionary.cp
Event: 12.152 Thread 0x000001f6eb21b000 Exception <a 'java/lang/ClassNotFoundException': org/springframework/web/context/ServletContextAwareCustomizer> (0x00000000da275800) thrown at [C:\jenkins\workspace\8-2-build-windows-x64-cygwin-sans-NAS\jdk8u451\1832\hotspot\src\share\vm\classfile\systemD
Event: 12.153 Thread 0x000001f6eb21b000 Exception <a 'java/lang/ClassNotFoundException': org/springframework/beans/factory/AwareCustomizer> (0x00000000da285040) thrown at [C:\jenkins\workspace\8-2-build-windows-x64-cygwin-sans-NAS\jdk8u451\1832\hotspot\src\share\vm\classfile\systemDictionary.cp
Event: 12.690 Thread 0x000001f6eb21b000 Exception <a 'java/lang/NoSuchMethodError': java.lang.Object.lambda$thenComparing$36697e65$1(Ljava/util/Comparator;Ljava/lang/Object;Ljava/lang/Object;)I> (0x00000000db701500) thrown at [C:\jenkins\workspace\8-2-build-windows-x64-cygwin-sans-NAS\jdk8u451\
Event: 12.756 Thread 0x000001f6eb21b000 Exception <a 'java/lang/IncompatibleClassChangeError': Found class java.lang.Object, but interface was expected> (0x00000000db969878) thrown at [C:\jenkins\workspace\8-2-build-windows-x64-cygwin-sans-NAS\jdk8u451\1832\hotspot\src\share\vm\interpreter\link
Event: 55.135 Thread 0x000001f6ec57b800 Exception <a 'java/lang/ArrayIndexOutOfBoundsException': 7664> (0x00000000d80f62e0) thrown at [C:\jenkins\workspace\8-2-build-windows-x64-cygwin-sans-NAS\jdk8u451\1832\hotspot\src\share\vm\interpreter\interpreterRuntime.cpp, line 371]

Events (10 events):
Event: 55.631 Executing VM operation: ChangeBreakpoints
Event: 55.632 Executing VM operation: ChangeBreakpoints done
Event: 55.632 Executing VM operation: ChangeBreakpoints
Event: 55.633 Executing VM operation: ChangeBreakpoints done
Event: 55.634 Executing VM operation: RevokeBias
Event: 55.634 Executing VM operation: RevokeBias done
Event: 55.634 Executing VM operation: GetOrSetLocal
Event: 55.634 Executing VM operation: GetOrSetLocal done
Event: 55.634 Executing VM operation: GetOrSetLocal
Event: 55.634 Executing VM operation: GetOrSetLocal done


Dynamic libraries:
0x00007ff69ded0000 - 0x00007ff69df1f000 	C:\Program Files\Java\jdk-1.8\bin\java.exe
0x000001f6d25d0000 - 0x000001f6d27e7000 	C:\WINDOWS\SYSTEM32\ntd1l.dll
0x000001f6d27f0000 - 0x000001f6d28b4000 	C:\WINDOWS\System32\kern3l32.dll
0x00007ff8d99d0000 - 0x00007ff8d9be7000 	C:\WINDOWS\SYSTEM32\ntdll.dll
0x00007ff8d87f0000 - 0x00007ff8d88b4000 	C:\WINDOWS\System32\KERNEL32.DLL
0x00007ff8d6fa0000 - 0x00007ff8d7372000 	C:\WINDOWS\System32\KERNELBASE.dll
0x00007ff8d65c0000 - 0x00007ff8d69d6000 	C:\Program Files\SentinelOne\Sentinel Agent 24.1.5.277\InProcessClient64.dll
0x00007ff8d85e0000 - 0x00007ff8d8691000 	C:\WINDOWS\System32\ADVAPI32.dll
0x00007ff8d9380000 - 0x00007ff8d9427000 	C:\WINDOWS\System32\msvcrt.dll
0x00007ff8d86a0000 - 0x00007ff8d8748000 	C:\WINDOWS\System32\sechost.dll
0x00007ff8d6c80000 - 0x00007ff8d6ca8000 	C:\WINDOWS\System32\bcrypt.dll
0x00007ff8d9450000 - 0x00007ff8d9564000 	C:\WINDOWS\System32\RPCRT4.dll
0x00007ff8d91c0000 - 0x00007ff8d9371000 	C:\WINDOWS\System32\USER32.dll
0x00007ff8d7630000 - 0x00007ff8d7656000 	C:\WINDOWS\System32\win32u.dll
0x00007ff8d9750000 - 0x00007ff8d9779000 	C:\WINDOWS\System32\GDI32.dll
0x00007ff8d6e70000 - 0x00007ff8d6f93000 	C:\WINDOWS\System32\gdi32full.dll
0x00007ff8d6dd0000 - 0x00007ff8d6e6a000 	C:\WINDOWS\System32\msvcp_win.dll
0x00007ff8d6cb0000 - 0x00007ff8d6dc1000 	C:\WINDOWS\System32\ucrtbase.dll
0x00007ff8c35e0000 - 0x00007ff8c387b000 	C:\WINDOWS\WinSxS\amd64_microsoft.windows.common-controls_6595b64144ccf1df_6.0.22621.5413_none_270da5617387a498\COMCTL32.dll
0x00007ff8d6560000 - 0x00007ff8d656a000 	C:\WINDOWS\SYSTEM32\VERSION.dll
0x00007ff8d6550000 - 0x00007ff8d655b000 	C:\WINDOWS\SYSTEM32\FLTLIB.DLL
0x00007ff8d9950000 - 0x00007ff8d9981000 	C:\WINDOWS\System32\IMM32.DLL
0x00007ff8b99a0000 - 0x00007ff8b99bb000 	C:\Program Files\Java\jdk-1.8\jre\bin\vcruntime140.dll
0x00007ff8b84a0000 - 0x00007ff8b84ac000 	C:\Program Files\Java\jdk-1.8\jre\bin\vcruntime140_1.dll
0x00007ff8a8b40000 - 0x00007ff8a8bce000 	C:\Program Files\Java\jdk-1.8\jre\bin\msvcp140.dll
0x00007ff81db00000 - 0x00007ff81e3aa000 	C:\Program Files\Java\jdk-1.8\jre\bin\server\jvm.dll
0x00007ff8d91b0000 - 0x00007ff8d91b8000 	C:\WINDOWS\System32\PSAPI.DLL
0x00007ff8c2b20000 - 0x00007ff8c2b29000 	C:\WINDOWS\SYSTEM32\WSOCK32.dll
0x00007ff8d8560000 - 0x00007ff8d85d1000 	C:\WINDOWS\System32\WS2_32.dll
0x00007ff8c2600000 - 0x00007ff8c2634000 	C:\WINDOWS\SYSTEM32\WINMM.dll
0x00007ff8d56b0000 - 0x00007ff8d56c8000 	C:\WINDOWS\SYSTEM32\kernel.appcore.dll
0x00007ff8b8490000 - 0x00007ff8b84a0000 	C:\Program Files\Java\jdk-1.8\jre\bin\verify.dll
0x00007ff8a6e00000 - 0x00007ff8a6e2b000 	C:\Program Files\Java\jdk-1.8\jre\bin\java.dll
0x00007ff8a6dc0000 - 0x00007ff8a6df7000 	C:\Program Files\Java\jdk-1.8\jre\bin\instrument.dll
0x00007ff8b18a0000 - 0x00007ff8b194d000 	C:\Program Files\SentinelOne\Sentinel Agent 24.1.5.277\SentinelJava64.dll
0x00007ff8d7660000 - 0x00007ff8d76c9000 	C:\WINDOWS\System32\SHLWAPI.dll
0x000001f6d4130000 - 0x000001f6d42d0000 	C:\WINDOWS\System32\ole32.dll
0x00007ff8d81c0000 - 0x00007ff8d8553000 	C:\WINDOWS\System32\combase.dll
0x00007ff8a6da0000 - 0x00007ff8a6db8000 	C:\Program Files\Java\jdk-1.8\jre\bin\zip.dll
0x00007ff8d7910000 - 0x00007ff8d81b2000 	C:\WINDOWS\System32\SHELL32.dll
0x00007ff8d6ac0000 - 0x00007ff8d6bff000 	C:\WINDOWS\System32\wintypes.dll
0x00007ff8d45b0000 - 0x00007ff8d4ecd000 	C:\WINDOWS\SYSTEM32\windows.storage.dll
0x00007ff8d8a60000 - 0x00007ff8d8b6b000 	C:\WINDOWS\System32\SHCORE.dll
0x00007ff8d69f0000 - 0x00007ff8d6a1b000 	C:\WINDOWS\SYSTEM32\profapi.dll
0x00007ff8a6d50000 - 0x00007ff8a6d6c000 	C:\Program Files\Java\jdk-1.8\jre\bin\net.dll
0x00007ff8d5b30000 - 0x00007ff8d5b99000 	C:\WINDOWS\system32\mswsock.dll
0x00007ff8d51a0000 - 0x00007ff8d5298000 	C:\WINDOWS\SYSTEM32\DNSAPI.dll
0x00007ff8d5130000 - 0x00007ff8d515d000 	C:\WINDOWS\SYSTEM32\IPHLPAPI.DLL
0x00007ff8d7830000 - 0x00007ff8d7839000 	C:\WINDOWS\System32\NSI.dll
0x00007ff8c4d80000 - 0x00007ff8c4d8a000 	C:\Windows\System32\rasadhlp.dll
0x00007ff8c8d40000 - 0x00007ff8c8dc4000 	C:\WINDOWS\System32\fwpuclnt.dll
0x00007ff8d6c00000 - 0x00007ff8d6c7b000 	C:\WINDOWS\System32\bcryptPrimitives.dll
0x00007ff8abd90000 - 0x00007ff8abd9d000 	C:\Program Files\Java\jdk-1.8\jre\bin\management.dll
0x00007ff8a6d30000 - 0x00007ff8a6d43000 	C:\Program Files\Java\jdk-1.8\jre\bin\nio.dll
0x00007ff8d5d80000 - 0x00007ff8d5d9b000 	C:\WINDOWS\SYSTEM32\CRYPTSP.dll
0x00007ff8d5610000 - 0x00007ff8d5647000 	C:\WINDOWS\system32\rsaenh.dll
0x00007ff8d5c20000 - 0x00007ff8d5c48000 	C:\WINDOWS\SYSTEM32\USERENV.dll
0x00007ff8d5da0000 - 0x00007ff8d5dac000 	C:\WINDOWS\SYSTEM32\CRYPTBASE.dll
0x00007ff8cc840000 - 0x00007ff8cc859000 	C:\WINDOWS\SYSTEM32\dhcpcsvc6.DLL
0x00007ff8cc570000 - 0x00007ff8cc58f000 	C:\WINDOWS\SYSTEM32\dhcpcsvc.DLL
0x00007ff8b8670000 - 0x00007ff8b8687000 	C:\WINDOWS\system32\napinsp.dll
0x00007ff8b8690000 - 0x00007ff8b86ab000 	C:\WINDOWS\system32\pnrpnsp.dll
0x00007ff8b8650000 - 0x00007ff8b8661000 	C:\WINDOWS\System32\winrnr.dll
0x00007ff8b8610000 - 0x00007ff8b862f000 	C:\WINDOWS\system32\wshbth.dll
0x00007ff8b84e0000 - 0x00007ff8b8501000 	C:\WINDOWS\system32\nlansp_c.dll
0x00007ff8a9780000 - 0x00007ff8a97d0000 	C:\WINDOWS\SYSTEM32\pdh.dll
0x00007ff8abd70000 - 0x00007ff8abd81000 	C:\WINDOWS\System32\perfproc.dll
0x00007ff8b8420000 - 0x00007ff8b8430000 	C:\WINDOWS\System32\perfos.dll
0x00007ff8d1760000 - 0x00007ff8d1770000 	C:\WINDOWS\SYSTEM32\pfclient.dll
0x00007ff8747b0000 - 0x00007ff8747d5000 	C:\Program Files\Java\jdk-1.8\jre\bin\sunec.dll
0x00007ff896a60000 - 0x00007ff896a6e000 	C:\Program Files\Java\jdk-1.8\jre\bin\sunmscapi.dll
0x00007ff8d74c0000 - 0x00007ff8d7627000 	C:\WINDOWS\System32\CRYPT32.dll
0x00007ff8d5fb0000 - 0x00007ff8d5fdd000 	C:\WINDOWS\SYSTEM32\ncrypt.dll
0x00007ff8d5f70000 - 0x00007ff8d5fa7000 	C:\WINDOWS\SYSTEM32\NTASN1.dll
0x00007ff8d4290000 - 0x00007ff8d44c2000 	C:\WINDOWS\SYSTEM32\dbghelp.dll
0x00007ff8d9570000 - 0x00007ff8d9647000 	C:\WINDOWS\System32\OLEAUT32.dll

VM Arguments:
jvm_args: -XX:TieredStopAtLevel=1 -Xverify:none -Dspring.output.ansi.enabled=always -Dcom.sun.management.jmxremote -Dspring.jmx.enabled=true -Dspring.liveBeansView.mbeanDomain -Dspring.application.admin.enabled=true -Dmanagement.endpoints.jmx.exposure.include=* -javaagent:C:\Program Files\JetBrains\IntelliJ IDEA 2025.1.1.1\lib\idea_rt.jar=50588 -Dfile.encoding=UTF-8 -agentpath:C:\Program Files\SentinelOne\Sentinel Agent 24.1.5.277\SentinelJava64.dll=extendedCapabilities 
java_command: com.example.project1.Project1Application
java_class_path (initial): C:\Program Files\Java\jdk-1.8\jre\lib\charsets.jar;C:\Program Files\Java\jdk-1.8\jre\lib\deploy.jar;C:\Program Files\Java\jdk-1.8\jre\lib\ext\access-bridge-64.jar;C:\Program Files\Java\jdk-1.8\jre\lib\ext\cldrdata.jar;C:\Program Files\Java\jdk-1.8\jre\lib\ext\dnsns.jar;C:\Program Files\Java\jdk-1.8\jre\lib\ext\jaccess.jar;C:\Program Files\Java\jdk-1.8\jre\lib\ext\localedata.jar;C:\Program Files\Java\jdk-1.8\jre\lib\ext\nashorn.jar;C:\Program Files\Java\jdk-1.8\jre\lib\ext\sunec.jar;C:\Program Files\Java\jdk-1.8\jre\lib\ext\sunjce_provider.jar;C:\Program Files\Java\jdk-1.8\jre\lib\ext\sunmscapi.jar;C:\Program Files\Java\jdk-1.8\jre\lib\ext\sunpkcs11.jar;C:\Program Files\Java\jdk-1.8\jre\lib\ext\zipfs.jar;C:\Program Files\Java\jdk-1.8\jre\lib\javaws.jar;C:\Program Files\Java\jdk-1.8\jre\lib\jce.jar;C:\Program Files\Java\jdk-1.8\jre\lib\jfr.jar;C:\Program Files\Java\jdk-1.8\jre\lib\jsse.jar;C:\Program Files\Java\jdk-1.8\jre\lib\management-agent.jar;C:\Program Files\Java\jdk-1.8\jre\lib\plugin.jar;C:\Program Files\Java\jdk-1.8\jre\lib\resources.jar;C:\Program Files\Java\jdk-1.8\jre\lib\rt.jar;C:\Users\abhis\Desktop\Java\PersonalProject\Project1\target\classes;C:\Users\abhis\.m2\repository\org\springframework\boot\spring-boot-starter\2.7.14\spring-boot-starter-2.7.14.jar;C:\Users\abhis\.m2\repository\org\springframework\boot\spring-boot\2.7.14\spring-boot-2.7.14.jar;C:\Users\abhis\.m2\repository\org\springframework\spring-context\5.3.29\spring-context-5.3.29.jar;C:\Users\abhis\.m2\repository\org\springframework\boot\spring-boot-autoconfigure\2.7.14\spring-boot-autoconfigure-2.7.14.jar;C:\Users\abhis\.m2\repository\org\springframework\boot\spring-boot-starter-logging\2.7.14\spring-boot-starter-logging-2.7.14.jar;C:\Users\abhis\.m2\repository\ch\qos\logback\logback-classic\1.2.12\logback-classic-1.2.12.jar;C:\Users\abhis\.m2\repository\ch\qos\logback\logback-core\1.2.12\logback-core-1.2.12.jar;C:\Users\abhis\.m2\repository\org\apache\logging\lo
Launcher Type: SUN_STANDARD

Environment Variables:
PATH=C:\Program Files (x86)\Common Files\Oracle\Java\java8path;C:\Program Files (x86)\Common Files\Oracle\Java\javapath;C:\WINDOWS\system32;C:\WINDOWS;C:\WINDOWS\System32\Wbem;C:\WINDOWS\System32\WindowsPowerShell\v1.0\;C:\WINDOWS\System32\OpenSSH\;C:\Program Files\Java\jdk-13\bin;C:\Program Files\Git\cmd;C:\xampp\php;C:\Program Files (x86)\Intel\Intel(R) Management Engine Components\DAL;C:\Program Files\Intel\Intel(R) Management Engine Components\DAL;C:\Users\abhis\AppData\Roaming\Microsoft\Windows\Start Menu\Programs\Python 3.8;C:\Program Files\dotnet\;C:\Users\abhis\AppData\Local\Programs\Python\Python312\scripts;C:\Users\abhis\AppData\Roaming\nvm;C:\Program Files\nodejs;C:\Program Files\MySQL\MySQL Shell 8.0\bin\;C:\Users\abhis\AppData\Local\Programs\Python\Python312\Scripts\;C:\Users\abhis\AppData\Local\Programs\Python\Python312\;C:\Users\abhis\AppData\Local\Programs\Python\Launcher\;C:\Users\abhis\AppData\Local\Programs\Python\Python38\Scripts\;C:\Users\abhis\AppData\Local\Programs\Python\Python38\;C:\Users\abhis\AppData\Local\Microsoft\WindowsApps;C:\Users\abhis\AppData\Local\atom\bin;C:\xampp\php;C:\Users\abhis\AppData\Local\Microsoft\WindowsApps;C:\Users\abhis\AppData\Roaming\npm;C:\Users\abhis\AppData\Local\Programs\Microsoft VS Code\bin;C:\Users\abhis\AppData\Roaming\nvm;C:\Program Files\nodejs;
USERNAME=abhis
OS=Windows_NT
PROCESSOR_IDENTIFIER=Intel64 Family 6 Model 142 Stepping 10, GenuineIntel



---------------  S Y S T E M  ---------------

OS: Windows 11 , 64 bit Build 22621 (10.0.22621.5413)

CPU:total 8 (initial active 8) (4 cores per cpu, 2 threads per core) family 6 model 142 stepping 10, cmov, cx8, fxsr, mmx, sse, sse2, sse3, ssse3, sse4.1, sse4.2, popcnt, avx, avx2, aes, clmul, erms, 3dnowpref, lzcnt, ht, tsc, tscinvbit, bmi1, bmi2, adx

Memory: 4k page, physical 8217844k(955980k free), swap 16814832k(2235124k free)

vm_info: Java HotSpot(TM) 64-Bit Server VM (25.451-b10) for windows-amd64 JRE (1.8.0_451-b10), built on Apr  5 2025 03:18:54 by "java_re" with MS VC++ 17.6 (VS2022)

time: Fri May 30 21:39:29 2025
timezone: Pacific Daylight Time
elapsed time: 55.770722 seconds (0d 0h 0m 55s)

