#
# A fatal error has been detected by the Java Runtime Environment:
#
#  EXCEPTION_ACCESS_VIOLATION (0xc0000005) at pc=0x00007ffbe127fb48, pid=18588, tid=0x00000000000024d8
#
# JRE version: Java(TM) SE Runtime Environment (8.0_451) (build 1.8.0_451-b10)
# Java VM: Java HotSpot(TM) 64-Bit Server VM (25.451-b10 mixed mode windows-amd64 compressed oops)
# Problematic frame:
# V  [jvm.dll+0xcfb48]
#
# Failed to write core dump. Minidumps are not enabled by default on client versions of Windows
#
# If you would like to submit a bug report, please visit:
#   http://bugreport.java.com/bugreport/crash.jsp
#

---------------  T H R E A D  ---------------

Current thread (0x000001d26af03800):  JavaThread "http-nio-8080-exec-1" daemon [_thread_in_vm, id=9432, stack(0x000000a071a00000,0x000000a071b00000)]

siginfo: ExceptionCode=0xc0000005, reading address 0x0000000000000018

Registers:
RAX=0x0000000000000820, RBX=0x000000010035fbc8, RCX=0x0000000000000018, RDX=0x000000a071afbc20
RSP=0x000000a071afba10, RBP=0x000000a071afbb10, RSI=0x000001d26aa7c0c0, RDI=0x0000000000000000
R8 =0x000000010035fbc8, R9 =0x000001d26aa7c0c0, R10=0x000001d26aee0380, R11=0x000001d26bf07f88
R12=0x000001d26af03800, R13=0x000001d266e94470, R14=0x000000a071afbc20, R15=0x0000000000000001
RIP=0x00007ffbe127fb48, EFLAGS=0x0000000000010246

Top of Stack: (sp=0x000000a071afba10)
0x000000a071afba10:   000001d269292b78 00007ffbe127b84e
0x000000a071afba20:   000001d26a71b250 000000a071afbc20
0x000000a071afba30:   000001d266e94470 000001d266e94470
0x000000a071afba40:   000000010035fbc8 000001d26af03800
0x000000a071afba50:   0000000000000000 000000a071afbe00
0x000000a071afba60:   000000a071afbc20 0000000100479a08
0x000000a071afba70:   000001d26a71b250 000000a071afbaa8
0x000000a071afba80:   0000000100479a08 00007ffbe179a800
0x000000a071afba90:   000001d26af03800 000000a071afbe60
0x000000a071afbaa0:   000001d26a9a4f80 000001d26bf07f88
0x000000a071afbab0:   000001d26af03800 000001d26aa7c0c0
0x000000a071afbac0:   000001d26af03800 00007ffbe127aeeb
0x000000a071afbad0:   000001d26c6c1ea8 000001d26af03800
0x000000a071afbae0:   000000a071afbbd0 000000a071afbce0
0x000000a071afbaf0:   0000000100479a08 00007ffbe1281619
0x000000a071afbb00:   0000000100000001 0000000100479a08 

Instructions: (pc=0x00007ffbe127fb48)
0x00007ffbe127fb28:   c4 ae 00 00 48 89 77 10 4c 89 7f 18 4c 89 6f 20
0x00007ffbe127fb38:   e9 76 07 00 00 41 8b 48 0c 48 8b bd f0 00 00 00
0x00007ffbe127fb48:   48 39 1c 39 0f 84 c0 00 00 00 83 f9 18 75 13 48
0x00007ffbe127fb58:   8b d3 48 8b cf e8 4e 91 06 00 84 c0 0f 85 a8 00 


Register to memory mapping:

RAX=0x0000000000000820 is an unknown value
RBX=0x000000010035fbc8 is pointing into metadata
RCX=0x0000000000000018 is an unknown value
RDX=0x000000a071afbc20 is pointing into the stack for thread: 0x000001d26af03800
RSP=0x000000a071afba10 is pointing into the stack for thread: 0x000001d26af03800
RBP=0x000000a071afbb10 is pointing into the stack for thread: 0x000001d26af03800
RSI=0x000001d26aa7c0c0 is an unknown value
RDI=0x0000000000000000 is an unknown value
R8 =0x000000010035fbc8 is pointing into metadata
R9 =0x000001d26aa7c0c0 is an unknown value
R10=0x000001d26aee0380 is an unknown value
R11={method} {0x000001d26bf07f90} 'isCommitted' '()Z' in 'javax/servlet/http/HttpServletResponse'
R12=0x000001d26af03800 is a thread
R13=0x000001d266e94470 is an unknown value
R14=0x000000a071afbc20 is pointing into the stack for thread: 0x000001d26af03800
R15=0x0000000000000001 is an unknown value


Stack: [0x000000a071a00000,0x000000a071b00000],  sp=0x000000a071afba10,  free space=1006k
Native frames: (J=compiled Java code, j=interpreted, Vv=VM code, C=native code)
V  [jvm.dll+0xcfb48]
V  [jvm.dll+0xcccbd]
V  [jvm.dll+0xce13b]
V  [jvm.dll+0xcd814]
V  [jvm.dll+0xc72be]
C  0x000001d2529884a6

Java frames: (J=compiled Java code, j=interpreted, Vv=VM code)
j  org.apache.catalina.connector.Request.authenticate(Ljavax/servlet/http/HttpServletResponse;)Z+1
j  org.apache.catalina.connector.RequestFacade.authenticate(Ljavax/servlet/http/HttpServletResponse;)Z+9
j  javax.servlet.http.HttpServletRequestWrapper.authenticate(Ljavax/servlet/http/HttpServletResponse;)Z+5
v  ~StubRoutines::call_stub
j  org.apache.jasper.runtime.HttpJspBase.service(Ljavax/servlet/http/HttpServletRequest;Ljavax/servlet/http/HttpServletResponse;)V+0
j  javax.servlet.http.HttpServlet.service(Ljavax/servlet/ServletRequest;Ljavax/servlet/ServletResponse;)V+36
j  org.apache.jasper.servlet.JspServletWrapper.service(Ljavax/servlet/http/HttpServletRequest;Ljavax/servlet/http/HttpServletResponse;Z)V+411
j  org.apache.jasper.servlet.JspServlet.serviceJspFile(Ljavax/servlet/http/HttpServletRequest;Ljavax/servlet/http/HttpServletResponse;Ljava/lang/String;Z)V+112
j  org.apache.jasper.servlet.JspServlet.service(Ljavax/servlet/http/HttpServletRequest;Ljavax/servlet/http/HttpServletResponse;)V+328
j  javax.servlet.http.HttpServlet.service(Ljavax/servlet/ServletRequest;Ljavax/servlet/ServletResponse;)V+36
j  org.apache.catalina.core.ApplicationFilterChain.internalDoFilter(Ljavax/servlet/ServletRequest;Ljavax/servlet/ServletResponse;)V+304
j  org.apache.catalina.core.ApplicationFilterChain.doFilter(Ljavax/servlet/ServletRequest;Ljavax/servlet/ServletResponse;)V+99
j  org.apache.tomcat.websocket.server.WsFilter.doFilter(Ljavax/servlet/ServletRequest;Ljavax/servlet/ServletResponse;Ljavax/servlet/FilterChain;)V+21
j  org.apache.catalina.core.ApplicationFilterChain.internalDoFilter(Ljavax/servlet/ServletRequest;Ljavax/servlet/ServletResponse;)V+135
j  org.apache.catalina.core.ApplicationFilterChain.doFilter(Ljavax/servlet/ServletRequest;Ljavax/servlet/ServletResponse;)V+99
j  com.example.project1.filter.LoginFilter.doFilterInternal(Ljavax/servlet/http/HttpServletRequest;Ljavax/servlet/http/HttpServletResponse;Ljavax/servlet/FilterChain;)V+3
j  org.springframework.web.filter.OncePerRequestFilter.doFilter(Ljavax/servlet/ServletRequest;Ljavax/servlet/ServletResponse;Ljavax/servlet/FilterChain;)V+147
j  org.apache.catalina.core.ApplicationFilterChain.internalDoFilter(Ljavax/servlet/ServletRequest;Ljavax/servlet/ServletResponse;)V+135
j  org.apache.catalina.core.ApplicationFilterChain.doFilter(Ljavax/servlet/ServletRequest;Ljavax/servlet/ServletResponse;)V+99
j  org.springframework.web.filter.OncePerRequestFilter.doFilter(Ljavax/servlet/ServletRequest;Ljavax/servlet/ServletResponse;Ljavax/servlet/FilterChain;)V+122
j  org.apache.catalina.core.ApplicationFilterChain.internalDoFilter(Ljavax/servlet/ServletRequest;Ljavax/servlet/ServletResponse;)V+135
j  org.apache.catalina.core.ApplicationFilterChain.doFilter(Ljavax/servlet/ServletRequest;Ljavax/servlet/ServletResponse;)V+99
j  org.springframework.web.filter.OncePerRequestFilter.doFilter(Ljavax/servlet/ServletRequest;Ljavax/servlet/ServletResponse;Ljavax/servlet/FilterChain;)V+122
j  org.apache.catalina.core.ApplicationFilterChain.internalDoFilter(Ljavax/servlet/ServletRequest;Ljavax/servlet/ServletResponse;)V+135
j  org.apache.catalina.core.ApplicationFilterChain.doFilter(Ljavax/servlet/ServletRequest;Ljavax/servlet/ServletResponse;)V+99
j  org.springframework.web.filter.OncePerRequestFilter.doFilter(Ljavax/servlet/ServletRequest;Ljavax/servlet/ServletResponse;Ljavax/servlet/FilterChain;)V+122
j  org.apache.catalina.core.ApplicationFilterChain.internalDoFilter(Ljavax/servlet/ServletRequest;Ljavax/servlet/ServletResponse;)V+135
j  org.apache.catalina.core.ApplicationFilterChain.doFilter(Ljavax/servlet/ServletRequest;Ljavax/servlet/ServletResponse;)V+99
j  org.apache.catalina.core.ApplicationDispatcher.invoke(Ljavax/servlet/ServletRequest;Ljavax/servlet/ServletResponse;Lorg/apache/catalina/core/ApplicationDispatcher$State;)V+341
j  org.apache.catalina.core.ApplicationDispatcher.processRequest(Ljavax/servlet/ServletRequest;Ljavax/servlet/ServletResponse;Lorg/apache/catalina/core/ApplicationDispatcher$State;)V+98
j  org.apache.catalina.core.ApplicationDispatcher.doForward(Ljavax/servlet/ServletRequest;Ljavax/servlet/ServletResponse;)V+357
j  org.apache.catalina.core.ApplicationDispatcher.forward(Ljavax/servlet/ServletRequest;Ljavax/servlet/ServletResponse;)V+55
j  org.springframework.web.servlet.view.InternalResourceView.renderMergedOutputModel(Ljava/util/Map;Ljavax/servlet/http/HttpServletRequest;Ljavax/servlet/http/HttpServletResponse;)V+199
j  org.springframework.web.servlet.view.AbstractView.render(Ljava/util/Map;Ljavax/servlet/http/HttpServletRequest;Ljavax/servlet/http/HttpServletResponse;)V+128
j  org.springframework.web.servlet.DispatcherServlet.render(Lorg/springframework/web/servlet/ModelAndView;Ljavax/servlet/http/HttpServletRequest;Ljavax/servlet/http/HttpServletResponse;)V+259
j  org.springframework.web.servlet.DispatcherServlet.processDispatchResult(Ljavax/servlet/http/HttpServletRequest;Ljavax/servlet/http/HttpServletResponse;Lorg/springframework/web/servlet/HandlerExecutionChain;Lorg/springframework/web/servlet/ModelAndView;Ljava/lang/Exception;)V+98
j  org.springframework.web.servlet.DispatcherServlet.doDispatch(Ljavax/servlet/http/HttpServletRequest;Ljavax/servlet/http/HttpServletResponse;)V+360
j  org.springframework.web.servlet.DispatcherServlet.doService(Ljavax/servlet/http/HttpServletRequest;Ljavax/servlet/http/HttpServletResponse;)V+241
j  org.springframework.web.servlet.FrameworkServlet.processRequest(Ljavax/servlet/http/HttpServletRequest;Ljavax/servlet/http/HttpServletResponse;)V+71
j  org.springframework.web.servlet.FrameworkServlet.doGet(Ljavax/servlet/http/HttpServletRequest;Ljavax/servlet/http/HttpServletResponse;)V+3
j  javax.servlet.http.HttpServlet.service(Ljavax/servlet/http/HttpServletRequest;Ljavax/servlet/http/HttpServletResponse;)V+35
j  org.springframework.web.servlet.FrameworkServlet.service(Ljavax/servlet/http/HttpServletRequest;Ljavax/servlet/http/HttpServletResponse;)V+33
j  javax.servlet.http.HttpServlet.service(Ljavax/servlet/ServletRequest;Ljavax/servlet/ServletResponse;)V+36
j  org.apache.catalina.core.ApplicationFilterChain.internalDoFilter(Ljavax/servlet/ServletRequest;Ljavax/servlet/ServletResponse;)V+304
j  org.apache.catalina.core.ApplicationFilterChain.doFilter(Ljavax/servlet/ServletRequest;Ljavax/servlet/ServletResponse;)V+99
j  org.apache.tomcat.websocket.server.WsFilter.doFilter(Ljavax/servlet/ServletRequest;Ljavax/servlet/ServletResponse;Ljavax/servlet/FilterChain;)V+21
j  org.apache.catalina.core.ApplicationFilterChain.internalDoFilter(Ljavax/servlet/ServletRequest;Ljavax/servlet/ServletResponse;)V+135
j  org.apache.catalina.core.ApplicationFilterChain.doFilter(Ljavax/servlet/ServletRequest;Ljavax/servlet/ServletResponse;)V+99
j  org.springframework.web.filter.OncePerRequestFilter.doFilter(Ljavax/servlet/ServletRequest;Ljavax/servlet/ServletResponse;Ljavax/servlet/FilterChain;)V+81
j  org.apache.catalina.core.ApplicationFilterChain.internalDoFilter(Ljavax/servlet/ServletRequest;Ljavax/servlet/ServletResponse;)V+135
j  org.apache.catalina.core.ApplicationFilterChain.doFilter(Ljavax/servlet/ServletRequest;Ljavax/servlet/ServletResponse;)V+99
j  org.springframework.web.filter.RequestContextFilter.doFilterInternal(Ljavax/servlet/http/HttpServletRequest;Ljavax/servlet/http/HttpServletResponse;Ljavax/servlet/FilterChain;)V+21
j  org.springframework.web.filter.OncePerRequestFilter.doFilter(Ljavax/servlet/ServletRequest;Ljavax/servlet/ServletResponse;Ljavax/servlet/FilterChain;)V+147
j  org.apache.catalina.core.ApplicationFilterChain.internalDoFilter(Ljavax/servlet/ServletRequest;Ljavax/servlet/ServletResponse;)V+135
j  org.apache.catalina.core.ApplicationFilterChain.doFilter(Ljavax/servlet/ServletRequest;Ljavax/servlet/ServletResponse;)V+99
j  org.springframework.web.filter.FormContentFilter.doFilterInternal(Ljavax/servlet/http/HttpServletRequest;Ljavax/servlet/http/HttpServletResponse;Ljavax/servlet/FilterChain;)V+38
j  org.springframework.web.filter.OncePerRequestFilter.doFilter(Ljavax/servlet/ServletRequest;Ljavax/servlet/ServletResponse;Ljavax/servlet/FilterChain;)V+147
j  org.apache.catalina.core.ApplicationFilterChain.internalDoFilter(Ljavax/servlet/ServletRequest;Ljavax/servlet/ServletResponse;)V+135
j  org.apache.catalina.core.ApplicationFilterChain.doFilter(Ljavax/servlet/ServletRequest;Ljavax/servlet/ServletResponse;)V+99
j  org.springframework.web.filter.CharacterEncodingFilter.doFilterInternal(Ljavax/servlet/http/HttpServletRequest;Ljavax/servlet/http/HttpServletResponse;Ljavax/servlet/FilterChain;)V+53
j  org.springframework.web.filter.OncePerRequestFilter.doFilter(Ljavax/servlet/ServletRequest;Ljavax/servlet/ServletResponse;Ljavax/servlet/FilterChain;)V+147
j  org.apache.catalina.core.ApplicationFilterChain.internalDoFilter(Ljavax/servlet/ServletRequest;Ljavax/servlet/ServletResponse;)V+135
j  org.apache.catalina.core.ApplicationFilterChain.doFilter(Ljavax/servlet/ServletRequest;Ljavax/servlet/ServletResponse;)V+99
j  org.apache.catalina.core.StandardWrapperValve.invoke(Lorg/apache/catalina/connector/Request;Lorg/apache/catalina/connector/Response;)V+514
j  org.apache.catalina.core.StandardContextValve.invoke(Lorg/apache/catalina/connector/Request;Lorg/apache/catalina/connector/Response;)V+169
j  org.apache.catalina.authenticator.AuthenticatorBase.invoke(Lorg/apache/catalina/connector/Request;Lorg/apache/catalina/connector/Response;)V+260
j  org.apache.catalina.core.StandardHostValve.invoke(Lorg/apache/catalina/connector/Request;Lorg/apache/catalina/connector/Response;)V+128
j  org.apache.catalina.valves.ErrorReportValve.invoke(Lorg/apache/catalina/connector/Request;Lorg/apache/catalina/connector/Response;)V+6
j  org.apache.catalina.core.StandardEngineValve.invoke(Lorg/apache/catalina/connector/Request;Lorg/apache/catalina/connector/Response;)V+59
j  org.apache.catalina.connector.CoyoteAdapter.service(Lorg/apache/coyote/Request;Lorg/apache/coyote/Response;)V+187
j  org.apache.coyote.http11.Http11Processor.service(Lorg/apache/tomcat/util/net/SocketWrapperBase;)Lorg/apache/tomcat/util/net/AbstractEndpoint$Handler$SocketState;+796
j  org.apache.coyote.AbstractProcessorLight.process(Lorg/apache/tomcat/util/net/SocketWrapperBase;Lorg/apache/tomcat/util/net/SocketEvent;)Lorg/apache/tomcat/util/net/AbstractEndpoint$Handler$SocketState;+170
j  org.apache.coyote.AbstractProtocol$ConnectionHandler.process(Lorg/apache/tomcat/util/net/SocketWrapperBase;Lorg/apache/tomcat/util/net/SocketEvent;)Lorg/apache/tomcat/util/net/AbstractEndpoint$Handler$SocketState;+489
j  org.apache.tomcat.util.net.NioEndpoint$SocketProcessor.doRun()V+249
j  org.apache.tomcat.util.net.SocketProcessorBase.run()V+32
j  org.apache.tomcat.util.threads.ThreadPoolExecutor.runWorker(Lorg/apache/tomcat/util/threads/ThreadPoolExecutor$Worker;)V+92
j  org.apache.tomcat.util.threads.ThreadPoolExecutor$Worker.run()V+5
j  org.apache.tomcat.util.threads.TaskThread$WrappingRunnable.run()V+4
j  java.lang.Thread.run()V+11
v  ~StubRoutines::call_stub

---------------  P R O C E S S  ---------------

Java Threads: ( => current thread )
  0x000001d26af26000 JavaThread "DestroyJavaVM" [_thread_blocked, id=6288, stack(0x000000a06fd00000,0x000000a06fe00000)]
  0x000001d26af21000 JavaThread "http-nio-8080-Acceptor" daemon [_thread_in_native, id=8164, stack(0x000000a072500000,0x000000a072600000)]
  0x000001d26af24000 JavaThread "http-nio-8080-Poller" daemon [_thread_in_native, id=18692, stack(0x000000a072400000,0x000000a072500000)]
  0x000001d26af02800 JavaThread "http-nio-8080-exec-10" daemon [_thread_blocked, id=19452, stack(0x000000a072300000,0x000000a072400000)]
  0x000001d26af00800 JavaThread "http-nio-8080-exec-9" daemon [_thread_blocked, id=21216, stack(0x000000a072200000,0x000000a072300000)]
  0x000001d26aeff800 JavaThread "http-nio-8080-exec-8" daemon [_thread_blocked, id=19772, stack(0x000000a072100000,0x000000a072200000)]
  0x000001d26af01000 JavaThread "http-nio-8080-exec-7" daemon [_thread_blocked, id=20312, stack(0x000000a072000000,0x000000a072100000)]
  0x000001d26af02000 JavaThread "http-nio-8080-exec-6" daemon [_thread_blocked, id=20672, stack(0x000000a071f00000,0x000000a072000000)]
  0x000001d26af05000 JavaThread "http-nio-8080-exec-5" daemon [_thread_blocked, id=22408, stack(0x000000a071e00000,0x000000a071f00000)]
  0x000001d26af04000 JavaThread "http-nio-8080-exec-4" daemon [_thread_blocked, id=3848, stack(0x000000a071d00000,0x000000a071e00000)]
  0x000001d26aefe000 JavaThread "http-nio-8080-exec-3" daemon [_thread_blocked, id=18040, stack(0x000000a071c00000,0x000000a071d00000)]
  0x000001d26aeff000 JavaThread "http-nio-8080-exec-2" daemon [_thread_blocked, id=5144, stack(0x000000a071b00000,0x000000a071c00000)]
=>0x000001d26af03800 JavaThread "http-nio-8080-exec-1" daemon [_thread_in_vm, id=9432, stack(0x000000a071a00000,0x000000a071b00000)]
  0x000001d26ad88000 JavaThread "container-0" [_thread_blocked, id=7332, stack(0x000000a071900000,0x000000a071a00000)]
  0x000001d26ac26800 JavaThread "Catalina-utility-2" [_thread_blocked, id=13216, stack(0x000000a071800000,0x000000a071900000)]
  0x000001d26ad64800 JavaThread "Catalina-utility-1" [_thread_blocked, id=20888, stack(0x000000a071700000,0x000000a071800000)]
  0x000001d269938800 JavaThread "RMI TCP Connection(2)-192.168.137.1" daemon [_thread_in_native, id=2212, stack(0x000000a071600000,0x000000a071700000)]
  0x000001d2697b9000 JavaThread "JMX server connection timeout 16" daemon [_thread_blocked, id=15184, stack(0x000000a071500000,0x000000a071600000)]
  0x000001d269750800 JavaThread "RMI Scheduler(0)" daemon [_thread_blocked, id=17804, stack(0x000000a071400000,0x000000a071500000)]
  0x000001d2696af000 JavaThread "RMI TCP Connection(1)-192.168.137.1" daemon [_thread_in_native, id=21472, stack(0x000000a071300000,0x000000a071400000)]
  0x000001d269592800 JavaThread "RMI TCP Accept-0" daemon [_thread_in_native, id=15620, stack(0x000000a071100000,0x000000a071200000)]
  0x000001d26930f000 JavaThread "Service Thread" daemon [_thread_blocked, id=22420, stack(0x000000a071000000,0x000000a071100000)]
  0x000001d2692a1800 JavaThread "C1 CompilerThread3" daemon [_thread_blocked, id=19228, stack(0x000000a070f00000,0x000000a071000000)]
  0x000001d269274800 JavaThread "C2 CompilerThread2" daemon [_thread_blocked, id=20160, stack(0x000000a070e00000,0x000000a070f00000)]
  0x000001d269263000 JavaThread "C2 CompilerThread1" daemon [_thread_blocked, id=11668, stack(0x000000a070d00000,0x000000a070e00000)]
  0x000001d269260000 JavaThread "C2 CompilerThread0" daemon [_thread_blocked, id=14216, stack(0x000000a070c00000,0x000000a070d00000)]
  0x000001d26922d800 JavaThread "Monitor Ctrl-Break" daemon [_thread_in_native, id=21968, stack(0x000000a070b00000,0x000000a070c00000)]
  0x000001d267332000 JavaThread "Attach Listener" daemon [_thread_blocked, id=2316, stack(0x000000a070a00000,0x000000a070b00000)]
  0x000001d267330800 JavaThread "Signal Dispatcher" daemon [_thread_blocked, id=3352, stack(0x000000a070900000,0x000000a070a00000)]
  0x000001d267309000 JavaThread "Finalizer" daemon [_thread_blocked, id=6072, stack(0x000000a070800000,0x000000a070900000)]
  0x000001d267307800 JavaThread "Reference Handler" daemon [_thread_blocked, id=20764, stack(0x000000a070700000,0x000000a070800000)]

Other Threads:
  0x000001d2672e2800 VMThread [stack: 0x000000a070600000,0x000000a070700000] [id=20664]
  0x000001d26959f800 WatcherThread [stack: 0x000000a071200000,0x000000a071300000] [id=3788]

VM state:not at safepoint (normal execution)

VM Mutex/Monitor currently owned by a thread: None

heap address: 0x0000000082800000, size: 2008 MB, Compressed Oops mode: 32-bit
Narrow klass base: 0x0000000000000000, Narrow klass shift: 3
Compressed class space size: 1073741824 Address: 0x0000000100000000

Heap:
 PSYoungGen      total 138240K, used 52743K [0x00000000d6300000, 0x00000000e2980000, 0x0000000100000000)
  eden space 128512K, 41% used [0x00000000d6300000,0x00000000d9681de0,0x00000000de080000)
  from space 9728K, 0% used [0x00000000de080000,0x00000000de080000,0x00000000dea00000)
  to   space 12288K, 0% used [0x00000000e1d80000,0x00000000e1d80000,0x00000000e2980000)
 ParOldGen       total 79360K, used 16438K [0x0000000082800000, 0x0000000087580000, 0x00000000d6300000)
  object space 79360K, 20% used [0x0000000082800000,0x000000008380da70,0x0000000087580000)
 Metaspace       used 38162K, capacity 40438K, committed 40576K, reserved 1085440K
  class space    used 4769K, capacity 5194K, committed 5248K, reserved 1048576K

Card table byte_map: [0x000001d261d20000,0x000001d262110000] byte_map_base: 0x000001d26190c000

Marking Bits: (ParMarkBitMap*) 0x00007ffbe19e0200
 Begin Bits: [0x000001d2623b0000, 0x000001d264310000)
 End Bits:   [0x000001d264310000, 0x000001d266270000)

Polling page: 0x000001d252780000

CodeCache: size=245760Kb used=7639Kb max_used=7639Kb free=238120Kb
 bounds [0x000001d252960000, 0x000001d2530e0000, 0x000001d261960000]
 total_blobs=4010 nmethods=3517 adapters=405
 compilation: enabled

Compilation events (10 events):
Event: 9.663 Thread 0x000001d2692a1800 nmethod 3515 0x000001d2530d31d0 code [0x000001d2530d3320, 0x000001d2530d3438]
Event: 9.663 Thread 0x000001d2692a1800 3511       1       org.eclipse.jdt.internal.compiler.codegen.CodeStream::isDefinitelyAssigned (123 bytes)
Event: 9.663 Thread 0x000001d2692a1800 nmethod 3511 0x000001d2530d3490 code [0x000001d2530d3620, 0x000001d2530d39f8]
Event: 9.663 Thread 0x000001d2692a1800 3513       1       org.eclipse.jdt.internal.compiler.ClassFile::u1At (10 bytes)
Event: 9.663 Thread 0x000001d2692a1800 nmethod 3513 0x000001d2530d3e10 code [0x000001d2530d3f60, 0x000001d2530d4098]
Event: 9.666 Thread 0x000001d2692a1800 3517       1       org.apache.jasper.compiler.SmapUtil$SDEInstaller::writeU1 (19 bytes)
Event: 9.666 Thread 0x000001d2692a1800 nmethod 3517 0x000001d2530d43d0 code [0x000001d2530d4520, 0x000001d2530d4678]
Event: 9.666 Thread 0x000001d2692a1800 3516       1       org.apache.jasper.compiler.SmapUtil$SDEInstaller::readU1 (21 bytes)
Event: 9.666 Thread 0x000001d2692a1800 nmethod 3516 0x000001d2530d4750 code [0x000001d2530d48a0, 0x000001d2530d49f8]
Event: 9.674 Thread 0x000001d2692a1800 3518       1       org.apache.catalina.core.DefaultInstanceManager::findLifecycleCallback (110 bytes)

GC Heap History (10 events):
Event: 2.984 GC heap before
{Heap before GC invocations=5 (full 0):
 PSYoungGen      total 70656K, used 18443K [0x00000000d6300000, 0x00000000dad00000, 0x0000000100000000)
  eden space 65536K, 20% used [0x00000000d6300000,0x00000000d7005778,0x00000000da300000)
  from space 5120K, 99% used [0x00000000da800000,0x00000000dacfd718,0x00000000dad00000)
  to   space 5120K, 0% used [0x00000000da300000,0x00000000da300000,0x00000000da800000)
 ParOldGen       total 86016K, used 6537K [0x0000000082800000, 0x0000000087c00000, 0x00000000d6300000)
  object space 86016K, 7% used [0x0000000082800000,0x0000000082e627e8,0x0000000087c00000)
 Metaspace       used 20343K, capacity 21246K, committed 21296K, reserved 1067008K
  class space    used 2694K, capacity 2914K, committed 2944K, reserved 1048576K
Event: 2.989 GC heap after
Heap after GC invocations=5 (full 0):
 PSYoungGen      total 70656K, used 5104K [0x00000000d6300000, 0x00000000df500000, 0x0000000100000000)
  eden space 65536K, 0% used [0x00000000d6300000,0x00000000d6300000,0x00000000da300000)
  from space 5120K, 99% used [0x00000000da300000,0x00000000da7fc050,0x00000000da800000)
  to   space 9216K, 0% used [0x00000000dec00000,0x00000000dec00000,0x00000000df500000)
 ParOldGen       total 86016K, used 7031K [0x0000000082800000, 0x0000000087c00000, 0x00000000d6300000)
  object space 86016K, 8% used [0x0000000082800000,0x0000000082eddc10,0x0000000087c00000)
 Metaspace       used 20343K, capacity 21246K, committed 21296K, reserved 1067008K
  class space    used 2694K, capacity 2914K, committed 2944K, reserved 1048576K
}
Event: 2.989 GC heap before
{Heap before GC invocations=6 (full 1):
 PSYoungGen      total 70656K, used 5104K [0x00000000d6300000, 0x00000000df500000, 0x0000000100000000)
  eden space 65536K, 0% used [0x00000000d6300000,0x00000000d6300000,0x00000000da300000)
  from space 5120K, 99% used [0x00000000da300000,0x00000000da7fc050,0x00000000da800000)
  to   space 9216K, 0% used [0x00000000dec00000,0x00000000dec00000,0x00000000df500000)
 ParOldGen       total 86016K, used 7031K [0x0000000082800000, 0x0000000087c00000, 0x00000000d6300000)
  object space 86016K, 8% used [0x0000000082800000,0x0000000082eddc10,0x0000000087c00000)
 Metaspace       used 20343K, capacity 21246K, committed 21296K, reserved 1067008K
  class space    used 2694K, capacity 2914K, committed 2944K, reserved 1048576K
Event: 3.022 GC heap after
Heap after GC invocations=6 (full 1):
 PSYoungGen      total 70656K, used 0K [0x00000000d6300000, 0x00000000df500000, 0x0000000100000000)
  eden space 65536K, 0% used [0x00000000d6300000,0x00000000d6300000,0x00000000da300000)
  from space 5120K, 0% used [0x00000000da300000,0x00000000da300000,0x00000000da800000)
  to   space 9216K, 0% used [0x00000000dec00000,0x00000000dec00000,0x00000000df500000)
 ParOldGen       total 53248K, used 6406K [0x0000000082800000, 0x0000000085c00000, 0x00000000d6300000)
  object space 53248K, 12% used [0x0000000082800000,0x0000000082e41930,0x0000000085c00000)
 Metaspace       used 20343K, capacity 21246K, committed 21296K, reserved 1067008K
  class space    used 2694K, capacity 2914K, committed 2944K, reserved 1048576K
}
Event: 3.899 GC heap before
{Heap before GC invocations=7 (full 1):
 PSYoungGen      total 70656K, used 65536K [0x00000000d6300000, 0x00000000df500000, 0x0000000100000000)
  eden space 65536K, 100% used [0x00000000d6300000,0x00000000da300000,0x00000000da300000)
  from space 5120K, 0% used [0x00000000da300000,0x00000000da300000,0x00000000da800000)
  to   space 9216K, 0% used [0x00000000dec00000,0x00000000dec00000,0x00000000df500000)
 ParOldGen       total 53248K, used 6406K [0x0000000082800000, 0x0000000085c00000, 0x00000000d6300000)
  object space 53248K, 12% used [0x0000000082800000,0x0000000082e41930,0x0000000085c00000)
 Metaspace       used 26204K, capacity 27810K, committed 27904K, reserved 1073152K
  class space    used 3468K, capacity 3784K, committed 3840K, reserved 1048576K
Event: 3.910 GC heap after
Heap after GC invocations=7 (full 1):
 PSYoungGen      total 117760K, used 7670K [0x00000000d6300000, 0x00000000df380000, 0x0000000100000000)
  eden space 110080K, 0% used [0x00000000d6300000,0x00000000d6300000,0x00000000dce80000)
  from space 7680K, 99% used [0x00000000dec00000,0x00000000df37d990,0x00000000df380000)
  to   space 9728K, 0% used [0x00000000de080000,0x00000000de080000,0x00000000dea00000)
 ParOldGen       total 53248K, used 6414K [0x0000000082800000, 0x0000000085c00000, 0x00000000d6300000)
  object space 53248K, 12% used [0x0000000082800000,0x0000000082e43930,0x0000000085c00000)
 Metaspace       used 26204K, capacity 27810K, committed 27904K, reserved 1073152K
  class space    used 3468K, capacity 3784K, committed 3840K, reserved 1048576K
}
Event: 9.138 GC heap before
{Heap before GC invocations=8 (full 1):
 PSYoungGen      total 117760K, used 111425K [0x00000000d6300000, 0x00000000df380000, 0x0000000100000000)
  eden space 110080K, 94% used [0x00000000d6300000,0x00000000dc852c80,0x00000000dce80000)
  from space 7680K, 99% used [0x00000000dec00000,0x00000000df37d990,0x00000000df380000)
  to   space 9728K, 0% used [0x00000000de080000,0x00000000de080000,0x00000000dea00000)
 ParOldGen       total 53248K, used 6414K [0x0000000082800000, 0x0000000085c00000, 0x00000000d6300000)
  object space 53248K, 12% used [0x0000000082800000,0x0000000082e43930,0x0000000085c00000)
 Metaspace       used 33247K, capacity 35420K, committed 35496K, reserved 1079296K
  class space    used 4371K, capacity 4792K, committed 4864K, reserved 1048576K
Event: 9.150 GC heap after
Heap after GC invocations=8 (full 1):
 PSYoungGen      total 138240K, used 9713K [0x00000000d6300000, 0x00000000e2980000, 0x0000000100000000)
  eden space 128512K, 0% used [0x00000000d6300000,0x00000000d6300000,0x00000000de080000)
  from space 9728K, 99% used [0x00000000de080000,0x00000000de9fc7b0,0x00000000dea00000)
  to   space 12288K, 0% used [0x00000000e1d80000,0x00000000e1d80000,0x00000000e2980000)
 ParOldGen       total 53248K, used 8769K [0x0000000082800000, 0x0000000085c00000, 0x00000000d6300000)
  object space 53248K, 16% used [0x0000000082800000,0x0000000083090728,0x0000000085c00000)
 Metaspace       used 33247K, capacity 35420K, committed 35496K, reserved 1079296K
  class space    used 4371K, capacity 4792K, committed 4864K, reserved 1048576K
}
Event: 9.150 GC heap before
{Heap before GC invocations=9 (full 2):
 PSYoungGen      total 138240K, used 9713K [0x00000000d6300000, 0x00000000e2980000, 0x0000000100000000)
  eden space 128512K, 0% used [0x00000000d6300000,0x00000000d6300000,0x00000000de080000)
  from space 9728K, 99% used [0x00000000de080000,0x00000000de9fc7b0,0x00000000dea00000)
  to   space 12288K, 0% used [0x00000000e1d80000,0x00000000e1d80000,0x00000000e2980000)
 ParOldGen       total 53248K, used 8769K [0x0000000082800000, 0x0000000085c00000, 0x00000000d6300000)
  object space 53248K, 16% used [0x0000000082800000,0x0000000083090728,0x0000000085c00000)
 Metaspace       used 33247K, capacity 35420K, committed 35496K, reserved 1079296K
  class space    used 4371K, capacity 4792K, committed 4864K, reserved 1048576K
Event: 9.217 GC heap after
Heap after GC invocations=9 (full 2):
 PSYoungGen      total 138240K, used 0K [0x00000000d6300000, 0x00000000e2980000, 0x0000000100000000)
  eden space 128512K, 0% used [0x00000000d6300000,0x00000000d6300000,0x00000000de080000)
  from space 9728K, 0% used [0x00000000de080000,0x00000000de080000,0x00000000dea00000)
  to   space 12288K, 0% used [0x00000000e1d80000,0x00000000e1d80000,0x00000000e2980000)
 ParOldGen       total 79360K, used 16438K [0x0000000082800000, 0x0000000087580000, 0x00000000d6300000)
  object space 79360K, 20% used [0x0000000082800000,0x000000008380da70,0x0000000087580000)
 Metaspace       used 33247K, capacity 35420K, committed 35496K, reserved 1079296K
  class space    used 4371K, capacity 4792K, committed 4864K, reserved 1048576K
}

Deoptimization events (0 events):
No events

Classes redefined (0 events):
No events

Internal exceptions (10 events):
Event: 4.381 Thread 0x000001d2508a8800 Exception <a 'java/lang/ClassNotFoundException': org/springframework/context/ResourceLoaderAwareCustomizer> (0x00000000d8ee73a0) thrown at [C:\jenkins\workspace\8-2-build-windows-x64-cygwin-sans-NAS\jdk8u451\1832\hotspot\src\share\vm\classfile\systemDicti
Event: 4.381 Thread 0x000001d2508a8800 Exception <a 'java/lang/ClassNotFoundException': org/springframework/beans/factory/AwareCustomizer> (0x00000000d8ef52b8) thrown at [C:\jenkins\workspace\8-2-build-windows-x64-cygwin-sans-NAS\jdk8u451\1832\hotspot\src\share\vm\classfile\systemDictionary.cp
Event: 4.381 Thread 0x000001d2508a8800 Exception <a 'java/lang/ClassNotFoundException': org/springframework/context/ApplicationContextAwareCustomizer> (0x00000000d8f042e8) thrown at [C:\jenkins\workspace\8-2-build-windows-x64-cygwin-sans-NAS\jdk8u451\1832\hotspot\src\share\vm\classfile\systemD
Event: 4.381 Thread 0x000001d2508a8800 Exception <a 'java/lang/ClassNotFoundException': org/springframework/beans/factory/AwareCustomizer> (0x00000000d8f12818) thrown at [C:\jenkins\workspace\8-2-build-windows-x64-cygwin-sans-NAS\jdk8u451\1832\hotspot\src\share\vm\classfile\systemDictionary.cp
Event: 4.381 Thread 0x000001d2508a8800 Exception <a 'java/lang/ClassNotFoundException': org/springframework/web/context/ServletContextAwareCustomizer> (0x00000000d8f217c8) thrown at [C:\jenkins\workspace\8-2-build-windows-x64-cygwin-sans-NAS\jdk8u451\1832\hotspot\src\share\vm\classfile\systemD
Event: 4.382 Thread 0x000001d2508a8800 Exception <a 'java/lang/ClassNotFoundException': org/springframework/beans/factory/AwareCustomizer> (0x00000000d8f2f758) thrown at [C:\jenkins\workspace\8-2-build-windows-x64-cygwin-sans-NAS\jdk8u451\1832\hotspot\src\share\vm\classfile\systemDictionary.cp
Event: 4.510 Thread 0x000001d2696af000 Exception <a 'java/lang/reflect/InvocationTargetException'> (0x00000000d6ac27f8) thrown at [C:\jenkins\workspace\8-2-build-windows-x64-cygwin-sans-NAS\jdk8u451\1832\hotspot\src\share\vm\runtime\reflection.cpp, line 1092]
Event: 4.589 Thread 0x000001d2508a8800 Exception <a 'java/lang/NoSuchMethodError': java.lang.Object.lambda$thenComparing$36697e65$1(Ljava/util/Comparator;Ljava/lang/Object;Ljava/lang/Object;)I> (0x00000000da30b6d8) thrown at [C:\jenkins\workspace\8-2-build-windows-x64-cygwin-sans-NAS\jdk8u451\
Event: 4.612 Thread 0x000001d2508a8800 Exception <a 'java/lang/IncompatibleClassChangeError': Found class java.lang.Object, but interface was expected> (0x00000000da569ea8) thrown at [C:\jenkins\workspace\8-2-build-windows-x64-cygwin-sans-NAS\jdk8u451\1832\hotspot\src\share\vm\interpreter\link
Event: 9.414 Thread 0x000001d26af03800 Exception <a 'java/lang/ArrayIndexOutOfBoundsException': 7612> (0x00000000d7ccc408) thrown at [C:\jenkins\workspace\8-2-build-windows-x64-cygwin-sans-NAS\jdk8u451\1832\hotspot\src\share\vm\interpreter\interpreterRuntime.cpp, line 371]

Events (10 events):
Event: 9.671 loading class javax/servlet/jsp/JspPage
Event: 9.671 loading class javax/servlet/jsp/JspPage done
Event: 9.672 Executing VM operation: ChangeBreakpoints
Event: 9.672 Executing VM operation: ChangeBreakpoints done
Event: 9.673 Executing VM operation: ChangeBreakpoints
Event: 9.673 Executing VM operation: ChangeBreakpoints done
Event: 9.674 Executing VM operation: GetOrSetLocal
Event: 9.674 Executing VM operation: GetOrSetLocal done
Event: 9.674 Executing VM operation: GetOrSetLocal
Event: 9.674 Executing VM operation: GetOrSetLocal done


Dynamic libraries:
0x00007ff6a9d10000 - 0x00007ff6a9d5f000 	C:\Program Files\Java\jdk-1.8\bin\java.exe
0x000001d250c80000 - 0x000001d250e97000 	C:\WINDOWS\SYSTEM32\ntd1l.dll
0x000001d250ea0000 - 0x000001d250f64000 	C:\WINDOWS\System32\kern3l32.dll
0x00007ffcae6f0000 - 0x00007ffcae907000 	C:\WINDOWS\SYSTEM32\ntdll.dll
0x00007ffcad6e0000 - 0x00007ffcad7a4000 	C:\WINDOWS\System32\KERNEL32.DLL
0x00007ffcabbf0000 - 0x00007ffcabfc2000 	C:\WINDOWS\System32\KERNELBASE.dll
0x00007ffcab2e0000 - 0x00007ffcab6f6000 	C:\Program Files\SentinelOne\Sentinel Agent 24.1.5.277\InProcessClient64.dll
0x00007ffcac720000 - 0x00007ffcac7d1000 	C:\WINDOWS\System32\ADVAPI32.dll
0x00007ffcad7b0000 - 0x00007ffcad857000 	C:\WINDOWS\System32\msvcrt.dll
0x00007ffcac380000 - 0x00007ffcac428000 	C:\WINDOWS\System32\sechost.dll
0x00007ffcac350000 - 0x00007ffcac378000 	C:\WINDOWS\System32\bcrypt.dll
0x00007ffcae060000 - 0x00007ffcae174000 	C:\WINDOWS\System32\RPCRT4.dll
0x00007ffcac430000 - 0x00007ffcac5e1000 	C:\WINDOWS\System32\USER32.dll
0x00007ffcabb00000 - 0x00007ffcabb26000 	C:\WINDOWS\System32\win32u.dll
0x00007ffcae560000 - 0x00007ffcae589000 	C:\WINDOWS\System32\GDI32.dll
0x00007ffcab7e0000 - 0x00007ffcab903000 	C:\WINDOWS\System32\gdi32full.dll
0x00007ffcac110000 - 0x00007ffcac1aa000 	C:\WINDOWS\System32\msvcp_win.dll
0x00007ffcac1b0000 - 0x00007ffcac2c1000 	C:\WINDOWS\System32\ucrtbase.dll
0x00007ffc96bb0000 - 0x00007ffc96e4b000 	C:\WINDOWS\WinSxS\amd64_microsoft.windows.common-controls_6595b64144ccf1df_6.0.22621.5413_none_270da5617387a498\COMCTL32.dll
0x00007ffcab280000 - 0x00007ffcab28a000 	C:\WINDOWS\SYSTEM32\VERSION.dll
0x00007ffcab270000 - 0x00007ffcab27b000 	C:\WINDOWS\SYSTEM32\FLTLIB.DLL
0x00007ffcac600000 - 0x00007ffcac631000 	C:\WINDOWS\System32\IMM32.DLL
0x00007ffc88040000 - 0x00007ffc8805b000 	C:\Program Files\Java\jdk-1.8\jre\bin\vcruntime140.dll
0x00007ffca6590000 - 0x00007ffca659c000 	C:\Program Files\Java\jdk-1.8\jre\bin\vcruntime140_1.dll
0x00007ffc7b8c0000 - 0x00007ffc7b94e000 	C:\Program Files\Java\jdk-1.8\jre\bin\msvcp140.dll
0x00007ffbe11b0000 - 0x00007ffbe1a5a000 	C:\Program Files\Java\jdk-1.8\jre\bin\server\jvm.dll
0x00007ffcac5f0000 - 0x00007ffcac5f8000 	C:\WINDOWS\System32\PSAPI.DLL
0x00007ffc95aa0000 - 0x00007ffc95aa9000 	C:\WINDOWS\SYSTEM32\WSOCK32.dll
0x00007ffcacba0000 - 0x00007ffcacc11000 	C:\WINDOWS\System32\WS2_32.dll
0x00007ffc9b2b0000 - 0x00007ffc9b2e4000 	C:\WINDOWS\SYSTEM32\WINMM.dll
0x00007ffcaa3d0000 - 0x00007ffcaa3e8000 	C:\WINDOWS\SYSTEM32\kernel.appcore.dll
0x00007ffca2e40000 - 0x00007ffca2e50000 	C:\Program Files\Java\jdk-1.8\jre\bin\verify.dll
0x00007ffc88010000 - 0x00007ffc8803b000 	C:\Program Files\Java\jdk-1.8\jre\bin\java.dll
0x00007ffc87fd0000 - 0x00007ffc88007000 	C:\Program Files\Java\jdk-1.8\jre\bin\instrument.dll
0x00007ffc50130000 - 0x00007ffc501dd000 	C:\Program Files\SentinelOne\Sentinel Agent 24.1.5.277\SentinelJava64.dll
0x00007ffcae180000 - 0x00007ffcae1e9000 	C:\WINDOWS\System32\SHLWAPI.dll
0x000001d2527b0000 - 0x000001d252950000 	C:\WINDOWS\System32\ole32.dll
0x00007ffcac7e0000 - 0x00007ffcacb73000 	C:\WINDOWS\System32\combase.dll
0x00007ffc83620000 - 0x00007ffc83638000 	C:\Program Files\Java\jdk-1.8\jre\bin\zip.dll
0x00007ffcacd30000 - 0x00007ffcad5d2000 	C:\WINDOWS\System32\SHELL32.dll
0x00007ffcabfd0000 - 0x00007ffcac10f000 	C:\WINDOWS\System32\wintypes.dll
0x00007ffca9160000 - 0x00007ffca9a7d000 	C:\WINDOWS\SYSTEM32\windows.storage.dll
0x00007ffcae590000 - 0x00007ffcae69b000 	C:\WINDOWS\System32\SHCORE.dll
0x00007ffcab710000 - 0x00007ffcab73b000 	C:\WINDOWS\SYSTEM32\profapi.dll
0x00007ffc64490000 - 0x00007ffc644ac000 	C:\Program Files\Java\jdk-1.8\jre\bin\net.dll
0x00007ffcaa850000 - 0x00007ffcaa8b9000 	C:\WINDOWS\system32\mswsock.dll
0x00007ffca9ec0000 - 0x00007ffca9fb8000 	C:\WINDOWS\SYSTEM32\DNSAPI.dll
0x00007ffca9e50000 - 0x00007ffca9e7d000 	C:\WINDOWS\SYSTEM32\IPHLPAPI.DLL
0x00007ffcada00000 - 0x00007ffcada09000 	C:\WINDOWS\System32\NSI.dll
0x00007ffc9a050000 - 0x00007ffc9a05a000 	C:\Windows\System32\rasadhlp.dll
0x00007ffca3970000 - 0x00007ffca39f4000 	C:\WINDOWS\System32\fwpuclnt.dll
0x00007ffcaba80000 - 0x00007ffcabafb000 	C:\WINDOWS\System32\bcryptPrimitives.dll
0x00007ffc99d80000 - 0x00007ffc99d8d000 	C:\Program Files\Java\jdk-1.8\jre\bin\management.dll
0x00007ffc64470000 - 0x00007ffc64483000 	C:\Program Files\Java\jdk-1.8\jre\bin\nio.dll
0x00007ffcaaaa0000 - 0x00007ffcaaabb000 	C:\WINDOWS\SYSTEM32\CRYPTSP.dll
0x00007ffcaa330000 - 0x00007ffcaa367000 	C:\WINDOWS\system32\rsaenh.dll
0x00007ffcaa940000 - 0x00007ffcaa968000 	C:\WINDOWS\SYSTEM32\USERENV.dll
0x00007ffcaaac0000 - 0x00007ffcaaacc000 	C:\WINDOWS\SYSTEM32\CRYPTBASE.dll
0x00007ffca5170000 - 0x00007ffca5189000 	C:\WINDOWS\SYSTEM32\dhcpcsvc6.DLL
0x00007ffca5210000 - 0x00007ffca522f000 	C:\WINDOWS\SYSTEM32\dhcpcsvc.DLL
0x00007ffc8fe10000 - 0x00007ffc8fe27000 	C:\WINDOWS\system32\napinsp.dll
0x00007ffc8fdf0000 - 0x00007ffc8fe0b000 	C:\WINDOWS\system32\pnrpnsp.dll
0x00007ffc8fdd0000 - 0x00007ffc8fde1000 	C:\WINDOWS\System32\winrnr.dll
0x00007ffc8f400000 - 0x00007ffc8f41f000 	C:\WINDOWS\system32\wshbth.dll
0x00007ffc8f380000 - 0x00007ffc8f3a1000 	C:\WINDOWS\system32\nlansp_c.dll
0x00007ffc7dfa0000 - 0x00007ffc7dff0000 	C:\WINDOWS\SYSTEM32\pdh.dll
0x00007ffc7d630000 - 0x00007ffc7d641000 	C:\WINDOWS\System32\perfproc.dll
0x00007ffc82c10000 - 0x00007ffc82c20000 	C:\WINDOWS\System32\perfos.dll
0x00007ffca82b0000 - 0x00007ffca82c0000 	C:\WINDOWS\SYSTEM32\pfclient.dll
0x00007ffc58380000 - 0x00007ffc583a5000 	C:\Program Files\Java\jdk-1.8\jre\bin\sunec.dll
0x00007ffc64460000 - 0x00007ffc6446e000 	C:\Program Files\Java\jdk-1.8\jre\bin\sunmscapi.dll
0x00007ffcab910000 - 0x00007ffcaba77000 	C:\WINDOWS\System32\CRYPT32.dll
0x00007ffcaacd0000 - 0x00007ffcaacfd000 	C:\WINDOWS\SYSTEM32\ncrypt.dll
0x00007ffcaac90000 - 0x00007ffcaacc7000 	C:\WINDOWS\SYSTEM32\NTASN1.dll
0x00007ffca8f20000 - 0x00007ffca9152000 	C:\WINDOWS\SYSTEM32\dbghelp.dll
0x00007ffcac640000 - 0x00007ffcac717000 	C:\WINDOWS\System32\OLEAUT32.dll

VM Arguments:
jvm_args: -XX:TieredStopAtLevel=1 -Xverify:none -Dspring.output.ansi.enabled=always -Dcom.sun.management.jmxremote -Dspring.jmx.enabled=true -Dspring.liveBeansView.mbeanDomain -Dspring.application.admin.enabled=true -Dmanagement.endpoints.jmx.exposure.include=* -javaagent:C:\Program Files\JetBrains\IntelliJ IDEA 2025.1.1.1\lib\idea_rt.jar=53640 -Dfile.encoding=UTF-8 -agentpath:C:\Program Files\SentinelOne\Sentinel Agent 24.1.5.277\SentinelJava64.dll=extendedCapabilities 
java_command: com.example.project1.Project1Application
java_class_path (initial): C:\Program Files\Java\jdk-1.8\jre\lib\charsets.jar;C:\Program Files\Java\jdk-1.8\jre\lib\deploy.jar;C:\Program Files\Java\jdk-1.8\jre\lib\ext\access-bridge-64.jar;C:\Program Files\Java\jdk-1.8\jre\lib\ext\cldrdata.jar;C:\Program Files\Java\jdk-1.8\jre\lib\ext\dnsns.jar;C:\Program Files\Java\jdk-1.8\jre\lib\ext\jaccess.jar;C:\Program Files\Java\jdk-1.8\jre\lib\ext\localedata.jar;C:\Program Files\Java\jdk-1.8\jre\lib\ext\nashorn.jar;C:\Program Files\Java\jdk-1.8\jre\lib\ext\sunec.jar;C:\Program Files\Java\jdk-1.8\jre\lib\ext\sunjce_provider.jar;C:\Program Files\Java\jdk-1.8\jre\lib\ext\sunmscapi.jar;C:\Program Files\Java\jdk-1.8\jre\lib\ext\sunpkcs11.jar;C:\Program Files\Java\jdk-1.8\jre\lib\ext\zipfs.jar;C:\Program Files\Java\jdk-1.8\jre\lib\javaws.jar;C:\Program Files\Java\jdk-1.8\jre\lib\jce.jar;C:\Program Files\Java\jdk-1.8\jre\lib\jfr.jar;C:\Program Files\Java\jdk-1.8\jre\lib\jsse.jar;C:\Program Files\Java\jdk-1.8\jre\lib\management-agent.jar;C:\Program Files\Java\jdk-1.8\jre\lib\plugin.jar;C:\Program Files\Java\jdk-1.8\jre\lib\resources.jar;C:\Program Files\Java\jdk-1.8\jre\lib\rt.jar;C:\Users\abhis\Desktop\Java\PersonalProject\Project1\target\classes;C:\Users\abhis\.m2\repository\org\springframework\boot\spring-boot-starter\2.7.14\spring-boot-starter-2.7.14.jar;C:\Users\abhis\.m2\repository\org\springframework\boot\spring-boot\2.7.14\spring-boot-2.7.14.jar;C:\Users\abhis\.m2\repository\org\springframework\spring-context\5.3.29\spring-context-5.3.29.jar;C:\Users\abhis\.m2\repository\org\springframework\boot\spring-boot-autoconfigure\2.7.14\spring-boot-autoconfigure-2.7.14.jar;C:\Users\abhis\.m2\repository\org\springframework\boot\spring-boot-starter-logging\2.7.14\spring-boot-starter-logging-2.7.14.jar;C:\Users\abhis\.m2\repository\ch\qos\logback\logback-classic\1.2.12\logback-classic-1.2.12.jar;C:\Users\abhis\.m2\repository\ch\qos\logback\logback-core\1.2.12\logback-core-1.2.12.jar;C:\Users\abhis\.m2\repository\org\apache\logging\lo
Launcher Type: SUN_STANDARD

Environment Variables:
PATH=C:\Program Files (x86)\Common Files\Oracle\Java\java8path;C:\Program Files (x86)\Common Files\Oracle\Java\javapath;C:\WINDOWS\system32;C:\WINDOWS;C:\WINDOWS\System32\Wbem;C:\WINDOWS\System32\WindowsPowerShell\v1.0\;C:\WINDOWS\System32\OpenSSH\;C:\Program Files\Java\jdk-13\bin;C:\Program Files\Git\cmd;C:\xampp\php;C:\Program Files (x86)\Intel\Intel(R) Management Engine Components\DAL;C:\Program Files\Intel\Intel(R) Management Engine Components\DAL;C:\Users\abhis\AppData\Roaming\Microsoft\Windows\Start Menu\Programs\Python 3.8;C:\Program Files\dotnet\;C:\Users\abhis\AppData\Local\Programs\Python\Python312\scripts;C:\Users\abhis\AppData\Roaming\nvm;C:\Program Files\nodejs;C:\Program Files\MySQL\MySQL Shell 8.0\bin\;C:\Users\abhis\AppData\Local\Programs\Python\Python312\Scripts\;C:\Users\abhis\AppData\Local\Programs\Python\Python312\;C:\Users\abhis\AppData\Local\Programs\Python\Launcher\;C:\Users\abhis\AppData\Local\Programs\Python\Python38\Scripts\;C:\Users\abhis\AppData\Local\Programs\Python\Python38\;C:\Users\abhis\AppData\Local\Microsoft\WindowsApps;C:\Users\abhis\AppData\Local\atom\bin;C:\xampp\php;C:\Users\abhis\AppData\Local\Microsoft\WindowsApps;C:\Users\abhis\AppData\Roaming\npm;C:\Users\abhis\AppData\Local\Programs\Microsoft VS Code\bin;C:\Users\abhis\AppData\Roaming\nvm;C:\Program Files\nodejs;
USERNAME=abhis
OS=Windows_NT
PROCESSOR_IDENTIFIER=Intel64 Family 6 Model 142 Stepping 10, GenuineIntel



---------------  S Y S T E M  ---------------

OS: Windows 11 , 64 bit Build 22621 (10.0.22621.5413)

CPU:total 8 (initial active 8) (4 cores per cpu, 2 threads per core) family 6 model 142 stepping 10, cmov, cx8, fxsr, mmx, sse, sse2, sse3, ssse3, sse4.1, sse4.2, popcnt, avx, avx2, aes, clmul, erms, 3dnowpref, lzcnt, ht, tsc, tscinvbit, bmi1, bmi2, adx

Memory: 4k page, physical 8217844k(509456k free), swap 20613912k(2624636k free)

vm_info: Java HotSpot(TM) 64-Bit Server VM (25.451-b10) for windows-amd64 JRE (1.8.0_451-b10), built on Apr  5 2025 03:18:54 by "java_re" with MS VC++ 17.6 (VS2022)

time: Fri May 30 20:43:10 2025
timezone: Pacific Daylight Time
elapsed time: 9.757236 seconds (0d 0h 0m 9s)

